-- Found ament_cmake: 1.3.12 (/opt/ros/humble/share/ament_cmake/cmake)
-- Found franka_msgs: 2.2.0 (/home/dharmik.p45/Dharmik/berry_ws/install/franka_msgs/share/franka_msgs/cmake)
-- Found rosidl_generator_c: 3.1.8 (/opt/ros/humble/share/rosidl_generator_c/cmake)
-- Found rosidl_adapter: 3.1.8 (/opt/ros/humble/share/rosidl_adapter/cmake)
-- Found rosidl_generator_cpp: 3.1.8 (/opt/ros/humble/share/rosidl_generator_cpp/cmake)
-- Using all available rosidl_typesupport_c: rosidl_typesupport_fastrtps_c;rosidl_typesupport_introspection_c
-- Using all available rosidl_typesupport_cpp: rosidl_typesupport_fastrtps_cpp;rosidl_typesupport_introspection_cpp
-- Found rclcpp: 16.0.17 (/opt/ros/humble/share/rclcpp/cmake)
-- Found rmw_implementation_cmake: 6.1.2 (/opt/ros/humble/share/rmw_implementation_cmake/cmake)
-- Found rmw_fastrtps_cpp: 6.2.9 (/opt/ros/humble/share/rmw_fastrtps_cpp/cmake)
-- Using RMW implementation 'rmw_fastrtps_cpp' as default
-- Found rclcpp_action: 16.0.17 (/opt/ros/humble/share/rclcpp_action/cmake)
-- Found rclcpp_components: 16.0.17 (/opt/ros/humble/share/rclcpp_components/cmake)
-- Found std_srvs: 4.9.0 (/opt/ros/humble/share/std_srvs/cmake)
-- Found control_msgs: 4.8.0 (/opt/ros/humble/share/control_msgs/cmake)
-- Configuring done
-- Generating done
-- Build files have been written to: /home/dharmik.p45/Dharmik/berry_ws/build/franka_gripper
[35m[1mConsolidate compiler generated dependencies of target franka_gripper_node[0m
[35m[1mConsolidate compiler generated dependencies of target gripper_server[0m
[  0%] Built target ament_cmake_python_copy_franka_gripper
[ 50%] Built target franka_gripper_node
[100%] Built target gripper_server
running egg_info
writing franka_gripper.egg-info/PKG-INFO
writing dependency_links to franka_gripper.egg-info/dependency_links.txt
writing top-level names to franka_gripper.egg-info/top_level.txt
reading manifest file 'franka_gripper.egg-info/SOURCES.txt'
writing manifest file 'franka_gripper.egg-info/SOURCES.txt'
[100%] Built target ament_cmake_python_build_franka_gripper_egg
-- Install configuration: "Release"
-- Installing: /home/dharmik.p45/Dharmik/berry_ws/install/franka_gripper/lib/franka_gripper/franka_gripper_node
-- Set runtime path of "/home/dharmik.p45/Dharmik/berry_ws/install/franka_gripper/lib/franka_gripper/franka_gripper_node" to ""
-- Installing: /home/dharmik.p45/Dharmik/berry_ws/install/franka_gripper/lib/libgripper_server.so
-- Set runtime path of "/home/dharmik.p45/Dharmik/berry_ws/install/franka_gripper/lib/libgripper_server.so" to ""
-- Installing: /home/dharmik.p45/Dharmik/berry_ws/install/franka_gripper/share/franka_gripper//launch
-- Installing: /home/dharmik.p45/Dharmik/berry_ws/install/franka_gripper/share/franka_gripper//launch/gripper.launch.py
-- Installing: /home/dharmik.p45/Dharmik/berry_ws/install/franka_gripper/share/franka_gripper//config
-- Installing: /home/dharmik.p45/Dharmik/berry_ws/install/franka_gripper/share/franka_gripper//config/franka_gripper_node.yaml
-- Installing: /home/dharmik.p45/Dharmik/berry_ws/install/franka_gripper/share/franka_gripper/environment/pythonpath.sh
-- Installing: /home/dharmik.p45/Dharmik/berry_ws/install/franka_gripper/share/franka_gripper/environment/pythonpath.dsv
-- Installing: /home/dharmik.p45/Dharmik/berry_ws/install/franka_gripper/local/lib/python3.10/dist-packages/franka_gripper-2.2.0-py3.10.egg-info
-- Installing: /home/dharmik.p45/Dharmik/berry_ws/install/franka_gripper/local/lib/python3.10/dist-packages/franka_gripper-2.2.0-py3.10.egg-info/PKG-INFO
-- Installing: /home/dharmik.p45/Dharmik/berry_ws/install/franka_gripper/local/lib/python3.10/dist-packages/franka_gripper-2.2.0-py3.10.egg-info/dependency_links.txt
-- Installing: /home/dharmik.p45/Dharmik/berry_ws/install/franka_gripper/local/lib/python3.10/dist-packages/franka_gripper-2.2.0-py3.10.egg-info/SOURCES.txt
-- Installing: /home/dharmik.p45/Dharmik/berry_ws/install/franka_gripper/local/lib/python3.10/dist-packages/franka_gripper-2.2.0-py3.10.egg-info/top_level.txt
-- Installing: /home/dharmik.p45/Dharmik/berry_ws/install/franka_gripper/local/lib/python3.10/dist-packages/franka_gripper
-- Installing: /home/dharmik.p45/Dharmik/berry_ws/install/franka_gripper/local/lib/python3.10/dist-packages/franka_gripper/__init__.py
Listing '/home/dharmik.p45/Dharmik/berry_ws/install/franka_gripper/local/lib/python3.10/dist-packages/franka_gripper'...
Compiling '/home/dharmik.p45/Dharmik/berry_ws/install/franka_gripper/local/lib/python3.10/dist-packages/franka_gripper/__init__.py'...
-- Installing: /home/dharmik.p45/Dharmik/berry_ws/install/franka_gripper/lib/franka_gripper/fake_gripper_state_publisher.py
-- Installing: /home/dharmik.p45/Dharmik/berry_ws/install/franka_gripper/share/ament_index/resource_index/package_run_dependencies/franka_gripper
-- Installing: /home/dharmik.p45/Dharmik/berry_ws/install/franka_gripper/share/ament_index/resource_index/parent_prefix_path/franka_gripper
-- Installing: /home/dharmik.p45/Dharmik/berry_ws/install/franka_gripper/share/franka_gripper/environment/ament_prefix_path.sh
-- Installing: /home/dharmik.p45/Dharmik/berry_ws/install/franka_gripper/share/franka_gripper/environment/ament_prefix_path.dsv
-- Installing: /home/dharmik.p45/Dharmik/berry_ws/install/franka_gripper/share/franka_gripper/environment/path.sh
-- Installing: /home/dharmik.p45/Dharmik/berry_ws/install/franka_gripper/share/franka_gripper/environment/path.dsv
-- Installing: /home/dharmik.p45/Dharmik/berry_ws/install/franka_gripper/share/franka_gripper/local_setup.bash
-- Installing: /home/dharmik.p45/Dharmik/berry_ws/install/franka_gripper/share/franka_gripper/local_setup.sh
-- Installing: /home/dharmik.p45/Dharmik/berry_ws/install/franka_gripper/share/franka_gripper/local_setup.zsh
-- Installing: /home/dharmik.p45/Dharmik/berry_ws/install/franka_gripper/share/franka_gripper/local_setup.dsv
-- Installing: /home/dharmik.p45/Dharmik/berry_ws/install/franka_gripper/share/franka_gripper/package.dsv
-- Installing: /home/dharmik.p45/Dharmik/berry_ws/install/franka_gripper/share/ament_index/resource_index/packages/franka_gripper
-- Installing: /home/dharmik.p45/Dharmik/berry_ws/install/franka_gripper/share/ament_index/resource_index/rclcpp_components/franka_gripper
-- Installing: /home/dharmik.p45/Dharmik/berry_ws/install/franka_gripper/share/franka_gripper/cmake/franka_gripperConfig.cmake
-- Installing: /home/dharmik.p45/Dharmik/berry_ws/install/franka_gripper/share/franka_gripper/cmake/franka_gripperConfig-version.cmake
-- Installing: /home/dharmik.p45/Dharmik/berry_ws/install/franka_gripper/share/franka_gripper/package.xml
