-- The C compiler identification is GNU 12.3.0
-- The CXX compiler identification is GNU 12.3.0
-- Detecting C compiler ABI info
-- Detecting C compiler ABI info - done
-- Check for working C compiler: /usr/bin/cc - skipped
-- Detecting C compile features
-- Detecting C compile features - done
-- Detecting CXX compiler ABI info
-- Detecting CXX compiler ABI info - done
-- Check for working CXX compiler: /usr/bin/c++ - skipped
-- Detecting CXX compile features
-- Detecting CXX compile features - done
-- Found ament_cmake: 1.3.12 (/opt/ros/humble/share/ament_cmake/cmake)
-- Found Python3: /usr/bin/python3 (found version "3.10.12") found components: Interpreter 
-- Found ament_index_cpp: 1.4.0 (/opt/ros/humble/share/ament_index_cpp/cmake)
-- Found controller_interface: 2.53.0 (/opt/ros/humble/share/controller_interface/cmake)
-- Found rosidl_generator_c: 3.1.8 (/opt/ros/humble/share/rosidl_generator_c/cmake)
-- Found rosidl_adapter: 3.1.8 (/opt/ros/humble/share/rosidl_adapter/cmake)
-- Found rosidl_generator_cpp: 3.1.8 (/opt/ros/humble/share/rosidl_generator_cpp/cmake)
-- Using all available rosidl_typesupport_c: rosidl_typesupport_fastrtps_c;rosidl_typesupport_introspection_c
-- Using all available rosidl_typesupport_cpp: rosidl_typesupport_fastrtps_cpp;rosidl_typesupport_introspection_cpp
-- Found rmw_implementation_cmake: 6.1.2 (/opt/ros/humble/share/rmw_implementation_cmake/cmake)
-- Found rmw_fastrtps_cpp: 6.2.9 (/opt/ros/humble/share/rmw_fastrtps_cpp/cmake)
-- Found TinyXML2 via Config file: TinyXML2_DIR-NOTFOUND
-- Found OpenSSL: /usr/lib/x86_64-linux-gnu/libcrypto.so (found version "3.0.2")  
-- Found TinyXML2 via Config file: TinyXML2_DIR-NOTFOUND
-- Found FastRTPS: /opt/ros/humble/include  
-- Found TinyXML2 via Config file: TinyXML2_DIR-NOTFOUND
-- Found TinyXML2 via Config file: TinyXML2_DIR-NOTFOUND
-- Using RMW implementation 'rmw_fastrtps_cpp' as default
-- Looking for pthread.h
-- Looking for pthread.h - found
-- Performing Test CMAKE_HAVE_LIBC_PTHREAD
-- Performing Test CMAKE_HAVE_LIBC_PTHREAD - Success
-- Found Threads: TRUE  
-- Found franka_msgs: 2.2.0 (/home/dharmik.p45/Dharmik/berry_ws/install/franka_msgs/share/franka_msgs/cmake)
-- Found franka_semantic_components: 2.2.0 (/home/dharmik.p45/Dharmik/berry_ws/install/franka_semantic_components/share/franka_semantic_components/cmake)
-- Found moveit_core: 2.5.9 (/opt/ros/humble/share/moveit_core/cmake)
-- Found Boost: /usr/lib/x86_64-linux-gnu/cmake/Boost-1.74.0/BoostConfig.cmake (found version "1.74.0") found components: chrono date_time filesystem iostreams program_options regex serialization system thread 
-- Found parameter_traits: 0.6.0 (/opt/ros/humble/share/parameter_traits/cmake)
-- Found Boost: /usr/lib/x86_64-linux-gnu/cmake/Boost-1.74.0/BoostConfig.cmake (found version "1.74.0") found components: filesystem 
-- library: /usr/lib/x86_64-linux-gnu/libcurl.so
-- Found Eigen3: TRUE (found version "3.4.0") 
-- Ensuring Eigen3 include directory is part of orocos-kdl CMake target
-- pinocchio_default FOUND. pinocchio_default at /opt/ros/humble/lib/x86_64-linux-gnu/libpinocchio_default.so
-- pinocchio_parsers FOUND. pinocchio_parsers at /opt/ros/humble/lib/x86_64-linux-gnu/libpinocchio_parsers.so
-- boost_filesystem FOUND. boost_filesystem at /lib/x86_64-linux-gnu/libboost_filesystem.so
-- Found Boost: /usr/include (found version "1.74.0") found components: filesystem serialization system 
-- eigenpy FOUND. eigenpy at /opt/ros/humble/lib/x86_64-linux-gnu/libeigenpy.so
-- Checking for NumPy
--   NUMPY_INCLUDE_DIRS=/home/dharmik.p45/.local/lib/python3.10/site-packages/numpy/_core/include
--   NUMPY_VERSION=2.2.6
-- Found Python3: /usr/bin/python3 (found version "3.10.12") found components: Interpreter Development.Module NumPy 
-- PythonLibraryDirs: 
-- PythonLibVersionString: 3.10.12
-- Python site lib: lib/python3.10/site-packages
-- Python include dirs: /usr/include/python3.10
-- Checking for NumPy
--   NUMPY_INCLUDE_DIRS=/home/dharmik.p45/.local/lib/python3.10/site-packages/numpy/_core/include
--   NUMPY_VERSION=2.2.6
-- NumPy include dir: /home/dharmik.p45/.local/lib/python3.10/site-packages/numpy/_core/include
-- Found Boost: /usr/include (found version "1.74.0") found components: python310 
-- Default C++ standard: 201703
-- Minimal C++ standard upgraded to 11
-- C++ standard sufficient: Minimal required 11, currently defined: 17
-- hpp-fcl FOUND. hpp-fcl at /opt/ros/humble/lib/x86_64-linux-gnu/libhpp-fcl.so
-- Found Boost: /usr/include (found version "1.74.0") found components: chrono serialization filesystem 
-- C++ standard sufficient: Minimal required 11, currently defined: 17
-- C++ standard sufficient: Minimal required 11, currently defined: 17
-- Found std_srvs: 4.9.0 (/opt/ros/humble/share/std_srvs/cmake)
-- Configuring done
-- Generating done
-- Build files have been written to: /home/dharmik.p45/Dharmik/berry_ws/build/franka_example_controllers
[  5%] [32mBuilding CXX object CMakeFiles/ptp_motion_example_node.dir/src/async_motions/ptp_motion_example_node.cpp.o[0m
[ 11%] [32mBuilding CXX object CMakeFiles/franka_example_controllers.dir/src/cartesian_velocity_example_controller.cpp.o[0m
[ 17%] [32mBuilding CXX object CMakeFiles/franka_example_controllers.dir/src/cartesian_elbow_example_controller.cpp.o[0m
[ 23%] [32mBuilding CXX object CMakeFiles/franka_example_controllers.dir/src/gravity_compensation_example_controller.cpp.o[0m
[ 35%] [32mBuilding CXX object CMakeFiles/franka_example_controllers.dir/src/cartesian_pose_example_controller.cpp.o[0m
[ 35%] [32mBuilding CXX object CMakeFiles/franka_example_controllers.dir/src/cartesian_orientation_example_controller.cpp.o[0m
[ 41%] [32mBuilding CXX object CMakeFiles/franka_example_controllers.dir/src/elbow_example_controller.cpp.o[0m
[ 47%] [32mBuilding CXX object CMakeFiles/franka_example_controllers.dir/src/joint_impedance_with_ik_example_controller.cpp.o[0m
[ 52%] [32mBuilding CXX object CMakeFiles/franka_example_controllers.dir/src/joint_impedance_example_controller.cpp.o[0m
[ 58%] [32mBuilding CXX object CMakeFiles/franka_example_controllers.dir/src/joint_position_example_controller.cpp.o[0m
[ 64%] [32mBuilding CXX object CMakeFiles/franka_example_controllers.dir/src/gripper_example_controller.cpp.o[0m
[ 70%] [32mBuilding CXX object CMakeFiles/franka_example_controllers.dir/src/joint_velocity_example_controller.cpp.o[0m
[ 76%] [32mBuilding CXX object CMakeFiles/franka_example_controllers.dir/src/model_example_controller.cpp.o[0m
[ 82%] [32mBuilding CXX object CMakeFiles/franka_example_controllers.dir/src/motion_generator.cpp.o[0m
[ 88%] [32mBuilding CXX object CMakeFiles/franka_example_controllers.dir/src/move_to_start_example_controller.cpp.o[0m
[ 94%] [32m[1mLinking CXX executable ptp_motion_example_node[0m
[ 94%] Built target ptp_motion_example_node
[100%] [32m[1mLinking CXX shared library libfranka_example_controllers.so[0m
[100%] Built target franka_example_controllers
-- Install configuration: "Release"
-- Installing: /home/dharmik.p45/Dharmik/berry_ws/install/franka_example_controllers/share/franka_example_controllers/franka_example_controllers.xml
-- Installing: /home/dharmik.p45/Dharmik/berry_ws/install/franka_example_controllers/lib/libfranka_example_controllers.so
-- Set runtime path of "/home/dharmik.p45/Dharmik/berry_ws/install/franka_example_controllers/lib/libfranka_example_controllers.so" to ""
-- Installing: /home/dharmik.p45/Dharmik/berry_ws/install/franka_example_controllers/include
-- Installing: /home/dharmik.p45/Dharmik/berry_ws/install/franka_example_controllers/include/franka_example_controllers
-- Installing: /home/dharmik.p45/Dharmik/berry_ws/install/franka_example_controllers/include/franka_example_controllers/gripper_example_controller.hpp
-- Installing: /home/dharmik.p45/Dharmik/berry_ws/install/franka_example_controllers/include/franka_example_controllers/motion_generator.hpp
-- Installing: /home/dharmik.p45/Dharmik/berry_ws/install/franka_example_controllers/include/franka_example_controllers/joint_position_example_controller.hpp
-- Installing: /home/dharmik.p45/Dharmik/berry_ws/install/franka_example_controllers/include/franka_example_controllers/async_motions
-- Installing: /home/dharmik.p45/Dharmik/berry_ws/install/franka_example_controllers/include/franka_example_controllers/async_motions/ptp_motion_example_node.hpp
-- Installing: /home/dharmik.p45/Dharmik/berry_ws/install/franka_example_controllers/include/franka_example_controllers/default_robot_behavior_utils.hpp
-- Installing: /home/dharmik.p45/Dharmik/berry_ws/install/franka_example_controllers/include/franka_example_controllers/model_example_controller.hpp
-- Installing: /home/dharmik.p45/Dharmik/berry_ws/install/franka_example_controllers/include/franka_example_controllers/joint_impedance_example_controller.hpp
-- Installing: /home/dharmik.p45/Dharmik/berry_ws/install/franka_example_controllers/include/franka_example_controllers/elbow_example_controller.hpp
-- Installing: /home/dharmik.p45/Dharmik/berry_ws/install/franka_example_controllers/include/franka_example_controllers/cartesian_pose_example_controller.hpp
-- Installing: /home/dharmik.p45/Dharmik/berry_ws/install/franka_example_controllers/include/franka_example_controllers/cartesian_orientation_example_controller.hpp
-- Installing: /home/dharmik.p45/Dharmik/berry_ws/install/franka_example_controllers/include/franka_example_controllers/visibility_control.h
-- Installing: /home/dharmik.p45/Dharmik/berry_ws/install/franka_example_controllers/include/franka_example_controllers/move_to_start_example_controller.hpp
-- Installing: /home/dharmik.p45/Dharmik/berry_ws/install/franka_example_controllers/include/franka_example_controllers/robot_utils.hpp
-- Installing: /home/dharmik.p45/Dharmik/berry_ws/install/franka_example_controllers/include/franka_example_controllers/cartesian_velocity_example_controller.hpp
-- Installing: /home/dharmik.p45/Dharmik/berry_ws/install/franka_example_controllers/include/franka_example_controllers/joint_velocity_example_controller.hpp
-- Installing: /home/dharmik.p45/Dharmik/berry_ws/install/franka_example_controllers/include/franka_example_controllers/cartesian_elbow_example_controller.hpp
-- Installing: /home/dharmik.p45/Dharmik/berry_ws/install/franka_example_controllers/include/franka_example_controllers/joint_impedance_with_ik_example_controller.hpp
-- Installing: /home/dharmik.p45/Dharmik/berry_ws/install/franka_example_controllers/include/franka_example_controllers/gravity_compensation_example_controller.hpp
-- Installing: /home/dharmik.p45/Dharmik/berry_ws/install/franka_example_controllers/lib/franka_example_controllers/ptp_motion_example_node
-- Set runtime path of "/home/dharmik.p45/Dharmik/berry_ws/install/franka_example_controllers/lib/franka_example_controllers/ptp_motion_example_node" to ""
-- Installing: /home/dharmik.p45/Dharmik/berry_ws/install/franka_example_controllers/share/franka_example_controllers/environment/library_path.sh
-- Installing: /home/dharmik.p45/Dharmik/berry_ws/install/franka_example_controllers/share/franka_example_controllers/environment/library_path.dsv
-- Installing: /home/dharmik.p45/Dharmik/berry_ws/install/franka_example_controllers/share/ament_index/resource_index/package_run_dependencies/franka_example_controllers
-- Installing: /home/dharmik.p45/Dharmik/berry_ws/install/franka_example_controllers/share/ament_index/resource_index/parent_prefix_path/franka_example_controllers
-- Installing: /home/dharmik.p45/Dharmik/berry_ws/install/franka_example_controllers/share/franka_example_controllers/environment/ament_prefix_path.sh
-- Installing: /home/dharmik.p45/Dharmik/berry_ws/install/franka_example_controllers/share/franka_example_controllers/environment/ament_prefix_path.dsv
-- Installing: /home/dharmik.p45/Dharmik/berry_ws/install/franka_example_controllers/share/franka_example_controllers/environment/path.sh
-- Installing: /home/dharmik.p45/Dharmik/berry_ws/install/franka_example_controllers/share/franka_example_controllers/environment/path.dsv
-- Installing: /home/dharmik.p45/Dharmik/berry_ws/install/franka_example_controllers/share/franka_example_controllers/local_setup.bash
-- Installing: /home/dharmik.p45/Dharmik/berry_ws/install/franka_example_controllers/share/franka_example_controllers/local_setup.sh
-- Installing: /home/dharmik.p45/Dharmik/berry_ws/install/franka_example_controllers/share/franka_example_controllers/local_setup.zsh
-- Installing: /home/dharmik.p45/Dharmik/berry_ws/install/franka_example_controllers/share/franka_example_controllers/local_setup.dsv
-- Installing: /home/dharmik.p45/Dharmik/berry_ws/install/franka_example_controllers/share/franka_example_controllers/package.dsv
-- Installing: /home/dharmik.p45/Dharmik/berry_ws/install/franka_example_controllers/share/ament_index/resource_index/packages/franka_example_controllers
-- Installing: /home/dharmik.p45/Dharmik/berry_ws/install/franka_example_controllers/share/ament_index/resource_index/controller_interface__pluginlib__plugin/franka_example_controllers
-- Installing: /home/dharmik.p45/Dharmik/berry_ws/install/franka_example_controllers/share/franka_example_controllers/cmake/ament_cmake_export_include_directories-extras.cmake
-- Installing: /home/dharmik.p45/Dharmik/berry_ws/install/franka_example_controllers/share/franka_example_controllers/cmake/ament_cmake_export_libraries-extras.cmake
-- Installing: /home/dharmik.p45/Dharmik/berry_ws/install/franka_example_controllers/share/franka_example_controllers/cmake/ament_cmake_export_dependencies-extras.cmake
-- Installing: /home/dharmik.p45/Dharmik/berry_ws/install/franka_example_controllers/share/franka_example_controllers/cmake/franka_example_controllersConfig.cmake
-- Installing: /home/dharmik.p45/Dharmik/berry_ws/install/franka_example_controllers/share/franka_example_controllers/cmake/franka_example_controllersConfig-version.cmake
-- Installing: /home/dharmik.p45/Dharmik/berry_ws/install/franka_example_controllers/share/franka_example_controllers/package.xml
