[0.020s] Invoking command in '/home/dharmik.p45/Dharmik/berry_ws/build/franka_example_controllers': AMENT_PREFIX_PATH=/home/dharmik.p45/Dharmik/berry_ws/install/franka_semantic_components:/home/dharmik.p45/Dharmik/berry_ws/install/franka_hardware:/home/dharmik.p45/Dharmik/berry_ws/install/franka_msgs:${AMENT_PREFIX_PATH} CMAKE_PREFIX_PATH=/home/dharmik.p45/Dharmik/berry_ws/install/franka_semantic_components:/home/dharmik.p45/Dharmik/berry_ws/install/franka_hardware:/home/dharmik.p45/Dharmik/berry_ws/install/libfranka:/home/dharmik.p45/Dharmik/berry_ws/install/franka_msgs:/opt/ros/humble LD_LIBRARY_PATH=/home/dharmik.p45/Dharmik/berry_ws/install/franka_semantic_components/lib:/home/dharmik.p45/Dharmik/berry_ws/install/franka_hardware/lib:/home/dharmik.p45/Dharmik/berry_ws/install/libfranka/lib:/home/dharmik.p45/Dharmik/berry_ws/install/franka_msgs/lib:${LD_LIBRARY_PATH} PATH=/home/dharmik.p45/Dharmik/berry_ws/install/libfranka/bin:${PATH} PKG_CONFIG_PATH=/home/dharmik.p45/Dharmik/berry_ws/install/libfranka/lib/x86_64-linux-gnu/pkgconfig:/home/dharmik.p45/Dharmik/berry_ws/install/libfranka/lib/pkgconfig PYTHONPATH=/home/dharmik.p45/Dharmik/berry_ws/install/franka_msgs/local/lib/python3.10/dist-packages:${PYTHONPATH} /usr/bin/cmake /home/dharmik.p45/Dharmik/berry_ws/src/franka_ros2/franka_example_controllers -DCMAKE_BUILD_TYPE=Release -DBUILD_TESTING=OFF -DBUILD_TESTS=OFF -DCMAKE_INSTALL_PREFIX=/home/dharmik.p45/Dharmik/berry_ws/install/franka_example_controllers
[0.075s] -- The C compiler identification is GNU 12.3.0
[0.125s] -- The CXX compiler identification is GNU 12.3.0
[0.132s] -- Detecting C compiler ABI info
[0.201s] -- Detecting C compiler ABI info - done
[0.210s] -- Check for working C compiler: /usr/bin/cc - skipped
[0.211s] -- Detecting C compile features
[0.211s] -- Detecting C compile features - done
[0.214s] -- Detecting CXX compiler ABI info
[0.296s] -- Detecting CXX compiler ABI info - done
[0.302s] -- Check for working CXX compiler: /usr/bin/c++ - skipped
[0.303s] -- Detecting CXX compile features
[0.303s] -- Detecting CXX compile features - done
[0.306s] -- Found ament_cmake: 1.3.12 (/opt/ros/humble/share/ament_cmake/cmake)
[0.454s] -- Found Python3: /usr/bin/python3 (found version "3.10.12") found components: Interpreter 
[0.564s] -- Found ament_index_cpp: 1.4.0 (/opt/ros/humble/share/ament_index_cpp/cmake)
[0.567s] -- Found controller_interface: 2.53.0 (/opt/ros/humble/share/controller_interface/cmake)
[0.621s] -- Found rosidl_generator_c: 3.1.8 (/opt/ros/humble/share/rosidl_generator_c/cmake)
[0.628s] -- Found rosidl_adapter: 3.1.8 (/opt/ros/humble/share/rosidl_adapter/cmake)
[0.639s] -- Found rosidl_generator_cpp: 3.1.8 (/opt/ros/humble/share/rosidl_generator_cpp/cmake)
[0.654s] -- Using all available rosidl_typesupport_c: rosidl_typesupport_fastrtps_c;rosidl_typesupport_introspection_c
[0.674s] -- Using all available rosidl_typesupport_cpp: rosidl_typesupport_fastrtps_cpp;rosidl_typesupport_introspection_cpp
[1.008s] -- Found rmw_implementation_cmake: 6.1.2 (/opt/ros/humble/share/rmw_implementation_cmake/cmake)
[1.031s] -- Found rmw_fastrtps_cpp: 6.2.9 (/opt/ros/humble/share/rmw_fastrtps_cpp/cmake)
[1.246s] -- Found TinyXML2 via Config file: TinyXML2_DIR-NOTFOUND
[1.452s] -- Found OpenSSL: /usr/lib/x86_64-linux-gnu/libcrypto.so (found version "3.0.2")  
[1.458s] -- Found TinyXML2 via Config file: TinyXML2_DIR-NOTFOUND
[1.485s] -- Found FastRTPS: /opt/ros/humble/include  
[1.489s] -- Found TinyXML2 via Config file: TinyXML2_DIR-NOTFOUND
[1.499s] -- Found TinyXML2 via Config file: TinyXML2_DIR-NOTFOUND
[1.515s] -- Using RMW implementation 'rmw_fastrtps_cpp' as default
[1.523s] -- Looking for pthread.h
[1.604s] -- Looking for pthread.h - found
[1.604s] -- Performing Test CMAKE_HAVE_LIBC_PTHREAD
[1.701s] -- Performing Test CMAKE_HAVE_LIBC_PTHREAD - Success
[1.703s] -- Found Threads: TRUE  
[1.742s] -- Found franka_msgs: 2.2.0 (/home/dharmik.p45/Dharmik/berry_ws/install/franka_msgs/share/franka_msgs/cmake)
[1.758s] -- Found franka_semantic_components: 2.2.0 (/home/dharmik.p45/Dharmik/berry_ws/install/franka_semantic_components/share/franka_semantic_components/cmake)
[1.778s] -- Found moveit_core: 2.5.9 (/opt/ros/humble/share/moveit_core/cmake)
[1.819s] -- Found Boost: /usr/lib/x86_64-linux-gnu/cmake/Boost-1.74.0/BoostConfig.cmake (found version "1.74.0") found components: chrono date_time filesystem iostreams program_options regex serialization system thread 
[1.871s] -- Found parameter_traits: 0.6.0 (/opt/ros/humble/share/parameter_traits/cmake)
[1.888s] -- Found Boost: /usr/lib/x86_64-linux-gnu/cmake/Boost-1.74.0/BoostConfig.cmake (found version "1.74.0") found components: filesystem 
[1.985s] -- library: /usr/lib/x86_64-linux-gnu/libcurl.so
[2.046s] -- Found Eigen3: TRUE (found version "3.4.0") 
[2.046s] -- Ensuring Eigen3 include directory is part of orocos-kdl CMake target
[2.280s] -- pinocchio_default FOUND. pinocchio_default at /opt/ros/humble/lib/x86_64-linux-gnu/libpinocchio_default.so
[2.280s] -- pinocchio_parsers FOUND. pinocchio_parsers at /opt/ros/humble/lib/x86_64-linux-gnu/libpinocchio_parsers.so
[2.280s] -- boost_filesystem FOUND. boost_filesystem at /lib/x86_64-linux-gnu/libboost_filesystem.so
[2.299s] -- Found Boost: /usr/include (found version "1.74.0") found components: filesystem serialization system 
[2.301s] -- eigenpy FOUND. eigenpy at /opt/ros/humble/lib/x86_64-linux-gnu/libeigenpy.so
[2.333s] -- Checking for NumPy
[2.677s] --   NUMPY_INCLUDE_DIRS=/home/dharmik.p45/.local/lib/python3.10/site-packages/numpy/_core/include
[2.858s] --   NUMPY_VERSION=2.2.6
[3.200s] -- Found Python3: /usr/bin/python3 (found version "3.10.12") found components: Interpreter Development.Module NumPy 
[3.201s] -- PythonLibraryDirs: 
[3.201s] -- PythonLibVersionString: 3.10.12
[3.218s] -- Python site lib: lib/python3.10/site-packages
[3.218s] -- Python include dirs: /usr/include/python3.10
[3.255s] -- Checking for NumPy
[3.440s] --   NUMPY_INCLUDE_DIRS=/home/dharmik.p45/.local/lib/python3.10/site-packages/numpy/_core/include
[3.609s] --   NUMPY_VERSION=2.2.6
[3.609s] -- NumPy include dir: /home/dharmik.p45/.local/lib/python3.10/site-packages/numpy/_core/include
[3.614s] [33mCMake Warning at /usr/share/cmake-3.22/Modules/FindBoost.cmake:2201 (message):
[3.615s]   No header defined for python310; skipping header check (note: header-only
[3.615s]   libraries have no designated component)
[3.615s] Call Stack (most recent call first):
[3.615s]   /opt/ros/humble/lib/x86_64-linux-gnu/cmake/eigenpy/boost.cmake:148 (find_package)
[3.615s]   /opt/ros/humble/lib/x86_64-linux-gnu/cmake/eigenpy/eigenpyConfig.cmake:149 (SEARCH_FOR_BOOST_PYTHON)
[3.615s]   /usr/share/cmake-3.22/Modules/CMakeFindDependencyMacro.cmake:47 (find_package)
[3.615s]   /opt/ros/humble/lib/x86_64-linux-gnu/cmake/pinocchio/pinocchioConfig.cmake:161 (find_dependency)
[3.615s]   CMakeLists.txt:25 (find_package)
[3.615s] 
[3.615s] [0m
[3.618s] -- Found Boost: /usr/include (found version "1.74.0") found components: python310 
[3.891s] -- Default C++ standard: 201703
[3.891s] -- Minimal C++ standard upgraded to 11
[3.891s] -- C++ standard sufficient: Minimal required 11, currently defined: 17
[3.893s] -- hpp-fcl FOUND. hpp-fcl at /opt/ros/humble/lib/x86_64-linux-gnu/libhpp-fcl.so
[3.901s] -- Found Boost: /usr/include (found version "1.74.0") found components: chrono serialization filesystem 
[3.902s] -- C++ standard sufficient: Minimal required 11, currently defined: 17
[3.902s] -- C++ standard sufficient: Minimal required 11, currently defined: 17
[3.904s] -- Found std_srvs: 4.9.0 (/opt/ros/humble/share/std_srvs/cmake)
[3.974s] -- Configuring done
[4.034s] -- Generating done
[4.037s] [33mCMake Warning:
[4.037s]   Manually-specified variables were not used by the project:
[4.037s] 
[4.037s]     BUILD_TESTS
[4.037s] 
[4.037s] [0m
[4.048s] -- Build files have been written to: /home/dharmik.p45/Dharmik/berry_ws/build/franka_example_controllers
[4.069s] Invoked command in '/home/dharmik.p45/Dharmik/berry_ws/build/franka_example_controllers' returned '0': AMENT_PREFIX_PATH=/home/dharmik.p45/Dharmik/berry_ws/install/franka_semantic_components:/home/dharmik.p45/Dharmik/berry_ws/install/franka_hardware:/home/dharmik.p45/Dharmik/berry_ws/install/franka_msgs:${AMENT_PREFIX_PATH} CMAKE_PREFIX_PATH=/home/dharmik.p45/Dharmik/berry_ws/install/franka_semantic_components:/home/dharmik.p45/Dharmik/berry_ws/install/franka_hardware:/home/dharmik.p45/Dharmik/berry_ws/install/libfranka:/home/dharmik.p45/Dharmik/berry_ws/install/franka_msgs:/opt/ros/humble LD_LIBRARY_PATH=/home/dharmik.p45/Dharmik/berry_ws/install/franka_semantic_components/lib:/home/dharmik.p45/Dharmik/berry_ws/install/franka_hardware/lib:/home/dharmik.p45/Dharmik/berry_ws/install/libfranka/lib:/home/dharmik.p45/Dharmik/berry_ws/install/franka_msgs/lib:${LD_LIBRARY_PATH} PATH=/home/dharmik.p45/Dharmik/berry_ws/install/libfranka/bin:${PATH} PKG_CONFIG_PATH=/home/dharmik.p45/Dharmik/berry_ws/install/libfranka/lib/x86_64-linux-gnu/pkgconfig:/home/dharmik.p45/Dharmik/berry_ws/install/libfranka/lib/pkgconfig PYTHONPATH=/home/dharmik.p45/Dharmik/berry_ws/install/franka_msgs/local/lib/python3.10/dist-packages:${PYTHONPATH} /usr/bin/cmake /home/dharmik.p45/Dharmik/berry_ws/src/franka_ros2/franka_example_controllers -DCMAKE_BUILD_TYPE=Release -DBUILD_TESTING=OFF -DBUILD_TESTS=OFF -DCMAKE_INSTALL_PREFIX=/home/dharmik.p45/Dharmik/berry_ws/install/franka_example_controllers
[4.071s] Invoking command in '/home/dharmik.p45/Dharmik/berry_ws/build/franka_example_controllers': AMENT_PREFIX_PATH=/home/dharmik.p45/Dharmik/berry_ws/install/franka_semantic_components:/home/dharmik.p45/Dharmik/berry_ws/install/franka_hardware:/home/dharmik.p45/Dharmik/berry_ws/install/franka_msgs:${AMENT_PREFIX_PATH} CMAKE_PREFIX_PATH=/home/dharmik.p45/Dharmik/berry_ws/install/franka_semantic_components:/home/dharmik.p45/Dharmik/berry_ws/install/franka_hardware:/home/dharmik.p45/Dharmik/berry_ws/install/libfranka:/home/dharmik.p45/Dharmik/berry_ws/install/franka_msgs:/opt/ros/humble LD_LIBRARY_PATH=/home/dharmik.p45/Dharmik/berry_ws/install/franka_semantic_components/lib:/home/dharmik.p45/Dharmik/berry_ws/install/franka_hardware/lib:/home/dharmik.p45/Dharmik/berry_ws/install/libfranka/lib:/home/dharmik.p45/Dharmik/berry_ws/install/franka_msgs/lib:${LD_LIBRARY_PATH} PATH=/home/dharmik.p45/Dharmik/berry_ws/install/libfranka/bin:${PATH} PKG_CONFIG_PATH=/home/dharmik.p45/Dharmik/berry_ws/install/libfranka/lib/x86_64-linux-gnu/pkgconfig:/home/dharmik.p45/Dharmik/berry_ws/install/libfranka/lib/pkgconfig PYTHONPATH=/home/dharmik.p45/Dharmik/berry_ws/install/franka_msgs/local/lib/python3.10/dist-packages:${PYTHONPATH} /usr/bin/cmake --build /home/dharmik.p45/Dharmik/berry_ws/build/franka_example_controllers -- -j16 -l16
[4.124s] [  5%] [32mBuilding CXX object CMakeFiles/ptp_motion_example_node.dir/src/async_motions/ptp_motion_example_node.cpp.o[0m
[4.124s] [ 11%] [32mBuilding CXX object CMakeFiles/franka_example_controllers.dir/src/cartesian_velocity_example_controller.cpp.o[0m
[4.124s] [ 17%] [32mBuilding CXX object CMakeFiles/franka_example_controllers.dir/src/cartesian_elbow_example_controller.cpp.o[0m
[4.124s] [ 23%] [32mBuilding CXX object CMakeFiles/franka_example_controllers.dir/src/gravity_compensation_example_controller.cpp.o[0m
[4.124s] [ 35%] [32mBuilding CXX object CMakeFiles/franka_example_controllers.dir/src/cartesian_pose_example_controller.cpp.o[0m
[4.125s] [ 35%] [32mBuilding CXX object CMakeFiles/franka_example_controllers.dir/src/cartesian_orientation_example_controller.cpp.o[0m
[4.125s] [ 41%] [32mBuilding CXX object CMakeFiles/franka_example_controllers.dir/src/elbow_example_controller.cpp.o[0m
[4.128s] [ 47%] [32mBuilding CXX object CMakeFiles/franka_example_controllers.dir/src/joint_impedance_with_ik_example_controller.cpp.o[0m
[4.129s] [ 52%] [32mBuilding CXX object CMakeFiles/franka_example_controllers.dir/src/joint_impedance_example_controller.cpp.o[0m
[4.129s] [ 58%] [32mBuilding CXX object CMakeFiles/franka_example_controllers.dir/src/joint_position_example_controller.cpp.o[0m
[4.130s] [ 64%] [32mBuilding CXX object CMakeFiles/franka_example_controllers.dir/src/gripper_example_controller.cpp.o[0m
[4.138s] [ 70%] [32mBuilding CXX object CMakeFiles/franka_example_controllers.dir/src/joint_velocity_example_controller.cpp.o[0m
[4.151s] [ 76%] [32mBuilding CXX object CMakeFiles/franka_example_controllers.dir/src/model_example_controller.cpp.o[0m
[4.166s] [ 82%] [32mBuilding CXX object CMakeFiles/franka_example_controllers.dir/src/motion_generator.cpp.o[0m
[4.171s] [ 88%] [32mBuilding CXX object CMakeFiles/franka_example_controllers.dir/src/move_to_start_example_controller.cpp.o[0m
[10.111s] In file included from [01m[K/home/dharmik.p45/Dharmik/berry_ws/install/franka_semantic_components/include/franka_semantic_components/franka_robot_model.hpp:23[m[K,
[10.112s]                  from [01m[K/home/dharmik.p45/Dharmik/berry_ws/src/franka_ros2/franka_example_controllers/include/franka_example_controllers/model_example_controller.hpp:22[m[K,
[10.112s]                  from [01m[K/home/dharmik.p45/Dharmik/berry_ws/src/franka_ros2/franka_example_controllers/src/model_example_controller.cpp:15[m[K:
[10.114s] [01m[K/home/dharmik.p45/Dharmik/berry_ws/install/franka_hardware/include/franka_hardware/model.hpp:[m[K In member function ‘[01m[Kstd::array<double, 7> franka_hardware::Model::coriolis(const std::array<double, 7>&, const std::array<double, 7>&, const std::array<double, 9>&, double, const std::array<double, 3>&) const[m[K’:
[10.115s] [01m[K/home/dharmik.p45/Dharmik/berry_ws/install/franka_hardware/include/franka_hardware/model.hpp:141:28:[m[K [01;35m[Kwarning: [m[K‘[01m[Kstd::array<double, 7> franka::Model::coriolis(const std::array<double, 7>&, const std::array<double, 7>&, const std::array<double, 9>&, double, const std::array<double, 3>&) const[m[K’ is deprecated: Use coriolis(q, dq, i_total, m_total, f_x_ctotal, g_earth) instead [[01;35m[K]8;;https://gcc.gnu.org/onlinedocs/gcc/Warning-Options.html#index-Wdeprecated-declarations-Wdeprecated-declarations]8;;[m[K]
[10.115s]   141 |     return [01;35m[Kmodel_->coriolis(q, dq, I_total, m_total, F_x_Ctotal)[m[K;
[10.115s]       |            [01;35m[K~~~~~~~~~~~~~~~~^~~~~~~~~~~~~~~~~~~~~~~~~~~~~~~~~~~~~[m[K
[10.115s] In file included from [01m[K/home/dharmik.p45/Dharmik/berry_ws/install/franka_hardware/include/franka_hardware/model.hpp:19[m[K:
[10.115s] [01m[K/home/dharmik.p45/Dharmik/berry_ws/install/libfranka/include/franka/model.h:247:3:[m[K [01;36m[Knote: [m[Kdeclared here
[10.115s]   247 |   [01;36m[Kcoriolis[m[K(const std::array<double, 7>& q,        // NOLINT(readability-identifier-length)
[10.116s]       |   [01;36m[K^~~~~~~~[m[K
[10.771s] In file included from [01m[K/home/dharmik.p45/Dharmik/berry_ws/install/franka_semantic_components/include/franka_semantic_components/franka_robot_model.hpp:23[m[K,
[10.772s]                  from [01m[K/home/dharmik.p45/Dharmik/berry_ws/src/franka_ros2/franka_example_controllers/include/franka_example_controllers/joint_impedance_with_ik_example_controller.hpp:25[m[K,
[10.772s]                  from [01m[K/home/dharmik.p45/Dharmik/berry_ws/src/franka_ros2/franka_example_controllers/src/joint_impedance_with_ik_example_controller.cpp:16[m[K:
[10.772s] [01m[K/home/dharmik.p45/Dharmik/berry_ws/install/franka_hardware/include/franka_hardware/model.hpp:[m[K In member function ‘[01m[Kstd::array<double, 7> franka_hardware::Model::coriolis(const std::array<double, 7>&, const std::array<double, 7>&, const std::array<double, 9>&, double, const std::array<double, 3>&) const[m[K’:
[10.772s] [01m[K/home/dharmik.p45/Dharmik/berry_ws/install/franka_hardware/include/franka_hardware/model.hpp:141:28:[m[K [01;35m[Kwarning: [m[K‘[01m[Kstd::array<double, 7> franka::Model::coriolis(const std::array<double, 7>&, const std::array<double, 7>&, const std::array<double, 9>&, double, const std::array<double, 3>&) const[m[K’ is deprecated: Use coriolis(q, dq, i_total, m_total, f_x_ctotal, g_earth) instead [[01;35m[K]8;;https://gcc.gnu.org/onlinedocs/gcc/Warning-Options.html#index-Wdeprecated-declarations-Wdeprecated-declarations]8;;[m[K]
[10.772s]   141 |     return [01;35m[Kmodel_->coriolis(q, dq, I_total, m_total, F_x_Ctotal)[m[K;
[10.772s]       |            [01;35m[K~~~~~~~~~~~~~~~~^~~~~~~~~~~~~~~~~~~~~~~~~~~~~~~~~~~~~[m[K
[10.772s] In file included from [01m[K/home/dharmik.p45/Dharmik/berry_ws/install/franka_hardware/include/franka_hardware/model.hpp:19[m[K:
[10.773s] [01m[K/home/dharmik.p45/Dharmik/berry_ws/install/libfranka/include/franka/model.h:247:3:[m[K [01;36m[Knote: [m[Kdeclared here
[10.773s]   247 |   [01;36m[Kcoriolis[m[K(const std::array<double, 7>& q,        // NOLINT(readability-identifier-length)
[10.773s]       |   [01;36m[K^~~~~~~~[m[K
[13.755s] [ 94%] [32m[1mLinking CXX executable ptp_motion_example_node[0m
[14.067s] [ 94%] Built target ptp_motion_example_node
[17.720s] [100%] [32m[1mLinking CXX shared library libfranka_example_controllers.so[0m
[18.187s] [100%] Built target franka_example_controllers
[18.201s] Invoked command in '/home/dharmik.p45/Dharmik/berry_ws/build/franka_example_controllers' returned '0': AMENT_PREFIX_PATH=/home/dharmik.p45/Dharmik/berry_ws/install/franka_semantic_components:/home/dharmik.p45/Dharmik/berry_ws/install/franka_hardware:/home/dharmik.p45/Dharmik/berry_ws/install/franka_msgs:${AMENT_PREFIX_PATH} CMAKE_PREFIX_PATH=/home/dharmik.p45/Dharmik/berry_ws/install/franka_semantic_components:/home/dharmik.p45/Dharmik/berry_ws/install/franka_hardware:/home/dharmik.p45/Dharmik/berry_ws/install/libfranka:/home/dharmik.p45/Dharmik/berry_ws/install/franka_msgs:/opt/ros/humble LD_LIBRARY_PATH=/home/dharmik.p45/Dharmik/berry_ws/install/franka_semantic_components/lib:/home/dharmik.p45/Dharmik/berry_ws/install/franka_hardware/lib:/home/dharmik.p45/Dharmik/berry_ws/install/libfranka/lib:/home/dharmik.p45/Dharmik/berry_ws/install/franka_msgs/lib:${LD_LIBRARY_PATH} PATH=/home/dharmik.p45/Dharmik/berry_ws/install/libfranka/bin:${PATH} PKG_CONFIG_PATH=/home/dharmik.p45/Dharmik/berry_ws/install/libfranka/lib/x86_64-linux-gnu/pkgconfig:/home/dharmik.p45/Dharmik/berry_ws/install/libfranka/lib/pkgconfig PYTHONPATH=/home/dharmik.p45/Dharmik/berry_ws/install/franka_msgs/local/lib/python3.10/dist-packages:${PYTHONPATH} /usr/bin/cmake --build /home/dharmik.p45/Dharmik/berry_ws/build/franka_example_controllers -- -j16 -l16
[18.203s] Invoking command in '/home/dharmik.p45/Dharmik/berry_ws/build/franka_example_controllers': AMENT_PREFIX_PATH=/home/dharmik.p45/Dharmik/berry_ws/install/franka_semantic_components:/home/dharmik.p45/Dharmik/berry_ws/install/franka_hardware:/home/dharmik.p45/Dharmik/berry_ws/install/franka_msgs:${AMENT_PREFIX_PATH} CMAKE_PREFIX_PATH=/home/dharmik.p45/Dharmik/berry_ws/install/franka_semantic_components:/home/dharmik.p45/Dharmik/berry_ws/install/franka_hardware:/home/dharmik.p45/Dharmik/berry_ws/install/libfranka:/home/dharmik.p45/Dharmik/berry_ws/install/franka_msgs:/opt/ros/humble LD_LIBRARY_PATH=/home/dharmik.p45/Dharmik/berry_ws/install/franka_semantic_components/lib:/home/dharmik.p45/Dharmik/berry_ws/install/franka_hardware/lib:/home/dharmik.p45/Dharmik/berry_ws/install/libfranka/lib:/home/dharmik.p45/Dharmik/berry_ws/install/franka_msgs/lib:${LD_LIBRARY_PATH} PATH=/home/dharmik.p45/Dharmik/berry_ws/install/libfranka/bin:${PATH} PKG_CONFIG_PATH=/home/dharmik.p45/Dharmik/berry_ws/install/libfranka/lib/x86_64-linux-gnu/pkgconfig:/home/dharmik.p45/Dharmik/berry_ws/install/libfranka/lib/pkgconfig PYTHONPATH=/home/dharmik.p45/Dharmik/berry_ws/install/franka_msgs/local/lib/python3.10/dist-packages:${PYTHONPATH} /usr/bin/cmake --install /home/dharmik.p45/Dharmik/berry_ws/build/franka_example_controllers
[18.211s] -- Install configuration: "Release"
[18.211s] -- Installing: /home/dharmik.p45/Dharmik/berry_ws/install/franka_example_controllers/share/franka_example_controllers/franka_example_controllers.xml
[18.211s] -- Installing: /home/dharmik.p45/Dharmik/berry_ws/install/franka_example_controllers/lib/libfranka_example_controllers.so
[18.212s] -- Set runtime path of "/home/dharmik.p45/Dharmik/berry_ws/install/franka_example_controllers/lib/libfranka_example_controllers.so" to ""
[18.213s] -- Installing: /home/dharmik.p45/Dharmik/berry_ws/install/franka_example_controllers/include
[18.213s] -- Installing: /home/dharmik.p45/Dharmik/berry_ws/install/franka_example_controllers/include/franka_example_controllers
[18.213s] -- Installing: /home/dharmik.p45/Dharmik/berry_ws/install/franka_example_controllers/include/franka_example_controllers/gripper_example_controller.hpp
[18.213s] -- Installing: /home/dharmik.p45/Dharmik/berry_ws/install/franka_example_controllers/include/franka_example_controllers/motion_generator.hpp
[18.213s] -- Installing: /home/dharmik.p45/Dharmik/berry_ws/install/franka_example_controllers/include/franka_example_controllers/joint_position_example_controller.hpp
[18.213s] -- Installing: /home/dharmik.p45/Dharmik/berry_ws/install/franka_example_controllers/include/franka_example_controllers/async_motions
[18.213s] -- Installing: /home/dharmik.p45/Dharmik/berry_ws/install/franka_example_controllers/include/franka_example_controllers/async_motions/ptp_motion_example_node.hpp
[18.213s] -- Installing: /home/dharmik.p45/Dharmik/berry_ws/install/franka_example_controllers/include/franka_example_controllers/default_robot_behavior_utils.hpp
[18.213s] -- Installing: /home/dharmik.p45/Dharmik/berry_ws/install/franka_example_controllers/include/franka_example_controllers/model_example_controller.hpp
[18.214s] -- Installing: /home/dharmik.p45/Dharmik/berry_ws/install/franka_example_controllers/include/franka_example_controllers/joint_impedance_example_controller.hpp
[18.214s] -- Installing: /home/dharmik.p45/Dharmik/berry_ws/install/franka_example_controllers/include/franka_example_controllers/elbow_example_controller.hpp
[18.214s] -- Installing: /home/dharmik.p45/Dharmik/berry_ws/install/franka_example_controllers/include/franka_example_controllers/cartesian_pose_example_controller.hpp
[18.214s] -- Installing: /home/dharmik.p45/Dharmik/berry_ws/install/franka_example_controllers/include/franka_example_controllers/cartesian_orientation_example_controller.hpp
[18.214s] -- Installing: /home/dharmik.p45/Dharmik/berry_ws/install/franka_example_controllers/include/franka_example_controllers/visibility_control.h
[18.214s] -- Installing: /home/dharmik.p45/Dharmik/berry_ws/install/franka_example_controllers/include/franka_example_controllers/move_to_start_example_controller.hpp
[18.214s] -- Installing: /home/dharmik.p45/Dharmik/berry_ws/install/franka_example_controllers/include/franka_example_controllers/robot_utils.hpp
[18.214s] -- Installing: /home/dharmik.p45/Dharmik/berry_ws/install/franka_example_controllers/include/franka_example_controllers/cartesian_velocity_example_controller.hpp
[18.215s] -- Installing: /home/dharmik.p45/Dharmik/berry_ws/install/franka_example_controllers/include/franka_example_controllers/joint_velocity_example_controller.hpp
[18.215s] -- Installing: /home/dharmik.p45/Dharmik/berry_ws/install/franka_example_controllers/include/franka_example_controllers/cartesian_elbow_example_controller.hpp
[18.215s] -- Installing: /home/dharmik.p45/Dharmik/berry_ws/install/franka_example_controllers/include/franka_example_controllers/joint_impedance_with_ik_example_controller.hpp
[18.215s] -- Installing: /home/dharmik.p45/Dharmik/berry_ws/install/franka_example_controllers/include/franka_example_controllers/gravity_compensation_example_controller.hpp
[18.215s] -- Installing: /home/dharmik.p45/Dharmik/berry_ws/install/franka_example_controllers/lib/franka_example_controllers/ptp_motion_example_node
[18.216s] -- Set runtime path of "/home/dharmik.p45/Dharmik/berry_ws/install/franka_example_controllers/lib/franka_example_controllers/ptp_motion_example_node" to ""
[18.216s] -- Installing: /home/dharmik.p45/Dharmik/berry_ws/install/franka_example_controllers/share/franka_example_controllers/environment/library_path.sh
[18.216s] -- Installing: /home/dharmik.p45/Dharmik/berry_ws/install/franka_example_controllers/share/franka_example_controllers/environment/library_path.dsv
[18.216s] -- Installing: /home/dharmik.p45/Dharmik/berry_ws/install/franka_example_controllers/share/ament_index/resource_index/package_run_dependencies/franka_example_controllers
[18.216s] -- Installing: /home/dharmik.p45/Dharmik/berry_ws/install/franka_example_controllers/share/ament_index/resource_index/parent_prefix_path/franka_example_controllers
[18.217s] -- Installing: /home/dharmik.p45/Dharmik/berry_ws/install/franka_example_controllers/share/franka_example_controllers/environment/ament_prefix_path.sh
[18.217s] -- Installing: /home/dharmik.p45/Dharmik/berry_ws/install/franka_example_controllers/share/franka_example_controllers/environment/ament_prefix_path.dsv
[18.217s] -- Installing: /home/dharmik.p45/Dharmik/berry_ws/install/franka_example_controllers/share/franka_example_controllers/environment/path.sh
[18.217s] -- Installing: /home/dharmik.p45/Dharmik/berry_ws/install/franka_example_controllers/share/franka_example_controllers/environment/path.dsv
[18.218s] -- Installing: /home/dharmik.p45/Dharmik/berry_ws/install/franka_example_controllers/share/franka_example_controllers/local_setup.bash
[18.218s] -- Installing: /home/dharmik.p45/Dharmik/berry_ws/install/franka_example_controllers/share/franka_example_controllers/local_setup.sh
[18.218s] -- Installing: /home/dharmik.p45/Dharmik/berry_ws/install/franka_example_controllers/share/franka_example_controllers/local_setup.zsh
[18.218s] -- Installing: /home/dharmik.p45/Dharmik/berry_ws/install/franka_example_controllers/share/franka_example_controllers/local_setup.dsv
[18.218s] -- Installing: /home/dharmik.p45/Dharmik/berry_ws/install/franka_example_controllers/share/franka_example_controllers/package.dsv
[18.219s] -- Installing: /home/dharmik.p45/Dharmik/berry_ws/install/franka_example_controllers/share/ament_index/resource_index/packages/franka_example_controllers
[18.219s] -- Installing: /home/dharmik.p45/Dharmik/berry_ws/install/franka_example_controllers/share/ament_index/resource_index/controller_interface__pluginlib__plugin/franka_example_controllers
[18.219s] -- Installing: /home/dharmik.p45/Dharmik/berry_ws/install/franka_example_controllers/share/franka_example_controllers/cmake/ament_cmake_export_include_directories-extras.cmake
[18.220s] -- Installing: /home/dharmik.p45/Dharmik/berry_ws/install/franka_example_controllers/share/franka_example_controllers/cmake/ament_cmake_export_libraries-extras.cmake
[18.220s] -- Installing: /home/dharmik.p45/Dharmik/berry_ws/install/franka_example_controllers/share/franka_example_controllers/cmake/ament_cmake_export_dependencies-extras.cmake
[18.220s] -- Installing: /home/dharmik.p45/Dharmik/berry_ws/install/franka_example_controllers/share/franka_example_controllers/cmake/franka_example_controllersConfig.cmake
[18.220s] -- Installing: /home/dharmik.p45/Dharmik/berry_ws/install/franka_example_controllers/share/franka_example_controllers/cmake/franka_example_controllersConfig-version.cmake
[18.220s] -- Installing: /home/dharmik.p45/Dharmik/berry_ws/install/franka_example_controllers/share/franka_example_controllers/package.xml
[18.223s] Invoked command in '/home/dharmik.p45/Dharmik/berry_ws/build/franka_example_controllers' returned '0': AMENT_PREFIX_PATH=/home/dharmik.p45/Dharmik/berry_ws/install/franka_semantic_components:/home/dharmik.p45/Dharmik/berry_ws/install/franka_hardware:/home/dharmik.p45/Dharmik/berry_ws/install/franka_msgs:${AMENT_PREFIX_PATH} CMAKE_PREFIX_PATH=/home/dharmik.p45/Dharmik/berry_ws/install/franka_semantic_components:/home/dharmik.p45/Dharmik/berry_ws/install/franka_hardware:/home/dharmik.p45/Dharmik/berry_ws/install/libfranka:/home/dharmik.p45/Dharmik/berry_ws/install/franka_msgs:/opt/ros/humble LD_LIBRARY_PATH=/home/dharmik.p45/Dharmik/berry_ws/install/franka_semantic_components/lib:/home/dharmik.p45/Dharmik/berry_ws/install/franka_hardware/lib:/home/dharmik.p45/Dharmik/berry_ws/install/libfranka/lib:/home/dharmik.p45/Dharmik/berry_ws/install/franka_msgs/lib:${LD_LIBRARY_PATH} PATH=/home/dharmik.p45/Dharmik/berry_ws/install/libfranka/bin:${PATH} PKG_CONFIG_PATH=/home/dharmik.p45/Dharmik/berry_ws/install/libfranka/lib/x86_64-linux-gnu/pkgconfig:/home/dharmik.p45/Dharmik/berry_ws/install/libfranka/lib/pkgconfig PYTHONPATH=/home/dharmik.p45/Dharmik/berry_ws/install/franka_msgs/local/lib/python3.10/dist-packages:${PYTHONPATH} /usr/bin/cmake --install /home/dharmik.p45/Dharmik/berry_ws/build/franka_example_controllers
