-- The C compiler identification is GNU 12.3.0
-- The CXX compiler identification is GNU 12.3.0
-- Detecting C compiler ABI info
-- Detecting C compiler ABI info - done
-- Check for working C compiler: /usr/bin/cc - skipped
-- Detecting C compile features
-- Detecting C compile features - done
-- Detecting CXX compiler ABI info
-- Detecting CXX compiler ABI info - done
-- Check for working CXX compiler: /usr/bin/c++ - skipped
-- Detecting CXX compile features
-- Detecting CXX compile features - done
-- Found ament_cmake: 1.3.12 (/opt/ros/humble/share/ament_cmake/cmake)
-- Found Python3: /usr/bin/python3 (found version "3.10.12") found components: Interpreter 
-- Found rclcpp: 16.0.17 (/opt/ros/humble/share/rclcpp/cmake)
-- Found rosidl_generator_c: 3.1.8 (/opt/ros/humble/share/rosidl_generator_c/cmake)
-- Found rosidl_adapter: 3.1.8 (/opt/ros/humble/share/rosidl_adapter/cmake)
-- Found rosidl_generator_cpp: 3.1.8 (/opt/ros/humble/share/rosidl_generator_cpp/cmake)
-- Using all available rosidl_typesupport_c: rosidl_typesupport_fastrtps_c;rosidl_typesupport_introspection_c
-- Using all available rosidl_typesupport_cpp: rosidl_typesupport_fastrtps_cpp;rosidl_typesupport_introspection_cpp
-- Found rmw_implementation_cmake: 6.1.2 (/opt/ros/humble/share/rmw_implementation_cmake/cmake)
-- Found rmw_fastrtps_cpp: 6.2.9 (/opt/ros/humble/share/rmw_fastrtps_cpp/cmake)
-- Found OpenSSL: /usr/lib/x86_64-linux-gnu/libcrypto.so (found version "3.0.2")  
-- Found FastRTPS: /opt/ros/humble/include  
-- Using RMW implementation 'rmw_fastrtps_cpp' as default
-- Looking for pthread.h
-- Looking for pthread.h - found
-- Performing Test CMAKE_HAVE_LIBC_PTHREAD
-- Performing Test CMAKE_HAVE_LIBC_PTHREAD - Success
-- Found Threads: TRUE  
-- Found rclcpp_action: 16.0.17 (/opt/ros/humble/share/rclcpp_action/cmake)
-- Found franka_msgs: 2.2.0 (/home/dharmik.p45/Dharmik/berry_ws/install/franka_msgs/share/franka_msgs/cmake)
-- Found hardware_interface: 2.53.0 (/opt/ros/humble/share/hardware_interface/cmake)
-- Found rclcpp_components: 16.0.17 (/opt/ros/humble/share/rclcpp_components/cmake)
-- Configuring done
-- Generating done
-- Build files have been written to: /home/dharmik.p45/Dharmik/berry_ws/build/franka_hardware
[ 25%] [32mBuilding CXX object CMakeFiles/franka_hardware.dir/src/franka_param_service_server.cpp.o[0m
[ 25%] [32mBuilding CXX object CMakeFiles/franka_hardware.dir/src/franka_executor.cpp.o[0m
[ 37%] [32mBuilding CXX object CMakeFiles/franka_hardware.dir/src/franka_hardware_interface.cpp.o[0m
[ 50%] [32mBuilding CXX object CMakeFiles/franka_hardware.dir/src/franka_action_server.cpp.o[0m
[ 75%] [32mBuilding CXX object CMakeFiles/franka_hardware.dir/src/robot.cpp.o[0m
[ 75%] [32mBuilding CXX object CMakeFiles/franka_hardware.dir/src/ros_libfranka_logger.cpp.o[0m
[ 87%] [32mBuilding CXX object CMakeFiles/franka_hardware.dir/src/actions_helper/ptp_motion_handler.cpp.o[0m
[100%] [32m[1mLinking CXX shared library libfranka_hardware.so[0m
[100%] Built target franka_hardware
-- Install configuration: "Release"
-- Installing: /home/dharmik.p45/Dharmik/berry_ws/install/franka_hardware/share/franka_hardware/franka_hardware.xml
-- Installing: /home/dharmik.p45/Dharmik/berry_ws/install/franka_hardware/lib/libfranka_hardware.so
-- Set runtime path of "/home/dharmik.p45/Dharmik/berry_ws/install/franka_hardware/lib/libfranka_hardware.so" to ""
-- Installing: /home/dharmik.p45/Dharmik/berry_ws/install/franka_hardware/include
-- Installing: /home/dharmik.p45/Dharmik/berry_ws/install/franka_hardware/include/franka_hardware
-- Installing: /home/dharmik.p45/Dharmik/berry_ws/install/franka_hardware/include/franka_hardware/franka_action_server.hpp
-- Installing: /home/dharmik.p45/Dharmik/berry_ws/install/franka_hardware/include/franka_hardware/robot.hpp
-- Installing: /home/dharmik.p45/Dharmik/berry_ws/install/franka_hardware/include/franka_hardware/model.hpp
-- Installing: /home/dharmik.p45/Dharmik/berry_ws/install/franka_hardware/include/franka_hardware/actions_helper
-- Installing: /home/dharmik.p45/Dharmik/berry_ws/install/franka_hardware/include/franka_hardware/actions_helper/ptp_motion_handler.hpp
-- Installing: /home/dharmik.p45/Dharmik/berry_ws/install/franka_hardware/include/franka_hardware/franka_param_service_server.hpp
-- Installing: /home/dharmik.p45/Dharmik/berry_ws/install/franka_hardware/include/franka_hardware/franka_hardware_interface.hpp
-- Installing: /home/dharmik.p45/Dharmik/berry_ws/install/franka_hardware/include/franka_hardware/franka_executor.hpp
-- Installing: /home/dharmik.p45/Dharmik/berry_ws/install/franka_hardware/include/franka_hardware/ros_libfranka_logger.hpp
-- Installing: /home/dharmik.p45/Dharmik/berry_ws/install/franka_hardware/share/franka_hardware/environment/library_path.sh
-- Installing: /home/dharmik.p45/Dharmik/berry_ws/install/franka_hardware/share/franka_hardware/environment/library_path.dsv
-- Installing: /home/dharmik.p45/Dharmik/berry_ws/install/franka_hardware/share/ament_index/resource_index/package_run_dependencies/franka_hardware
-- Installing: /home/dharmik.p45/Dharmik/berry_ws/install/franka_hardware/share/ament_index/resource_index/parent_prefix_path/franka_hardware
-- Installing: /home/dharmik.p45/Dharmik/berry_ws/install/franka_hardware/share/franka_hardware/environment/ament_prefix_path.sh
-- Installing: /home/dharmik.p45/Dharmik/berry_ws/install/franka_hardware/share/franka_hardware/environment/ament_prefix_path.dsv
-- Installing: /home/dharmik.p45/Dharmik/berry_ws/install/franka_hardware/share/franka_hardware/environment/path.sh
-- Installing: /home/dharmik.p45/Dharmik/berry_ws/install/franka_hardware/share/franka_hardware/environment/path.dsv
-- Installing: /home/dharmik.p45/Dharmik/berry_ws/install/franka_hardware/share/franka_hardware/local_setup.bash
-- Installing: /home/dharmik.p45/Dharmik/berry_ws/install/franka_hardware/share/franka_hardware/local_setup.sh
-- Installing: /home/dharmik.p45/Dharmik/berry_ws/install/franka_hardware/share/franka_hardware/local_setup.zsh
-- Installing: /home/dharmik.p45/Dharmik/berry_ws/install/franka_hardware/share/franka_hardware/local_setup.dsv
-- Installing: /home/dharmik.p45/Dharmik/berry_ws/install/franka_hardware/share/franka_hardware/package.dsv
-- Installing: /home/dharmik.p45/Dharmik/berry_ws/install/franka_hardware/share/ament_index/resource_index/packages/franka_hardware
-- Installing: /home/dharmik.p45/Dharmik/berry_ws/install/franka_hardware/share/ament_index/resource_index/hardware_interface__pluginlib__plugin/franka_hardware
-- Installing: /home/dharmik.p45/Dharmik/berry_ws/install/franka_hardware/share/franka_hardware/cmake/ament_cmake_export_include_directories-extras.cmake
-- Installing: /home/dharmik.p45/Dharmik/berry_ws/install/franka_hardware/share/franka_hardware/cmake/ament_cmake_export_libraries-extras.cmake
-- Installing: /home/dharmik.p45/Dharmik/berry_ws/install/franka_hardware/share/franka_hardware/cmake/ament_cmake_export_dependencies-extras.cmake
-- Installing: /home/dharmik.p45/Dharmik/berry_ws/install/franka_hardware/share/franka_hardware/cmake/franka_hardwareConfig.cmake
-- Installing: /home/dharmik.p45/Dharmik/berry_ws/install/franka_hardware/share/franka_hardware/cmake/franka_hardwareConfig-version.cmake
-- Installing: /home/dharmik.p45/Dharmik/berry_ws/install/franka_hardware/share/franka_hardware/package.xml
