-- The C compiler identification is GNU 12.3.0
-- The CXX compiler identification is GNU 12.3.0
-- Detecting C compiler ABI info
-- Detecting C compiler ABI info - done
-- Check for working C compiler: /usr/bin/cc - skipped
-- Detecting C compile features
-- Detecting C compile features - done
-- Detecting CXX compiler ABI info
-- Detecting CXX compiler ABI info - done
-- Check for working CXX compiler: /usr/bin/c++ - skipped
-- Detecting CXX compile features
-- Detecting CXX compile features - done
-- Found ament_cmake: 1.3.12 (/opt/ros/humble/share/ament_cmake/cmake)
-- Found Python3: /usr/bin/python3 (found version "3.10.12") found components: Interpreter 
-- Configuring done
-- Generating done
[33mCMake Warning:
  Manually-specified variables were not used by the project:

    BUILD_TESTS

[0m
-- Build files have been written to: /home/dharmik.p45/Dharmik/berry_ws/build/franka_ros2
-- Install configuration: "Release"
-- Installing: /home/dharmik.p45/Dharmik/berry_ws/install/franka_ros2/share/ament_index/resource_index/package_run_dependencies/franka_ros2
-- Installing: /home/dharmik.p45/Dharmik/berry_ws/install/franka_ros2/share/ament_index/resource_index/parent_prefix_path/franka_ros2
-- Installing: /home/dharmik.p45/Dharmik/berry_ws/install/franka_ros2/share/franka_ros2/environment/ament_prefix_path.sh
-- Installing: /home/dharmik.p45/Dharmik/berry_ws/install/franka_ros2/share/franka_ros2/environment/ament_prefix_path.dsv
-- Installing: /home/dharmik.p45/Dharmik/berry_ws/install/franka_ros2/share/franka_ros2/environment/path.sh
-- Installing: /home/dharmik.p45/Dharmik/berry_ws/install/franka_ros2/share/franka_ros2/environment/path.dsv
-- Installing: /home/dharmik.p45/Dharmik/berry_ws/install/franka_ros2/share/franka_ros2/local_setup.bash
-- Installing: /home/dharmik.p45/Dharmik/berry_ws/install/franka_ros2/share/franka_ros2/local_setup.sh
-- Installing: /home/dharmik.p45/Dharmik/berry_ws/install/franka_ros2/share/franka_ros2/local_setup.zsh
-- Installing: /home/dharmik.p45/Dharmik/berry_ws/install/franka_ros2/share/franka_ros2/local_setup.dsv
-- Installing: /home/dharmik.p45/Dharmik/berry_ws/install/franka_ros2/share/franka_ros2/package.dsv
-- Installing: /home/dharmik.p45/Dharmik/berry_ws/install/franka_ros2/share/ament_index/resource_index/packages/franka_ros2
-- Installing: /home/dharmik.p45/Dharmik/berry_ws/install/franka_ros2/share/franka_ros2/cmake/franka_ros2Config.cmake
-- Installing: /home/dharmik.p45/Dharmik/berry_ws/install/franka_ros2/share/franka_ros2/cmake/franka_ros2Config-version.cmake
-- Installing: /home/dharmik.p45/Dharmik/berry_ws/install/franka_ros2/share/franka_ros2/package.xml
