[0.019s] Invoking command in '/home/dharmik.p45/Dharmik/berry_ws/build/franka_bringup': AMENT_PREFIX_PATH=/home/dharmik.p45/Dharmik/berry_ws/install/franka_robot_state_broadcaster:/home/dharmik.p45/Dharmik/berry_ws/install/franka_semantic_components:/home/dharmik.p45/Dharmik/berry_ws/install/franka_hardware:/home/dharmik.p45/Dharmik/berry_ws/install/franka_msgs:/home/dharmik.p45/Dharmik/berry_ws/install/franka_description:${AMENT_PREFIX_PATH} CMAKE_PREFIX_PATH=/home/dharmik.p45/Dharmik/berry_ws/install/franka_robot_state_broadcaster:/home/dharmik.p45/Dharmik/berry_ws/install/franka_semantic_components:/home/dharmik.p45/Dharmik/berry_ws/install/franka_hardware:/home/dharmik.p45/Dharmik/berry_ws/install/libfranka:/home/dharmik.p45/Dharmik/berry_ws/install/franka_msgs:/home/dharmik.p45/Dharmik/berry_ws/install/franka_description:/opt/ros/humble LD_LIBRARY_PATH=/home/dharmik.p45/Dharmik/berry_ws/install/franka_robot_state_broadcaster/lib:/home/dharmik.p45/Dharmik/berry_ws/install/franka_semantic_components/lib:/home/dharmik.p45/Dharmik/berry_ws/install/franka_hardware/lib:/home/dharmik.p45/Dharmik/berry_ws/install/libfranka/lib:/home/dharmik.p45/Dharmik/berry_ws/install/franka_msgs/lib:${LD_LIBRARY_PATH} PATH=/home/dharmik.p45/Dharmik/berry_ws/install/libfranka/bin:${PATH} PKG_CONFIG_PATH=/home/dharmik.p45/Dharmik/berry_ws/install/libfranka/lib/x86_64-linux-gnu/pkgconfig:/home/dharmik.p45/Dharmik/berry_ws/install/libfranka/lib/pkgconfig PYTHONPATH=/home/dharmik.p45/Dharmik/berry_ws/install/franka_msgs/local/lib/python3.10/dist-packages:${PYTHONPATH} /usr/bin/cmake /home/dharmik.p45/Dharmik/berry_ws/src/franka_ros2/franka_bringup -DCMAKE_BUILD_TYPE=Release -DBUILD_TESTING=OFF -DBUILD_TESTS=OFF -DCMAKE_INSTALL_PREFIX=/home/dharmik.p45/Dharmik/berry_ws/install/franka_bringup
[0.084s] -- The C compiler identification is GNU 12.3.0
[0.137s] -- The CXX compiler identification is GNU 12.3.0
[0.144s] -- Detecting C compiler ABI info
[0.219s] -- Detecting C compiler ABI info - done
[0.227s] -- Check for working C compiler: /usr/bin/cc - skipped
[0.227s] -- Detecting C compile features
[0.227s] -- Detecting C compile features - done
[0.229s] -- Detecting CXX compiler ABI info
[0.309s] -- Detecting CXX compiler ABI info - done
[0.318s] -- Check for working CXX compiler: /usr/bin/c++ - skipped
[0.318s] -- Detecting CXX compile features
[0.318s] -- Detecting CXX compile features - done
[0.322s] -- Found ament_cmake: 1.3.12 (/opt/ros/humble/share/ament_cmake/cmake)
[0.458s] -- Found Python3: /usr/bin/python3 (found version "3.10.12") found components: Interpreter 
[0.574s] -- Configuring done
[0.576s] -- Generating done
[0.576s] [33mCMake Warning:
[0.576s]   Manually-specified variables were not used by the project:
[0.576s] 
[0.576s]     BUILD_TESTS
[0.576s] 
[0.576s] [0m
[0.577s] -- Build files have been written to: /home/dharmik.p45/Dharmik/berry_ws/build/franka_bringup
[0.581s] Invoked command in '/home/dharmik.p45/Dharmik/berry_ws/build/franka_bringup' returned '0': AMENT_PREFIX_PATH=/home/dharmik.p45/Dharmik/berry_ws/install/franka_robot_state_broadcaster:/home/dharmik.p45/Dharmik/berry_ws/install/franka_semantic_components:/home/dharmik.p45/Dharmik/berry_ws/install/franka_hardware:/home/dharmik.p45/Dharmik/berry_ws/install/franka_msgs:/home/dharmik.p45/Dharmik/berry_ws/install/franka_description:${AMENT_PREFIX_PATH} CMAKE_PREFIX_PATH=/home/dharmik.p45/Dharmik/berry_ws/install/franka_robot_state_broadcaster:/home/dharmik.p45/Dharmik/berry_ws/install/franka_semantic_components:/home/dharmik.p45/Dharmik/berry_ws/install/franka_hardware:/home/dharmik.p45/Dharmik/berry_ws/install/libfranka:/home/dharmik.p45/Dharmik/berry_ws/install/franka_msgs:/home/dharmik.p45/Dharmik/berry_ws/install/franka_description:/opt/ros/humble LD_LIBRARY_PATH=/home/dharmik.p45/Dharmik/berry_ws/install/franka_robot_state_broadcaster/lib:/home/dharmik.p45/Dharmik/berry_ws/install/franka_semantic_components/lib:/home/dharmik.p45/Dharmik/berry_ws/install/franka_hardware/lib:/home/dharmik.p45/Dharmik/berry_ws/install/libfranka/lib:/home/dharmik.p45/Dharmik/berry_ws/install/franka_msgs/lib:${LD_LIBRARY_PATH} PATH=/home/dharmik.p45/Dharmik/berry_ws/install/libfranka/bin:${PATH} PKG_CONFIG_PATH=/home/dharmik.p45/Dharmik/berry_ws/install/libfranka/lib/x86_64-linux-gnu/pkgconfig:/home/dharmik.p45/Dharmik/berry_ws/install/libfranka/lib/pkgconfig PYTHONPATH=/home/dharmik.p45/Dharmik/berry_ws/install/franka_msgs/local/lib/python3.10/dist-packages:${PYTHONPATH} /usr/bin/cmake /home/dharmik.p45/Dharmik/berry_ws/src/franka_ros2/franka_bringup -DCMAKE_BUILD_TYPE=Release -DBUILD_TESTING=OFF -DBUILD_TESTS=OFF -DCMAKE_INSTALL_PREFIX=/home/dharmik.p45/Dharmik/berry_ws/install/franka_bringup
[0.582s] Invoking command in '/home/dharmik.p45/Dharmik/berry_ws/build/franka_bringup': AMENT_PREFIX_PATH=/home/dharmik.p45/Dharmik/berry_ws/install/franka_robot_state_broadcaster:/home/dharmik.p45/Dharmik/berry_ws/install/franka_semantic_components:/home/dharmik.p45/Dharmik/berry_ws/install/franka_hardware:/home/dharmik.p45/Dharmik/berry_ws/install/franka_msgs:/home/dharmik.p45/Dharmik/berry_ws/install/franka_description:${AMENT_PREFIX_PATH} CMAKE_PREFIX_PATH=/home/dharmik.p45/Dharmik/berry_ws/install/franka_robot_state_broadcaster:/home/dharmik.p45/Dharmik/berry_ws/install/franka_semantic_components:/home/dharmik.p45/Dharmik/berry_ws/install/franka_hardware:/home/dharmik.p45/Dharmik/berry_ws/install/libfranka:/home/dharmik.p45/Dharmik/berry_ws/install/franka_msgs:/home/dharmik.p45/Dharmik/berry_ws/install/franka_description:/opt/ros/humble LD_LIBRARY_PATH=/home/dharmik.p45/Dharmik/berry_ws/install/franka_robot_state_broadcaster/lib:/home/dharmik.p45/Dharmik/berry_ws/install/franka_semantic_components/lib:/home/dharmik.p45/Dharmik/berry_ws/install/franka_hardware/lib:/home/dharmik.p45/Dharmik/berry_ws/install/libfranka/lib:/home/dharmik.p45/Dharmik/berry_ws/install/franka_msgs/lib:${LD_LIBRARY_PATH} PATH=/home/dharmik.p45/Dharmik/berry_ws/install/libfranka/bin:${PATH} PKG_CONFIG_PATH=/home/dharmik.p45/Dharmik/berry_ws/install/libfranka/lib/x86_64-linux-gnu/pkgconfig:/home/dharmik.p45/Dharmik/berry_ws/install/libfranka/lib/pkgconfig PYTHONPATH=/home/dharmik.p45/Dharmik/berry_ws/install/franka_msgs/local/lib/python3.10/dist-packages:${PYTHONPATH} /usr/bin/cmake --build /home/dharmik.p45/Dharmik/berry_ws/build/franka_bringup -- -j16 -l16
[0.621s] Invoked command in '/home/dharmik.p45/Dharmik/berry_ws/build/franka_bringup' returned '0': AMENT_PREFIX_PATH=/home/dharmik.p45/Dharmik/berry_ws/install/franka_robot_state_broadcaster:/home/dharmik.p45/Dharmik/berry_ws/install/franka_semantic_components:/home/dharmik.p45/Dharmik/berry_ws/install/franka_hardware:/home/dharmik.p45/Dharmik/berry_ws/install/franka_msgs:/home/dharmik.p45/Dharmik/berry_ws/install/franka_description:${AMENT_PREFIX_PATH} CMAKE_PREFIX_PATH=/home/dharmik.p45/Dharmik/berry_ws/install/franka_robot_state_broadcaster:/home/dharmik.p45/Dharmik/berry_ws/install/franka_semantic_components:/home/dharmik.p45/Dharmik/berry_ws/install/franka_hardware:/home/dharmik.p45/Dharmik/berry_ws/install/libfranka:/home/dharmik.p45/Dharmik/berry_ws/install/franka_msgs:/home/dharmik.p45/Dharmik/berry_ws/install/franka_description:/opt/ros/humble LD_LIBRARY_PATH=/home/dharmik.p45/Dharmik/berry_ws/install/franka_robot_state_broadcaster/lib:/home/dharmik.p45/Dharmik/berry_ws/install/franka_semantic_components/lib:/home/dharmik.p45/Dharmik/berry_ws/install/franka_hardware/lib:/home/dharmik.p45/Dharmik/berry_ws/install/libfranka/lib:/home/dharmik.p45/Dharmik/berry_ws/install/franka_msgs/lib:${LD_LIBRARY_PATH} PATH=/home/dharmik.p45/Dharmik/berry_ws/install/libfranka/bin:${PATH} PKG_CONFIG_PATH=/home/dharmik.p45/Dharmik/berry_ws/install/libfranka/lib/x86_64-linux-gnu/pkgconfig:/home/dharmik.p45/Dharmik/berry_ws/install/libfranka/lib/pkgconfig PYTHONPATH=/home/dharmik.p45/Dharmik/berry_ws/install/franka_msgs/local/lib/python3.10/dist-packages:${PYTHONPATH} /usr/bin/cmake --build /home/dharmik.p45/Dharmik/berry_ws/build/franka_bringup -- -j16 -l16
[0.623s] Invoking command in '/home/dharmik.p45/Dharmik/berry_ws/build/franka_bringup': AMENT_PREFIX_PATH=/home/dharmik.p45/Dharmik/berry_ws/install/franka_robot_state_broadcaster:/home/dharmik.p45/Dharmik/berry_ws/install/franka_semantic_components:/home/dharmik.p45/Dharmik/berry_ws/install/franka_hardware:/home/dharmik.p45/Dharmik/berry_ws/install/franka_msgs:/home/dharmik.p45/Dharmik/berry_ws/install/franka_description:${AMENT_PREFIX_PATH} CMAKE_PREFIX_PATH=/home/dharmik.p45/Dharmik/berry_ws/install/franka_robot_state_broadcaster:/home/dharmik.p45/Dharmik/berry_ws/install/franka_semantic_components:/home/dharmik.p45/Dharmik/berry_ws/install/franka_hardware:/home/dharmik.p45/Dharmik/berry_ws/install/libfranka:/home/dharmik.p45/Dharmik/berry_ws/install/franka_msgs:/home/dharmik.p45/Dharmik/berry_ws/install/franka_description:/opt/ros/humble LD_LIBRARY_PATH=/home/dharmik.p45/Dharmik/berry_ws/install/franka_robot_state_broadcaster/lib:/home/dharmik.p45/Dharmik/berry_ws/install/franka_semantic_components/lib:/home/dharmik.p45/Dharmik/berry_ws/install/franka_hardware/lib:/home/dharmik.p45/Dharmik/berry_ws/install/libfranka/lib:/home/dharmik.p45/Dharmik/berry_ws/install/franka_msgs/lib:${LD_LIBRARY_PATH} PATH=/home/dharmik.p45/Dharmik/berry_ws/install/libfranka/bin:${PATH} PKG_CONFIG_PATH=/home/dharmik.p45/Dharmik/berry_ws/install/libfranka/lib/x86_64-linux-gnu/pkgconfig:/home/dharmik.p45/Dharmik/berry_ws/install/libfranka/lib/pkgconfig PYTHONPATH=/home/dharmik.p45/Dharmik/berry_ws/install/franka_msgs/local/lib/python3.10/dist-packages:${PYTHONPATH} /usr/bin/cmake --install /home/dharmik.p45/Dharmik/berry_ws/build/franka_bringup
[0.631s] -- Install configuration: "Release"
[0.631s] -- Installing: /home/dharmik.p45/Dharmik/berry_ws/install/franka_bringup/share/franka_bringup/config
[0.632s] -- Installing: /home/dharmik.p45/Dharmik/berry_ws/install/franka_bringup/share/franka_bringup/config/franka.config.yaml
[0.632s] -- Installing: /home/dharmik.p45/Dharmik/berry_ws/install/franka_bringup/share/franka_bringup/config/xbox.config.yaml
[0.632s] -- Installing: /home/dharmik.p45/Dharmik/berry_ws/install/franka_bringup/share/franka_bringup/config/controllers.yaml
[0.632s] -- Installing: /home/dharmik.p45/Dharmik/berry_ws/install/franka_bringup/share/franka_bringup/launch
[0.632s] -- Installing: /home/dharmik.p45/Dharmik/berry_ws/install/franka_bringup/share/franka_bringup/launch/franka.launch.py
[0.632s] -- Installing: /home/dharmik.p45/Dharmik/berry_ws/install/franka_bringup/share/franka_bringup/launch/example.launch.py
[0.632s] -- Installing: /home/dharmik.p45/Dharmik/berry_ws/install/franka_bringup/share/franka_bringup/launch/joint_impedance_with_ik_example_controller.launch.py
[0.632s] -- Installing: /home/dharmik.p45/Dharmik/berry_ws/install/franka_bringup/share/franka_bringup/launch/mobile_teleop.launch.py
[0.632s] -- Installing: /home/dharmik.p45/Dharmik/berry_ws/install/franka_bringup/lib/franka_bringup/utils
[0.632s] -- Installing: /home/dharmik.p45/Dharmik/berry_ws/install/franka_bringup/lib/franka_bringup/utils/launch_utils.py
[0.632s] -- Installing: /home/dharmik.p45/Dharmik/berry_ws/install/franka_bringup/lib/franka_bringup/utils/__init__.py
[0.633s] -- Installing: /home/dharmik.p45/Dharmik/berry_ws/install/franka_bringup/share/ament_index/resource_index/package_run_dependencies/franka_bringup
[0.633s] -- Installing: /home/dharmik.p45/Dharmik/berry_ws/install/franka_bringup/share/ament_index/resource_index/parent_prefix_path/franka_bringup
[0.633s] -- Installing: /home/dharmik.p45/Dharmik/berry_ws/install/franka_bringup/share/franka_bringup/environment/ament_prefix_path.sh
[0.633s] -- Installing: /home/dharmik.p45/Dharmik/berry_ws/install/franka_bringup/share/franka_bringup/environment/ament_prefix_path.dsv
[0.633s] -- Installing: /home/dharmik.p45/Dharmik/berry_ws/install/franka_bringup/share/franka_bringup/environment/path.sh
[0.633s] -- Installing: /home/dharmik.p45/Dharmik/berry_ws/install/franka_bringup/share/franka_bringup/environment/path.dsv
[0.633s] -- Installing: /home/dharmik.p45/Dharmik/berry_ws/install/franka_bringup/share/franka_bringup/local_setup.bash
[0.633s] -- Installing: /home/dharmik.p45/Dharmik/berry_ws/install/franka_bringup/share/franka_bringup/local_setup.sh
[0.633s] -- Installing: /home/dharmik.p45/Dharmik/berry_ws/install/franka_bringup/share/franka_bringup/local_setup.zsh
[0.633s] -- Installing: /home/dharmik.p45/Dharmik/berry_ws/install/franka_bringup/share/franka_bringup/local_setup.dsv
[0.634s] -- Installing: /home/dharmik.p45/Dharmik/berry_ws/install/franka_bringup/share/franka_bringup/package.dsv
[0.634s] -- Installing: /home/dharmik.p45/Dharmik/berry_ws/install/franka_bringup/share/ament_index/resource_index/packages/franka_bringup
[0.634s] -- Installing: /home/dharmik.p45/Dharmik/berry_ws/install/franka_bringup/share/franka_bringup/cmake/franka_bringupConfig.cmake
[0.634s] -- Installing: /home/dharmik.p45/Dharmik/berry_ws/install/franka_bringup/share/franka_bringup/cmake/franka_bringupConfig-version.cmake
[0.634s] -- Installing: /home/dharmik.p45/Dharmik/berry_ws/install/franka_bringup/share/franka_bringup/package.xml
[0.636s] Invoked command in '/home/dharmik.p45/Dharmik/berry_ws/build/franka_bringup' returned '0': AMENT_PREFIX_PATH=/home/dharmik.p45/Dharmik/berry_ws/install/franka_robot_state_broadcaster:/home/dharmik.p45/Dharmik/berry_ws/install/franka_semantic_components:/home/dharmik.p45/Dharmik/berry_ws/install/franka_hardware:/home/dharmik.p45/Dharmik/berry_ws/install/franka_msgs:/home/dharmik.p45/Dharmik/berry_ws/install/franka_description:${AMENT_PREFIX_PATH} CMAKE_PREFIX_PATH=/home/dharmik.p45/Dharmik/berry_ws/install/franka_robot_state_broadcaster:/home/dharmik.p45/Dharmik/berry_ws/install/franka_semantic_components:/home/dharmik.p45/Dharmik/berry_ws/install/franka_hardware:/home/dharmik.p45/Dharmik/berry_ws/install/libfranka:/home/dharmik.p45/Dharmik/berry_ws/install/franka_msgs:/home/dharmik.p45/Dharmik/berry_ws/install/franka_description:/opt/ros/humble LD_LIBRARY_PATH=/home/dharmik.p45/Dharmik/berry_ws/install/franka_robot_state_broadcaster/lib:/home/dharmik.p45/Dharmik/berry_ws/install/franka_semantic_components/lib:/home/dharmik.p45/Dharmik/berry_ws/install/franka_hardware/lib:/home/dharmik.p45/Dharmik/berry_ws/install/libfranka/lib:/home/dharmik.p45/Dharmik/berry_ws/install/franka_msgs/lib:${LD_LIBRARY_PATH} PATH=/home/dharmik.p45/Dharmik/berry_ws/install/libfranka/bin:${PATH} PKG_CONFIG_PATH=/home/dharmik.p45/Dharmik/berry_ws/install/libfranka/lib/x86_64-linux-gnu/pkgconfig:/home/dharmik.p45/Dharmik/berry_ws/install/libfranka/lib/pkgconfig PYTHONPATH=/home/dharmik.p45/Dharmik/berry_ws/install/franka_msgs/local/lib/python3.10/dist-packages:${PYTHONPATH} /usr/bin/cmake --install /home/dharmik.p45/Dharmik/berry_ws/build/franka_bringup
