[0.011s] Invoking command in '/home/dharmik.p45/Dharmik/berry_ws/build/franka_semantic_components': AMENT_PREFIX_PATH=/home/dharmik.p45/Dharmik/berry_ws/install/franka_hardware:/home/dharmik.p45/Dharmik/berry_ws/install/franka_msgs:${AMENT_PREFIX_PATH} CMAKE_PREFIX_PATH=/home/dharmik.p45/Dharmik/berry_ws/install/franka_hardware:/home/dharmik.p45/Dharmik/berry_ws/install/libfranka:/home/dharmik.p45/Dharmik/berry_ws/install/franka_msgs:/opt/ros/humble LD_LIBRARY_PATH=/home/dharmik.p45/Dharmik/berry_ws/install/franka_hardware/lib:/home/dharmik.p45/Dharmik/berry_ws/install/libfranka/lib:/home/dharmik.p45/Dharmik/berry_ws/install/franka_msgs/lib:${LD_LIBRARY_PATH} PATH=/home/dharmik.p45/Dharmik/berry_ws/install/libfranka/bin:${PATH} PKG_CONFIG_PATH=/home/dharmik.p45/Dharmik/berry_ws/install/libfranka/lib/x86_64-linux-gnu/pkgconfig:/home/dharmik.p45/Dharmik/berry_ws/install/libfranka/lib/pkgconfig PYTHONPATH=/home/dharmik.p45/Dharmik/berry_ws/install/franka_msgs/local/lib/python3.10/dist-packages:${PYTHONPATH} /usr/bin/cmake /home/dharmik.p45/Dharmik/berry_ws/src/franka_ros2/franka_semantic_components -DCMAKE_BUILD_TYPE=Release -DBUILD_TESTING=OFF -DBUILD_TESTS=OFF -DCMAKE_INSTALL_PREFIX=/home/dharmik.p45/Dharmik/berry_ws/install/franka_semantic_components
[0.057s] -- The C compiler identification is GNU 12.3.0
[0.097s] -- The CXX compiler identification is GNU 12.3.0
[0.103s] -- Detecting C compiler ABI info
[0.159s] -- Detecting C compiler ABI info - done
[0.165s] -- Check for working C compiler: /usr/bin/cc - skipped
[0.165s] -- Detecting C compile features
[0.165s] -- Detecting C compile features - done
[0.167s] -- Detecting CXX compiler ABI info
[0.239s] -- Detecting CXX compiler ABI info - done
[0.246s] -- Check for working CXX compiler: /usr/bin/c++ - skipped
[0.247s] -- Detecting CXX compile features
[0.247s] -- Detecting CXX compile features - done
[0.248s] -- Found ament_cmake: 1.3.12 (/opt/ros/humble/share/ament_cmake/cmake)
[0.377s] -- Found Python3: /usr/bin/python3 (found version "3.10.12") found components: Interpreter 
[0.438s] -- Looking for pthread.h
[0.500s] -- Looking for pthread.h - found
[0.500s] -- Performing Test CMAKE_HAVE_LIBC_PTHREAD
[0.561s] -- Performing Test CMAKE_HAVE_LIBC_PTHREAD - Success
[0.562s] -- Found Threads: TRUE  
[0.566s] -- Found franka_hardware: 2.2.0 (/home/dharmik.p45/Dharmik/berry_ws/install/franka_hardware/share/franka_hardware/cmake)
[0.593s] -- Found rosidl_generator_c: 3.1.8 (/opt/ros/humble/share/rosidl_generator_c/cmake)
[0.597s] -- Found rosidl_adapter: 3.1.8 (/opt/ros/humble/share/rosidl_adapter/cmake)
[0.602s] -- Found rosidl_generator_cpp: 3.1.8 (/opt/ros/humble/share/rosidl_generator_cpp/cmake)
[0.609s] -- Using all available rosidl_typesupport_c: rosidl_typesupport_fastrtps_c;rosidl_typesupport_introspection_c
[0.619s] -- Using all available rosidl_typesupport_cpp: rosidl_typesupport_fastrtps_cpp;rosidl_typesupport_introspection_cpp
[0.738s] -- Found rmw_implementation_cmake: 6.1.2 (/opt/ros/humble/share/rmw_implementation_cmake/cmake)
[0.740s] -- Found rmw_fastrtps_cpp: 6.2.9 (/opt/ros/humble/share/rmw_fastrtps_cpp/cmake)
[0.755s] -- Found TinyXML2 via Config file: TinyXML2_DIR-NOTFOUND
[0.799s] -- Found OpenSSL: /usr/lib/x86_64-linux-gnu/libcrypto.so (found version "3.0.2")  
[0.801s] -- Found TinyXML2 via Config file: TinyXML2_DIR-NOTFOUND
[0.811s] -- Found FastRTPS: /opt/ros/humble/include  
[0.814s] -- Found TinyXML2 via Config file: TinyXML2_DIR-NOTFOUND
[0.821s] -- Found TinyXML2 via Config file: TinyXML2_DIR-NOTFOUND
[0.831s] -- Using RMW implementation 'rmw_fastrtps_cpp' as default
[0.861s] -- Found franka_msgs: 2.2.0 (/home/dharmik.p45/Dharmik/berry_ws/install/franka_msgs/share/franka_msgs/cmake)
[0.875s] -- Found controller_interface: 2.53.0 (/opt/ros/humble/share/controller_interface/cmake)
[0.878s] -- Found urdf: 2.6.1 (/opt/ros/humble/share/urdf/cmake)
[0.936s] -- Configuring done
[0.948s] -- Generating done
[0.949s] [33mCMake Warning:
[0.949s]   Manually-specified variables were not used by the project:
[0.949s] 
[0.949s]     BUILD_TESTS
[0.949s] 
[0.949s] [0m
[0.951s] -- Build files have been written to: /home/dharmik.p45/Dharmik/berry_ws/build/franka_semantic_components
[0.959s] Invoked command in '/home/dharmik.p45/Dharmik/berry_ws/build/franka_semantic_components' returned '0': AMENT_PREFIX_PATH=/home/dharmik.p45/Dharmik/berry_ws/install/franka_hardware:/home/dharmik.p45/Dharmik/berry_ws/install/franka_msgs:${AMENT_PREFIX_PATH} CMAKE_PREFIX_PATH=/home/dharmik.p45/Dharmik/berry_ws/install/franka_hardware:/home/dharmik.p45/Dharmik/berry_ws/install/libfranka:/home/dharmik.p45/Dharmik/berry_ws/install/franka_msgs:/opt/ros/humble LD_LIBRARY_PATH=/home/dharmik.p45/Dharmik/berry_ws/install/franka_hardware/lib:/home/dharmik.p45/Dharmik/berry_ws/install/libfranka/lib:/home/dharmik.p45/Dharmik/berry_ws/install/franka_msgs/lib:${LD_LIBRARY_PATH} PATH=/home/dharmik.p45/Dharmik/berry_ws/install/libfranka/bin:${PATH} PKG_CONFIG_PATH=/home/dharmik.p45/Dharmik/berry_ws/install/libfranka/lib/x86_64-linux-gnu/pkgconfig:/home/dharmik.p45/Dharmik/berry_ws/install/libfranka/lib/pkgconfig PYTHONPATH=/home/dharmik.p45/Dharmik/berry_ws/install/franka_msgs/local/lib/python3.10/dist-packages:${PYTHONPATH} /usr/bin/cmake /home/dharmik.p45/Dharmik/berry_ws/src/franka_ros2/franka_semantic_components -DCMAKE_BUILD_TYPE=Release -DBUILD_TESTING=OFF -DBUILD_TESTS=OFF -DCMAKE_INSTALL_PREFIX=/home/dharmik.p45/Dharmik/berry_ws/install/franka_semantic_components
[0.960s] Invoking command in '/home/dharmik.p45/Dharmik/berry_ws/build/franka_semantic_components': AMENT_PREFIX_PATH=/home/dharmik.p45/Dharmik/berry_ws/install/franka_hardware:/home/dharmik.p45/Dharmik/berry_ws/install/franka_msgs:${AMENT_PREFIX_PATH} CMAKE_PREFIX_PATH=/home/dharmik.p45/Dharmik/berry_ws/install/franka_hardware:/home/dharmik.p45/Dharmik/berry_ws/install/libfranka:/home/dharmik.p45/Dharmik/berry_ws/install/franka_msgs:/opt/ros/humble LD_LIBRARY_PATH=/home/dharmik.p45/Dharmik/berry_ws/install/franka_hardware/lib:/home/dharmik.p45/Dharmik/berry_ws/install/libfranka/lib:/home/dharmik.p45/Dharmik/berry_ws/install/franka_msgs/lib:${LD_LIBRARY_PATH} PATH=/home/dharmik.p45/Dharmik/berry_ws/install/libfranka/bin:${PATH} PKG_CONFIG_PATH=/home/dharmik.p45/Dharmik/berry_ws/install/libfranka/lib/x86_64-linux-gnu/pkgconfig:/home/dharmik.p45/Dharmik/berry_ws/install/libfranka/lib/pkgconfig PYTHONPATH=/home/dharmik.p45/Dharmik/berry_ws/install/franka_msgs/local/lib/python3.10/dist-packages:${PYTHONPATH} /usr/bin/cmake --build /home/dharmik.p45/Dharmik/berry_ws/build/franka_semantic_components -- -j16 -l16
[1.006s] [ 14%] [32mBuilding CXX object CMakeFiles/franka_semantic_components.dir/src/franka_robot_state.cpp.o[0m
[1.006s] [ 57%] [32mBuilding CXX object CMakeFiles/franka_semantic_components.dir/src/franka_cartesian_pose_interface.cpp.o[0m
[1.006s] [ 57%] [32mBuilding CXX object CMakeFiles/franka_semantic_components.dir/src/franka_robot_model.cpp.o[0m
[1.006s] [ 57%] [32mBuilding CXX object CMakeFiles/franka_semantic_components.dir/src/franka_cartesian_velocity_interface.cpp.o[0m
[1.010s] [ 85%] [32mBuilding CXX object CMakeFiles/franka_semantic_components.dir/src/translation_utils.cpp.o[0m
[1.010s] [ 85%] [32mBuilding CXX object CMakeFiles/franka_semantic_components.dir/src/franka_semantic_component_interface.cpp.o[0m
[1.904s] In file included from [01m[K/home/dharmik.p45/Dharmik/berry_ws/src/franka_ros2/franka_semantic_components/include/franka_semantic_components/franka_robot_model.hpp:23[m[K,
[1.904s]                  from [01m[K/home/dharmik.p45/Dharmik/berry_ws/src/franka_ros2/franka_semantic_components/src/franka_robot_model.cpp:15[m[K:
[1.904s] [01m[K/home/dharmik.p45/Dharmik/berry_ws/install/franka_hardware/include/franka_hardware/model.hpp:[m[K In member function ‘[01m[Kstd::array<double, 7> franka_hardware::Model::coriolis(const std::array<double, 7>&, const std::array<double, 7>&, const std::array<double, 9>&, double, const std::array<double, 3>&) const[m[K’:
[1.904s] [01m[K/home/dharmik.p45/Dharmik/berry_ws/install/franka_hardware/include/franka_hardware/model.hpp:141:28:[m[K [01;35m[Kwarning: [m[K‘[01m[Kstd::array<double, 7> franka::Model::coriolis(const std::array<double, 7>&, const std::array<double, 7>&, const std::array<double, 9>&, double, const std::array<double, 3>&) const[m[K’ is deprecated: Use coriolis(q, dq, i_total, m_total, f_x_ctotal, g_earth) instead [[01;35m[K]8;;https://gcc.gnu.org/onlinedocs/gcc/Warning-Options.html#index-Wdeprecated-declarations-Wdeprecated-declarations]8;;[m[K]
[1.905s]   141 |     return [01;35m[Kmodel_->coriolis(q, dq, I_total, m_total, F_x_Ctotal)[m[K;
[1.905s]       |            [01;35m[K~~~~~~~~~~~~~~~~^~~~~~~~~~~~~~~~~~~~~~~~~~~~~~~~~~~~~[m[K
[1.905s] In file included from [01m[K/home/dharmik.p45/Dharmik/berry_ws/install/franka_hardware/include/franka_hardware/model.hpp:19[m[K:
[1.905s] [01m[K/home/dharmik.p45/Dharmik/berry_ws/install/libfranka/include/franka/model.h:247:3:[m[K [01;36m[Knote: [m[Kdeclared here
[1.905s]   247 |   [01;36m[Kcoriolis[m[K(const std::array<double, 7>& q,        // NOLINT(readability-identifier-length)
[1.905s]       |   [01;36m[K^~~~~~~~[m[K
[2.706s] [100%] [32m[1mLinking CXX shared library libfranka_semantic_components.so[0m
[2.838s] [100%] Built target franka_semantic_components
[2.850s] Invoked command in '/home/dharmik.p45/Dharmik/berry_ws/build/franka_semantic_components' returned '0': AMENT_PREFIX_PATH=/home/dharmik.p45/Dharmik/berry_ws/install/franka_hardware:/home/dharmik.p45/Dharmik/berry_ws/install/franka_msgs:${AMENT_PREFIX_PATH} CMAKE_PREFIX_PATH=/home/dharmik.p45/Dharmik/berry_ws/install/franka_hardware:/home/dharmik.p45/Dharmik/berry_ws/install/libfranka:/home/dharmik.p45/Dharmik/berry_ws/install/franka_msgs:/opt/ros/humble LD_LIBRARY_PATH=/home/dharmik.p45/Dharmik/berry_ws/install/franka_hardware/lib:/home/dharmik.p45/Dharmik/berry_ws/install/libfranka/lib:/home/dharmik.p45/Dharmik/berry_ws/install/franka_msgs/lib:${LD_LIBRARY_PATH} PATH=/home/dharmik.p45/Dharmik/berry_ws/install/libfranka/bin:${PATH} PKG_CONFIG_PATH=/home/dharmik.p45/Dharmik/berry_ws/install/libfranka/lib/x86_64-linux-gnu/pkgconfig:/home/dharmik.p45/Dharmik/berry_ws/install/libfranka/lib/pkgconfig PYTHONPATH=/home/dharmik.p45/Dharmik/berry_ws/install/franka_msgs/local/lib/python3.10/dist-packages:${PYTHONPATH} /usr/bin/cmake --build /home/dharmik.p45/Dharmik/berry_ws/build/franka_semantic_components -- -j16 -l16
[2.852s] Invoking command in '/home/dharmik.p45/Dharmik/berry_ws/build/franka_semantic_components': AMENT_PREFIX_PATH=/home/dharmik.p45/Dharmik/berry_ws/install/franka_hardware:/home/dharmik.p45/Dharmik/berry_ws/install/franka_msgs:${AMENT_PREFIX_PATH} CMAKE_PREFIX_PATH=/home/dharmik.p45/Dharmik/berry_ws/install/franka_hardware:/home/dharmik.p45/Dharmik/berry_ws/install/libfranka:/home/dharmik.p45/Dharmik/berry_ws/install/franka_msgs:/opt/ros/humble LD_LIBRARY_PATH=/home/dharmik.p45/Dharmik/berry_ws/install/franka_hardware/lib:/home/dharmik.p45/Dharmik/berry_ws/install/libfranka/lib:/home/dharmik.p45/Dharmik/berry_ws/install/franka_msgs/lib:${LD_LIBRARY_PATH} PATH=/home/dharmik.p45/Dharmik/berry_ws/install/libfranka/bin:${PATH} PKG_CONFIG_PATH=/home/dharmik.p45/Dharmik/berry_ws/install/libfranka/lib/x86_64-linux-gnu/pkgconfig:/home/dharmik.p45/Dharmik/berry_ws/install/libfranka/lib/pkgconfig PYTHONPATH=/home/dharmik.p45/Dharmik/berry_ws/install/franka_msgs/local/lib/python3.10/dist-packages:${PYTHONPATH} /usr/bin/cmake --install /home/dharmik.p45/Dharmik/berry_ws/build/franka_semantic_components
[2.860s] -- Install configuration: "Release"
[2.860s] -- Installing: /home/dharmik.p45/Dharmik/berry_ws/install/franka_semantic_components/lib/libfranka_semantic_components.so
[2.860s] -- Set runtime path of "/home/dharmik.p45/Dharmik/berry_ws/install/franka_semantic_components/lib/libfranka_semantic_components.so" to ""
[2.860s] -- Installing: /home/dharmik.p45/Dharmik/berry_ws/install/franka_semantic_components/include
[2.860s] -- Installing: /home/dharmik.p45/Dharmik/berry_ws/install/franka_semantic_components/include/franka_semantic_components
[2.861s] -- Installing: /home/dharmik.p45/Dharmik/berry_ws/install/franka_semantic_components/include/franka_semantic_components/franka_cartesian_pose_interface.hpp
[2.861s] -- Installing: /home/dharmik.p45/Dharmik/berry_ws/install/franka_semantic_components/include/franka_semantic_components/franka_robot_model.hpp
[2.861s] -- Installing: /home/dharmik.p45/Dharmik/berry_ws/install/franka_semantic_components/include/franka_semantic_components/franka_robot_state.hpp
[2.861s] -- Installing: /home/dharmik.p45/Dharmik/berry_ws/install/franka_semantic_components/include/franka_semantic_components/franka_semantic_component_interface.hpp
[2.861s] -- Installing: /home/dharmik.p45/Dharmik/berry_ws/install/franka_semantic_components/include/franka_semantic_components/franka_cartesian_velocity_interface.hpp
[2.862s] -- Installing: /home/dharmik.p45/Dharmik/berry_ws/install/franka_semantic_components/share/franka_semantic_components/environment/library_path.sh
[2.862s] -- Installing: /home/dharmik.p45/Dharmik/berry_ws/install/franka_semantic_components/share/franka_semantic_components/environment/library_path.dsv
[2.862s] -- Installing: /home/dharmik.p45/Dharmik/berry_ws/install/franka_semantic_components/share/ament_index/resource_index/package_run_dependencies/franka_semantic_components
[2.862s] -- Installing: /home/dharmik.p45/Dharmik/berry_ws/install/franka_semantic_components/share/ament_index/resource_index/parent_prefix_path/franka_semantic_components
[2.862s] -- Installing: /home/dharmik.p45/Dharmik/berry_ws/install/franka_semantic_components/share/franka_semantic_components/environment/ament_prefix_path.sh
[2.863s] -- Installing: /home/dharmik.p45/Dharmik/berry_ws/install/franka_semantic_components/share/franka_semantic_components/environment/ament_prefix_path.dsv
[2.863s] -- Installing: /home/dharmik.p45/Dharmik/berry_ws/install/franka_semantic_components/share/franka_semantic_components/environment/path.sh
[2.863s] -- Installing: /home/dharmik.p45/Dharmik/berry_ws/install/franka_semantic_components/share/franka_semantic_components/environment/path.dsv
[2.863s] -- Installing: /home/dharmik.p45/Dharmik/berry_ws/install/franka_semantic_components/share/franka_semantic_components/local_setup.bash
[2.863s] -- Installing: /home/dharmik.p45/Dharmik/berry_ws/install/franka_semantic_components/share/franka_semantic_components/local_setup.sh
[2.864s] -- Installing: /home/dharmik.p45/Dharmik/berry_ws/install/franka_semantic_components/share/franka_semantic_components/local_setup.zsh
[2.864s] -- Installing: /home/dharmik.p45/Dharmik/berry_ws/install/franka_semantic_components/share/franka_semantic_components/local_setup.dsv
[2.864s] -- Installing: /home/dharmik.p45/Dharmik/berry_ws/install/franka_semantic_components/share/franka_semantic_components/package.dsv
[2.864s] -- Installing: /home/dharmik.p45/Dharmik/berry_ws/install/franka_semantic_components/share/ament_index/resource_index/packages/franka_semantic_components
[2.865s] -- Installing: /home/dharmik.p45/Dharmik/berry_ws/install/franka_semantic_components/share/franka_semantic_components/cmake/ament_cmake_export_include_directories-extras.cmake
[2.865s] -- Installing: /home/dharmik.p45/Dharmik/berry_ws/install/franka_semantic_components/share/franka_semantic_components/cmake/ament_cmake_export_libraries-extras.cmake
[2.865s] -- Installing: /home/dharmik.p45/Dharmik/berry_ws/install/franka_semantic_components/share/franka_semantic_components/cmake/ament_cmake_export_dependencies-extras.cmake
[2.865s] -- Installing: /home/dharmik.p45/Dharmik/berry_ws/install/franka_semantic_components/share/franka_semantic_components/cmake/franka_semantic_componentsConfig.cmake
[2.865s] -- Installing: /home/dharmik.p45/Dharmik/berry_ws/install/franka_semantic_components/share/franka_semantic_components/cmake/franka_semantic_componentsConfig-version.cmake
[2.866s] -- Installing: /home/dharmik.p45/Dharmik/berry_ws/install/franka_semantic_components/share/franka_semantic_components/package.xml
[2.868s] Invoked command in '/home/dharmik.p45/Dharmik/berry_ws/build/franka_semantic_components' returned '0': AMENT_PREFIX_PATH=/home/dharmik.p45/Dharmik/berry_ws/install/franka_hardware:/home/dharmik.p45/Dharmik/berry_ws/install/franka_msgs:${AMENT_PREFIX_PATH} CMAKE_PREFIX_PATH=/home/dharmik.p45/Dharmik/berry_ws/install/franka_hardware:/home/dharmik.p45/Dharmik/berry_ws/install/libfranka:/home/dharmik.p45/Dharmik/berry_ws/install/franka_msgs:/opt/ros/humble LD_LIBRARY_PATH=/home/dharmik.p45/Dharmik/berry_ws/install/franka_hardware/lib:/home/dharmik.p45/Dharmik/berry_ws/install/libfranka/lib:/home/dharmik.p45/Dharmik/berry_ws/install/franka_msgs/lib:${LD_LIBRARY_PATH} PATH=/home/dharmik.p45/Dharmik/berry_ws/install/libfranka/bin:${PATH} PKG_CONFIG_PATH=/home/dharmik.p45/Dharmik/berry_ws/install/libfranka/lib/x86_64-linux-gnu/pkgconfig:/home/dharmik.p45/Dharmik/berry_ws/install/libfranka/lib/pkgconfig PYTHONPATH=/home/dharmik.p45/Dharmik/berry_ws/install/franka_msgs/local/lib/python3.10/dist-packages:${PYTHONPATH} /usr/bin/cmake --install /home/dharmik.p45/Dharmik/berry_ws/build/franka_semantic_components
