[0.016s] Invoking command in '/home/dharmik.p45/Dharmik/berry_ws/build/franka_fr3_moveit_config': AMENT_PREFIX_PATH=/home/dharmik.p45/Dharmik/berry_ws/install/franka_hardware:/home/dharmik.p45/Dharmik/berry_ws/install/franka_gripper:/home/dharmik.p45/Dharmik/berry_ws/install/franka_msgs:/home/dharmik.p45/Dharmik/berry_ws/install/franka_description:${AMENT_PREFIX_PATH} CMAKE_PREFIX_PATH=/home/dharmik.p45/Dharmik/berry_ws/install/franka_hardware:/home/dharmik.p45/Dharmik/berry_ws/install/franka_gripper:/home/dharmik.p45/Dharmik/berry_ws/install/libfranka:/home/dharmik.p45/Dharmik/berry_ws/install/franka_msgs:/home/dharmik.p45/Dharmik/berry_ws/install/franka_description:/opt/ros/humble LD_LIBRARY_PATH=/home/dharmik.p45/Dharmik/berry_ws/install/franka_hardware/lib:/home/dharmik.p45/Dharmik/berry_ws/install/franka_gripper/lib:/home/dharmik.p45/Dharmik/berry_ws/install/libfranka/lib:/home/dharmik.p45/Dharmik/berry_ws/install/franka_msgs/lib:${LD_LIBRARY_PATH} PATH=/home/dharmik.p45/Dharmik/berry_ws/install/libfranka/bin:${PATH} PKG_CONFIG_PATH=/home/dharmik.p45/Dharmik/berry_ws/install/libfranka/lib/x86_64-linux-gnu/pkgconfig:/home/dharmik.p45/Dharmik/berry_ws/install/libfranka/lib/pkgconfig PYTHONPATH=/home/dharmik.p45/Dharmik/berry_ws/install/franka_gripper/local/lib/python3.10/dist-packages:/home/dharmik.p45/Dharmik/berry_ws/install/franka_msgs/local/lib/python3.10/dist-packages:${PYTHONPATH} /usr/bin/cmake /home/dharmik.p45/Dharmik/berry_ws/src/franka_ros2/franka_fr3_moveit_config -DCMAKE_BUILD_TYPE=Release -DBUILD_TESTING=OFF -DBUILD_TESTS=OFF -DCMAKE_INSTALL_PREFIX=/home/dharmik.p45/Dharmik/berry_ws/install/franka_fr3_moveit_config
[0.065s] -- The C compiler identification is GNU 12.3.0
[0.120s] -- The CXX compiler identification is GNU 12.3.0
[0.125s] -- Detecting C compiler ABI info
[0.183s] -- Detecting C compiler ABI info - done
[0.191s] -- Check for working C compiler: /usr/bin/cc - skipped
[0.192s] -- Detecting C compile features
[0.192s] -- Detecting C compile features - done
[0.196s] -- Detecting CXX compiler ABI info
[0.264s] -- Detecting CXX compiler ABI info - done
[0.269s] -- Check for working CXX compiler: /usr/bin/c++ - skipped
[0.269s] -- Detecting CXX compile features
[0.269s] -- Detecting CXX compile features - done
[0.271s] -- Found ament_cmake: 1.3.12 (/opt/ros/humble/share/ament_cmake/cmake)
[0.375s] -- Found Python3: /usr/bin/python3 (found version "3.10.12") found components: Interpreter 
[0.472s] -- Configuring done
[0.473s] -- Generating done
[0.473s] [33mCMake Warning:
[0.473s]   Manually-specified variables were not used by the project:
[0.474s] 
[0.474s]     BUILD_TESTS
[0.474s] 
[0.474s] [0m
[0.474s] -- Build files have been written to: /home/dharmik.p45/Dharmik/berry_ws/build/franka_fr3_moveit_config
[0.477s] Invoked command in '/home/dharmik.p45/Dharmik/berry_ws/build/franka_fr3_moveit_config' returned '0': AMENT_PREFIX_PATH=/home/dharmik.p45/Dharmik/berry_ws/install/franka_hardware:/home/dharmik.p45/Dharmik/berry_ws/install/franka_gripper:/home/dharmik.p45/Dharmik/berry_ws/install/franka_msgs:/home/dharmik.p45/Dharmik/berry_ws/install/franka_description:${AMENT_PREFIX_PATH} CMAKE_PREFIX_PATH=/home/dharmik.p45/Dharmik/berry_ws/install/franka_hardware:/home/dharmik.p45/Dharmik/berry_ws/install/franka_gripper:/home/dharmik.p45/Dharmik/berry_ws/install/libfranka:/home/dharmik.p45/Dharmik/berry_ws/install/franka_msgs:/home/dharmik.p45/Dharmik/berry_ws/install/franka_description:/opt/ros/humble LD_LIBRARY_PATH=/home/dharmik.p45/Dharmik/berry_ws/install/franka_hardware/lib:/home/dharmik.p45/Dharmik/berry_ws/install/franka_gripper/lib:/home/dharmik.p45/Dharmik/berry_ws/install/libfranka/lib:/home/dharmik.p45/Dharmik/berry_ws/install/franka_msgs/lib:${LD_LIBRARY_PATH} PATH=/home/dharmik.p45/Dharmik/berry_ws/install/libfranka/bin:${PATH} PKG_CONFIG_PATH=/home/dharmik.p45/Dharmik/berry_ws/install/libfranka/lib/x86_64-linux-gnu/pkgconfig:/home/dharmik.p45/Dharmik/berry_ws/install/libfranka/lib/pkgconfig PYTHONPATH=/home/dharmik.p45/Dharmik/berry_ws/install/franka_gripper/local/lib/python3.10/dist-packages:/home/dharmik.p45/Dharmik/berry_ws/install/franka_msgs/local/lib/python3.10/dist-packages:${PYTHONPATH} /usr/bin/cmake /home/dharmik.p45/Dharmik/berry_ws/src/franka_ros2/franka_fr3_moveit_config -DCMAKE_BUILD_TYPE=Release -DBUILD_TESTING=OFF -DBUILD_TESTS=OFF -DCMAKE_INSTALL_PREFIX=/home/dharmik.p45/Dharmik/berry_ws/install/franka_fr3_moveit_config
[0.478s] Invoking command in '/home/dharmik.p45/Dharmik/berry_ws/build/franka_fr3_moveit_config': AMENT_PREFIX_PATH=/home/dharmik.p45/Dharmik/berry_ws/install/franka_hardware:/home/dharmik.p45/Dharmik/berry_ws/install/franka_gripper:/home/dharmik.p45/Dharmik/berry_ws/install/franka_msgs:/home/dharmik.p45/Dharmik/berry_ws/install/franka_description:${AMENT_PREFIX_PATH} CMAKE_PREFIX_PATH=/home/dharmik.p45/Dharmik/berry_ws/install/franka_hardware:/home/dharmik.p45/Dharmik/berry_ws/install/franka_gripper:/home/dharmik.p45/Dharmik/berry_ws/install/libfranka:/home/dharmik.p45/Dharmik/berry_ws/install/franka_msgs:/home/dharmik.p45/Dharmik/berry_ws/install/franka_description:/opt/ros/humble LD_LIBRARY_PATH=/home/dharmik.p45/Dharmik/berry_ws/install/franka_hardware/lib:/home/dharmik.p45/Dharmik/berry_ws/install/franka_gripper/lib:/home/dharmik.p45/Dharmik/berry_ws/install/libfranka/lib:/home/dharmik.p45/Dharmik/berry_ws/install/franka_msgs/lib:${LD_LIBRARY_PATH} PATH=/home/dharmik.p45/Dharmik/berry_ws/install/libfranka/bin:${PATH} PKG_CONFIG_PATH=/home/dharmik.p45/Dharmik/berry_ws/install/libfranka/lib/x86_64-linux-gnu/pkgconfig:/home/dharmik.p45/Dharmik/berry_ws/install/libfranka/lib/pkgconfig PYTHONPATH=/home/dharmik.p45/Dharmik/berry_ws/install/franka_gripper/local/lib/python3.10/dist-packages:/home/dharmik.p45/Dharmik/berry_ws/install/franka_msgs/local/lib/python3.10/dist-packages:${PYTHONPATH} /usr/bin/cmake --build /home/dharmik.p45/Dharmik/berry_ws/build/franka_fr3_moveit_config -- -j16 -l16
[0.519s] Invoked command in '/home/dharmik.p45/Dharmik/berry_ws/build/franka_fr3_moveit_config' returned '0': AMENT_PREFIX_PATH=/home/dharmik.p45/Dharmik/berry_ws/install/franka_hardware:/home/dharmik.p45/Dharmik/berry_ws/install/franka_gripper:/home/dharmik.p45/Dharmik/berry_ws/install/franka_msgs:/home/dharmik.p45/Dharmik/berry_ws/install/franka_description:${AMENT_PREFIX_PATH} CMAKE_PREFIX_PATH=/home/dharmik.p45/Dharmik/berry_ws/install/franka_hardware:/home/dharmik.p45/Dharmik/berry_ws/install/franka_gripper:/home/dharmik.p45/Dharmik/berry_ws/install/libfranka:/home/dharmik.p45/Dharmik/berry_ws/install/franka_msgs:/home/dharmik.p45/Dharmik/berry_ws/install/franka_description:/opt/ros/humble LD_LIBRARY_PATH=/home/dharmik.p45/Dharmik/berry_ws/install/franka_hardware/lib:/home/dharmik.p45/Dharmik/berry_ws/install/franka_gripper/lib:/home/dharmik.p45/Dharmik/berry_ws/install/libfranka/lib:/home/dharmik.p45/Dharmik/berry_ws/install/franka_msgs/lib:${LD_LIBRARY_PATH} PATH=/home/dharmik.p45/Dharmik/berry_ws/install/libfranka/bin:${PATH} PKG_CONFIG_PATH=/home/dharmik.p45/Dharmik/berry_ws/install/libfranka/lib/x86_64-linux-gnu/pkgconfig:/home/dharmik.p45/Dharmik/berry_ws/install/libfranka/lib/pkgconfig PYTHONPATH=/home/dharmik.p45/Dharmik/berry_ws/install/franka_gripper/local/lib/python3.10/dist-packages:/home/dharmik.p45/Dharmik/berry_ws/install/franka_msgs/local/lib/python3.10/dist-packages:${PYTHONPATH} /usr/bin/cmake --build /home/dharmik.p45/Dharmik/berry_ws/build/franka_fr3_moveit_config -- -j16 -l16
[0.520s] Invoking command in '/home/dharmik.p45/Dharmik/berry_ws/build/franka_fr3_moveit_config': AMENT_PREFIX_PATH=/home/dharmik.p45/Dharmik/berry_ws/install/franka_hardware:/home/dharmik.p45/Dharmik/berry_ws/install/franka_gripper:/home/dharmik.p45/Dharmik/berry_ws/install/franka_msgs:/home/dharmik.p45/Dharmik/berry_ws/install/franka_description:${AMENT_PREFIX_PATH} CMAKE_PREFIX_PATH=/home/dharmik.p45/Dharmik/berry_ws/install/franka_hardware:/home/dharmik.p45/Dharmik/berry_ws/install/franka_gripper:/home/dharmik.p45/Dharmik/berry_ws/install/libfranka:/home/dharmik.p45/Dharmik/berry_ws/install/franka_msgs:/home/dharmik.p45/Dharmik/berry_ws/install/franka_description:/opt/ros/humble LD_LIBRARY_PATH=/home/dharmik.p45/Dharmik/berry_ws/install/franka_hardware/lib:/home/dharmik.p45/Dharmik/berry_ws/install/franka_gripper/lib:/home/dharmik.p45/Dharmik/berry_ws/install/libfranka/lib:/home/dharmik.p45/Dharmik/berry_ws/install/franka_msgs/lib:${LD_LIBRARY_PATH} PATH=/home/dharmik.p45/Dharmik/berry_ws/install/libfranka/bin:${PATH} PKG_CONFIG_PATH=/home/dharmik.p45/Dharmik/berry_ws/install/libfranka/lib/x86_64-linux-gnu/pkgconfig:/home/dharmik.p45/Dharmik/berry_ws/install/libfranka/lib/pkgconfig PYTHONPATH=/home/dharmik.p45/Dharmik/berry_ws/install/franka_gripper/local/lib/python3.10/dist-packages:/home/dharmik.p45/Dharmik/berry_ws/install/franka_msgs/local/lib/python3.10/dist-packages:${PYTHONPATH} /usr/bin/cmake --install /home/dharmik.p45/Dharmik/berry_ws/build/franka_fr3_moveit_config
[0.525s] -- Install configuration: "Release"
[0.525s] -- Installing: /home/dharmik.p45/Dharmik/berry_ws/install/franka_fr3_moveit_config/share/franka_fr3_moveit_config/config
[0.528s] -- Installing: /home/dharmik.p45/Dharmik/berry_ws/install/franka_fr3_moveit_config/share/franka_fr3_moveit_config/config/kinematics.yaml
[0.528s] -- Installing: /home/dharmik.p45/Dharmik/berry_ws/install/franka_fr3_moveit_config/share/franka_fr3_moveit_config/config/fr3_controllers.yaml
[0.528s] -- Installing: /home/dharmik.p45/Dharmik/berry_ws/install/franka_fr3_moveit_config/share/franka_fr3_moveit_config/config/ompl_planning.yaml
[0.528s] -- Installing: /home/dharmik.p45/Dharmik/berry_ws/install/franka_fr3_moveit_config/share/franka_fr3_moveit_config/config/fr3_ros_controllers.yaml
[0.529s] -- Installing: /home/dharmik.p45/Dharmik/berry_ws/install/franka_fr3_moveit_config/share/franka_fr3_moveit_config/launch
[0.529s] -- Installing: /home/dharmik.p45/Dharmik/berry_ws/install/franka_fr3_moveit_config/share/franka_fr3_moveit_config/launch/moveit.launch.py
[0.529s] -- Installing: /home/dharmik.p45/Dharmik/berry_ws/install/franka_fr3_moveit_config/share/franka_fr3_moveit_config/launch/move_group.launch.py
[0.529s] -- Installing: /home/dharmik.p45/Dharmik/berry_ws/install/franka_fr3_moveit_config/share/franka_fr3_moveit_config/rviz
[0.529s] -- Installing: /home/dharmik.p45/Dharmik/berry_ws/install/franka_fr3_moveit_config/share/franka_fr3_moveit_config/rviz/moveit.rviz
[0.530s] -- Installing: /home/dharmik.p45/Dharmik/berry_ws/install/franka_fr3_moveit_config/share/ament_index/resource_index/package_run_dependencies/franka_fr3_moveit_config
[0.530s] -- Installing: /home/dharmik.p45/Dharmik/berry_ws/install/franka_fr3_moveit_config/share/ament_index/resource_index/parent_prefix_path/franka_fr3_moveit_config
[0.530s] -- Installing: /home/dharmik.p45/Dharmik/berry_ws/install/franka_fr3_moveit_config/share/franka_fr3_moveit_config/environment/ament_prefix_path.sh
[0.530s] -- Installing: /home/dharmik.p45/Dharmik/berry_ws/install/franka_fr3_moveit_config/share/franka_fr3_moveit_config/environment/ament_prefix_path.dsv
[0.530s] -- Installing: /home/dharmik.p45/Dharmik/berry_ws/install/franka_fr3_moveit_config/share/franka_fr3_moveit_config/environment/path.sh
[0.530s] -- Installing: /home/dharmik.p45/Dharmik/berry_ws/install/franka_fr3_moveit_config/share/franka_fr3_moveit_config/environment/path.dsv
[0.530s] -- Installing: /home/dharmik.p45/Dharmik/berry_ws/install/franka_fr3_moveit_config/share/franka_fr3_moveit_config/local_setup.bash
[0.530s] -- Installing: /home/dharmik.p45/Dharmik/berry_ws/install/franka_fr3_moveit_config/share/franka_fr3_moveit_config/local_setup.sh
[0.530s] -- Installing: /home/dharmik.p45/Dharmik/berry_ws/install/franka_fr3_moveit_config/share/franka_fr3_moveit_config/local_setup.zsh
[0.530s] -- Installing: /home/dharmik.p45/Dharmik/berry_ws/install/franka_fr3_moveit_config/share/franka_fr3_moveit_config/local_setup.dsv
[0.530s] -- Installing: /home/dharmik.p45/Dharmik/berry_ws/install/franka_fr3_moveit_config/share/franka_fr3_moveit_config/package.dsv
[0.531s] -- Installing: /home/dharmik.p45/Dharmik/berry_ws/install/franka_fr3_moveit_config/share/ament_index/resource_index/packages/franka_fr3_moveit_config
[0.531s] -- Installing: /home/dharmik.p45/Dharmik/berry_ws/install/franka_fr3_moveit_config/share/franka_fr3_moveit_config/cmake/franka_fr3_moveit_configConfig.cmake
[0.531s] -- Installing: /home/dharmik.p45/Dharmik/berry_ws/install/franka_fr3_moveit_config/share/franka_fr3_moveit_config/cmake/franka_fr3_moveit_configConfig-version.cmake
[0.531s] -- Installing: /home/dharmik.p45/Dharmik/berry_ws/install/franka_fr3_moveit_config/share/franka_fr3_moveit_config/package.xml
[0.533s] Invoked command in '/home/dharmik.p45/Dharmik/berry_ws/build/franka_fr3_moveit_config' returned '0': AMENT_PREFIX_PATH=/home/dharmik.p45/Dharmik/berry_ws/install/franka_hardware:/home/dharmik.p45/Dharmik/berry_ws/install/franka_gripper:/home/dharmik.p45/Dharmik/berry_ws/install/franka_msgs:/home/dharmik.p45/Dharmik/berry_ws/install/franka_description:${AMENT_PREFIX_PATH} CMAKE_PREFIX_PATH=/home/dharmik.p45/Dharmik/berry_ws/install/franka_hardware:/home/dharmik.p45/Dharmik/berry_ws/install/franka_gripper:/home/dharmik.p45/Dharmik/berry_ws/install/libfranka:/home/dharmik.p45/Dharmik/berry_ws/install/franka_msgs:/home/dharmik.p45/Dharmik/berry_ws/install/franka_description:/opt/ros/humble LD_LIBRARY_PATH=/home/dharmik.p45/Dharmik/berry_ws/install/franka_hardware/lib:/home/dharmik.p45/Dharmik/berry_ws/install/franka_gripper/lib:/home/dharmik.p45/Dharmik/berry_ws/install/libfranka/lib:/home/dharmik.p45/Dharmik/berry_ws/install/franka_msgs/lib:${LD_LIBRARY_PATH} PATH=/home/dharmik.p45/Dharmik/berry_ws/install/libfranka/bin:${PATH} PKG_CONFIG_PATH=/home/dharmik.p45/Dharmik/berry_ws/install/libfranka/lib/x86_64-linux-gnu/pkgconfig:/home/dharmik.p45/Dharmik/berry_ws/install/libfranka/lib/pkgconfig PYTHONPATH=/home/dharmik.p45/Dharmik/berry_ws/install/franka_gripper/local/lib/python3.10/dist-packages:/home/dharmik.p45/Dharmik/berry_ws/install/franka_msgs/local/lib/python3.10/dist-packages:${PYTHONPATH} /usr/bin/cmake --install /home/dharmik.p45/Dharmik/berry_ws/build/franka_fr3_moveit_config
