[0.018s] Invoking command in '/home/dharmik.p45/Dharmik/berry_ws/build/franka_msgs': CMAKE_PREFIX_PATH=/opt/ros/humble /usr/bin/cmake /home/dharmik.p45/Dharmik/berry_ws/src/franka_ros2/franka_msgs -DCMAKE_BUILD_TYPE=Release -DBUILD_TESTING=OFF -DBUILD_TESTS=OFF -DCMAKE_INSTALL_PREFIX=/home/dharmik.p45/Dharmik/berry_ws/install/franka_msgs
[0.032s] -- Found ament_cmake: 1.3.12 (/opt/ros/humble/share/ament_cmake/cmake)
[0.158s] -- Found rosidl_default_generators: 1.2.0 (/opt/ros/humble/share/rosidl_default_generators/cmake)
[0.161s] -- Using all available rosidl_typesupport_c: rosidl_typesupport_fastrtps_c;rosidl_typesupport_introspection_c
[0.166s] -- Found rosidl_adapter: 3.1.8 (/opt/ros/humble/share/rosidl_adapter/cmake)
[0.240s] -- Using all available rosidl_typesupport_cpp: rosidl_typesupport_fastrtps_cpp;rosidl_typesupport_introspection_cpp
[0.293s] -- Found std_msgs: 4.9.0 (/opt/ros/humble/share/std_msgs/cmake)
[0.379s] -- Found geometry_msgs: 4.9.0 (/opt/ros/humble/share/geometry_msgs/cmake)
[0.381s] -- Found sensor_msgs: 4.9.0 (/opt/ros/humble/share/sensor_msgs/cmake)
[0.821s] -- Found ament_cmake_ros: 0.10.0 (/opt/ros/humble/share/ament_cmake_ros/cmake)
[1.031s] -- Using all available rosidl_typesupport_c: rosidl_typesupport_fastrtps_c;rosidl_typesupport_introspection_c
[1.430s] -- Using all available rosidl_typesupport_cpp: rosidl_typesupport_fastrtps_cpp;rosidl_typesupport_introspection_cpp
[1.466s] -- Found python_cmake_module: 0.10.0 (/opt/ros/humble/share/python_cmake_module/cmake)
[1.494s] -- Using PYTHON_EXECUTABLE: /usr/bin/python3
[1.495s] -- Using PYTHON_INCLUDE_DIRS: /usr/include/python3.10
[1.495s] -- Using PYTHON_LIBRARIES: /usr/lib/x86_64-linux-gnu/libpython3.10.so
[1.572s] -- Configuring done
[1.673s] -- Generating done
[1.677s] [33mCMake Warning:
[1.677s]   Manually-specified variables were not used by the project:
[1.677s] 
[1.677s]     BUILD_TESTS
[1.677s] 
[1.677s] [0m
[1.692s] -- Build files have been written to: /home/dharmik.p45/Dharmik/berry_ws/build/franka_msgs
[1.701s] Invoked command in '/home/dharmik.p45/Dharmik/berry_ws/build/franka_msgs' returned '0': CMAKE_PREFIX_PATH=/opt/ros/humble /usr/bin/cmake /home/dharmik.p45/Dharmik/berry_ws/src/franka_ros2/franka_msgs -DCMAKE_BUILD_TYPE=Release -DBUILD_TESTING=OFF -DBUILD_TESTS=OFF -DCMAKE_INSTALL_PREFIX=/home/dharmik.p45/Dharmik/berry_ws/install/franka_msgs
[1.703s] Invoking command in '/home/dharmik.p45/Dharmik/berry_ws/build/franka_msgs': CMAKE_PREFIX_PATH=/opt/ros/humble /usr/bin/cmake --build /home/dharmik.p45/Dharmik/berry_ws/build/franka_msgs -- -j16 -l16
[1.759s] [35m[1mConsolidate compiler generated dependencies of target franka_msgs__rosidl_generator_c[0m
[1.761s] [  0%] Built target franka_msgs__cpp
[1.774s] [  0%] Built target ament_cmake_python_copy_franka_msgs
[1.780s] [35m[1mConsolidate compiler generated dependencies of target franka_msgs__rosidl_typesupport_cpp[0m
[1.780s] [35m[1mConsolidate compiler generated dependencies of target franka_msgs__rosidl_typesupport_introspection_cpp[0m
[1.780s] [35m[1mConsolidate compiler generated dependencies of target franka_msgs__rosidl_typesupport_fastrtps_cpp[0m
[1.785s] [ 12%] Built target franka_msgs__rosidl_generator_c
[1.800s] [35m[1mConsolidate compiler generated dependencies of target franka_msgs__rosidl_typesupport_c[0m
[1.801s] [35m[1mConsolidate compiler generated dependencies of target franka_msgs__rosidl_typesupport_introspection_c[0m
[1.802s] [35m[1mConsolidate compiler generated dependencies of target franka_msgs__rosidl_typesupport_fastrtps_c[0m
[1.808s] [ 24%] Built target franka_msgs__rosidl_typesupport_cpp
[1.811s] [ 36%] Built target franka_msgs__rosidl_typesupport_introspection_cpp
[1.816s] [ 48%] Built target franka_msgs__rosidl_typesupport_c
[1.827s] [ 60%] Built target franka_msgs__rosidl_typesupport_introspection_c
[1.831s] [ 72%] Built target franka_msgs__rosidl_typesupport_fastrtps_cpp
[1.833s] [ 84%] Built target franka_msgs__rosidl_typesupport_fastrtps_c
[1.856s] [ 84%] Built target franka_msgs
[1.876s] [ 85%] Built target franka_msgs__py
[1.892s] [35m[1mConsolidate compiler generated dependencies of target franka_msgs__rosidl_generator_py[0m
[1.940s] [ 96%] Built target franka_msgs__rosidl_generator_py
[1.942s] running egg_info
[1.942s] writing franka_msgs.egg-info/PKG-INFO
[1.942s] writing dependency_links to franka_msgs.egg-info/dependency_links.txt
[1.943s] writing top-level names to franka_msgs.egg-info/top_level.txt
[1.945s] reading manifest file 'franka_msgs.egg-info/SOURCES.txt'
[1.946s] writing manifest file 'franka_msgs.egg-info/SOURCES.txt'
[1.951s] [35m[1mConsolidate compiler generated dependencies of target franka_msgs__rosidl_typesupport_fastrtps_c__pyext[0m
[1.954s] [35m[1mConsolidate compiler generated dependencies of target franka_msgs__rosidl_typesupport_introspection_c__pyext[0m
[1.954s] [35m[1mConsolidate compiler generated dependencies of target franka_msgs__rosidl_typesupport_c__pyext[0m
[1.968s] [ 97%] Built target franka_msgs__rosidl_typesupport_fastrtps_c__pyext
[1.970s] [ 99%] Built target franka_msgs__rosidl_typesupport_introspection_c__pyext
[1.972s] [ 99%] Built target ament_cmake_python_build_franka_msgs_egg
[1.973s] [100%] Built target franka_msgs__rosidl_typesupport_c__pyext
[1.981s] Invoked command in '/home/dharmik.p45/Dharmik/berry_ws/build/franka_msgs' returned '0': CMAKE_PREFIX_PATH=/opt/ros/humble /usr/bin/cmake --build /home/dharmik.p45/Dharmik/berry_ws/build/franka_msgs -- -j16 -l16
[1.983s] Invoking command in '/home/dharmik.p45/Dharmik/berry_ws/build/franka_msgs': CMAKE_PREFIX_PATH=/opt/ros/humble /usr/bin/cmake --install /home/dharmik.p45/Dharmik/berry_ws/build/franka_msgs
[1.991s] -- Install configuration: "Release"
[1.992s] -- Up-to-date: /home/dharmik.p45/Dharmik/berry_ws/install/franka_msgs/share/ament_index/resource_index/rosidl_interfaces/franka_msgs
[1.992s] -- Up-to-date: /home/dharmik.p45/Dharmik/berry_ws/install/franka_msgs/include/franka_msgs/franka_msgs
[1.992s] -- Up-to-date: /home/dharmik.p45/Dharmik/berry_ws/install/franka_msgs/include/franka_msgs/franka_msgs/srv
[1.992s] -- Up-to-date: /home/dharmik.p45/Dharmik/berry_ws/install/franka_msgs/include/franka_msgs/franka_msgs/srv/set_full_collision_behavior.h
[1.992s] -- Up-to-date: /home/dharmik.p45/Dharmik/berry_ws/install/franka_msgs/include/franka_msgs/franka_msgs/srv/set_force_torque_collision_behavior.h
[1.992s] -- Up-to-date: /home/dharmik.p45/Dharmik/berry_ws/install/franka_msgs/include/franka_msgs/franka_msgs/srv/set_tcp_frame.h
[1.992s] -- Up-to-date: /home/dharmik.p45/Dharmik/berry_ws/install/franka_msgs/include/franka_msgs/franka_msgs/srv/set_joint_stiffness.h
[1.992s] -- Up-to-date: /home/dharmik.p45/Dharmik/berry_ws/install/franka_msgs/include/franka_msgs/franka_msgs/srv/detail
[1.992s] -- Up-to-date: /home/dharmik.p45/Dharmik/berry_ws/install/franka_msgs/include/franka_msgs/franka_msgs/srv/detail/set_load__struct.h
[1.992s] -- Up-to-date: /home/dharmik.p45/Dharmik/berry_ws/install/franka_msgs/include/franka_msgs/franka_msgs/srv/detail/set_tcp_frame__type_support.h
[1.992s] -- Up-to-date: /home/dharmik.p45/Dharmik/berry_ws/install/franka_msgs/include/franka_msgs/franka_msgs/srv/detail/set_force_torque_collision_behavior__functions.h
[1.993s] -- Up-to-date: /home/dharmik.p45/Dharmik/berry_ws/install/franka_msgs/include/franka_msgs/franka_msgs/srv/detail/set_force_torque_collision_behavior__struct.h
[1.993s] -- Up-to-date: /home/dharmik.p45/Dharmik/berry_ws/install/franka_msgs/include/franka_msgs/franka_msgs/srv/detail/set_load__functions.c
[1.993s] -- Up-to-date: /home/dharmik.p45/Dharmik/berry_ws/install/franka_msgs/include/franka_msgs/franka_msgs/srv/detail/set_cartesian_stiffness__functions.c
[1.993s] -- Up-to-date: /home/dharmik.p45/Dharmik/berry_ws/install/franka_msgs/include/franka_msgs/franka_msgs/srv/detail/set_joint_stiffness__functions.h
[1.993s] -- Up-to-date: /home/dharmik.p45/Dharmik/berry_ws/install/franka_msgs/include/franka_msgs/franka_msgs/srv/detail/set_full_collision_behavior__type_support.h
[1.994s] -- Up-to-date: /home/dharmik.p45/Dharmik/berry_ws/install/franka_msgs/include/franka_msgs/franka_msgs/srv/detail/set_stiffness_frame__functions.h
[1.994s] -- Up-to-date: /home/dharmik.p45/Dharmik/berry_ws/install/franka_msgs/include/franka_msgs/franka_msgs/srv/detail/set_cartesian_stiffness__functions.h
[1.994s] -- Up-to-date: /home/dharmik.p45/Dharmik/berry_ws/install/franka_msgs/include/franka_msgs/franka_msgs/srv/detail/set_full_collision_behavior__struct.h
[1.994s] -- Up-to-date: /home/dharmik.p45/Dharmik/berry_ws/install/franka_msgs/include/franka_msgs/franka_msgs/srv/detail/set_stiffness_frame__struct.h
[1.994s] -- Up-to-date: /home/dharmik.p45/Dharmik/berry_ws/install/franka_msgs/include/franka_msgs/franka_msgs/srv/detail/set_stiffness_frame__type_support.h
[1.994s] -- Up-to-date: /home/dharmik.p45/Dharmik/berry_ws/install/franka_msgs/include/franka_msgs/franka_msgs/srv/detail/set_force_torque_collision_behavior__type_support.h
[1.994s] -- Up-to-date: /home/dharmik.p45/Dharmik/berry_ws/install/franka_msgs/include/franka_msgs/franka_msgs/srv/detail/set_cartesian_stiffness__type_support.h
[1.994s] -- Up-to-date: /home/dharmik.p45/Dharmik/berry_ws/install/franka_msgs/include/franka_msgs/franka_msgs/srv/detail/set_load__functions.h
[1.994s] -- Up-to-date: /home/dharmik.p45/Dharmik/berry_ws/install/franka_msgs/include/franka_msgs/franka_msgs/srv/detail/set_full_collision_behavior__functions.h
[1.994s] -- Up-to-date: /home/dharmik.p45/Dharmik/berry_ws/install/franka_msgs/include/franka_msgs/franka_msgs/srv/detail/set_joint_stiffness__struct.h
[1.994s] -- Up-to-date: /home/dharmik.p45/Dharmik/berry_ws/install/franka_msgs/include/franka_msgs/franka_msgs/srv/detail/set_cartesian_stiffness__struct.h
[1.995s] -- Up-to-date: /home/dharmik.p45/Dharmik/berry_ws/install/franka_msgs/include/franka_msgs/franka_msgs/srv/detail/set_stiffness_frame__functions.c
[1.995s] -- Up-to-date: /home/dharmik.p45/Dharmik/berry_ws/install/franka_msgs/include/franka_msgs/franka_msgs/srv/detail/set_joint_stiffness__functions.c
[1.995s] -- Up-to-date: /home/dharmik.p45/Dharmik/berry_ws/install/franka_msgs/include/franka_msgs/franka_msgs/srv/detail/set_tcp_frame__functions.h
[1.995s] -- Up-to-date: /home/dharmik.p45/Dharmik/berry_ws/install/franka_msgs/include/franka_msgs/franka_msgs/srv/detail/set_full_collision_behavior__functions.c
[1.995s] -- Up-to-date: /home/dharmik.p45/Dharmik/berry_ws/install/franka_msgs/include/franka_msgs/franka_msgs/srv/detail/set_joint_stiffness__type_support.h
[1.995s] -- Up-to-date: /home/dharmik.p45/Dharmik/berry_ws/install/franka_msgs/include/franka_msgs/franka_msgs/srv/detail/set_tcp_frame__functions.c
[1.995s] -- Up-to-date: /home/dharmik.p45/Dharmik/berry_ws/install/franka_msgs/include/franka_msgs/franka_msgs/srv/detail/set_tcp_frame__struct.h
[1.995s] -- Up-to-date: /home/dharmik.p45/Dharmik/berry_ws/install/franka_msgs/include/franka_msgs/franka_msgs/srv/detail/set_load__type_support.h
[1.995s] -- Up-to-date: /home/dharmik.p45/Dharmik/berry_ws/install/franka_msgs/include/franka_msgs/franka_msgs/srv/detail/set_force_torque_collision_behavior__functions.c
[1.995s] -- Up-to-date: /home/dharmik.p45/Dharmik/berry_ws/install/franka_msgs/include/franka_msgs/franka_msgs/srv/set_load.h
[1.995s] -- Up-to-date: /home/dharmik.p45/Dharmik/berry_ws/install/franka_msgs/include/franka_msgs/franka_msgs/srv/set_stiffness_frame.h
[1.996s] -- Up-to-date: /home/dharmik.p45/Dharmik/berry_ws/install/franka_msgs/include/franka_msgs/franka_msgs/srv/set_cartesian_stiffness.h
[1.996s] -- Up-to-date: /home/dharmik.p45/Dharmik/berry_ws/install/franka_msgs/include/franka_msgs/franka_msgs/msg
[1.996s] -- Up-to-date: /home/dharmik.p45/Dharmik/berry_ws/install/franka_msgs/include/franka_msgs/franka_msgs/msg/franka_robot_state.h
[1.996s] -- Up-to-date: /home/dharmik.p45/Dharmik/berry_ws/install/franka_msgs/include/franka_msgs/franka_msgs/msg/rosidl_generator_c__visibility_control.h
[1.996s] -- Up-to-date: /home/dharmik.p45/Dharmik/berry_ws/install/franka_msgs/include/franka_msgs/franka_msgs/msg/elbow.h
[1.996s] -- Up-to-date: /home/dharmik.p45/Dharmik/berry_ws/install/franka_msgs/include/franka_msgs/franka_msgs/msg/grasp_epsilon.h
[1.996s] -- Up-to-date: /home/dharmik.p45/Dharmik/berry_ws/install/franka_msgs/include/franka_msgs/franka_msgs/msg/collision_indicators.h
[1.996s] -- Up-to-date: /home/dharmik.p45/Dharmik/berry_ws/install/franka_msgs/include/franka_msgs/franka_msgs/msg/errors.h
[1.996s] -- Up-to-date: /home/dharmik.p45/Dharmik/berry_ws/install/franka_msgs/include/franka_msgs/franka_msgs/msg/detail
[1.996s] -- Up-to-date: /home/dharmik.p45/Dharmik/berry_ws/install/franka_msgs/include/franka_msgs/franka_msgs/msg/detail/collision_indicators__type_support.h
[1.996s] -- Up-to-date: /home/dharmik.p45/Dharmik/berry_ws/install/franka_msgs/include/franka_msgs/franka_msgs/msg/detail/errors__struct.h
[1.996s] -- Up-to-date: /home/dharmik.p45/Dharmik/berry_ws/install/franka_msgs/include/franka_msgs/franka_msgs/msg/detail/target_status__functions.h
[1.996s] -- Up-to-date: /home/dharmik.p45/Dharmik/berry_ws/install/franka_msgs/include/franka_msgs/franka_msgs/msg/detail/elbow__functions.h
[1.996s] -- Up-to-date: /home/dharmik.p45/Dharmik/berry_ws/install/franka_msgs/include/franka_msgs/franka_msgs/msg/detail/grasp_epsilon__functions.c
[1.997s] -- Up-to-date: /home/dharmik.p45/Dharmik/berry_ws/install/franka_msgs/include/franka_msgs/franka_msgs/msg/detail/errors__functions.h
[1.997s] -- Up-to-date: /home/dharmik.p45/Dharmik/berry_ws/install/franka_msgs/include/franka_msgs/franka_msgs/msg/detail/elbow__functions.c
[1.997s] -- Up-to-date: /home/dharmik.p45/Dharmik/berry_ws/install/franka_msgs/include/franka_msgs/franka_msgs/msg/detail/franka_robot_state__functions.c
[1.997s] -- Up-to-date: /home/dharmik.p45/Dharmik/berry_ws/install/franka_msgs/include/franka_msgs/franka_msgs/msg/detail/elbow__struct.h
[1.997s] -- Up-to-date: /home/dharmik.p45/Dharmik/berry_ws/install/franka_msgs/include/franka_msgs/franka_msgs/msg/detail/grasp_epsilon__type_support.h
[1.997s] -- Up-to-date: /home/dharmik.p45/Dharmik/berry_ws/install/franka_msgs/include/franka_msgs/franka_msgs/msg/detail/franka_robot_state__type_support.h
[1.997s] -- Up-to-date: /home/dharmik.p45/Dharmik/berry_ws/install/franka_msgs/include/franka_msgs/franka_msgs/msg/detail/collision_indicators__functions.c
[1.997s] -- Up-to-date: /home/dharmik.p45/Dharmik/berry_ws/install/franka_msgs/include/franka_msgs/franka_msgs/msg/detail/franka_robot_state__functions.h
[1.997s] -- Up-to-date: /home/dharmik.p45/Dharmik/berry_ws/install/franka_msgs/include/franka_msgs/franka_msgs/msg/detail/collision_indicators__struct.h
[1.997s] -- Up-to-date: /home/dharmik.p45/Dharmik/berry_ws/install/franka_msgs/include/franka_msgs/franka_msgs/msg/detail/target_status__functions.c
[1.997s] -- Up-to-date: /home/dharmik.p45/Dharmik/berry_ws/install/franka_msgs/include/franka_msgs/franka_msgs/msg/detail/target_status__struct.h
[1.997s] -- Up-to-date: /home/dharmik.p45/Dharmik/berry_ws/install/franka_msgs/include/franka_msgs/franka_msgs/msg/detail/collision_indicators__functions.h
[1.997s] -- Up-to-date: /home/dharmik.p45/Dharmik/berry_ws/install/franka_msgs/include/franka_msgs/franka_msgs/msg/detail/errors__type_support.h
[1.997s] -- Up-to-date: /home/dharmik.p45/Dharmik/berry_ws/install/franka_msgs/include/franka_msgs/franka_msgs/msg/detail/grasp_epsilon__struct.h
[1.997s] -- Up-to-date: /home/dharmik.p45/Dharmik/berry_ws/install/franka_msgs/include/franka_msgs/franka_msgs/msg/detail/elbow__type_support.h
[1.997s] -- Up-to-date: /home/dharmik.p45/Dharmik/berry_ws/install/franka_msgs/include/franka_msgs/franka_msgs/msg/detail/franka_robot_state__struct.h
[1.997s] -- Up-to-date: /home/dharmik.p45/Dharmik/berry_ws/install/franka_msgs/include/franka_msgs/franka_msgs/msg/detail/errors__functions.c
[1.998s] -- Up-to-date: /home/dharmik.p45/Dharmik/berry_ws/install/franka_msgs/include/franka_msgs/franka_msgs/msg/detail/grasp_epsilon__functions.h
[1.998s] -- Up-to-date: /home/dharmik.p45/Dharmik/berry_ws/install/franka_msgs/include/franka_msgs/franka_msgs/msg/detail/target_status__type_support.h
[1.998s] -- Up-to-date: /home/dharmik.p45/Dharmik/berry_ws/install/franka_msgs/include/franka_msgs/franka_msgs/msg/target_status.h
[1.998s] -- Up-to-date: /home/dharmik.p45/Dharmik/berry_ws/install/franka_msgs/include/franka_msgs/franka_msgs/action
[1.998s] -- Up-to-date: /home/dharmik.p45/Dharmik/berry_ws/install/franka_msgs/include/franka_msgs/franka_msgs/action/ptp_motion.h
[1.998s] -- Up-to-date: /home/dharmik.p45/Dharmik/berry_ws/install/franka_msgs/include/franka_msgs/franka_msgs/action/move.h
[1.998s] -- Up-to-date: /home/dharmik.p45/Dharmik/berry_ws/install/franka_msgs/include/franka_msgs/franka_msgs/action/error_recovery.h
[1.998s] -- Up-to-date: /home/dharmik.p45/Dharmik/berry_ws/install/franka_msgs/include/franka_msgs/franka_msgs/action/grasp.h
[1.998s] -- Up-to-date: /home/dharmik.p45/Dharmik/berry_ws/install/franka_msgs/include/franka_msgs/franka_msgs/action/homing.h
[1.998s] -- Up-to-date: /home/dharmik.p45/Dharmik/berry_ws/install/franka_msgs/include/franka_msgs/franka_msgs/action/detail
[1.998s] -- Up-to-date: /home/dharmik.p45/Dharmik/berry_ws/install/franka_msgs/include/franka_msgs/franka_msgs/action/detail/homing__functions.c
[1.998s] -- Up-to-date: /home/dharmik.p45/Dharmik/berry_ws/install/franka_msgs/include/franka_msgs/franka_msgs/action/detail/homing__type_support.h
[1.998s] -- Up-to-date: /home/dharmik.p45/Dharmik/berry_ws/install/franka_msgs/include/franka_msgs/franka_msgs/action/detail/grasp__functions.h
[1.998s] -- Up-to-date: /home/dharmik.p45/Dharmik/berry_ws/install/franka_msgs/include/franka_msgs/franka_msgs/action/detail/error_recovery__functions.h
[1.998s] -- Up-to-date: /home/dharmik.p45/Dharmik/berry_ws/install/franka_msgs/include/franka_msgs/franka_msgs/action/detail/grasp__struct.h
[1.998s] -- Up-to-date: /home/dharmik.p45/Dharmik/berry_ws/install/franka_msgs/include/franka_msgs/franka_msgs/action/detail/move__type_support.h
[1.998s] -- Up-to-date: /home/dharmik.p45/Dharmik/berry_ws/install/franka_msgs/include/franka_msgs/franka_msgs/action/detail/error_recovery__functions.c
[1.999s] -- Up-to-date: /home/dharmik.p45/Dharmik/berry_ws/install/franka_msgs/include/franka_msgs/franka_msgs/action/detail/ptp_motion__functions.c
[1.999s] -- Up-to-date: /home/dharmik.p45/Dharmik/berry_ws/install/franka_msgs/include/franka_msgs/franka_msgs/action/detail/ptp_motion__struct.h
[1.999s] -- Up-to-date: /home/dharmik.p45/Dharmik/berry_ws/install/franka_msgs/include/franka_msgs/franka_msgs/action/detail/homing__functions.h
[1.999s] -- Up-to-date: /home/dharmik.p45/Dharmik/berry_ws/install/franka_msgs/include/franka_msgs/franka_msgs/action/detail/error_recovery__struct.h
[1.999s] -- Up-to-date: /home/dharmik.p45/Dharmik/berry_ws/install/franka_msgs/include/franka_msgs/franka_msgs/action/detail/grasp__functions.c
[1.999s] -- Up-to-date: /home/dharmik.p45/Dharmik/berry_ws/install/franka_msgs/include/franka_msgs/franka_msgs/action/detail/ptp_motion__functions.h
[1.999s] -- Up-to-date: /home/dharmik.p45/Dharmik/berry_ws/install/franka_msgs/include/franka_msgs/franka_msgs/action/detail/move__struct.h
[1.999s] -- Up-to-date: /home/dharmik.p45/Dharmik/berry_ws/install/franka_msgs/include/franka_msgs/franka_msgs/action/detail/ptp_motion__type_support.h
[1.999s] -- Up-to-date: /home/dharmik.p45/Dharmik/berry_ws/install/franka_msgs/include/franka_msgs/franka_msgs/action/detail/grasp__type_support.h
[1.999s] -- Up-to-date: /home/dharmik.p45/Dharmik/berry_ws/install/franka_msgs/include/franka_msgs/franka_msgs/action/detail/move__functions.c
[1.999s] -- Up-to-date: /home/dharmik.p45/Dharmik/berry_ws/install/franka_msgs/include/franka_msgs/franka_msgs/action/detail/error_recovery__type_support.h
[1.999s] -- Up-to-date: /home/dharmik.p45/Dharmik/berry_ws/install/franka_msgs/include/franka_msgs/franka_msgs/action/detail/move__functions.h
[1.999s] -- Up-to-date: /home/dharmik.p45/Dharmik/berry_ws/install/franka_msgs/include/franka_msgs/franka_msgs/action/detail/homing__struct.h
[1.999s] -- Up-to-date: /home/dharmik.p45/Dharmik/berry_ws/install/franka_msgs/share/franka_msgs/environment/library_path.sh
[1.999s] -- Installing: /home/dharmik.p45/Dharmik/berry_ws/install/franka_msgs/share/franka_msgs/environment/library_path.dsv
[1.999s] -- Up-to-date: /home/dharmik.p45/Dharmik/berry_ws/install/franka_msgs/lib/libfranka_msgs__rosidl_generator_c.so
[1.999s] -- Up-to-date: /home/dharmik.p45/Dharmik/berry_ws/install/franka_msgs/include/franka_msgs/franka_msgs
[2.000s] -- Up-to-date: /home/dharmik.p45/Dharmik/berry_ws/install/franka_msgs/include/franka_msgs/franka_msgs/srv
[2.000s] -- Up-to-date: /home/dharmik.p45/Dharmik/berry_ws/install/franka_msgs/include/franka_msgs/franka_msgs/srv/detail
[2.000s] -- Up-to-date: /home/dharmik.p45/Dharmik/berry_ws/install/franka_msgs/include/franka_msgs/franka_msgs/srv/detail/set_force_torque_collision_behavior__rosidl_typesupport_fastrtps_c.h
[2.000s] -- Up-to-date: /home/dharmik.p45/Dharmik/berry_ws/install/franka_msgs/include/franka_msgs/franka_msgs/srv/detail/set_cartesian_stiffness__rosidl_typesupport_fastrtps_c.h
[2.000s] -- Up-to-date: /home/dharmik.p45/Dharmik/berry_ws/install/franka_msgs/include/franka_msgs/franka_msgs/srv/detail/set_full_collision_behavior__rosidl_typesupport_fastrtps_c.h
[2.000s] -- Up-to-date: /home/dharmik.p45/Dharmik/berry_ws/install/franka_msgs/include/franka_msgs/franka_msgs/srv/detail/set_stiffness_frame__rosidl_typesupport_fastrtps_c.h
[2.000s] -- Up-to-date: /home/dharmik.p45/Dharmik/berry_ws/install/franka_msgs/include/franka_msgs/franka_msgs/srv/detail/set_joint_stiffness__rosidl_typesupport_fastrtps_c.h
[2.001s] -- Up-to-date: /home/dharmik.p45/Dharmik/berry_ws/install/franka_msgs/include/franka_msgs/franka_msgs/srv/detail/set_tcp_frame__rosidl_typesupport_fastrtps_c.h
[2.001s] -- Up-to-date: /home/dharmik.p45/Dharmik/berry_ws/install/franka_msgs/include/franka_msgs/franka_msgs/srv/detail/set_load__rosidl_typesupport_fastrtps_c.h
[2.001s] -- Up-to-date: /home/dharmik.p45/Dharmik/berry_ws/install/franka_msgs/include/franka_msgs/franka_msgs/msg
[2.001s] -- Up-to-date: /home/dharmik.p45/Dharmik/berry_ws/install/franka_msgs/include/franka_msgs/franka_msgs/msg/rosidl_typesupport_fastrtps_c__visibility_control.h
[2.002s] -- Up-to-date: /home/dharmik.p45/Dharmik/berry_ws/install/franka_msgs/include/franka_msgs/franka_msgs/msg/detail
[2.002s] -- Up-to-date: /home/dharmik.p45/Dharmik/berry_ws/install/franka_msgs/include/franka_msgs/franka_msgs/msg/detail/target_status__rosidl_typesupport_fastrtps_c.h
[2.002s] -- Up-to-date: /home/dharmik.p45/Dharmik/berry_ws/install/franka_msgs/include/franka_msgs/franka_msgs/msg/detail/grasp_epsilon__rosidl_typesupport_fastrtps_c.h
[2.002s] -- Up-to-date: /home/dharmik.p45/Dharmik/berry_ws/install/franka_msgs/include/franka_msgs/franka_msgs/msg/detail/collision_indicators__rosidl_typesupport_fastrtps_c.h
[2.002s] -- Up-to-date: /home/dharmik.p45/Dharmik/berry_ws/install/franka_msgs/include/franka_msgs/franka_msgs/msg/detail/elbow__rosidl_typesupport_fastrtps_c.h
[2.002s] -- Up-to-date: /home/dharmik.p45/Dharmik/berry_ws/install/franka_msgs/include/franka_msgs/franka_msgs/msg/detail/errors__rosidl_typesupport_fastrtps_c.h
[2.003s] -- Up-to-date: /home/dharmik.p45/Dharmik/berry_ws/install/franka_msgs/include/franka_msgs/franka_msgs/msg/detail/franka_robot_state__rosidl_typesupport_fastrtps_c.h
[2.003s] -- Up-to-date: /home/dharmik.p45/Dharmik/berry_ws/install/franka_msgs/include/franka_msgs/franka_msgs/action
[2.003s] -- Up-to-date: /home/dharmik.p45/Dharmik/berry_ws/install/franka_msgs/include/franka_msgs/franka_msgs/action/detail
[2.003s] -- Up-to-date: /home/dharmik.p45/Dharmik/berry_ws/install/franka_msgs/include/franka_msgs/franka_msgs/action/detail/homing__rosidl_typesupport_fastrtps_c.h
[2.003s] -- Up-to-date: /home/dharmik.p45/Dharmik/berry_ws/install/franka_msgs/include/franka_msgs/franka_msgs/action/detail/ptp_motion__rosidl_typesupport_fastrtps_c.h
[2.003s] -- Up-to-date: /home/dharmik.p45/Dharmik/berry_ws/install/franka_msgs/include/franka_msgs/franka_msgs/action/detail/error_recovery__rosidl_typesupport_fastrtps_c.h
[2.003s] -- Up-to-date: /home/dharmik.p45/Dharmik/berry_ws/install/franka_msgs/include/franka_msgs/franka_msgs/action/detail/grasp__rosidl_typesupport_fastrtps_c.h
[2.003s] -- Up-to-date: /home/dharmik.p45/Dharmik/berry_ws/install/franka_msgs/include/franka_msgs/franka_msgs/action/detail/move__rosidl_typesupport_fastrtps_c.h
[2.004s] -- Up-to-date: /home/dharmik.p45/Dharmik/berry_ws/install/franka_msgs/lib/libfranka_msgs__rosidl_typesupport_fastrtps_c.so
[2.004s] -- Up-to-date: /home/dharmik.p45/Dharmik/berry_ws/install/franka_msgs/include/franka_msgs/franka_msgs
[2.004s] -- Up-to-date: /home/dharmik.p45/Dharmik/berry_ws/install/franka_msgs/include/franka_msgs/franka_msgs/srv
[2.004s] -- Up-to-date: /home/dharmik.p45/Dharmik/berry_ws/install/franka_msgs/include/franka_msgs/franka_msgs/srv/detail
[2.004s] -- Up-to-date: /home/dharmik.p45/Dharmik/berry_ws/install/franka_msgs/include/franka_msgs/franka_msgs/srv/detail/set_cartesian_stiffness__type_support.c
[2.004s] -- Up-to-date: /home/dharmik.p45/Dharmik/berry_ws/install/franka_msgs/include/franka_msgs/franka_msgs/srv/detail/set_load__type_support.c
[2.004s] -- Up-to-date: /home/dharmik.p45/Dharmik/berry_ws/install/franka_msgs/include/franka_msgs/franka_msgs/srv/detail/set_load__rosidl_typesupport_introspection_c.h
[2.004s] -- Up-to-date: /home/dharmik.p45/Dharmik/berry_ws/install/franka_msgs/include/franka_msgs/franka_msgs/srv/detail/set_tcp_frame__rosidl_typesupport_introspection_c.h
[2.004s] -- Up-to-date: /home/dharmik.p45/Dharmik/berry_ws/install/franka_msgs/include/franka_msgs/franka_msgs/srv/detail/set_stiffness_frame__type_support.c
[2.005s] -- Up-to-date: /home/dharmik.p45/Dharmik/berry_ws/install/franka_msgs/include/franka_msgs/franka_msgs/srv/detail/set_tcp_frame__type_support.c
[2.005s] -- Up-to-date: /home/dharmik.p45/Dharmik/berry_ws/install/franka_msgs/include/franka_msgs/franka_msgs/srv/detail/set_joint_stiffness__type_support.c
[2.005s] -- Up-to-date: /home/dharmik.p45/Dharmik/berry_ws/install/franka_msgs/include/franka_msgs/franka_msgs/srv/detail/set_force_torque_collision_behavior__rosidl_typesupport_introspection_c.h
[2.005s] -- Up-to-date: /home/dharmik.p45/Dharmik/berry_ws/install/franka_msgs/include/franka_msgs/franka_msgs/srv/detail/set_full_collision_behavior__rosidl_typesupport_introspection_c.h
[2.005s] -- Up-to-date: /home/dharmik.p45/Dharmik/berry_ws/install/franka_msgs/include/franka_msgs/franka_msgs/srv/detail/set_stiffness_frame__rosidl_typesupport_introspection_c.h
[2.005s] -- Up-to-date: /home/dharmik.p45/Dharmik/berry_ws/install/franka_msgs/include/franka_msgs/franka_msgs/srv/detail/set_full_collision_behavior__type_support.c
[2.005s] -- Up-to-date: /home/dharmik.p45/Dharmik/berry_ws/install/franka_msgs/include/franka_msgs/franka_msgs/srv/detail/set_cartesian_stiffness__rosidl_typesupport_introspection_c.h
[2.005s] -- Up-to-date: /home/dharmik.p45/Dharmik/berry_ws/install/franka_msgs/include/franka_msgs/franka_msgs/srv/detail/set_force_torque_collision_behavior__type_support.c
[2.005s] -- Up-to-date: /home/dharmik.p45/Dharmik/berry_ws/install/franka_msgs/include/franka_msgs/franka_msgs/srv/detail/set_joint_stiffness__rosidl_typesupport_introspection_c.h
[2.006s] -- Up-to-date: /home/dharmik.p45/Dharmik/berry_ws/install/franka_msgs/include/franka_msgs/franka_msgs/msg
[2.006s] -- Up-to-date: /home/dharmik.p45/Dharmik/berry_ws/install/franka_msgs/include/franka_msgs/franka_msgs/msg/detail
[2.006s] -- Up-to-date: /home/dharmik.p45/Dharmik/berry_ws/install/franka_msgs/include/franka_msgs/franka_msgs/msg/detail/elbow__rosidl_typesupport_introspection_c.h
[2.006s] -- Up-to-date: /home/dharmik.p45/Dharmik/berry_ws/install/franka_msgs/include/franka_msgs/franka_msgs/msg/detail/collision_indicators__type_support.c
[2.006s] -- Up-to-date: /home/dharmik.p45/Dharmik/berry_ws/install/franka_msgs/include/franka_msgs/franka_msgs/msg/detail/elbow__type_support.c
[2.006s] -- Up-to-date: /home/dharmik.p45/Dharmik/berry_ws/install/franka_msgs/include/franka_msgs/franka_msgs/msg/detail/collision_indicators__rosidl_typesupport_introspection_c.h
[2.006s] -- Up-to-date: /home/dharmik.p45/Dharmik/berry_ws/install/franka_msgs/include/franka_msgs/franka_msgs/msg/detail/errors__type_support.c
[2.006s] -- Up-to-date: /home/dharmik.p45/Dharmik/berry_ws/install/franka_msgs/include/franka_msgs/franka_msgs/msg/detail/target_status__type_support.c
[2.007s] -- Up-to-date: /home/dharmik.p45/Dharmik/berry_ws/install/franka_msgs/include/franka_msgs/franka_msgs/msg/detail/franka_robot_state__rosidl_typesupport_introspection_c.h
[2.007s] -- Up-to-date: /home/dharmik.p45/Dharmik/berry_ws/install/franka_msgs/include/franka_msgs/franka_msgs/msg/detail/target_status__rosidl_typesupport_introspection_c.h
[2.007s] -- Up-to-date: /home/dharmik.p45/Dharmik/berry_ws/install/franka_msgs/include/franka_msgs/franka_msgs/msg/detail/errors__rosidl_typesupport_introspection_c.h
[2.007s] -- Up-to-date: /home/dharmik.p45/Dharmik/berry_ws/install/franka_msgs/include/franka_msgs/franka_msgs/msg/detail/grasp_epsilon__type_support.c
[2.007s] -- Up-to-date: /home/dharmik.p45/Dharmik/berry_ws/install/franka_msgs/include/franka_msgs/franka_msgs/msg/detail/franka_robot_state__type_support.c
[2.007s] -- Up-to-date: /home/dharmik.p45/Dharmik/berry_ws/install/franka_msgs/include/franka_msgs/franka_msgs/msg/detail/grasp_epsilon__rosidl_typesupport_introspection_c.h
[2.007s] -- Up-to-date: /home/dharmik.p45/Dharmik/berry_ws/install/franka_msgs/include/franka_msgs/franka_msgs/msg/rosidl_typesupport_introspection_c__visibility_control.h
[2.007s] -- Up-to-date: /home/dharmik.p45/Dharmik/berry_ws/install/franka_msgs/include/franka_msgs/franka_msgs/action
[2.007s] -- Up-to-date: /home/dharmik.p45/Dharmik/berry_ws/install/franka_msgs/include/franka_msgs/franka_msgs/action/detail
[2.008s] -- Up-to-date: /home/dharmik.p45/Dharmik/berry_ws/install/franka_msgs/include/franka_msgs/franka_msgs/action/detail/error_recovery__type_support.c
[2.008s] -- Up-to-date: /home/dharmik.p45/Dharmik/berry_ws/install/franka_msgs/include/franka_msgs/franka_msgs/action/detail/grasp__rosidl_typesupport_introspection_c.h
[2.008s] -- Up-to-date: /home/dharmik.p45/Dharmik/berry_ws/install/franka_msgs/include/franka_msgs/franka_msgs/action/detail/move__rosidl_typesupport_introspection_c.h
[2.008s] -- Up-to-date: /home/dharmik.p45/Dharmik/berry_ws/install/franka_msgs/include/franka_msgs/franka_msgs/action/detail/ptp_motion__rosidl_typesupport_introspection_c.h
[2.008s] -- Up-to-date: /home/dharmik.p45/Dharmik/berry_ws/install/franka_msgs/include/franka_msgs/franka_msgs/action/detail/homing__type_support.c
[2.008s] -- Up-to-date: /home/dharmik.p45/Dharmik/berry_ws/install/franka_msgs/include/franka_msgs/franka_msgs/action/detail/move__type_support.c
[2.008s] -- Up-to-date: /home/dharmik.p45/Dharmik/berry_ws/install/franka_msgs/include/franka_msgs/franka_msgs/action/detail/ptp_motion__type_support.c
[2.008s] -- Up-to-date: /home/dharmik.p45/Dharmik/berry_ws/install/franka_msgs/include/franka_msgs/franka_msgs/action/detail/grasp__type_support.c
[2.008s] -- Up-to-date: /home/dharmik.p45/Dharmik/berry_ws/install/franka_msgs/include/franka_msgs/franka_msgs/action/detail/homing__rosidl_typesupport_introspection_c.h
[2.008s] -- Up-to-date: /home/dharmik.p45/Dharmik/berry_ws/install/franka_msgs/include/franka_msgs/franka_msgs/action/detail/error_recovery__rosidl_typesupport_introspection_c.h
[2.008s] -- Up-to-date: /home/dharmik.p45/Dharmik/berry_ws/install/franka_msgs/lib/libfranka_msgs__rosidl_typesupport_introspection_c.so
[2.008s] -- Up-to-date: /home/dharmik.p45/Dharmik/berry_ws/install/franka_msgs/lib/libfranka_msgs__rosidl_typesupport_c.so
[2.009s] -- Up-to-date: /home/dharmik.p45/Dharmik/berry_ws/install/franka_msgs/include/franka_msgs/franka_msgs
[2.009s] -- Up-to-date: /home/dharmik.p45/Dharmik/berry_ws/install/franka_msgs/include/franka_msgs/franka_msgs/srv
[2.009s] -- Up-to-date: /home/dharmik.p45/Dharmik/berry_ws/install/franka_msgs/include/franka_msgs/franka_msgs/srv/set_force_torque_collision_behavior.hpp
[2.009s] -- Up-to-date: /home/dharmik.p45/Dharmik/berry_ws/install/franka_msgs/include/franka_msgs/franka_msgs/srv/set_stiffness_frame.hpp
[2.009s] -- Up-to-date: /home/dharmik.p45/Dharmik/berry_ws/install/franka_msgs/include/franka_msgs/franka_msgs/srv/set_load.hpp
[2.009s] -- Up-to-date: /home/dharmik.p45/Dharmik/berry_ws/install/franka_msgs/include/franka_msgs/franka_msgs/srv/set_cartesian_stiffness.hpp
[2.009s] -- Up-to-date: /home/dharmik.p45/Dharmik/berry_ws/install/franka_msgs/include/franka_msgs/franka_msgs/srv/set_tcp_frame.hpp
[2.009s] -- Up-to-date: /home/dharmik.p45/Dharmik/berry_ws/install/franka_msgs/include/franka_msgs/franka_msgs/srv/set_joint_stiffness.hpp
[2.009s] -- Up-to-date: /home/dharmik.p45/Dharmik/berry_ws/install/franka_msgs/include/franka_msgs/franka_msgs/srv/set_full_collision_behavior.hpp
[2.009s] -- Up-to-date: /home/dharmik.p45/Dharmik/berry_ws/install/franka_msgs/include/franka_msgs/franka_msgs/srv/detail
[2.009s] -- Up-to-date: /home/dharmik.p45/Dharmik/berry_ws/install/franka_msgs/include/franka_msgs/franka_msgs/srv/detail/set_stiffness_frame__struct.hpp
[2.010s] -- Up-to-date: /home/dharmik.p45/Dharmik/berry_ws/install/franka_msgs/include/franka_msgs/franka_msgs/srv/detail/set_joint_stiffness__struct.hpp
[2.010s] -- Up-to-date: /home/dharmik.p45/Dharmik/berry_ws/install/franka_msgs/include/franka_msgs/franka_msgs/srv/detail/set_cartesian_stiffness__traits.hpp
[2.010s] -- Up-to-date: /home/dharmik.p45/Dharmik/berry_ws/install/franka_msgs/include/franka_msgs/franka_msgs/srv/detail/set_force_torque_collision_behavior__builder.hpp
[2.010s] -- Up-to-date: /home/dharmik.p45/Dharmik/berry_ws/install/franka_msgs/include/franka_msgs/franka_msgs/srv/detail/set_stiffness_frame__type_support.hpp
[2.010s] -- Up-to-date: /home/dharmik.p45/Dharmik/berry_ws/install/franka_msgs/include/franka_msgs/franka_msgs/srv/detail/set_joint_stiffness__builder.hpp
[2.010s] -- Up-to-date: /home/dharmik.p45/Dharmik/berry_ws/install/franka_msgs/include/franka_msgs/franka_msgs/srv/detail/set_joint_stiffness__type_support.hpp
[2.010s] -- Up-to-date: /home/dharmik.p45/Dharmik/berry_ws/install/franka_msgs/include/franka_msgs/franka_msgs/srv/detail/set_load__struct.hpp
[2.010s] -- Up-to-date: /home/dharmik.p45/Dharmik/berry_ws/install/franka_msgs/include/franka_msgs/franka_msgs/srv/detail/set_load__type_support.hpp
[2.010s] -- Up-to-date: /home/dharmik.p45/Dharmik/berry_ws/install/franka_msgs/include/franka_msgs/franka_msgs/srv/detail/set_tcp_frame__traits.hpp
[2.010s] -- Up-to-date: /home/dharmik.p45/Dharmik/berry_ws/install/franka_msgs/include/franka_msgs/franka_msgs/srv/detail/set_stiffness_frame__traits.hpp
[2.010s] -- Up-to-date: /home/dharmik.p45/Dharmik/berry_ws/install/franka_msgs/include/franka_msgs/franka_msgs/srv/detail/set_full_collision_behavior__struct.hpp
[2.010s] -- Up-to-date: /home/dharmik.p45/Dharmik/berry_ws/install/franka_msgs/include/franka_msgs/franka_msgs/srv/detail/set_force_torque_collision_behavior__type_support.hpp
[2.010s] -- Up-to-date: /home/dharmik.p45/Dharmik/berry_ws/install/franka_msgs/include/franka_msgs/franka_msgs/srv/detail/set_stiffness_frame__builder.hpp
[2.010s] -- Up-to-date: /home/dharmik.p45/Dharmik/berry_ws/install/franka_msgs/include/franka_msgs/franka_msgs/srv/detail/set_full_collision_behavior__traits.hpp
[2.010s] -- Up-to-date: /home/dharmik.p45/Dharmik/berry_ws/install/franka_msgs/include/franka_msgs/franka_msgs/srv/detail/set_cartesian_stiffness__builder.hpp
[2.010s] -- Up-to-date: /home/dharmik.p45/Dharmik/berry_ws/install/franka_msgs/include/franka_msgs/franka_msgs/srv/detail/set_load__traits.hpp
[2.010s] -- Up-to-date: /home/dharmik.p45/Dharmik/berry_ws/install/franka_msgs/include/franka_msgs/franka_msgs/srv/detail/set_full_collision_behavior__builder.hpp
[2.010s] -- Up-to-date: /home/dharmik.p45/Dharmik/berry_ws/install/franka_msgs/include/franka_msgs/franka_msgs/srv/detail/set_joint_stiffness__traits.hpp
[2.010s] -- Up-to-date: /home/dharmik.p45/Dharmik/berry_ws/install/franka_msgs/include/franka_msgs/franka_msgs/srv/detail/set_load__builder.hpp
[2.010s] -- Up-to-date: /home/dharmik.p45/Dharmik/berry_ws/install/franka_msgs/include/franka_msgs/franka_msgs/srv/detail/set_cartesian_stiffness__struct.hpp
[2.010s] -- Up-to-date: /home/dharmik.p45/Dharmik/berry_ws/install/franka_msgs/include/franka_msgs/franka_msgs/srv/detail/set_tcp_frame__builder.hpp
[2.010s] -- Up-to-date: /home/dharmik.p45/Dharmik/berry_ws/install/franka_msgs/include/franka_msgs/franka_msgs/srv/detail/set_cartesian_stiffness__type_support.hpp
[2.010s] -- Up-to-date: /home/dharmik.p45/Dharmik/berry_ws/install/franka_msgs/include/franka_msgs/franka_msgs/srv/detail/set_tcp_frame__struct.hpp
[2.011s] -- Up-to-date: /home/dharmik.p45/Dharmik/berry_ws/install/franka_msgs/include/franka_msgs/franka_msgs/srv/detail/set_full_collision_behavior__type_support.hpp
[2.011s] -- Up-to-date: /home/dharmik.p45/Dharmik/berry_ws/install/franka_msgs/include/franka_msgs/franka_msgs/srv/detail/set_force_torque_collision_behavior__traits.hpp
[2.011s] -- Up-to-date: /home/dharmik.p45/Dharmik/berry_ws/install/franka_msgs/include/franka_msgs/franka_msgs/srv/detail/set_force_torque_collision_behavior__struct.hpp
[2.011s] -- Up-to-date: /home/dharmik.p45/Dharmik/berry_ws/install/franka_msgs/include/franka_msgs/franka_msgs/srv/detail/set_tcp_frame__type_support.hpp
[2.011s] -- Up-to-date: /home/dharmik.p45/Dharmik/berry_ws/install/franka_msgs/include/franka_msgs/franka_msgs/msg
[2.011s] -- Up-to-date: /home/dharmik.p45/Dharmik/berry_ws/install/franka_msgs/include/franka_msgs/franka_msgs/msg/errors.hpp
[2.011s] -- Up-to-date: /home/dharmik.p45/Dharmik/berry_ws/install/franka_msgs/include/franka_msgs/franka_msgs/msg/target_status.hpp
[2.011s] -- Up-to-date: /home/dharmik.p45/Dharmik/berry_ws/install/franka_msgs/include/franka_msgs/franka_msgs/msg/rosidl_generator_cpp__visibility_control.hpp
[2.011s] -- Up-to-date: /home/dharmik.p45/Dharmik/berry_ws/install/franka_msgs/include/franka_msgs/franka_msgs/msg/franka_robot_state.hpp
[2.011s] -- Up-to-date: /home/dharmik.p45/Dharmik/berry_ws/install/franka_msgs/include/franka_msgs/franka_msgs/msg/elbow.hpp
[2.011s] -- Up-to-date: /home/dharmik.p45/Dharmik/berry_ws/install/franka_msgs/include/franka_msgs/franka_msgs/msg/collision_indicators.hpp
[2.011s] -- Up-to-date: /home/dharmik.p45/Dharmik/berry_ws/install/franka_msgs/include/franka_msgs/franka_msgs/msg/detail
[2.011s] -- Up-to-date: /home/dharmik.p45/Dharmik/berry_ws/install/franka_msgs/include/franka_msgs/franka_msgs/msg/detail/elbow__traits.hpp
[2.011s] -- Up-to-date: /home/dharmik.p45/Dharmik/berry_ws/install/franka_msgs/include/franka_msgs/franka_msgs/msg/detail/grasp_epsilon__builder.hpp
[2.011s] -- Up-to-date: /home/dharmik.p45/Dharmik/berry_ws/install/franka_msgs/include/franka_msgs/franka_msgs/msg/detail/franka_robot_state__traits.hpp
[2.011s] -- Up-to-date: /home/dharmik.p45/Dharmik/berry_ws/install/franka_msgs/include/franka_msgs/franka_msgs/msg/detail/franka_robot_state__type_support.hpp
[2.011s] -- Up-to-date: /home/dharmik.p45/Dharmik/berry_ws/install/franka_msgs/include/franka_msgs/franka_msgs/msg/detail/target_status__builder.hpp
[2.011s] -- Up-to-date: /home/dharmik.p45/Dharmik/berry_ws/install/franka_msgs/include/franka_msgs/franka_msgs/msg/detail/errors__builder.hpp
[2.011s] -- Up-to-date: /home/dharmik.p45/Dharmik/berry_ws/install/franka_msgs/include/franka_msgs/franka_msgs/msg/detail/target_status__struct.hpp
[2.011s] -- Up-to-date: /home/dharmik.p45/Dharmik/berry_ws/install/franka_msgs/include/franka_msgs/franka_msgs/msg/detail/collision_indicators__type_support.hpp
[2.011s] -- Up-to-date: /home/dharmik.p45/Dharmik/berry_ws/install/franka_msgs/include/franka_msgs/franka_msgs/msg/detail/elbow__struct.hpp
[2.011s] -- Up-to-date: /home/dharmik.p45/Dharmik/berry_ws/install/franka_msgs/include/franka_msgs/franka_msgs/msg/detail/franka_robot_state__struct.hpp
[2.011s] -- Up-to-date: /home/dharmik.p45/Dharmik/berry_ws/install/franka_msgs/include/franka_msgs/franka_msgs/msg/detail/target_status__type_support.hpp
[2.011s] -- Up-to-date: /home/dharmik.p45/Dharmik/berry_ws/install/franka_msgs/include/franka_msgs/franka_msgs/msg/detail/grasp_epsilon__traits.hpp
[2.011s] -- Up-to-date: /home/dharmik.p45/Dharmik/berry_ws/install/franka_msgs/include/franka_msgs/franka_msgs/msg/detail/collision_indicators__struct.hpp
[2.011s] -- Up-to-date: /home/dharmik.p45/Dharmik/berry_ws/install/franka_msgs/include/franka_msgs/franka_msgs/msg/detail/errors__traits.hpp
[2.011s] -- Up-to-date: /home/dharmik.p45/Dharmik/berry_ws/install/franka_msgs/include/franka_msgs/franka_msgs/msg/detail/errors__type_support.hpp
[2.011s] -- Up-to-date: /home/dharmik.p45/Dharmik/berry_ws/install/franka_msgs/include/franka_msgs/franka_msgs/msg/detail/errors__struct.hpp
[2.011s] -- Up-to-date: /home/dharmik.p45/Dharmik/berry_ws/install/franka_msgs/include/franka_msgs/franka_msgs/msg/detail/franka_robot_state__builder.hpp
[2.011s] -- Up-to-date: /home/dharmik.p45/Dharmik/berry_ws/install/franka_msgs/include/franka_msgs/franka_msgs/msg/detail/collision_indicators__traits.hpp
[2.012s] -- Up-to-date: /home/dharmik.p45/Dharmik/berry_ws/install/franka_msgs/include/franka_msgs/franka_msgs/msg/detail/elbow__builder.hpp
[2.012s] -- Up-to-date: /home/dharmik.p45/Dharmik/berry_ws/install/franka_msgs/include/franka_msgs/franka_msgs/msg/detail/collision_indicators__builder.hpp
[2.012s] -- Up-to-date: /home/dharmik.p45/Dharmik/berry_ws/install/franka_msgs/include/franka_msgs/franka_msgs/msg/detail/grasp_epsilon__type_support.hpp
[2.012s] -- Up-to-date: /home/dharmik.p45/Dharmik/berry_ws/install/franka_msgs/include/franka_msgs/franka_msgs/msg/detail/elbow__type_support.hpp
[2.012s] -- Up-to-date: /home/dharmik.p45/Dharmik/berry_ws/install/franka_msgs/include/franka_msgs/franka_msgs/msg/detail/grasp_epsilon__struct.hpp
[2.012s] -- Up-to-date: /home/dharmik.p45/Dharmik/berry_ws/install/franka_msgs/include/franka_msgs/franka_msgs/msg/detail/target_status__traits.hpp
[2.012s] -- Up-to-date: /home/dharmik.p45/Dharmik/berry_ws/install/franka_msgs/include/franka_msgs/franka_msgs/msg/grasp_epsilon.hpp
[2.012s] -- Up-to-date: /home/dharmik.p45/Dharmik/berry_ws/install/franka_msgs/include/franka_msgs/franka_msgs/action
[2.012s] -- Up-to-date: /home/dharmik.p45/Dharmik/berry_ws/install/franka_msgs/include/franka_msgs/franka_msgs/action/homing.hpp
[2.012s] -- Up-to-date: /home/dharmik.p45/Dharmik/berry_ws/install/franka_msgs/include/franka_msgs/franka_msgs/action/move.hpp
[2.012s] -- Up-to-date: /home/dharmik.p45/Dharmik/berry_ws/install/franka_msgs/include/franka_msgs/franka_msgs/action/error_recovery.hpp
[2.012s] -- Up-to-date: /home/dharmik.p45/Dharmik/berry_ws/install/franka_msgs/include/franka_msgs/franka_msgs/action/grasp.hpp
[2.012s] -- Up-to-date: /home/dharmik.p45/Dharmik/berry_ws/install/franka_msgs/include/franka_msgs/franka_msgs/action/ptp_motion.hpp
[2.012s] -- Up-to-date: /home/dharmik.p45/Dharmik/berry_ws/install/franka_msgs/include/franka_msgs/franka_msgs/action/detail
[2.012s] -- Up-to-date: /home/dharmik.p45/Dharmik/berry_ws/install/franka_msgs/include/franka_msgs/franka_msgs/action/detail/error_recovery__builder.hpp
[2.012s] -- Up-to-date: /home/dharmik.p45/Dharmik/berry_ws/install/franka_msgs/include/franka_msgs/franka_msgs/action/detail/homing__builder.hpp
[2.012s] -- Up-to-date: /home/dharmik.p45/Dharmik/berry_ws/install/franka_msgs/include/franka_msgs/franka_msgs/action/detail/error_recovery__type_support.hpp
[2.012s] -- Up-to-date: /home/dharmik.p45/Dharmik/berry_ws/install/franka_msgs/include/franka_msgs/franka_msgs/action/detail/homing__traits.hpp
[2.012s] -- Up-to-date: /home/dharmik.p45/Dharmik/berry_ws/install/franka_msgs/include/franka_msgs/franka_msgs/action/detail/move__builder.hpp
[2.012s] -- Up-to-date: /home/dharmik.p45/Dharmik/berry_ws/install/franka_msgs/include/franka_msgs/franka_msgs/action/detail/homing__type_support.hpp
[2.012s] -- Up-to-date: /home/dharmik.p45/Dharmik/berry_ws/install/franka_msgs/include/franka_msgs/franka_msgs/action/detail/ptp_motion__traits.hpp
[2.012s] -- Up-to-date: /home/dharmik.p45/Dharmik/berry_ws/install/franka_msgs/include/franka_msgs/franka_msgs/action/detail/error_recovery__struct.hpp
[2.012s] -- Up-to-date: /home/dharmik.p45/Dharmik/berry_ws/install/franka_msgs/include/franka_msgs/franka_msgs/action/detail/error_recovery__traits.hpp
[2.012s] -- Up-to-date: /home/dharmik.p45/Dharmik/berry_ws/install/franka_msgs/include/franka_msgs/franka_msgs/action/detail/grasp__traits.hpp
[2.012s] -- Up-to-date: /home/dharmik.p45/Dharmik/berry_ws/install/franka_msgs/include/franka_msgs/franka_msgs/action/detail/ptp_motion__type_support.hpp
[2.012s] -- Up-to-date: /home/dharmik.p45/Dharmik/berry_ws/install/franka_msgs/include/franka_msgs/franka_msgs/action/detail/grasp__type_support.hpp
[2.012s] -- Up-to-date: /home/dharmik.p45/Dharmik/berry_ws/install/franka_msgs/include/franka_msgs/franka_msgs/action/detail/move__traits.hpp
[2.012s] -- Up-to-date: /home/dharmik.p45/Dharmik/berry_ws/install/franka_msgs/include/franka_msgs/franka_msgs/action/detail/move__type_support.hpp
[2.012s] -- Up-to-date: /home/dharmik.p45/Dharmik/berry_ws/install/franka_msgs/include/franka_msgs/franka_msgs/action/detail/ptp_motion__struct.hpp
[2.013s] -- Up-to-date: /home/dharmik.p45/Dharmik/berry_ws/install/franka_msgs/include/franka_msgs/franka_msgs/action/detail/move__struct.hpp
[2.013s] -- Up-to-date: /home/dharmik.p45/Dharmik/berry_ws/install/franka_msgs/include/franka_msgs/franka_msgs/action/detail/homing__struct.hpp
[2.013s] -- Up-to-date: /home/dharmik.p45/Dharmik/berry_ws/install/franka_msgs/include/franka_msgs/franka_msgs/action/detail/grasp__struct.hpp
[2.013s] -- Up-to-date: /home/dharmik.p45/Dharmik/berry_ws/install/franka_msgs/include/franka_msgs/franka_msgs/action/detail/grasp__builder.hpp
[2.013s] -- Up-to-date: /home/dharmik.p45/Dharmik/berry_ws/install/franka_msgs/include/franka_msgs/franka_msgs/action/detail/ptp_motion__builder.hpp
[2.013s] -- Up-to-date: /home/dharmik.p45/Dharmik/berry_ws/install/franka_msgs/include/franka_msgs/franka_msgs
[2.013s] -- Up-to-date: /home/dharmik.p45/Dharmik/berry_ws/install/franka_msgs/include/franka_msgs/franka_msgs/srv
[2.013s] -- Up-to-date: /home/dharmik.p45/Dharmik/berry_ws/install/franka_msgs/include/franka_msgs/franka_msgs/srv/detail
[2.013s] -- Up-to-date: /home/dharmik.p45/Dharmik/berry_ws/install/franka_msgs/include/franka_msgs/franka_msgs/srv/detail/set_tcp_frame__rosidl_typesupport_fastrtps_cpp.hpp
[2.013s] -- Up-to-date: /home/dharmik.p45/Dharmik/berry_ws/install/franka_msgs/include/franka_msgs/franka_msgs/srv/detail/set_stiffness_frame__rosidl_typesupport_fastrtps_cpp.hpp
[2.013s] -- Up-to-date: /home/dharmik.p45/Dharmik/berry_ws/install/franka_msgs/include/franka_msgs/franka_msgs/srv/detail/set_joint_stiffness__rosidl_typesupport_fastrtps_cpp.hpp
[2.013s] -- Up-to-date: /home/dharmik.p45/Dharmik/berry_ws/install/franka_msgs/include/franka_msgs/franka_msgs/srv/detail/set_full_collision_behavior__rosidl_typesupport_fastrtps_cpp.hpp
[2.013s] -- Up-to-date: /home/dharmik.p45/Dharmik/berry_ws/install/franka_msgs/include/franka_msgs/franka_msgs/srv/detail/set_force_torque_collision_behavior__rosidl_typesupport_fastrtps_cpp.hpp
[2.013s] -- Up-to-date: /home/dharmik.p45/Dharmik/berry_ws/install/franka_msgs/include/franka_msgs/franka_msgs/srv/detail/dds_fastrtps
[2.013s] -- Up-to-date: /home/dharmik.p45/Dharmik/berry_ws/install/franka_msgs/include/franka_msgs/franka_msgs/srv/detail/set_load__rosidl_typesupport_fastrtps_cpp.hpp
[2.013s] -- Up-to-date: /home/dharmik.p45/Dharmik/berry_ws/install/franka_msgs/include/franka_msgs/franka_msgs/srv/detail/set_cartesian_stiffness__rosidl_typesupport_fastrtps_cpp.hpp
[2.013s] -- Up-to-date: /home/dharmik.p45/Dharmik/berry_ws/install/franka_msgs/include/franka_msgs/franka_msgs/msg
[2.013s] -- Up-to-date: /home/dharmik.p45/Dharmik/berry_ws/install/franka_msgs/include/franka_msgs/franka_msgs/msg/rosidl_typesupport_fastrtps_cpp__visibility_control.h
[2.013s] -- Up-to-date: /home/dharmik.p45/Dharmik/berry_ws/install/franka_msgs/include/franka_msgs/franka_msgs/msg/detail
[2.013s] -- Up-to-date: /home/dharmik.p45/Dharmik/berry_ws/install/franka_msgs/include/franka_msgs/franka_msgs/msg/detail/franka_robot_state__rosidl_typesupport_fastrtps_cpp.hpp
[2.013s] -- Up-to-date: /home/dharmik.p45/Dharmik/berry_ws/install/franka_msgs/include/franka_msgs/franka_msgs/msg/detail/elbow__rosidl_typesupport_fastrtps_cpp.hpp
[2.013s] -- Up-to-date: /home/dharmik.p45/Dharmik/berry_ws/install/franka_msgs/include/franka_msgs/franka_msgs/msg/detail/errors__rosidl_typesupport_fastrtps_cpp.hpp
[2.013s] -- Up-to-date: /home/dharmik.p45/Dharmik/berry_ws/install/franka_msgs/include/franka_msgs/franka_msgs/msg/detail/dds_fastrtps
[2.013s] -- Up-to-date: /home/dharmik.p45/Dharmik/berry_ws/install/franka_msgs/include/franka_msgs/franka_msgs/msg/detail/target_status__rosidl_typesupport_fastrtps_cpp.hpp
[2.013s] -- Up-to-date: /home/dharmik.p45/Dharmik/berry_ws/install/franka_msgs/include/franka_msgs/franka_msgs/msg/detail/collision_indicators__rosidl_typesupport_fastrtps_cpp.hpp
[2.013s] -- Up-to-date: /home/dharmik.p45/Dharmik/berry_ws/install/franka_msgs/include/franka_msgs/franka_msgs/msg/detail/grasp_epsilon__rosidl_typesupport_fastrtps_cpp.hpp
[2.013s] -- Up-to-date: /home/dharmik.p45/Dharmik/berry_ws/install/franka_msgs/include/franka_msgs/franka_msgs/action
[2.013s] -- Up-to-date: /home/dharmik.p45/Dharmik/berry_ws/install/franka_msgs/include/franka_msgs/franka_msgs/action/detail
[2.013s] -- Up-to-date: /home/dharmik.p45/Dharmik/berry_ws/install/franka_msgs/include/franka_msgs/franka_msgs/action/detail/homing__rosidl_typesupport_fastrtps_cpp.hpp
[2.013s] -- Up-to-date: /home/dharmik.p45/Dharmik/berry_ws/install/franka_msgs/include/franka_msgs/franka_msgs/action/detail/dds_fastrtps
[2.014s] -- Up-to-date: /home/dharmik.p45/Dharmik/berry_ws/install/franka_msgs/include/franka_msgs/franka_msgs/action/detail/move__rosidl_typesupport_fastrtps_cpp.hpp
[2.014s] -- Up-to-date: /home/dharmik.p45/Dharmik/berry_ws/install/franka_msgs/include/franka_msgs/franka_msgs/action/detail/grasp__rosidl_typesupport_fastrtps_cpp.hpp
[2.014s] -- Up-to-date: /home/dharmik.p45/Dharmik/berry_ws/install/franka_msgs/include/franka_msgs/franka_msgs/action/detail/error_recovery__rosidl_typesupport_fastrtps_cpp.hpp
[2.014s] -- Up-to-date: /home/dharmik.p45/Dharmik/berry_ws/install/franka_msgs/include/franka_msgs/franka_msgs/action/detail/ptp_motion__rosidl_typesupport_fastrtps_cpp.hpp
[2.014s] -- Up-to-date: /home/dharmik.p45/Dharmik/berry_ws/install/franka_msgs/lib/libfranka_msgs__rosidl_typesupport_fastrtps_cpp.so
[2.014s] -- Up-to-date: /home/dharmik.p45/Dharmik/berry_ws/install/franka_msgs/include/franka_msgs/franka_msgs
[2.014s] -- Up-to-date: /home/dharmik.p45/Dharmik/berry_ws/install/franka_msgs/include/franka_msgs/franka_msgs/srv
[2.014s] -- Up-to-date: /home/dharmik.p45/Dharmik/berry_ws/install/franka_msgs/include/franka_msgs/franka_msgs/srv/detail
[2.014s] -- Up-to-date: /home/dharmik.p45/Dharmik/berry_ws/install/franka_msgs/include/franka_msgs/franka_msgs/srv/detail/set_tcp_frame__type_support.cpp
[2.014s] -- Up-to-date: /home/dharmik.p45/Dharmik/berry_ws/install/franka_msgs/include/franka_msgs/franka_msgs/srv/detail/set_force_torque_collision_behavior__type_support.cpp
[2.014s] -- Up-to-date: /home/dharmik.p45/Dharmik/berry_ws/install/franka_msgs/include/franka_msgs/franka_msgs/srv/detail/set_load__type_support.cpp
[2.015s] -- Up-to-date: /home/dharmik.p45/Dharmik/berry_ws/install/franka_msgs/include/franka_msgs/franka_msgs/srv/detail/set_load__rosidl_typesupport_introspection_cpp.hpp
[2.015s] -- Up-to-date: /home/dharmik.p45/Dharmik/berry_ws/install/franka_msgs/include/franka_msgs/franka_msgs/srv/detail/set_force_torque_collision_behavior__rosidl_typesupport_introspection_cpp.hpp
[2.015s] -- Up-to-date: /home/dharmik.p45/Dharmik/berry_ws/install/franka_msgs/include/franka_msgs/franka_msgs/srv/detail/set_joint_stiffness__type_support.cpp
[2.015s] -- Up-to-date: /home/dharmik.p45/Dharmik/berry_ws/install/franka_msgs/include/franka_msgs/franka_msgs/srv/detail/set_stiffness_frame__rosidl_typesupport_introspection_cpp.hpp
[2.015s] -- Up-to-date: /home/dharmik.p45/Dharmik/berry_ws/install/franka_msgs/include/franka_msgs/franka_msgs/srv/detail/set_full_collision_behavior__rosidl_typesupport_introspection_cpp.hpp
[2.015s] -- Up-to-date: /home/dharmik.p45/Dharmik/berry_ws/install/franka_msgs/include/franka_msgs/franka_msgs/srv/detail/set_tcp_frame__rosidl_typesupport_introspection_cpp.hpp
[2.015s] -- Up-to-date: /home/dharmik.p45/Dharmik/berry_ws/install/franka_msgs/include/franka_msgs/franka_msgs/srv/detail/set_cartesian_stiffness__type_support.cpp
[2.015s] -- Up-to-date: /home/dharmik.p45/Dharmik/berry_ws/install/franka_msgs/include/franka_msgs/franka_msgs/srv/detail/set_full_collision_behavior__type_support.cpp
[2.015s] -- Up-to-date: /home/dharmik.p45/Dharmik/berry_ws/install/franka_msgs/include/franka_msgs/franka_msgs/srv/detail/set_stiffness_frame__type_support.cpp
[2.015s] -- Up-to-date: /home/dharmik.p45/Dharmik/berry_ws/install/franka_msgs/include/franka_msgs/franka_msgs/srv/detail/set_cartesian_stiffness__rosidl_typesupport_introspection_cpp.hpp
[2.015s] -- Up-to-date: /home/dharmik.p45/Dharmik/berry_ws/install/franka_msgs/include/franka_msgs/franka_msgs/srv/detail/set_joint_stiffness__rosidl_typesupport_introspection_cpp.hpp
[2.015s] -- Up-to-date: /home/dharmik.p45/Dharmik/berry_ws/install/franka_msgs/include/franka_msgs/franka_msgs/msg
[2.015s] -- Up-to-date: /home/dharmik.p45/Dharmik/berry_ws/install/franka_msgs/include/franka_msgs/franka_msgs/msg/detail
[2.015s] -- Up-to-date: /home/dharmik.p45/Dharmik/berry_ws/install/franka_msgs/include/franka_msgs/franka_msgs/msg/detail/grasp_epsilon__type_support.cpp
[2.015s] -- Up-to-date: /home/dharmik.p45/Dharmik/berry_ws/install/franka_msgs/include/franka_msgs/franka_msgs/msg/detail/collision_indicators__type_support.cpp
[2.015s] -- Up-to-date: /home/dharmik.p45/Dharmik/berry_ws/install/franka_msgs/include/franka_msgs/franka_msgs/msg/detail/errors__rosidl_typesupport_introspection_cpp.hpp
[2.015s] -- Up-to-date: /home/dharmik.p45/Dharmik/berry_ws/install/franka_msgs/include/franka_msgs/franka_msgs/msg/detail/franka_robot_state__rosidl_typesupport_introspection_cpp.hpp
[2.015s] -- Up-to-date: /home/dharmik.p45/Dharmik/berry_ws/install/franka_msgs/include/franka_msgs/franka_msgs/msg/detail/errors__type_support.cpp
[2.015s] -- Up-to-date: /home/dharmik.p45/Dharmik/berry_ws/install/franka_msgs/include/franka_msgs/franka_msgs/msg/detail/collision_indicators__rosidl_typesupport_introspection_cpp.hpp
[2.015s] -- Up-to-date: /home/dharmik.p45/Dharmik/berry_ws/install/franka_msgs/include/franka_msgs/franka_msgs/msg/detail/elbow__rosidl_typesupport_introspection_cpp.hpp
[2.015s] -- Up-to-date: /home/dharmik.p45/Dharmik/berry_ws/install/franka_msgs/include/franka_msgs/franka_msgs/msg/detail/franka_robot_state__type_support.cpp
[2.015s] -- Up-to-date: /home/dharmik.p45/Dharmik/berry_ws/install/franka_msgs/include/franka_msgs/franka_msgs/msg/detail/target_status__type_support.cpp
[2.015s] -- Up-to-date: /home/dharmik.p45/Dharmik/berry_ws/install/franka_msgs/include/franka_msgs/franka_msgs/msg/detail/target_status__rosidl_typesupport_introspection_cpp.hpp
[2.015s] -- Up-to-date: /home/dharmik.p45/Dharmik/berry_ws/install/franka_msgs/include/franka_msgs/franka_msgs/msg/detail/elbow__type_support.cpp
[2.015s] -- Up-to-date: /home/dharmik.p45/Dharmik/berry_ws/install/franka_msgs/include/franka_msgs/franka_msgs/msg/detail/grasp_epsilon__rosidl_typesupport_introspection_cpp.hpp
[2.015s] -- Up-to-date: /home/dharmik.p45/Dharmik/berry_ws/install/franka_msgs/include/franka_msgs/franka_msgs/action
[2.015s] -- Up-to-date: /home/dharmik.p45/Dharmik/berry_ws/install/franka_msgs/include/franka_msgs/franka_msgs/action/detail
[2.015s] -- Up-to-date: /home/dharmik.p45/Dharmik/berry_ws/install/franka_msgs/include/franka_msgs/franka_msgs/action/detail/move__rosidl_typesupport_introspection_cpp.hpp
[2.016s] -- Up-to-date: /home/dharmik.p45/Dharmik/berry_ws/install/franka_msgs/include/franka_msgs/franka_msgs/action/detail/homing__rosidl_typesupport_introspection_cpp.hpp
[2.016s] -- Up-to-date: /home/dharmik.p45/Dharmik/berry_ws/install/franka_msgs/include/franka_msgs/franka_msgs/action/detail/grasp__rosidl_typesupport_introspection_cpp.hpp
[2.016s] -- Up-to-date: /home/dharmik.p45/Dharmik/berry_ws/install/franka_msgs/include/franka_msgs/franka_msgs/action/detail/move__type_support.cpp
[2.016s] -- Up-to-date: /home/dharmik.p45/Dharmik/berry_ws/install/franka_msgs/include/franka_msgs/franka_msgs/action/detail/error_recovery__type_support.cpp
[2.016s] -- Up-to-date: /home/dharmik.p45/Dharmik/berry_ws/install/franka_msgs/include/franka_msgs/franka_msgs/action/detail/grasp__type_support.cpp
[2.016s] -- Up-to-date: /home/dharmik.p45/Dharmik/berry_ws/install/franka_msgs/include/franka_msgs/franka_msgs/action/detail/ptp_motion__type_support.cpp
[2.016s] -- Up-to-date: /home/dharmik.p45/Dharmik/berry_ws/install/franka_msgs/include/franka_msgs/franka_msgs/action/detail/error_recovery__rosidl_typesupport_introspection_cpp.hpp
[2.016s] -- Up-to-date: /home/dharmik.p45/Dharmik/berry_ws/install/franka_msgs/include/franka_msgs/franka_msgs/action/detail/ptp_motion__rosidl_typesupport_introspection_cpp.hpp
[2.016s] -- Up-to-date: /home/dharmik.p45/Dharmik/berry_ws/install/franka_msgs/include/franka_msgs/franka_msgs/action/detail/homing__type_support.cpp
[2.016s] -- Up-to-date: /home/dharmik.p45/Dharmik/berry_ws/install/franka_msgs/lib/libfranka_msgs__rosidl_typesupport_introspection_cpp.so
[2.016s] -- Up-to-date: /home/dharmik.p45/Dharmik/berry_ws/install/franka_msgs/lib/libfranka_msgs__rosidl_typesupport_cpp.so
[2.016s] -- Up-to-date: /home/dharmik.p45/Dharmik/berry_ws/install/franka_msgs/share/franka_msgs/environment/pythonpath.sh
[2.016s] -- Installing: /home/dharmik.p45/Dharmik/berry_ws/install/franka_msgs/share/franka_msgs/environment/pythonpath.dsv
[2.016s] -- Up-to-date: /home/dharmik.p45/Dharmik/berry_ws/install/franka_msgs/local/lib/python3.10/dist-packages/franka_msgs-2.2.0-py3.10.egg-info
[2.016s] -- Installing: /home/dharmik.p45/Dharmik/berry_ws/install/franka_msgs/local/lib/python3.10/dist-packages/franka_msgs-2.2.0-py3.10.egg-info/PKG-INFO
[2.016s] -- Installing: /home/dharmik.p45/Dharmik/berry_ws/install/franka_msgs/local/lib/python3.10/dist-packages/franka_msgs-2.2.0-py3.10.egg-info/dependency_links.txt
[2.016s] -- Installing: /home/dharmik.p45/Dharmik/berry_ws/install/franka_msgs/local/lib/python3.10/dist-packages/franka_msgs-2.2.0-py3.10.egg-info/SOURCES.txt
[2.016s] -- Installing: /home/dharmik.p45/Dharmik/berry_ws/install/franka_msgs/local/lib/python3.10/dist-packages/franka_msgs-2.2.0-py3.10.egg-info/top_level.txt
[2.016s] -- Up-to-date: /home/dharmik.p45/Dharmik/berry_ws/install/franka_msgs/local/lib/python3.10/dist-packages/franka_msgs
[2.016s] -- Up-to-date: /home/dharmik.p45/Dharmik/berry_ws/install/franka_msgs/local/lib/python3.10/dist-packages/franka_msgs/franka_msgs_s__rosidl_typesupport_fastrtps_c.cpython-310-x86_64-linux-gnu.so
[2.016s] -- Up-to-date: /home/dharmik.p45/Dharmik/berry_ws/install/franka_msgs/local/lib/python3.10/dist-packages/franka_msgs/srv
[2.016s] -- Up-to-date: /home/dharmik.p45/Dharmik/berry_ws/install/franka_msgs/local/lib/python3.10/dist-packages/franka_msgs/srv/_set_full_collision_behavior.py
[2.016s] -- Up-to-date: /home/dharmik.p45/Dharmik/berry_ws/install/franka_msgs/local/lib/python3.10/dist-packages/franka_msgs/srv/_set_cartesian_stiffness.py
[2.016s] -- Up-to-date: /home/dharmik.p45/Dharmik/berry_ws/install/franka_msgs/local/lib/python3.10/dist-packages/franka_msgs/srv/_set_load_s.c
[2.016s] -- Up-to-date: /home/dharmik.p45/Dharmik/berry_ws/install/franka_msgs/local/lib/python3.10/dist-packages/franka_msgs/srv/_set_force_torque_collision_behavior.py
[2.016s] -- Up-to-date: /home/dharmik.p45/Dharmik/berry_ws/install/franka_msgs/local/lib/python3.10/dist-packages/franka_msgs/srv/_set_tcp_frame.py
[2.016s] -- Up-to-date: /home/dharmik.p45/Dharmik/berry_ws/install/franka_msgs/local/lib/python3.10/dist-packages/franka_msgs/srv/_set_stiffness_frame.py
[2.016s] -- Up-to-date: /home/dharmik.p45/Dharmik/berry_ws/install/franka_msgs/local/lib/python3.10/dist-packages/franka_msgs/srv/_set_full_collision_behavior_s.c
[2.016s] -- Up-to-date: /home/dharmik.p45/Dharmik/berry_ws/install/franka_msgs/local/lib/python3.10/dist-packages/franka_msgs/srv/_set_stiffness_frame_s.c
[2.017s] -- Up-to-date: /home/dharmik.p45/Dharmik/berry_ws/install/franka_msgs/local/lib/python3.10/dist-packages/franka_msgs/srv/__init__.py
[2.017s] -- Up-to-date: /home/dharmik.p45/Dharmik/berry_ws/install/franka_msgs/local/lib/python3.10/dist-packages/franka_msgs/srv/_set_joint_stiffness.py
[2.017s] -- Up-to-date: /home/dharmik.p45/Dharmik/berry_ws/install/franka_msgs/local/lib/python3.10/dist-packages/franka_msgs/srv/_set_force_torque_collision_behavior_s.c
[2.017s] -- Up-to-date: /home/dharmik.p45/Dharmik/berry_ws/install/franka_msgs/local/lib/python3.10/dist-packages/franka_msgs/srv/_set_cartesian_stiffness_s.c
[2.017s] -- Up-to-date: /home/dharmik.p45/Dharmik/berry_ws/install/franka_msgs/local/lib/python3.10/dist-packages/franka_msgs/srv/_set_tcp_frame_s.c
[2.017s] -- Up-to-date: /home/dharmik.p45/Dharmik/berry_ws/install/franka_msgs/local/lib/python3.10/dist-packages/franka_msgs/srv/_set_load.py
[2.017s] -- Up-to-date: /home/dharmik.p45/Dharmik/berry_ws/install/franka_msgs/local/lib/python3.10/dist-packages/franka_msgs/srv/_set_joint_stiffness_s.c
[2.017s] -- Up-to-date: /home/dharmik.p45/Dharmik/berry_ws/install/franka_msgs/local/lib/python3.10/dist-packages/franka_msgs/franka_msgs_s__rosidl_typesupport_introspection_c.cpython-310-x86_64-linux-gnu.so
[2.017s] -- Up-to-date: /home/dharmik.p45/Dharmik/berry_ws/install/franka_msgs/local/lib/python3.10/dist-packages/franka_msgs/_franka_msgs_s.ep.rosidl_typesupport_fastrtps_c.c
[2.017s] -- Up-to-date: /home/dharmik.p45/Dharmik/berry_ws/install/franka_msgs/local/lib/python3.10/dist-packages/franka_msgs/franka_msgs_s__rosidl_typesupport_c.cpython-310-x86_64-linux-gnu.so
[2.017s] -- Installing: /home/dharmik.p45/Dharmik/berry_ws/install/franka_msgs/local/lib/python3.10/dist-packages/franka_msgs/__init__.py
[2.017s] -- Up-to-date: /home/dharmik.p45/Dharmik/berry_ws/install/franka_msgs/local/lib/python3.10/dist-packages/franka_msgs/msg
[2.017s] -- Up-to-date: /home/dharmik.p45/Dharmik/berry_ws/install/franka_msgs/local/lib/python3.10/dist-packages/franka_msgs/msg/_errors.py
[2.017s] -- Up-to-date: /home/dharmik.p45/Dharmik/berry_ws/install/franka_msgs/local/lib/python3.10/dist-packages/franka_msgs/msg/_elbow.py
[2.017s] -- Up-to-date: /home/dharmik.p45/Dharmik/berry_ws/install/franka_msgs/local/lib/python3.10/dist-packages/franka_msgs/msg/_errors_s.c
[2.017s] -- Up-to-date: /home/dharmik.p45/Dharmik/berry_ws/install/franka_msgs/local/lib/python3.10/dist-packages/franka_msgs/msg/_franka_robot_state.py
[2.017s] -- Up-to-date: /home/dharmik.p45/Dharmik/berry_ws/install/franka_msgs/local/lib/python3.10/dist-packages/franka_msgs/msg/_target_status_s.c
[2.017s] -- Up-to-date: /home/dharmik.p45/Dharmik/berry_ws/install/franka_msgs/local/lib/python3.10/dist-packages/franka_msgs/msg/_elbow_s.c
[2.017s] -- Up-to-date: /home/dharmik.p45/Dharmik/berry_ws/install/franka_msgs/local/lib/python3.10/dist-packages/franka_msgs/msg/__init__.py
[2.017s] -- Up-to-date: /home/dharmik.p45/Dharmik/berry_ws/install/franka_msgs/local/lib/python3.10/dist-packages/franka_msgs/msg/_target_status.py
[2.017s] -- Up-to-date: /home/dharmik.p45/Dharmik/berry_ws/install/franka_msgs/local/lib/python3.10/dist-packages/franka_msgs/msg/_collision_indicators.py
[2.017s] -- Up-to-date: /home/dharmik.p45/Dharmik/berry_ws/install/franka_msgs/local/lib/python3.10/dist-packages/franka_msgs/msg/_collision_indicators_s.c
[2.017s] -- Up-to-date: /home/dharmik.p45/Dharmik/berry_ws/install/franka_msgs/local/lib/python3.10/dist-packages/franka_msgs/msg/_grasp_epsilon.py
[2.017s] -- Up-to-date: /home/dharmik.p45/Dharmik/berry_ws/install/franka_msgs/local/lib/python3.10/dist-packages/franka_msgs/msg/_franka_robot_state_s.c
[2.017s] -- Up-to-date: /home/dharmik.p45/Dharmik/berry_ws/install/franka_msgs/local/lib/python3.10/dist-packages/franka_msgs/msg/_grasp_epsilon_s.c
[2.017s] -- Up-to-date: /home/dharmik.p45/Dharmik/berry_ws/install/franka_msgs/local/lib/python3.10/dist-packages/franka_msgs/_franka_msgs_s.ep.rosidl_typesupport_introspection_c.c
[2.017s] -- Up-to-date: /home/dharmik.p45/Dharmik/berry_ws/install/franka_msgs/local/lib/python3.10/dist-packages/franka_msgs/_franka_msgs_s.ep.rosidl_typesupport_c.c
[2.018s] -- Up-to-date: /home/dharmik.p45/Dharmik/berry_ws/install/franka_msgs/local/lib/python3.10/dist-packages/franka_msgs/libfranka_msgs__rosidl_generator_py.so
[2.018s] -- Up-to-date: /home/dharmik.p45/Dharmik/berry_ws/install/franka_msgs/local/lib/python3.10/dist-packages/franka_msgs/action
[2.018s] -- Up-to-date: /home/dharmik.p45/Dharmik/berry_ws/install/franka_msgs/local/lib/python3.10/dist-packages/franka_msgs/action/_grasp.py
[2.018s] -- Up-to-date: /home/dharmik.p45/Dharmik/berry_ws/install/franka_msgs/local/lib/python3.10/dist-packages/franka_msgs/action/_homing.py
[2.018s] -- Up-to-date: /home/dharmik.p45/Dharmik/berry_ws/install/franka_msgs/local/lib/python3.10/dist-packages/franka_msgs/action/_move.py
[2.018s] -- Up-to-date: /home/dharmik.p45/Dharmik/berry_ws/install/franka_msgs/local/lib/python3.10/dist-packages/franka_msgs/action/__init__.py
[2.018s] -- Up-to-date: /home/dharmik.p45/Dharmik/berry_ws/install/franka_msgs/local/lib/python3.10/dist-packages/franka_msgs/action/_error_recovery.py
[2.018s] -- Up-to-date: /home/dharmik.p45/Dharmik/berry_ws/install/franka_msgs/local/lib/python3.10/dist-packages/franka_msgs/action/_ptp_motion.py
[2.018s] -- Up-to-date: /home/dharmik.p45/Dharmik/berry_ws/install/franka_msgs/local/lib/python3.10/dist-packages/franka_msgs/action/_error_recovery_s.c
[2.018s] -- Up-to-date: /home/dharmik.p45/Dharmik/berry_ws/install/franka_msgs/local/lib/python3.10/dist-packages/franka_msgs/action/_homing_s.c
[2.018s] -- Up-to-date: /home/dharmik.p45/Dharmik/berry_ws/install/franka_msgs/local/lib/python3.10/dist-packages/franka_msgs/action/_ptp_motion_s.c
[2.018s] -- Up-to-date: /home/dharmik.p45/Dharmik/berry_ws/install/franka_msgs/local/lib/python3.10/dist-packages/franka_msgs/action/_grasp_s.c
[2.018s] -- Up-to-date: /home/dharmik.p45/Dharmik/berry_ws/install/franka_msgs/local/lib/python3.10/dist-packages/franka_msgs/action/_move_s.c
[2.028s] Listing '/home/dharmik.p45/Dharmik/berry_ws/install/franka_msgs/local/lib/python3.10/dist-packages/franka_msgs'...
[2.028s] Compiling '/home/dharmik.p45/Dharmik/berry_ws/install/franka_msgs/local/lib/python3.10/dist-packages/franka_msgs/__init__.py'...
[2.028s] Listing '/home/dharmik.p45/Dharmik/berry_ws/install/franka_msgs/local/lib/python3.10/dist-packages/franka_msgs/action'...
[2.028s] Listing '/home/dharmik.p45/Dharmik/berry_ws/install/franka_msgs/local/lib/python3.10/dist-packages/franka_msgs/msg'...
[2.028s] Listing '/home/dharmik.p45/Dharmik/berry_ws/install/franka_msgs/local/lib/python3.10/dist-packages/franka_msgs/srv'...
[2.031s] -- Up-to-date: /home/dharmik.p45/Dharmik/berry_ws/install/franka_msgs/local/lib/python3.10/dist-packages/franka_msgs/franka_msgs_s__rosidl_typesupport_fastrtps_c.cpython-310-x86_64-linux-gnu.so
[2.032s] -- Up-to-date: /home/dharmik.p45/Dharmik/berry_ws/install/franka_msgs/local/lib/python3.10/dist-packages/franka_msgs/franka_msgs_s__rosidl_typesupport_introspection_c.cpython-310-x86_64-linux-gnu.so
[2.032s] -- Up-to-date: /home/dharmik.p45/Dharmik/berry_ws/install/franka_msgs/local/lib/python3.10/dist-packages/franka_msgs/franka_msgs_s__rosidl_typesupport_c.cpython-310-x86_64-linux-gnu.so
[2.032s] -- Up-to-date: /home/dharmik.p45/Dharmik/berry_ws/install/franka_msgs/lib/libfranka_msgs__rosidl_generator_py.so
[2.032s] -- Up-to-date: /home/dharmik.p45/Dharmik/berry_ws/install/franka_msgs/share/franka_msgs/action/ErrorRecovery.idl
[2.032s] -- Up-to-date: /home/dharmik.p45/Dharmik/berry_ws/install/franka_msgs/share/franka_msgs/action/Grasp.idl
[2.032s] -- Up-to-date: /home/dharmik.p45/Dharmik/berry_ws/install/franka_msgs/share/franka_msgs/action/Homing.idl
[2.033s] -- Up-to-date: /home/dharmik.p45/Dharmik/berry_ws/install/franka_msgs/share/franka_msgs/action/Move.idl
[2.033s] -- Up-to-date: /home/dharmik.p45/Dharmik/berry_ws/install/franka_msgs/share/franka_msgs/action/PTPMotion.idl
[2.033s] -- Up-to-date: /home/dharmik.p45/Dharmik/berry_ws/install/franka_msgs/share/franka_msgs/msg/CollisionIndicators.idl
[2.033s] -- Up-to-date: /home/dharmik.p45/Dharmik/berry_ws/install/franka_msgs/share/franka_msgs/msg/Elbow.idl
[2.033s] -- Up-to-date: /home/dharmik.p45/Dharmik/berry_ws/install/franka_msgs/share/franka_msgs/msg/Errors.idl
[2.033s] -- Up-to-date: /home/dharmik.p45/Dharmik/berry_ws/install/franka_msgs/share/franka_msgs/msg/FrankaRobotState.idl
[2.033s] -- Up-to-date: /home/dharmik.p45/Dharmik/berry_ws/install/franka_msgs/share/franka_msgs/msg/GraspEpsilon.idl
[2.034s] -- Up-to-date: /home/dharmik.p45/Dharmik/berry_ws/install/franka_msgs/share/franka_msgs/msg/TargetStatus.idl
[2.034s] -- Up-to-date: /home/dharmik.p45/Dharmik/berry_ws/install/franka_msgs/share/franka_msgs/srv/SetCartesianStiffness.idl
[2.034s] -- Up-to-date: /home/dharmik.p45/Dharmik/berry_ws/install/franka_msgs/share/franka_msgs/srv/SetTCPFrame.idl
[2.034s] -- Up-to-date: /home/dharmik.p45/Dharmik/berry_ws/install/franka_msgs/share/franka_msgs/srv/SetForceTorqueCollisionBehavior.idl
[2.034s] -- Up-to-date: /home/dharmik.p45/Dharmik/berry_ws/install/franka_msgs/share/franka_msgs/srv/SetFullCollisionBehavior.idl
[2.034s] -- Up-to-date: /home/dharmik.p45/Dharmik/berry_ws/install/franka_msgs/share/franka_msgs/srv/SetJointStiffness.idl
[2.034s] -- Up-to-date: /home/dharmik.p45/Dharmik/berry_ws/install/franka_msgs/share/franka_msgs/srv/SetStiffnessFrame.idl
[2.035s] -- Up-to-date: /home/dharmik.p45/Dharmik/berry_ws/install/franka_msgs/share/franka_msgs/srv/SetLoad.idl
[2.035s] -- Up-to-date: /home/dharmik.p45/Dharmik/berry_ws/install/franka_msgs/share/franka_msgs/action/ErrorRecovery.action
[2.035s] -- Up-to-date: /home/dharmik.p45/Dharmik/berry_ws/install/franka_msgs/share/franka_msgs/action/Grasp.action
[2.035s] -- Up-to-date: /home/dharmik.p45/Dharmik/berry_ws/install/franka_msgs/share/franka_msgs/action/Homing.action
[2.035s] -- Up-to-date: /home/dharmik.p45/Dharmik/berry_ws/install/franka_msgs/share/franka_msgs/action/Move.action
[2.035s] -- Up-to-date: /home/dharmik.p45/Dharmik/berry_ws/install/franka_msgs/share/franka_msgs/action/PTPMotion.action
[2.035s] -- Up-to-date: /home/dharmik.p45/Dharmik/berry_ws/install/franka_msgs/share/franka_msgs/msg/CollisionIndicators.msg
[2.036s] -- Up-to-date: /home/dharmik.p45/Dharmik/berry_ws/install/franka_msgs/share/franka_msgs/msg/Elbow.msg
[2.036s] -- Up-to-date: /home/dharmik.p45/Dharmik/berry_ws/install/franka_msgs/share/franka_msgs/msg/Errors.msg
[2.036s] -- Up-to-date: /home/dharmik.p45/Dharmik/berry_ws/install/franka_msgs/share/franka_msgs/msg/FrankaRobotState.msg
[2.036s] -- Up-to-date: /home/dharmik.p45/Dharmik/berry_ws/install/franka_msgs/share/franka_msgs/msg/GraspEpsilon.msg
[2.036s] -- Up-to-date: /home/dharmik.p45/Dharmik/berry_ws/install/franka_msgs/share/franka_msgs/msg/TargetStatus.msg
[2.036s] -- Up-to-date: /home/dharmik.p45/Dharmik/berry_ws/install/franka_msgs/share/franka_msgs/srv/SetCartesianStiffness.srv
[2.036s] -- Up-to-date: /home/dharmik.p45/Dharmik/berry_ws/install/franka_msgs/share/franka_msgs/srv/SetCartesianStiffness_Request.msg
[2.036s] -- Up-to-date: /home/dharmik.p45/Dharmik/berry_ws/install/franka_msgs/share/franka_msgs/srv/SetCartesianStiffness_Response.msg
[2.036s] -- Up-to-date: /home/dharmik.p45/Dharmik/berry_ws/install/franka_msgs/share/franka_msgs/srv/SetTCPFrame.srv
[2.037s] -- Up-to-date: /home/dharmik.p45/Dharmik/berry_ws/install/franka_msgs/share/franka_msgs/srv/SetTCPFrame_Request.msg
[2.037s] -- Up-to-date: /home/dharmik.p45/Dharmik/berry_ws/install/franka_msgs/share/franka_msgs/srv/SetTCPFrame_Response.msg
[2.037s] -- Up-to-date: /home/dharmik.p45/Dharmik/berry_ws/install/franka_msgs/share/franka_msgs/srv/SetForceTorqueCollisionBehavior.srv
[2.037s] -- Up-to-date: /home/dharmik.p45/Dharmik/berry_ws/install/franka_msgs/share/franka_msgs/srv/SetForceTorqueCollisionBehavior_Request.msg
[2.037s] -- Up-to-date: /home/dharmik.p45/Dharmik/berry_ws/install/franka_msgs/share/franka_msgs/srv/SetForceTorqueCollisionBehavior_Response.msg
[2.037s] -- Up-to-date: /home/dharmik.p45/Dharmik/berry_ws/install/franka_msgs/share/franka_msgs/srv/SetFullCollisionBehavior.srv
[2.037s] -- Up-to-date: /home/dharmik.p45/Dharmik/berry_ws/install/franka_msgs/share/franka_msgs/srv/SetFullCollisionBehavior_Request.msg
[2.037s] -- Up-to-date: /home/dharmik.p45/Dharmik/berry_ws/install/franka_msgs/share/franka_msgs/srv/SetFullCollisionBehavior_Response.msg
[2.037s] -- Up-to-date: /home/dharmik.p45/Dharmik/berry_ws/install/franka_msgs/share/franka_msgs/srv/SetJointStiffness.srv
[2.038s] -- Up-to-date: /home/dharmik.p45/Dharmik/berry_ws/install/franka_msgs/share/franka_msgs/srv/SetJointStiffness_Request.msg
[2.038s] -- Up-to-date: /home/dharmik.p45/Dharmik/berry_ws/install/franka_msgs/share/franka_msgs/srv/SetJointStiffness_Response.msg
[2.038s] -- Up-to-date: /home/dharmik.p45/Dharmik/berry_ws/install/franka_msgs/share/franka_msgs/srv/SetStiffnessFrame.srv
[2.038s] -- Up-to-date: /home/dharmik.p45/Dharmik/berry_ws/install/franka_msgs/share/franka_msgs/srv/SetStiffnessFrame_Request.msg
[2.038s] -- Up-to-date: /home/dharmik.p45/Dharmik/berry_ws/install/franka_msgs/share/franka_msgs/srv/SetStiffnessFrame_Response.msg
[2.038s] -- Up-to-date: /home/dharmik.p45/Dharmik/berry_ws/install/franka_msgs/share/franka_msgs/srv/SetLoad.srv
[2.038s] -- Up-to-date: /home/dharmik.p45/Dharmik/berry_ws/install/franka_msgs/share/franka_msgs/srv/SetLoad_Request.msg
[2.038s] -- Up-to-date: /home/dharmik.p45/Dharmik/berry_ws/install/franka_msgs/share/franka_msgs/srv/SetLoad_Response.msg
[2.039s] -- Up-to-date: /home/dharmik.p45/Dharmik/berry_ws/install/franka_msgs/share/ament_index/resource_index/package_run_dependencies/franka_msgs
[2.039s] -- Up-to-date: /home/dharmik.p45/Dharmik/berry_ws/install/franka_msgs/share/ament_index/resource_index/parent_prefix_path/franka_msgs
[2.039s] -- Up-to-date: /home/dharmik.p45/Dharmik/berry_ws/install/franka_msgs/share/franka_msgs/environment/ament_prefix_path.sh
[2.039s] -- Installing: /home/dharmik.p45/Dharmik/berry_ws/install/franka_msgs/share/franka_msgs/environment/ament_prefix_path.dsv
[2.039s] -- Up-to-date: /home/dharmik.p45/Dharmik/berry_ws/install/franka_msgs/share/franka_msgs/environment/path.sh
[2.039s] -- Installing: /home/dharmik.p45/Dharmik/berry_ws/install/franka_msgs/share/franka_msgs/environment/path.dsv
[2.039s] -- Up-to-date: /home/dharmik.p45/Dharmik/berry_ws/install/franka_msgs/share/franka_msgs/local_setup.bash
[2.039s] -- Up-to-date: /home/dharmik.p45/Dharmik/berry_ws/install/franka_msgs/share/franka_msgs/local_setup.sh
[2.039s] -- Up-to-date: /home/dharmik.p45/Dharmik/berry_ws/install/franka_msgs/share/franka_msgs/local_setup.zsh
[2.039s] -- Installing: /home/dharmik.p45/Dharmik/berry_ws/install/franka_msgs/share/franka_msgs/local_setup.dsv
[2.039s] -- Installing: /home/dharmik.p45/Dharmik/berry_ws/install/franka_msgs/share/franka_msgs/package.dsv
[2.040s] -- Up-to-date: /home/dharmik.p45/Dharmik/berry_ws/install/franka_msgs/share/ament_index/resource_index/packages/franka_msgs
[2.040s] -- Up-to-date: /home/dharmik.p45/Dharmik/berry_ws/install/franka_msgs/share/franka_msgs/cmake/export_franka_msgs__rosidl_generator_cExport.cmake
[2.040s] -- Up-to-date: /home/dharmik.p45/Dharmik/berry_ws/install/franka_msgs/share/franka_msgs/cmake/export_franka_msgs__rosidl_generator_cExport-release.cmake
[2.040s] -- Up-to-date: /home/dharmik.p45/Dharmik/berry_ws/install/franka_msgs/share/franka_msgs/cmake/export_franka_msgs__rosidl_typesupport_fastrtps_cExport.cmake
[2.040s] -- Up-to-date: /home/dharmik.p45/Dharmik/berry_ws/install/franka_msgs/share/franka_msgs/cmake/export_franka_msgs__rosidl_typesupport_fastrtps_cExport-release.cmake
[2.040s] -- Up-to-date: /home/dharmik.p45/Dharmik/berry_ws/install/franka_msgs/share/franka_msgs/cmake/franka_msgs__rosidl_typesupport_introspection_cExport.cmake
[2.040s] -- Up-to-date: /home/dharmik.p45/Dharmik/berry_ws/install/franka_msgs/share/franka_msgs/cmake/franka_msgs__rosidl_typesupport_introspection_cExport-release.cmake
[2.040s] -- Up-to-date: /home/dharmik.p45/Dharmik/berry_ws/install/franka_msgs/share/franka_msgs/cmake/franka_msgs__rosidl_typesupport_cExport.cmake
[2.040s] -- Up-to-date: /home/dharmik.p45/Dharmik/berry_ws/install/franka_msgs/share/franka_msgs/cmake/franka_msgs__rosidl_typesupport_cExport-release.cmake
[2.040s] -- Up-to-date: /home/dharmik.p45/Dharmik/berry_ws/install/franka_msgs/share/franka_msgs/cmake/export_franka_msgs__rosidl_generator_cppExport.cmake
[2.040s] -- Up-to-date: /home/dharmik.p45/Dharmik/berry_ws/install/franka_msgs/share/franka_msgs/cmake/export_franka_msgs__rosidl_typesupport_fastrtps_cppExport.cmake
[2.041s] -- Up-to-date: /home/dharmik.p45/Dharmik/berry_ws/install/franka_msgs/share/franka_msgs/cmake/export_franka_msgs__rosidl_typesupport_fastrtps_cppExport-release.cmake
[2.041s] -- Up-to-date: /home/dharmik.p45/Dharmik/berry_ws/install/franka_msgs/share/franka_msgs/cmake/franka_msgs__rosidl_typesupport_introspection_cppExport.cmake
[2.042s] -- Up-to-date: /home/dharmik.p45/Dharmik/berry_ws/install/franka_msgs/share/franka_msgs/cmake/franka_msgs__rosidl_typesupport_introspection_cppExport-release.cmake
[2.042s] -- Up-to-date: /home/dharmik.p45/Dharmik/berry_ws/install/franka_msgs/share/franka_msgs/cmake/franka_msgs__rosidl_typesupport_cppExport.cmake
[2.042s] -- Up-to-date: /home/dharmik.p45/Dharmik/berry_ws/install/franka_msgs/share/franka_msgs/cmake/franka_msgs__rosidl_typesupport_cppExport-release.cmake
[2.043s] -- Up-to-date: /home/dharmik.p45/Dharmik/berry_ws/install/franka_msgs/share/franka_msgs/cmake/export_franka_msgs__rosidl_generator_pyExport.cmake
[2.043s] -- Up-to-date: /home/dharmik.p45/Dharmik/berry_ws/install/franka_msgs/share/franka_msgs/cmake/export_franka_msgs__rosidl_generator_pyExport-release.cmake
[2.043s] -- Up-to-date: /home/dharmik.p45/Dharmik/berry_ws/install/franka_msgs/share/franka_msgs/cmake/rosidl_cmake-extras.cmake
[2.043s] -- Up-to-date: /home/dharmik.p45/Dharmik/berry_ws/install/franka_msgs/share/franka_msgs/cmake/ament_cmake_export_dependencies-extras.cmake
[2.043s] -- Up-to-date: /home/dharmik.p45/Dharmik/berry_ws/install/franka_msgs/share/franka_msgs/cmake/ament_cmake_export_include_directories-extras.cmake
[2.043s] -- Up-to-date: /home/dharmik.p45/Dharmik/berry_ws/install/franka_msgs/share/franka_msgs/cmake/ament_cmake_export_libraries-extras.cmake
[2.043s] -- Up-to-date: /home/dharmik.p45/Dharmik/berry_ws/install/franka_msgs/share/franka_msgs/cmake/ament_cmake_export_targets-extras.cmake
[2.043s] -- Up-to-date: /home/dharmik.p45/Dharmik/berry_ws/install/franka_msgs/share/franka_msgs/cmake/rosidl_cmake_export_typesupport_targets-extras.cmake
[2.044s] -- Up-to-date: /home/dharmik.p45/Dharmik/berry_ws/install/franka_msgs/share/franka_msgs/cmake/rosidl_cmake_export_typesupport_libraries-extras.cmake
[2.044s] -- Up-to-date: /home/dharmik.p45/Dharmik/berry_ws/install/franka_msgs/share/franka_msgs/cmake/franka_msgsConfig.cmake
[2.044s] -- Up-to-date: /home/dharmik.p45/Dharmik/berry_ws/install/franka_msgs/share/franka_msgs/cmake/franka_msgsConfig-version.cmake
[2.044s] -- Up-to-date: /home/dharmik.p45/Dharmik/berry_ws/install/franka_msgs/share/franka_msgs/package.xml
[2.044s] Invoked command in '/home/dharmik.p45/Dharmik/berry_ws/build/franka_msgs' returned '0': CMAKE_PREFIX_PATH=/opt/ros/humble /usr/bin/cmake --install /home/dharmik.p45/Dharmik/berry_ws/build/franka_msgs
