[0.020s] Invoking command in '/home/dharmik.p45/Dharmik/berry_ws/build/franka_msgs': CMAKE_PREFIX_PATH=/opt/ros/humble /usr/bin/cmake --build /home/dharmik.p45/Dharmik/berry_ws/build/franka_msgs -- -j16 -l16
[0.064s] [35m[1mConsolidate compiler generated dependencies of target franka_msgs__rosidl_generator_c[0m
[0.069s] [  0%] Built target franka_msgs__cpp
[0.075s] [  0%] Built target ament_cmake_python_copy_franka_msgs
[0.080s] [35m[1mConsolidate compiler generated dependencies of target franka_msgs__rosidl_typesupport_cpp[0m
[0.080s] [35m[1mConsolidate compiler generated dependencies of target franka_msgs__rosidl_typesupport_introspection_cpp[0m
[0.084s] [35m[1mConsolidate compiler generated dependencies of target franka_msgs__rosidl_typesupport_fastrtps_cpp[0m
[0.089s] [ 12%] Built target franka_msgs__rosidl_generator_c
[0.099s] [35m[1mConsolidate compiler generated dependencies of target franka_msgs__rosidl_typesupport_introspection_c[0m
[0.102s] [35m[1mConsolidate compiler generated dependencies of target franka_msgs__rosidl_typesupport_c[0m
[0.105s] [35m[1mConsolidate compiler generated dependencies of target franka_msgs__rosidl_typesupport_fastrtps_c[0m
[0.108s] [ 24%] Built target franka_msgs__rosidl_typesupport_cpp
[0.108s] [ 36%] Built target franka_msgs__rosidl_typesupport_introspection_cpp
[0.117s] [ 48%] Built target franka_msgs__rosidl_typesupport_fastrtps_cpp
[0.119s] [ 60%] Built target franka_msgs__rosidl_typesupport_introspection_c
[0.126s] [ 72%] Built target franka_msgs__rosidl_typesupport_c
[0.134s] [ 84%] Built target franka_msgs__rosidl_typesupport_fastrtps_c
[0.151s] [ 84%] Built target franka_msgs
[0.170s] [ 85%] Built target franka_msgs__py
[0.180s] [35m[1mConsolidate compiler generated dependencies of target franka_msgs__rosidl_generator_py[0m
[0.210s] [ 96%] Built target franka_msgs__rosidl_generator_py
[0.218s] [35m[1mConsolidate compiler generated dependencies of target franka_msgs__rosidl_typesupport_introspection_c__pyext[0m
[0.218s] [35m[1mConsolidate compiler generated dependencies of target franka_msgs__rosidl_typesupport_fastrtps_c__pyext[0m
[0.221s] [35m[1mConsolidate compiler generated dependencies of target franka_msgs__rosidl_typesupport_c__pyext[0m
[0.233s] [ 98%] Built target franka_msgs__rosidl_typesupport_introspection_c__pyext
[0.237s] [ 99%] Built target franka_msgs__rosidl_typesupport_fastrtps_c__pyext
[0.239s] [100%] Built target franka_msgs__rosidl_typesupport_c__pyext
[0.253s] running egg_info
[0.253s] writing franka_msgs.egg-info/PKG-INFO
[0.253s] writing dependency_links to franka_msgs.egg-info/dependency_links.txt
[0.253s] writing top-level names to franka_msgs.egg-info/top_level.txt
[0.255s] reading manifest file 'franka_msgs.egg-info/SOURCES.txt'
[0.255s] writing manifest file 'franka_msgs.egg-info/SOURCES.txt'
[0.275s] [100%] Built target ament_cmake_python_build_franka_msgs_egg
[0.284s] Invoked command in '/home/dharmik.p45/Dharmik/berry_ws/build/franka_msgs' returned '0': CMAKE_PREFIX_PATH=/opt/ros/humble /usr/bin/cmake --build /home/dharmik.p45/Dharmik/berry_ws/build/franka_msgs -- -j16 -l16
[0.286s] Invoking command in '/home/dharmik.p45/Dharmik/berry_ws/build/franka_msgs': CMAKE_PREFIX_PATH=/opt/ros/humble /usr/bin/cmake --install /home/dharmik.p45/Dharmik/berry_ws/build/franka_msgs
[0.290s] -- Install configuration: "Release"
[0.291s] -- Up-to-date: /home/dharmik.p45/Dharmik/berry_ws/install/franka_msgs/share/ament_index/resource_index/rosidl_interfaces/franka_msgs
[0.291s] -- Up-to-date: /home/dharmik.p45/Dharmik/berry_ws/install/franka_msgs/include/franka_msgs/franka_msgs
[0.291s] -- Up-to-date: /home/dharmik.p45/Dharmik/berry_ws/install/franka_msgs/include/franka_msgs/franka_msgs/srv
[0.291s] -- Up-to-date: /home/dharmik.p45/Dharmik/berry_ws/install/franka_msgs/include/franka_msgs/franka_msgs/srv/set_full_collision_behavior.h
[0.291s] -- Up-to-date: /home/dharmik.p45/Dharmik/berry_ws/install/franka_msgs/include/franka_msgs/franka_msgs/srv/set_force_torque_collision_behavior.h
[0.291s] -- Up-to-date: /home/dharmik.p45/Dharmik/berry_ws/install/franka_msgs/include/franka_msgs/franka_msgs/srv/set_tcp_frame.h
[0.291s] -- Up-to-date: /home/dharmik.p45/Dharmik/berry_ws/install/franka_msgs/include/franka_msgs/franka_msgs/srv/set_joint_stiffness.h
[0.292s] -- Up-to-date: /home/dharmik.p45/Dharmik/berry_ws/install/franka_msgs/include/franka_msgs/franka_msgs/srv/detail
[0.292s] -- Up-to-date: /home/dharmik.p45/Dharmik/berry_ws/install/franka_msgs/include/franka_msgs/franka_msgs/srv/detail/set_load__struct.h
[0.292s] -- Up-to-date: /home/dharmik.p45/Dharmik/berry_ws/install/franka_msgs/include/franka_msgs/franka_msgs/srv/detail/set_tcp_frame__type_support.h
[0.292s] -- Up-to-date: /home/dharmik.p45/Dharmik/berry_ws/install/franka_msgs/include/franka_msgs/franka_msgs/srv/detail/set_force_torque_collision_behavior__functions.h
[0.292s] -- Up-to-date: /home/dharmik.p45/Dharmik/berry_ws/install/franka_msgs/include/franka_msgs/franka_msgs/srv/detail/set_force_torque_collision_behavior__struct.h
[0.292s] -- Up-to-date: /home/dharmik.p45/Dharmik/berry_ws/install/franka_msgs/include/franka_msgs/franka_msgs/srv/detail/set_load__functions.c
[0.292s] -- Up-to-date: /home/dharmik.p45/Dharmik/berry_ws/install/franka_msgs/include/franka_msgs/franka_msgs/srv/detail/set_cartesian_stiffness__functions.c
[0.292s] -- Up-to-date: /home/dharmik.p45/Dharmik/berry_ws/install/franka_msgs/include/franka_msgs/franka_msgs/srv/detail/set_joint_stiffness__functions.h
[0.292s] -- Up-to-date: /home/dharmik.p45/Dharmik/berry_ws/install/franka_msgs/include/franka_msgs/franka_msgs/srv/detail/set_full_collision_behavior__type_support.h
[0.293s] -- Up-to-date: /home/dharmik.p45/Dharmik/berry_ws/install/franka_msgs/include/franka_msgs/franka_msgs/srv/detail/set_stiffness_frame__functions.h
[0.293s] -- Up-to-date: /home/dharmik.p45/Dharmik/berry_ws/install/franka_msgs/include/franka_msgs/franka_msgs/srv/detail/set_cartesian_stiffness__functions.h
[0.293s] -- Up-to-date: /home/dharmik.p45/Dharmik/berry_ws/install/franka_msgs/include/franka_msgs/franka_msgs/srv/detail/set_full_collision_behavior__struct.h
[0.293s] -- Up-to-date: /home/dharmik.p45/Dharmik/berry_ws/install/franka_msgs/include/franka_msgs/franka_msgs/srv/detail/set_stiffness_frame__struct.h
[0.293s] -- Up-to-date: /home/dharmik.p45/Dharmik/berry_ws/install/franka_msgs/include/franka_msgs/franka_msgs/srv/detail/set_stiffness_frame__type_support.h
[0.293s] -- Up-to-date: /home/dharmik.p45/Dharmik/berry_ws/install/franka_msgs/include/franka_msgs/franka_msgs/srv/detail/set_force_torque_collision_behavior__type_support.h
[0.293s] -- Up-to-date: /home/dharmik.p45/Dharmik/berry_ws/install/franka_msgs/include/franka_msgs/franka_msgs/srv/detail/set_cartesian_stiffness__type_support.h
[0.293s] -- Up-to-date: /home/dharmik.p45/Dharmik/berry_ws/install/franka_msgs/include/franka_msgs/franka_msgs/srv/detail/set_load__functions.h
[0.293s] -- Up-to-date: /home/dharmik.p45/Dharmik/berry_ws/install/franka_msgs/include/franka_msgs/franka_msgs/srv/detail/set_full_collision_behavior__functions.h
[0.294s] -- Up-to-date: /home/dharmik.p45/Dharmik/berry_ws/install/franka_msgs/include/franka_msgs/franka_msgs/srv/detail/set_joint_stiffness__struct.h
[0.294s] -- Up-to-date: /home/dharmik.p45/Dharmik/berry_ws/install/franka_msgs/include/franka_msgs/franka_msgs/srv/detail/set_cartesian_stiffness__struct.h
[0.294s] -- Up-to-date: /home/dharmik.p45/Dharmik/berry_ws/install/franka_msgs/include/franka_msgs/franka_msgs/srv/detail/set_stiffness_frame__functions.c
[0.294s] -- Up-to-date: /home/dharmik.p45/Dharmik/berry_ws/install/franka_msgs/include/franka_msgs/franka_msgs/srv/detail/set_joint_stiffness__functions.c
[0.294s] -- Up-to-date: /home/dharmik.p45/Dharmik/berry_ws/install/franka_msgs/include/franka_msgs/franka_msgs/srv/detail/set_tcp_frame__functions.h
[0.294s] -- Up-to-date: /home/dharmik.p45/Dharmik/berry_ws/install/franka_msgs/include/franka_msgs/franka_msgs/srv/detail/set_full_collision_behavior__functions.c
[0.294s] -- Up-to-date: /home/dharmik.p45/Dharmik/berry_ws/install/franka_msgs/include/franka_msgs/franka_msgs/srv/detail/set_joint_stiffness__type_support.h
[0.294s] -- Up-to-date: /home/dharmik.p45/Dharmik/berry_ws/install/franka_msgs/include/franka_msgs/franka_msgs/srv/detail/set_tcp_frame__functions.c
[0.294s] -- Up-to-date: /home/dharmik.p45/Dharmik/berry_ws/install/franka_msgs/include/franka_msgs/franka_msgs/srv/detail/set_tcp_frame__struct.h
[0.294s] -- Up-to-date: /home/dharmik.p45/Dharmik/berry_ws/install/franka_msgs/include/franka_msgs/franka_msgs/srv/detail/set_load__type_support.h
[0.295s] -- Up-to-date: /home/dharmik.p45/Dharmik/berry_ws/install/franka_msgs/include/franka_msgs/franka_msgs/srv/detail/set_force_torque_collision_behavior__functions.c
[0.295s] -- Up-to-date: /home/dharmik.p45/Dharmik/berry_ws/install/franka_msgs/include/franka_msgs/franka_msgs/srv/set_load.h
[0.295s] -- Up-to-date: /home/dharmik.p45/Dharmik/berry_ws/install/franka_msgs/include/franka_msgs/franka_msgs/srv/set_stiffness_frame.h
[0.295s] -- Up-to-date: /home/dharmik.p45/Dharmik/berry_ws/install/franka_msgs/include/franka_msgs/franka_msgs/srv/set_cartesian_stiffness.h
[0.295s] -- Up-to-date: /home/dharmik.p45/Dharmik/berry_ws/install/franka_msgs/include/franka_msgs/franka_msgs/msg
[0.295s] -- Up-to-date: /home/dharmik.p45/Dharmik/berry_ws/install/franka_msgs/include/franka_msgs/franka_msgs/msg/franka_robot_state.h
[0.295s] -- Up-to-date: /home/dharmik.p45/Dharmik/berry_ws/install/franka_msgs/include/franka_msgs/franka_msgs/msg/rosidl_generator_c__visibility_control.h
[0.295s] -- Up-to-date: /home/dharmik.p45/Dharmik/berry_ws/install/franka_msgs/include/franka_msgs/franka_msgs/msg/elbow.h
[0.295s] -- Up-to-date: /home/dharmik.p45/Dharmik/berry_ws/install/franka_msgs/include/franka_msgs/franka_msgs/msg/grasp_epsilon.h
[0.295s] -- Up-to-date: /home/dharmik.p45/Dharmik/berry_ws/install/franka_msgs/include/franka_msgs/franka_msgs/msg/collision_indicators.h
[0.296s] -- Up-to-date: /home/dharmik.p45/Dharmik/berry_ws/install/franka_msgs/include/franka_msgs/franka_msgs/msg/errors.h
[0.296s] -- Up-to-date: /home/dharmik.p45/Dharmik/berry_ws/install/franka_msgs/include/franka_msgs/franka_msgs/msg/detail
[0.296s] -- Up-to-date: /home/dharmik.p45/Dharmik/berry_ws/install/franka_msgs/include/franka_msgs/franka_msgs/msg/detail/collision_indicators__type_support.h
[0.296s] -- Up-to-date: /home/dharmik.p45/Dharmik/berry_ws/install/franka_msgs/include/franka_msgs/franka_msgs/msg/detail/errors__struct.h
[0.296s] -- Up-to-date: /home/dharmik.p45/Dharmik/berry_ws/install/franka_msgs/include/franka_msgs/franka_msgs/msg/detail/target_status__functions.h
[0.296s] -- Up-to-date: /home/dharmik.p45/Dharmik/berry_ws/install/franka_msgs/include/franka_msgs/franka_msgs/msg/detail/elbow__functions.h
[0.296s] -- Up-to-date: /home/dharmik.p45/Dharmik/berry_ws/install/franka_msgs/include/franka_msgs/franka_msgs/msg/detail/grasp_epsilon__functions.c
[0.296s] -- Up-to-date: /home/dharmik.p45/Dharmik/berry_ws/install/franka_msgs/include/franka_msgs/franka_msgs/msg/detail/errors__functions.h
[0.296s] -- Up-to-date: /home/dharmik.p45/Dharmik/berry_ws/install/franka_msgs/include/franka_msgs/franka_msgs/msg/detail/elbow__functions.c
[0.296s] -- Up-to-date: /home/dharmik.p45/Dharmik/berry_ws/install/franka_msgs/include/franka_msgs/franka_msgs/msg/detail/franka_robot_state__functions.c
[0.296s] -- Up-to-date: /home/dharmik.p45/Dharmik/berry_ws/install/franka_msgs/include/franka_msgs/franka_msgs/msg/detail/elbow__struct.h
[0.297s] -- Up-to-date: /home/dharmik.p45/Dharmik/berry_ws/install/franka_msgs/include/franka_msgs/franka_msgs/msg/detail/grasp_epsilon__type_support.h
[0.297s] -- Up-to-date: /home/dharmik.p45/Dharmik/berry_ws/install/franka_msgs/include/franka_msgs/franka_msgs/msg/detail/franka_robot_state__type_support.h
[0.297s] -- Up-to-date: /home/dharmik.p45/Dharmik/berry_ws/install/franka_msgs/include/franka_msgs/franka_msgs/msg/detail/collision_indicators__functions.c
[0.297s] -- Up-to-date: /home/dharmik.p45/Dharmik/berry_ws/install/franka_msgs/include/franka_msgs/franka_msgs/msg/detail/franka_robot_state__functions.h
[0.297s] -- Up-to-date: /home/dharmik.p45/Dharmik/berry_ws/install/franka_msgs/include/franka_msgs/franka_msgs/msg/detail/collision_indicators__struct.h
[0.297s] -- Up-to-date: /home/dharmik.p45/Dharmik/berry_ws/install/franka_msgs/include/franka_msgs/franka_msgs/msg/detail/target_status__functions.c
[0.297s] -- Up-to-date: /home/dharmik.p45/Dharmik/berry_ws/install/franka_msgs/include/franka_msgs/franka_msgs/msg/detail/target_status__struct.h
[0.297s] -- Up-to-date: /home/dharmik.p45/Dharmik/berry_ws/install/franka_msgs/include/franka_msgs/franka_msgs/msg/detail/collision_indicators__functions.h
[0.297s] -- Up-to-date: /home/dharmik.p45/Dharmik/berry_ws/install/franka_msgs/include/franka_msgs/franka_msgs/msg/detail/errors__type_support.h
[0.297s] -- Up-to-date: /home/dharmik.p45/Dharmik/berry_ws/install/franka_msgs/include/franka_msgs/franka_msgs/msg/detail/grasp_epsilon__struct.h
[0.297s] -- Up-to-date: /home/dharmik.p45/Dharmik/berry_ws/install/franka_msgs/include/franka_msgs/franka_msgs/msg/detail/elbow__type_support.h
[0.298s] -- Up-to-date: /home/dharmik.p45/Dharmik/berry_ws/install/franka_msgs/include/franka_msgs/franka_msgs/msg/detail/franka_robot_state__struct.h
[0.298s] -- Up-to-date: /home/dharmik.p45/Dharmik/berry_ws/install/franka_msgs/include/franka_msgs/franka_msgs/msg/detail/errors__functions.c
[0.298s] -- Up-to-date: /home/dharmik.p45/Dharmik/berry_ws/install/franka_msgs/include/franka_msgs/franka_msgs/msg/detail/grasp_epsilon__functions.h
[0.298s] -- Up-to-date: /home/dharmik.p45/Dharmik/berry_ws/install/franka_msgs/include/franka_msgs/franka_msgs/msg/detail/target_status__type_support.h
[0.298s] -- Up-to-date: /home/dharmik.p45/Dharmik/berry_ws/install/franka_msgs/include/franka_msgs/franka_msgs/msg/target_status.h
[0.298s] -- Up-to-date: /home/dharmik.p45/Dharmik/berry_ws/install/franka_msgs/include/franka_msgs/franka_msgs/action
[0.298s] -- Up-to-date: /home/dharmik.p45/Dharmik/berry_ws/install/franka_msgs/include/franka_msgs/franka_msgs/action/ptp_motion.h
[0.298s] -- Up-to-date: /home/dharmik.p45/Dharmik/berry_ws/install/franka_msgs/include/franka_msgs/franka_msgs/action/move.h
[0.298s] -- Up-to-date: /home/dharmik.p45/Dharmik/berry_ws/install/franka_msgs/include/franka_msgs/franka_msgs/action/error_recovery.h
[0.299s] -- Up-to-date: /home/dharmik.p45/Dharmik/berry_ws/install/franka_msgs/include/franka_msgs/franka_msgs/action/grasp.h
[0.299s] -- Up-to-date: /home/dharmik.p45/Dharmik/berry_ws/install/franka_msgs/include/franka_msgs/franka_msgs/action/homing.h
[0.299s] -- Up-to-date: /home/dharmik.p45/Dharmik/berry_ws/install/franka_msgs/include/franka_msgs/franka_msgs/action/detail
[0.299s] -- Up-to-date: /home/dharmik.p45/Dharmik/berry_ws/install/franka_msgs/include/franka_msgs/franka_msgs/action/detail/homing__functions.c
[0.299s] -- Up-to-date: /home/dharmik.p45/Dharmik/berry_ws/install/franka_msgs/include/franka_msgs/franka_msgs/action/detail/homing__type_support.h
[0.299s] -- Up-to-date: /home/dharmik.p45/Dharmik/berry_ws/install/franka_msgs/include/franka_msgs/franka_msgs/action/detail/grasp__functions.h
[0.299s] -- Up-to-date: /home/dharmik.p45/Dharmik/berry_ws/install/franka_msgs/include/franka_msgs/franka_msgs/action/detail/error_recovery__functions.h
[0.299s] -- Up-to-date: /home/dharmik.p45/Dharmik/berry_ws/install/franka_msgs/include/franka_msgs/franka_msgs/action/detail/grasp__struct.h
[0.299s] -- Up-to-date: /home/dharmik.p45/Dharmik/berry_ws/install/franka_msgs/include/franka_msgs/franka_msgs/action/detail/move__type_support.h
[0.299s] -- Up-to-date: /home/dharmik.p45/Dharmik/berry_ws/install/franka_msgs/include/franka_msgs/franka_msgs/action/detail/error_recovery__functions.c
[0.299s] -- Up-to-date: /home/dharmik.p45/Dharmik/berry_ws/install/franka_msgs/include/franka_msgs/franka_msgs/action/detail/ptp_motion__functions.c
[0.299s] -- Up-to-date: /home/dharmik.p45/Dharmik/berry_ws/install/franka_msgs/include/franka_msgs/franka_msgs/action/detail/ptp_motion__struct.h
[0.300s] -- Up-to-date: /home/dharmik.p45/Dharmik/berry_ws/install/franka_msgs/include/franka_msgs/franka_msgs/action/detail/homing__functions.h
[0.300s] -- Up-to-date: /home/dharmik.p45/Dharmik/berry_ws/install/franka_msgs/include/franka_msgs/franka_msgs/action/detail/error_recovery__struct.h
[0.300s] -- Up-to-date: /home/dharmik.p45/Dharmik/berry_ws/install/franka_msgs/include/franka_msgs/franka_msgs/action/detail/grasp__functions.c
[0.300s] -- Up-to-date: /home/dharmik.p45/Dharmik/berry_ws/install/franka_msgs/include/franka_msgs/franka_msgs/action/detail/ptp_motion__functions.h
[0.300s] -- Up-to-date: /home/dharmik.p45/Dharmik/berry_ws/install/franka_msgs/include/franka_msgs/franka_msgs/action/detail/move__struct.h
[0.300s] -- Up-to-date: /home/dharmik.p45/Dharmik/berry_ws/install/franka_msgs/include/franka_msgs/franka_msgs/action/detail/ptp_motion__type_support.h
[0.300s] -- Up-to-date: /home/dharmik.p45/Dharmik/berry_ws/install/franka_msgs/include/franka_msgs/franka_msgs/action/detail/grasp__type_support.h
[0.300s] -- Up-to-date: /home/dharmik.p45/Dharmik/berry_ws/install/franka_msgs/include/franka_msgs/franka_msgs/action/detail/move__functions.c
[0.300s] -- Up-to-date: /home/dharmik.p45/Dharmik/berry_ws/install/franka_msgs/include/franka_msgs/franka_msgs/action/detail/error_recovery__type_support.h
[0.300s] -- Up-to-date: /home/dharmik.p45/Dharmik/berry_ws/install/franka_msgs/include/franka_msgs/franka_msgs/action/detail/move__functions.h
[0.300s] -- Up-to-date: /home/dharmik.p45/Dharmik/berry_ws/install/franka_msgs/include/franka_msgs/franka_msgs/action/detail/homing__struct.h
[0.300s] -- Up-to-date: /home/dharmik.p45/Dharmik/berry_ws/install/franka_msgs/share/franka_msgs/environment/library_path.sh
[0.301s] -- Up-to-date: /home/dharmik.p45/Dharmik/berry_ws/install/franka_msgs/share/franka_msgs/environment/library_path.dsv
[0.301s] -- Up-to-date: /home/dharmik.p45/Dharmik/berry_ws/install/franka_msgs/lib/libfranka_msgs__rosidl_generator_c.so
[0.301s] -- Up-to-date: /home/dharmik.p45/Dharmik/berry_ws/install/franka_msgs/include/franka_msgs/franka_msgs
[0.301s] -- Up-to-date: /home/dharmik.p45/Dharmik/berry_ws/install/franka_msgs/include/franka_msgs/franka_msgs/srv
[0.301s] -- Up-to-date: /home/dharmik.p45/Dharmik/berry_ws/install/franka_msgs/include/franka_msgs/franka_msgs/srv/detail
[0.301s] -- Up-to-date: /home/dharmik.p45/Dharmik/berry_ws/install/franka_msgs/include/franka_msgs/franka_msgs/srv/detail/set_force_torque_collision_behavior__rosidl_typesupport_fastrtps_c.h
[0.301s] -- Up-to-date: /home/dharmik.p45/Dharmik/berry_ws/install/franka_msgs/include/franka_msgs/franka_msgs/srv/detail/set_cartesian_stiffness__rosidl_typesupport_fastrtps_c.h
[0.301s] -- Up-to-date: /home/dharmik.p45/Dharmik/berry_ws/install/franka_msgs/include/franka_msgs/franka_msgs/srv/detail/set_full_collision_behavior__rosidl_typesupport_fastrtps_c.h
[0.301s] -- Up-to-date: /home/dharmik.p45/Dharmik/berry_ws/install/franka_msgs/include/franka_msgs/franka_msgs/srv/detail/set_stiffness_frame__rosidl_typesupport_fastrtps_c.h
[0.301s] -- Up-to-date: /home/dharmik.p45/Dharmik/berry_ws/install/franka_msgs/include/franka_msgs/franka_msgs/srv/detail/set_joint_stiffness__rosidl_typesupport_fastrtps_c.h
[0.301s] -- Up-to-date: /home/dharmik.p45/Dharmik/berry_ws/install/franka_msgs/include/franka_msgs/franka_msgs/srv/detail/set_tcp_frame__rosidl_typesupport_fastrtps_c.h
[0.301s] -- Up-to-date: /home/dharmik.p45/Dharmik/berry_ws/install/franka_msgs/include/franka_msgs/franka_msgs/srv/detail/set_load__rosidl_typesupport_fastrtps_c.h
[0.302s] -- Up-to-date: /home/dharmik.p45/Dharmik/berry_ws/install/franka_msgs/include/franka_msgs/franka_msgs/msg
[0.302s] -- Up-to-date: /home/dharmik.p45/Dharmik/berry_ws/install/franka_msgs/include/franka_msgs/franka_msgs/msg/rosidl_typesupport_fastrtps_c__visibility_control.h
[0.302s] -- Up-to-date: /home/dharmik.p45/Dharmik/berry_ws/install/franka_msgs/include/franka_msgs/franka_msgs/msg/detail
[0.302s] -- Up-to-date: /home/dharmik.p45/Dharmik/berry_ws/install/franka_msgs/include/franka_msgs/franka_msgs/msg/detail/target_status__rosidl_typesupport_fastrtps_c.h
[0.302s] -- Up-to-date: /home/dharmik.p45/Dharmik/berry_ws/install/franka_msgs/include/franka_msgs/franka_msgs/msg/detail/grasp_epsilon__rosidl_typesupport_fastrtps_c.h
[0.302s] -- Up-to-date: /home/dharmik.p45/Dharmik/berry_ws/install/franka_msgs/include/franka_msgs/franka_msgs/msg/detail/collision_indicators__rosidl_typesupport_fastrtps_c.h
[0.302s] -- Up-to-date: /home/dharmik.p45/Dharmik/berry_ws/install/franka_msgs/include/franka_msgs/franka_msgs/msg/detail/elbow__rosidl_typesupport_fastrtps_c.h
[0.302s] -- Up-to-date: /home/dharmik.p45/Dharmik/berry_ws/install/franka_msgs/include/franka_msgs/franka_msgs/msg/detail/errors__rosidl_typesupport_fastrtps_c.h
[0.302s] -- Up-to-date: /home/dharmik.p45/Dharmik/berry_ws/install/franka_msgs/include/franka_msgs/franka_msgs/msg/detail/franka_robot_state__rosidl_typesupport_fastrtps_c.h
[0.302s] -- Up-to-date: /home/dharmik.p45/Dharmik/berry_ws/install/franka_msgs/include/franka_msgs/franka_msgs/action
[0.302s] -- Up-to-date: /home/dharmik.p45/Dharmik/berry_ws/install/franka_msgs/include/franka_msgs/franka_msgs/action/detail
[0.302s] -- Up-to-date: /home/dharmik.p45/Dharmik/berry_ws/install/franka_msgs/include/franka_msgs/franka_msgs/action/detail/homing__rosidl_typesupport_fastrtps_c.h
[0.303s] -- Up-to-date: /home/dharmik.p45/Dharmik/berry_ws/install/franka_msgs/include/franka_msgs/franka_msgs/action/detail/ptp_motion__rosidl_typesupport_fastrtps_c.h
[0.303s] -- Up-to-date: /home/dharmik.p45/Dharmik/berry_ws/install/franka_msgs/include/franka_msgs/franka_msgs/action/detail/error_recovery__rosidl_typesupport_fastrtps_c.h
[0.303s] -- Up-to-date: /home/dharmik.p45/Dharmik/berry_ws/install/franka_msgs/include/franka_msgs/franka_msgs/action/detail/grasp__rosidl_typesupport_fastrtps_c.h
[0.303s] -- Up-to-date: /home/dharmik.p45/Dharmik/berry_ws/install/franka_msgs/include/franka_msgs/franka_msgs/action/detail/move__rosidl_typesupport_fastrtps_c.h
[0.303s] -- Up-to-date: /home/dharmik.p45/Dharmik/berry_ws/install/franka_msgs/lib/libfranka_msgs__rosidl_typesupport_fastrtps_c.so
[0.303s] -- Up-to-date: /home/dharmik.p45/Dharmik/berry_ws/install/franka_msgs/include/franka_msgs/franka_msgs
[0.303s] -- Up-to-date: /home/dharmik.p45/Dharmik/berry_ws/install/franka_msgs/include/franka_msgs/franka_msgs/srv
[0.303s] -- Up-to-date: /home/dharmik.p45/Dharmik/berry_ws/install/franka_msgs/include/franka_msgs/franka_msgs/srv/detail
[0.303s] -- Up-to-date: /home/dharmik.p45/Dharmik/berry_ws/install/franka_msgs/include/franka_msgs/franka_msgs/srv/detail/set_cartesian_stiffness__type_support.c
[0.303s] -- Up-to-date: /home/dharmik.p45/Dharmik/berry_ws/install/franka_msgs/include/franka_msgs/franka_msgs/srv/detail/set_load__type_support.c
[0.303s] -- Up-to-date: /home/dharmik.p45/Dharmik/berry_ws/install/franka_msgs/include/franka_msgs/franka_msgs/srv/detail/set_load__rosidl_typesupport_introspection_c.h
[0.303s] -- Up-to-date: /home/dharmik.p45/Dharmik/berry_ws/install/franka_msgs/include/franka_msgs/franka_msgs/srv/detail/set_tcp_frame__rosidl_typesupport_introspection_c.h
[0.303s] -- Up-to-date: /home/dharmik.p45/Dharmik/berry_ws/install/franka_msgs/include/franka_msgs/franka_msgs/srv/detail/set_stiffness_frame__type_support.c
[0.304s] -- Up-to-date: /home/dharmik.p45/Dharmik/berry_ws/install/franka_msgs/include/franka_msgs/franka_msgs/srv/detail/set_tcp_frame__type_support.c
[0.304s] -- Up-to-date: /home/dharmik.p45/Dharmik/berry_ws/install/franka_msgs/include/franka_msgs/franka_msgs/srv/detail/set_joint_stiffness__type_support.c
[0.304s] -- Up-to-date: /home/dharmik.p45/Dharmik/berry_ws/install/franka_msgs/include/franka_msgs/franka_msgs/srv/detail/set_force_torque_collision_behavior__rosidl_typesupport_introspection_c.h
[0.304s] -- Up-to-date: /home/dharmik.p45/Dharmik/berry_ws/install/franka_msgs/include/franka_msgs/franka_msgs/srv/detail/set_full_collision_behavior__rosidl_typesupport_introspection_c.h
[0.304s] -- Up-to-date: /home/dharmik.p45/Dharmik/berry_ws/install/franka_msgs/include/franka_msgs/franka_msgs/srv/detail/set_stiffness_frame__rosidl_typesupport_introspection_c.h
[0.304s] -- Up-to-date: /home/dharmik.p45/Dharmik/berry_ws/install/franka_msgs/include/franka_msgs/franka_msgs/srv/detail/set_full_collision_behavior__type_support.c
[0.304s] -- Up-to-date: /home/dharmik.p45/Dharmik/berry_ws/install/franka_msgs/include/franka_msgs/franka_msgs/srv/detail/set_cartesian_stiffness__rosidl_typesupport_introspection_c.h
[0.304s] -- Up-to-date: /home/dharmik.p45/Dharmik/berry_ws/install/franka_msgs/include/franka_msgs/franka_msgs/srv/detail/set_force_torque_collision_behavior__type_support.c
[0.304s] -- Up-to-date: /home/dharmik.p45/Dharmik/berry_ws/install/franka_msgs/include/franka_msgs/franka_msgs/srv/detail/set_joint_stiffness__rosidl_typesupport_introspection_c.h
[0.304s] -- Up-to-date: /home/dharmik.p45/Dharmik/berry_ws/install/franka_msgs/include/franka_msgs/franka_msgs/msg
[0.304s] -- Up-to-date: /home/dharmik.p45/Dharmik/berry_ws/install/franka_msgs/include/franka_msgs/franka_msgs/msg/detail
[0.304s] -- Up-to-date: /home/dharmik.p45/Dharmik/berry_ws/install/franka_msgs/include/franka_msgs/franka_msgs/msg/detail/elbow__rosidl_typesupport_introspection_c.h
[0.305s] -- Up-to-date: /home/dharmik.p45/Dharmik/berry_ws/install/franka_msgs/include/franka_msgs/franka_msgs/msg/detail/collision_indicators__type_support.c
[0.305s] -- Up-to-date: /home/dharmik.p45/Dharmik/berry_ws/install/franka_msgs/include/franka_msgs/franka_msgs/msg/detail/elbow__type_support.c
[0.305s] -- Up-to-date: /home/dharmik.p45/Dharmik/berry_ws/install/franka_msgs/include/franka_msgs/franka_msgs/msg/detail/collision_indicators__rosidl_typesupport_introspection_c.h
[0.305s] -- Up-to-date: /home/dharmik.p45/Dharmik/berry_ws/install/franka_msgs/include/franka_msgs/franka_msgs/msg/detail/errors__type_support.c
[0.305s] -- Up-to-date: /home/dharmik.p45/Dharmik/berry_ws/install/franka_msgs/include/franka_msgs/franka_msgs/msg/detail/target_status__type_support.c
[0.305s] -- Up-to-date: /home/dharmik.p45/Dharmik/berry_ws/install/franka_msgs/include/franka_msgs/franka_msgs/msg/detail/franka_robot_state__rosidl_typesupport_introspection_c.h
[0.305s] -- Up-to-date: /home/dharmik.p45/Dharmik/berry_ws/install/franka_msgs/include/franka_msgs/franka_msgs/msg/detail/target_status__rosidl_typesupport_introspection_c.h
[0.305s] -- Up-to-date: /home/dharmik.p45/Dharmik/berry_ws/install/franka_msgs/include/franka_msgs/franka_msgs/msg/detail/errors__rosidl_typesupport_introspection_c.h
[0.305s] -- Up-to-date: /home/dharmik.p45/Dharmik/berry_ws/install/franka_msgs/include/franka_msgs/franka_msgs/msg/detail/grasp_epsilon__type_support.c
[0.305s] -- Up-to-date: /home/dharmik.p45/Dharmik/berry_ws/install/franka_msgs/include/franka_msgs/franka_msgs/msg/detail/franka_robot_state__type_support.c
[0.305s] -- Up-to-date: /home/dharmik.p45/Dharmik/berry_ws/install/franka_msgs/include/franka_msgs/franka_msgs/msg/detail/grasp_epsilon__rosidl_typesupport_introspection_c.h
[0.305s] -- Up-to-date: /home/dharmik.p45/Dharmik/berry_ws/install/franka_msgs/include/franka_msgs/franka_msgs/msg/rosidl_typesupport_introspection_c__visibility_control.h
[0.306s] -- Up-to-date: /home/dharmik.p45/Dharmik/berry_ws/install/franka_msgs/include/franka_msgs/franka_msgs/action
[0.306s] -- Up-to-date: /home/dharmik.p45/Dharmik/berry_ws/install/franka_msgs/include/franka_msgs/franka_msgs/action/detail
[0.306s] -- Up-to-date: /home/dharmik.p45/Dharmik/berry_ws/install/franka_msgs/include/franka_msgs/franka_msgs/action/detail/error_recovery__type_support.c
[0.306s] -- Up-to-date: /home/dharmik.p45/Dharmik/berry_ws/install/franka_msgs/include/franka_msgs/franka_msgs/action/detail/grasp__rosidl_typesupport_introspection_c.h
[0.306s] -- Up-to-date: /home/dharmik.p45/Dharmik/berry_ws/install/franka_msgs/include/franka_msgs/franka_msgs/action/detail/move__rosidl_typesupport_introspection_c.h
[0.306s] -- Up-to-date: /home/dharmik.p45/Dharmik/berry_ws/install/franka_msgs/include/franka_msgs/franka_msgs/action/detail/ptp_motion__rosidl_typesupport_introspection_c.h
[0.306s] -- Up-to-date: /home/dharmik.p45/Dharmik/berry_ws/install/franka_msgs/include/franka_msgs/franka_msgs/action/detail/homing__type_support.c
[0.306s] -- Up-to-date: /home/dharmik.p45/Dharmik/berry_ws/install/franka_msgs/include/franka_msgs/franka_msgs/action/detail/move__type_support.c
[0.306s] -- Up-to-date: /home/dharmik.p45/Dharmik/berry_ws/install/franka_msgs/include/franka_msgs/franka_msgs/action/detail/ptp_motion__type_support.c
[0.306s] -- Up-to-date: /home/dharmik.p45/Dharmik/berry_ws/install/franka_msgs/include/franka_msgs/franka_msgs/action/detail/grasp__type_support.c
[0.306s] -- Up-to-date: /home/dharmik.p45/Dharmik/berry_ws/install/franka_msgs/include/franka_msgs/franka_msgs/action/detail/homing__rosidl_typesupport_introspection_c.h
[0.306s] -- Up-to-date: /home/dharmik.p45/Dharmik/berry_ws/install/franka_msgs/include/franka_msgs/franka_msgs/action/detail/error_recovery__rosidl_typesupport_introspection_c.h
[0.307s] -- Up-to-date: /home/dharmik.p45/Dharmik/berry_ws/install/franka_msgs/lib/libfranka_msgs__rosidl_typesupport_introspection_c.so
[0.307s] -- Up-to-date: /home/dharmik.p45/Dharmik/berry_ws/install/franka_msgs/lib/libfranka_msgs__rosidl_typesupport_c.so
[0.307s] -- Up-to-date: /home/dharmik.p45/Dharmik/berry_ws/install/franka_msgs/include/franka_msgs/franka_msgs
[0.307s] -- Up-to-date: /home/dharmik.p45/Dharmik/berry_ws/install/franka_msgs/include/franka_msgs/franka_msgs/srv
[0.307s] -- Up-to-date: /home/dharmik.p45/Dharmik/berry_ws/install/franka_msgs/include/franka_msgs/franka_msgs/srv/set_force_torque_collision_behavior.hpp
[0.307s] -- Up-to-date: /home/dharmik.p45/Dharmik/berry_ws/install/franka_msgs/include/franka_msgs/franka_msgs/srv/set_stiffness_frame.hpp
[0.307s] -- Up-to-date: /home/dharmik.p45/Dharmik/berry_ws/install/franka_msgs/include/franka_msgs/franka_msgs/srv/set_load.hpp
[0.307s] -- Up-to-date: /home/dharmik.p45/Dharmik/berry_ws/install/franka_msgs/include/franka_msgs/franka_msgs/srv/set_cartesian_stiffness.hpp
[0.307s] -- Up-to-date: /home/dharmik.p45/Dharmik/berry_ws/install/franka_msgs/include/franka_msgs/franka_msgs/srv/set_tcp_frame.hpp
[0.307s] -- Up-to-date: /home/dharmik.p45/Dharmik/berry_ws/install/franka_msgs/include/franka_msgs/franka_msgs/srv/set_joint_stiffness.hpp
[0.307s] -- Up-to-date: /home/dharmik.p45/Dharmik/berry_ws/install/franka_msgs/include/franka_msgs/franka_msgs/srv/set_full_collision_behavior.hpp
[0.307s] -- Up-to-date: /home/dharmik.p45/Dharmik/berry_ws/install/franka_msgs/include/franka_msgs/franka_msgs/srv/detail
[0.307s] -- Up-to-date: /home/dharmik.p45/Dharmik/berry_ws/install/franka_msgs/include/franka_msgs/franka_msgs/srv/detail/set_stiffness_frame__struct.hpp
[0.307s] -- Up-to-date: /home/dharmik.p45/Dharmik/berry_ws/install/franka_msgs/include/franka_msgs/franka_msgs/srv/detail/set_joint_stiffness__struct.hpp
[0.307s] -- Up-to-date: /home/dharmik.p45/Dharmik/berry_ws/install/franka_msgs/include/franka_msgs/franka_msgs/srv/detail/set_cartesian_stiffness__traits.hpp
[0.307s] -- Up-to-date: /home/dharmik.p45/Dharmik/berry_ws/install/franka_msgs/include/franka_msgs/franka_msgs/srv/detail/set_force_torque_collision_behavior__builder.hpp
[0.307s] -- Up-to-date: /home/dharmik.p45/Dharmik/berry_ws/install/franka_msgs/include/franka_msgs/franka_msgs/srv/detail/set_stiffness_frame__type_support.hpp
[0.307s] -- Up-to-date: /home/dharmik.p45/Dharmik/berry_ws/install/franka_msgs/include/franka_msgs/franka_msgs/srv/detail/set_joint_stiffness__builder.hpp
[0.307s] -- Up-to-date: /home/dharmik.p45/Dharmik/berry_ws/install/franka_msgs/include/franka_msgs/franka_msgs/srv/detail/set_joint_stiffness__type_support.hpp
[0.307s] -- Up-to-date: /home/dharmik.p45/Dharmik/berry_ws/install/franka_msgs/include/franka_msgs/franka_msgs/srv/detail/set_load__struct.hpp
[0.307s] -- Up-to-date: /home/dharmik.p45/Dharmik/berry_ws/install/franka_msgs/include/franka_msgs/franka_msgs/srv/detail/set_load__type_support.hpp
[0.308s] -- Up-to-date: /home/dharmik.p45/Dharmik/berry_ws/install/franka_msgs/include/franka_msgs/franka_msgs/srv/detail/set_tcp_frame__traits.hpp
[0.308s] -- Up-to-date: /home/dharmik.p45/Dharmik/berry_ws/install/franka_msgs/include/franka_msgs/franka_msgs/srv/detail/set_stiffness_frame__traits.hpp
[0.308s] -- Up-to-date: /home/dharmik.p45/Dharmik/berry_ws/install/franka_msgs/include/franka_msgs/franka_msgs/srv/detail/set_full_collision_behavior__struct.hpp
[0.308s] -- Up-to-date: /home/dharmik.p45/Dharmik/berry_ws/install/franka_msgs/include/franka_msgs/franka_msgs/srv/detail/set_force_torque_collision_behavior__type_support.hpp
[0.308s] -- Up-to-date: /home/dharmik.p45/Dharmik/berry_ws/install/franka_msgs/include/franka_msgs/franka_msgs/srv/detail/set_stiffness_frame__builder.hpp
[0.308s] -- Up-to-date: /home/dharmik.p45/Dharmik/berry_ws/install/franka_msgs/include/franka_msgs/franka_msgs/srv/detail/set_full_collision_behavior__traits.hpp
[0.308s] -- Up-to-date: /home/dharmik.p45/Dharmik/berry_ws/install/franka_msgs/include/franka_msgs/franka_msgs/srv/detail/set_cartesian_stiffness__builder.hpp
[0.308s] -- Up-to-date: /home/dharmik.p45/Dharmik/berry_ws/install/franka_msgs/include/franka_msgs/franka_msgs/srv/detail/set_load__traits.hpp
[0.308s] -- Up-to-date: /home/dharmik.p45/Dharmik/berry_ws/install/franka_msgs/include/franka_msgs/franka_msgs/srv/detail/set_full_collision_behavior__builder.hpp
[0.308s] -- Up-to-date: /home/dharmik.p45/Dharmik/berry_ws/install/franka_msgs/include/franka_msgs/franka_msgs/srv/detail/set_joint_stiffness__traits.hpp
[0.308s] -- Up-to-date: /home/dharmik.p45/Dharmik/berry_ws/install/franka_msgs/include/franka_msgs/franka_msgs/srv/detail/set_load__builder.hpp
[0.308s] -- Up-to-date: /home/dharmik.p45/Dharmik/berry_ws/install/franka_msgs/include/franka_msgs/franka_msgs/srv/detail/set_cartesian_stiffness__struct.hpp
[0.308s] -- Up-to-date: /home/dharmik.p45/Dharmik/berry_ws/install/franka_msgs/include/franka_msgs/franka_msgs/srv/detail/set_tcp_frame__builder.hpp
[0.308s] -- Up-to-date: /home/dharmik.p45/Dharmik/berry_ws/install/franka_msgs/include/franka_msgs/franka_msgs/srv/detail/set_cartesian_stiffness__type_support.hpp
[0.308s] -- Up-to-date: /home/dharmik.p45/Dharmik/berry_ws/install/franka_msgs/include/franka_msgs/franka_msgs/srv/detail/set_tcp_frame__struct.hpp
[0.308s] -- Up-to-date: /home/dharmik.p45/Dharmik/berry_ws/install/franka_msgs/include/franka_msgs/franka_msgs/srv/detail/set_full_collision_behavior__type_support.hpp
[0.308s] -- Up-to-date: /home/dharmik.p45/Dharmik/berry_ws/install/franka_msgs/include/franka_msgs/franka_msgs/srv/detail/set_force_torque_collision_behavior__traits.hpp
[0.308s] -- Up-to-date: /home/dharmik.p45/Dharmik/berry_ws/install/franka_msgs/include/franka_msgs/franka_msgs/srv/detail/set_force_torque_collision_behavior__struct.hpp
[0.308s] -- Up-to-date: /home/dharmik.p45/Dharmik/berry_ws/install/franka_msgs/include/franka_msgs/franka_msgs/srv/detail/set_tcp_frame__type_support.hpp
[0.308s] -- Up-to-date: /home/dharmik.p45/Dharmik/berry_ws/install/franka_msgs/include/franka_msgs/franka_msgs/msg
[0.308s] -- Up-to-date: /home/dharmik.p45/Dharmik/berry_ws/install/franka_msgs/include/franka_msgs/franka_msgs/msg/errors.hpp
[0.308s] -- Up-to-date: /home/dharmik.p45/Dharmik/berry_ws/install/franka_msgs/include/franka_msgs/franka_msgs/msg/target_status.hpp
[0.308s] -- Up-to-date: /home/dharmik.p45/Dharmik/berry_ws/install/franka_msgs/include/franka_msgs/franka_msgs/msg/rosidl_generator_cpp__visibility_control.hpp
[0.308s] -- Up-to-date: /home/dharmik.p45/Dharmik/berry_ws/install/franka_msgs/include/franka_msgs/franka_msgs/msg/franka_robot_state.hpp
[0.308s] -- Up-to-date: /home/dharmik.p45/Dharmik/berry_ws/install/franka_msgs/include/franka_msgs/franka_msgs/msg/elbow.hpp
[0.308s] -- Up-to-date: /home/dharmik.p45/Dharmik/berry_ws/install/franka_msgs/include/franka_msgs/franka_msgs/msg/collision_indicators.hpp
[0.308s] -- Up-to-date: /home/dharmik.p45/Dharmik/berry_ws/install/franka_msgs/include/franka_msgs/franka_msgs/msg/detail
[0.308s] -- Up-to-date: /home/dharmik.p45/Dharmik/berry_ws/install/franka_msgs/include/franka_msgs/franka_msgs/msg/detail/elbow__traits.hpp
[0.308s] -- Up-to-date: /home/dharmik.p45/Dharmik/berry_ws/install/franka_msgs/include/franka_msgs/franka_msgs/msg/detail/grasp_epsilon__builder.hpp
[0.308s] -- Up-to-date: /home/dharmik.p45/Dharmik/berry_ws/install/franka_msgs/include/franka_msgs/franka_msgs/msg/detail/franka_robot_state__traits.hpp
[0.308s] -- Up-to-date: /home/dharmik.p45/Dharmik/berry_ws/install/franka_msgs/include/franka_msgs/franka_msgs/msg/detail/franka_robot_state__type_support.hpp
[0.309s] -- Up-to-date: /home/dharmik.p45/Dharmik/berry_ws/install/franka_msgs/include/franka_msgs/franka_msgs/msg/detail/target_status__builder.hpp
[0.309s] -- Up-to-date: /home/dharmik.p45/Dharmik/berry_ws/install/franka_msgs/include/franka_msgs/franka_msgs/msg/detail/errors__builder.hpp
[0.309s] -- Up-to-date: /home/dharmik.p45/Dharmik/berry_ws/install/franka_msgs/include/franka_msgs/franka_msgs/msg/detail/target_status__struct.hpp
[0.309s] -- Up-to-date: /home/dharmik.p45/Dharmik/berry_ws/install/franka_msgs/include/franka_msgs/franka_msgs/msg/detail/collision_indicators__type_support.hpp
[0.309s] -- Up-to-date: /home/dharmik.p45/Dharmik/berry_ws/install/franka_msgs/include/franka_msgs/franka_msgs/msg/detail/elbow__struct.hpp
[0.309s] -- Up-to-date: /home/dharmik.p45/Dharmik/berry_ws/install/franka_msgs/include/franka_msgs/franka_msgs/msg/detail/franka_robot_state__struct.hpp
[0.309s] -- Up-to-date: /home/dharmik.p45/Dharmik/berry_ws/install/franka_msgs/include/franka_msgs/franka_msgs/msg/detail/target_status__type_support.hpp
[0.309s] -- Up-to-date: /home/dharmik.p45/Dharmik/berry_ws/install/franka_msgs/include/franka_msgs/franka_msgs/msg/detail/grasp_epsilon__traits.hpp
[0.309s] -- Up-to-date: /home/dharmik.p45/Dharmik/berry_ws/install/franka_msgs/include/franka_msgs/franka_msgs/msg/detail/collision_indicators__struct.hpp
[0.309s] -- Up-to-date: /home/dharmik.p45/Dharmik/berry_ws/install/franka_msgs/include/franka_msgs/franka_msgs/msg/detail/errors__traits.hpp
[0.309s] -- Up-to-date: /home/dharmik.p45/Dharmik/berry_ws/install/franka_msgs/include/franka_msgs/franka_msgs/msg/detail/errors__type_support.hpp
[0.309s] -- Up-to-date: /home/dharmik.p45/Dharmik/berry_ws/install/franka_msgs/include/franka_msgs/franka_msgs/msg/detail/errors__struct.hpp
[0.309s] -- Up-to-date: /home/dharmik.p45/Dharmik/berry_ws/install/franka_msgs/include/franka_msgs/franka_msgs/msg/detail/franka_robot_state__builder.hpp
[0.309s] -- Up-to-date: /home/dharmik.p45/Dharmik/berry_ws/install/franka_msgs/include/franka_msgs/franka_msgs/msg/detail/collision_indicators__traits.hpp
[0.309s] -- Up-to-date: /home/dharmik.p45/Dharmik/berry_ws/install/franka_msgs/include/franka_msgs/franka_msgs/msg/detail/elbow__builder.hpp
[0.309s] -- Up-to-date: /home/dharmik.p45/Dharmik/berry_ws/install/franka_msgs/include/franka_msgs/franka_msgs/msg/detail/collision_indicators__builder.hpp
[0.309s] -- Up-to-date: /home/dharmik.p45/Dharmik/berry_ws/install/franka_msgs/include/franka_msgs/franka_msgs/msg/detail/grasp_epsilon__type_support.hpp
[0.309s] -- Up-to-date: /home/dharmik.p45/Dharmik/berry_ws/install/franka_msgs/include/franka_msgs/franka_msgs/msg/detail/elbow__type_support.hpp
[0.309s] -- Up-to-date: /home/dharmik.p45/Dharmik/berry_ws/install/franka_msgs/include/franka_msgs/franka_msgs/msg/detail/grasp_epsilon__struct.hpp
[0.309s] -- Up-to-date: /home/dharmik.p45/Dharmik/berry_ws/install/franka_msgs/include/franka_msgs/franka_msgs/msg/detail/target_status__traits.hpp
[0.309s] -- Up-to-date: /home/dharmik.p45/Dharmik/berry_ws/install/franka_msgs/include/franka_msgs/franka_msgs/msg/grasp_epsilon.hpp
[0.309s] -- Up-to-date: /home/dharmik.p45/Dharmik/berry_ws/install/franka_msgs/include/franka_msgs/franka_msgs/action
[0.309s] -- Up-to-date: /home/dharmik.p45/Dharmik/berry_ws/install/franka_msgs/include/franka_msgs/franka_msgs/action/homing.hpp
[0.309s] -- Up-to-date: /home/dharmik.p45/Dharmik/berry_ws/install/franka_msgs/include/franka_msgs/franka_msgs/action/move.hpp
[0.309s] -- Up-to-date: /home/dharmik.p45/Dharmik/berry_ws/install/franka_msgs/include/franka_msgs/franka_msgs/action/error_recovery.hpp
[0.309s] -- Up-to-date: /home/dharmik.p45/Dharmik/berry_ws/install/franka_msgs/include/franka_msgs/franka_msgs/action/grasp.hpp
[0.309s] -- Up-to-date: /home/dharmik.p45/Dharmik/berry_ws/install/franka_msgs/include/franka_msgs/franka_msgs/action/ptp_motion.hpp
[0.309s] -- Up-to-date: /home/dharmik.p45/Dharmik/berry_ws/install/franka_msgs/include/franka_msgs/franka_msgs/action/detail
[0.309s] -- Up-to-date: /home/dharmik.p45/Dharmik/berry_ws/install/franka_msgs/include/franka_msgs/franka_msgs/action/detail/error_recovery__builder.hpp
[0.309s] -- Up-to-date: /home/dharmik.p45/Dharmik/berry_ws/install/franka_msgs/include/franka_msgs/franka_msgs/action/detail/homing__builder.hpp
[0.310s] -- Up-to-date: /home/dharmik.p45/Dharmik/berry_ws/install/franka_msgs/include/franka_msgs/franka_msgs/action/detail/error_recovery__type_support.hpp
[0.310s] -- Up-to-date: /home/dharmik.p45/Dharmik/berry_ws/install/franka_msgs/include/franka_msgs/franka_msgs/action/detail/homing__traits.hpp
[0.310s] -- Up-to-date: /home/dharmik.p45/Dharmik/berry_ws/install/franka_msgs/include/franka_msgs/franka_msgs/action/detail/move__builder.hpp
[0.310s] -- Up-to-date: /home/dharmik.p45/Dharmik/berry_ws/install/franka_msgs/include/franka_msgs/franka_msgs/action/detail/homing__type_support.hpp
[0.310s] -- Up-to-date: /home/dharmik.p45/Dharmik/berry_ws/install/franka_msgs/include/franka_msgs/franka_msgs/action/detail/ptp_motion__traits.hpp
[0.310s] -- Up-to-date: /home/dharmik.p45/Dharmik/berry_ws/install/franka_msgs/include/franka_msgs/franka_msgs/action/detail/error_recovery__struct.hpp
[0.310s] -- Up-to-date: /home/dharmik.p45/Dharmik/berry_ws/install/franka_msgs/include/franka_msgs/franka_msgs/action/detail/error_recovery__traits.hpp
[0.310s] -- Up-to-date: /home/dharmik.p45/Dharmik/berry_ws/install/franka_msgs/include/franka_msgs/franka_msgs/action/detail/grasp__traits.hpp
[0.310s] -- Up-to-date: /home/dharmik.p45/Dharmik/berry_ws/install/franka_msgs/include/franka_msgs/franka_msgs/action/detail/ptp_motion__type_support.hpp
[0.310s] -- Up-to-date: /home/dharmik.p45/Dharmik/berry_ws/install/franka_msgs/include/franka_msgs/franka_msgs/action/detail/grasp__type_support.hpp
[0.310s] -- Up-to-date: /home/dharmik.p45/Dharmik/berry_ws/install/franka_msgs/include/franka_msgs/franka_msgs/action/detail/move__traits.hpp
[0.310s] -- Up-to-date: /home/dharmik.p45/Dharmik/berry_ws/install/franka_msgs/include/franka_msgs/franka_msgs/action/detail/move__type_support.hpp
[0.310s] -- Up-to-date: /home/dharmik.p45/Dharmik/berry_ws/install/franka_msgs/include/franka_msgs/franka_msgs/action/detail/ptp_motion__struct.hpp
[0.310s] -- Up-to-date: /home/dharmik.p45/Dharmik/berry_ws/install/franka_msgs/include/franka_msgs/franka_msgs/action/detail/move__struct.hpp
[0.310s] -- Up-to-date: /home/dharmik.p45/Dharmik/berry_ws/install/franka_msgs/include/franka_msgs/franka_msgs/action/detail/homing__struct.hpp
[0.310s] -- Up-to-date: /home/dharmik.p45/Dharmik/berry_ws/install/franka_msgs/include/franka_msgs/franka_msgs/action/detail/grasp__struct.hpp
[0.310s] -- Up-to-date: /home/dharmik.p45/Dharmik/berry_ws/install/franka_msgs/include/franka_msgs/franka_msgs/action/detail/grasp__builder.hpp
[0.310s] -- Up-to-date: /home/dharmik.p45/Dharmik/berry_ws/install/franka_msgs/include/franka_msgs/franka_msgs/action/detail/ptp_motion__builder.hpp
[0.310s] -- Up-to-date: /home/dharmik.p45/Dharmik/berry_ws/install/franka_msgs/include/franka_msgs/franka_msgs
[0.310s] -- Up-to-date: /home/dharmik.p45/Dharmik/berry_ws/install/franka_msgs/include/franka_msgs/franka_msgs/srv
[0.310s] -- Up-to-date: /home/dharmik.p45/Dharmik/berry_ws/install/franka_msgs/include/franka_msgs/franka_msgs/srv/detail
[0.310s] -- Up-to-date: /home/dharmik.p45/Dharmik/berry_ws/install/franka_msgs/include/franka_msgs/franka_msgs/srv/detail/set_tcp_frame__rosidl_typesupport_fastrtps_cpp.hpp
[0.310s] -- Up-to-date: /home/dharmik.p45/Dharmik/berry_ws/install/franka_msgs/include/franka_msgs/franka_msgs/srv/detail/set_stiffness_frame__rosidl_typesupport_fastrtps_cpp.hpp
[0.310s] -- Up-to-date: /home/dharmik.p45/Dharmik/berry_ws/install/franka_msgs/include/franka_msgs/franka_msgs/srv/detail/set_joint_stiffness__rosidl_typesupport_fastrtps_cpp.hpp
[0.310s] -- Up-to-date: /home/dharmik.p45/Dharmik/berry_ws/install/franka_msgs/include/franka_msgs/franka_msgs/srv/detail/set_full_collision_behavior__rosidl_typesupport_fastrtps_cpp.hpp
[0.310s] -- Up-to-date: /home/dharmik.p45/Dharmik/berry_ws/install/franka_msgs/include/franka_msgs/franka_msgs/srv/detail/set_force_torque_collision_behavior__rosidl_typesupport_fastrtps_cpp.hpp
[0.310s] -- Up-to-date: /home/dharmik.p45/Dharmik/berry_ws/install/franka_msgs/include/franka_msgs/franka_msgs/srv/detail/dds_fastrtps
[0.310s] -- Up-to-date: /home/dharmik.p45/Dharmik/berry_ws/install/franka_msgs/include/franka_msgs/franka_msgs/srv/detail/set_load__rosidl_typesupport_fastrtps_cpp.hpp
[0.310s] -- Up-to-date: /home/dharmik.p45/Dharmik/berry_ws/install/franka_msgs/include/franka_msgs/franka_msgs/srv/detail/set_cartesian_stiffness__rosidl_typesupport_fastrtps_cpp.hpp
[0.310s] -- Up-to-date: /home/dharmik.p45/Dharmik/berry_ws/install/franka_msgs/include/franka_msgs/franka_msgs/msg
[0.310s] -- Up-to-date: /home/dharmik.p45/Dharmik/berry_ws/install/franka_msgs/include/franka_msgs/franka_msgs/msg/rosidl_typesupport_fastrtps_cpp__visibility_control.h
[0.311s] -- Up-to-date: /home/dharmik.p45/Dharmik/berry_ws/install/franka_msgs/include/franka_msgs/franka_msgs/msg/detail
[0.311s] -- Up-to-date: /home/dharmik.p45/Dharmik/berry_ws/install/franka_msgs/include/franka_msgs/franka_msgs/msg/detail/franka_robot_state__rosidl_typesupport_fastrtps_cpp.hpp
[0.311s] -- Up-to-date: /home/dharmik.p45/Dharmik/berry_ws/install/franka_msgs/include/franka_msgs/franka_msgs/msg/detail/elbow__rosidl_typesupport_fastrtps_cpp.hpp
[0.311s] -- Up-to-date: /home/dharmik.p45/Dharmik/berry_ws/install/franka_msgs/include/franka_msgs/franka_msgs/msg/detail/errors__rosidl_typesupport_fastrtps_cpp.hpp
[0.311s] -- Up-to-date: /home/dharmik.p45/Dharmik/berry_ws/install/franka_msgs/include/franka_msgs/franka_msgs/msg/detail/dds_fastrtps
[0.311s] -- Up-to-date: /home/dharmik.p45/Dharmik/berry_ws/install/franka_msgs/include/franka_msgs/franka_msgs/msg/detail/target_status__rosidl_typesupport_fastrtps_cpp.hpp
[0.311s] -- Up-to-date: /home/dharmik.p45/Dharmik/berry_ws/install/franka_msgs/include/franka_msgs/franka_msgs/msg/detail/collision_indicators__rosidl_typesupport_fastrtps_cpp.hpp
[0.311s] -- Up-to-date: /home/dharmik.p45/Dharmik/berry_ws/install/franka_msgs/include/franka_msgs/franka_msgs/msg/detail/grasp_epsilon__rosidl_typesupport_fastrtps_cpp.hpp
[0.311s] -- Up-to-date: /home/dharmik.p45/Dharmik/berry_ws/install/franka_msgs/include/franka_msgs/franka_msgs/action
[0.311s] -- Up-to-date: /home/dharmik.p45/Dharmik/berry_ws/install/franka_msgs/include/franka_msgs/franka_msgs/action/detail
[0.311s] -- Up-to-date: /home/dharmik.p45/Dharmik/berry_ws/install/franka_msgs/include/franka_msgs/franka_msgs/action/detail/homing__rosidl_typesupport_fastrtps_cpp.hpp
[0.311s] -- Up-to-date: /home/dharmik.p45/Dharmik/berry_ws/install/franka_msgs/include/franka_msgs/franka_msgs/action/detail/dds_fastrtps
[0.311s] -- Up-to-date: /home/dharmik.p45/Dharmik/berry_ws/install/franka_msgs/include/franka_msgs/franka_msgs/action/detail/move__rosidl_typesupport_fastrtps_cpp.hpp
[0.311s] -- Up-to-date: /home/dharmik.p45/Dharmik/berry_ws/install/franka_msgs/include/franka_msgs/franka_msgs/action/detail/grasp__rosidl_typesupport_fastrtps_cpp.hpp
[0.311s] -- Up-to-date: /home/dharmik.p45/Dharmik/berry_ws/install/franka_msgs/include/franka_msgs/franka_msgs/action/detail/error_recovery__rosidl_typesupport_fastrtps_cpp.hpp
[0.311s] -- Up-to-date: /home/dharmik.p45/Dharmik/berry_ws/install/franka_msgs/include/franka_msgs/franka_msgs/action/detail/ptp_motion__rosidl_typesupport_fastrtps_cpp.hpp
[0.311s] -- Up-to-date: /home/dharmik.p45/Dharmik/berry_ws/install/franka_msgs/lib/libfranka_msgs__rosidl_typesupport_fastrtps_cpp.so
[0.311s] -- Up-to-date: /home/dharmik.p45/Dharmik/berry_ws/install/franka_msgs/include/franka_msgs/franka_msgs
[0.311s] -- Up-to-date: /home/dharmik.p45/Dharmik/berry_ws/install/franka_msgs/include/franka_msgs/franka_msgs/srv
[0.311s] -- Up-to-date: /home/dharmik.p45/Dharmik/berry_ws/install/franka_msgs/include/franka_msgs/franka_msgs/srv/detail
[0.311s] -- Up-to-date: /home/dharmik.p45/Dharmik/berry_ws/install/franka_msgs/include/franka_msgs/franka_msgs/srv/detail/set_tcp_frame__type_support.cpp
[0.311s] -- Up-to-date: /home/dharmik.p45/Dharmik/berry_ws/install/franka_msgs/include/franka_msgs/franka_msgs/srv/detail/set_force_torque_collision_behavior__type_support.cpp
[0.311s] -- Up-to-date: /home/dharmik.p45/Dharmik/berry_ws/install/franka_msgs/include/franka_msgs/franka_msgs/srv/detail/set_load__type_support.cpp
[0.311s] -- Up-to-date: /home/dharmik.p45/Dharmik/berry_ws/install/franka_msgs/include/franka_msgs/franka_msgs/srv/detail/set_load__rosidl_typesupport_introspection_cpp.hpp
[0.311s] -- Up-to-date: /home/dharmik.p45/Dharmik/berry_ws/install/franka_msgs/include/franka_msgs/franka_msgs/srv/detail/set_force_torque_collision_behavior__rosidl_typesupport_introspection_cpp.hpp
[0.311s] -- Up-to-date: /home/dharmik.p45/Dharmik/berry_ws/install/franka_msgs/include/franka_msgs/franka_msgs/srv/detail/set_joint_stiffness__type_support.cpp
[0.311s] -- Up-to-date: /home/dharmik.p45/Dharmik/berry_ws/install/franka_msgs/include/franka_msgs/franka_msgs/srv/detail/set_stiffness_frame__rosidl_typesupport_introspection_cpp.hpp
[0.311s] -- Up-to-date: /home/dharmik.p45/Dharmik/berry_ws/install/franka_msgs/include/franka_msgs/franka_msgs/srv/detail/set_full_collision_behavior__rosidl_typesupport_introspection_cpp.hpp
[0.311s] -- Up-to-date: /home/dharmik.p45/Dharmik/berry_ws/install/franka_msgs/include/franka_msgs/franka_msgs/srv/detail/set_tcp_frame__rosidl_typesupport_introspection_cpp.hpp
[0.311s] -- Up-to-date: /home/dharmik.p45/Dharmik/berry_ws/install/franka_msgs/include/franka_msgs/franka_msgs/srv/detail/set_cartesian_stiffness__type_support.cpp
[0.311s] -- Up-to-date: /home/dharmik.p45/Dharmik/berry_ws/install/franka_msgs/include/franka_msgs/franka_msgs/srv/detail/set_full_collision_behavior__type_support.cpp
[0.312s] -- Up-to-date: /home/dharmik.p45/Dharmik/berry_ws/install/franka_msgs/include/franka_msgs/franka_msgs/srv/detail/set_stiffness_frame__type_support.cpp
[0.312s] -- Up-to-date: /home/dharmik.p45/Dharmik/berry_ws/install/franka_msgs/include/franka_msgs/franka_msgs/srv/detail/set_cartesian_stiffness__rosidl_typesupport_introspection_cpp.hpp
[0.312s] -- Up-to-date: /home/dharmik.p45/Dharmik/berry_ws/install/franka_msgs/include/franka_msgs/franka_msgs/srv/detail/set_joint_stiffness__rosidl_typesupport_introspection_cpp.hpp
[0.312s] -- Up-to-date: /home/dharmik.p45/Dharmik/berry_ws/install/franka_msgs/include/franka_msgs/franka_msgs/msg
[0.312s] -- Up-to-date: /home/dharmik.p45/Dharmik/berry_ws/install/franka_msgs/include/franka_msgs/franka_msgs/msg/detail
[0.312s] -- Up-to-date: /home/dharmik.p45/Dharmik/berry_ws/install/franka_msgs/include/franka_msgs/franka_msgs/msg/detail/grasp_epsilon__type_support.cpp
[0.312s] -- Up-to-date: /home/dharmik.p45/Dharmik/berry_ws/install/franka_msgs/include/franka_msgs/franka_msgs/msg/detail/collision_indicators__type_support.cpp
[0.312s] -- Up-to-date: /home/dharmik.p45/Dharmik/berry_ws/install/franka_msgs/include/franka_msgs/franka_msgs/msg/detail/errors__rosidl_typesupport_introspection_cpp.hpp
[0.312s] -- Up-to-date: /home/dharmik.p45/Dharmik/berry_ws/install/franka_msgs/include/franka_msgs/franka_msgs/msg/detail/franka_robot_state__rosidl_typesupport_introspection_cpp.hpp
[0.312s] -- Up-to-date: /home/dharmik.p45/Dharmik/berry_ws/install/franka_msgs/include/franka_msgs/franka_msgs/msg/detail/errors__type_support.cpp
[0.312s] -- Up-to-date: /home/dharmik.p45/Dharmik/berry_ws/install/franka_msgs/include/franka_msgs/franka_msgs/msg/detail/collision_indicators__rosidl_typesupport_introspection_cpp.hpp
[0.312s] -- Up-to-date: /home/dharmik.p45/Dharmik/berry_ws/install/franka_msgs/include/franka_msgs/franka_msgs/msg/detail/elbow__rosidl_typesupport_introspection_cpp.hpp
[0.312s] -- Up-to-date: /home/dharmik.p45/Dharmik/berry_ws/install/franka_msgs/include/franka_msgs/franka_msgs/msg/detail/franka_robot_state__type_support.cpp
[0.312s] -- Up-to-date: /home/dharmik.p45/Dharmik/berry_ws/install/franka_msgs/include/franka_msgs/franka_msgs/msg/detail/target_status__type_support.cpp
[0.312s] -- Up-to-date: /home/dharmik.p45/Dharmik/berry_ws/install/franka_msgs/include/franka_msgs/franka_msgs/msg/detail/target_status__rosidl_typesupport_introspection_cpp.hpp
[0.312s] -- Up-to-date: /home/dharmik.p45/Dharmik/berry_ws/install/franka_msgs/include/franka_msgs/franka_msgs/msg/detail/elbow__type_support.cpp
[0.312s] -- Up-to-date: /home/dharmik.p45/Dharmik/berry_ws/install/franka_msgs/include/franka_msgs/franka_msgs/msg/detail/grasp_epsilon__rosidl_typesupport_introspection_cpp.hpp
[0.312s] -- Up-to-date: /home/dharmik.p45/Dharmik/berry_ws/install/franka_msgs/include/franka_msgs/franka_msgs/action
[0.312s] -- Up-to-date: /home/dharmik.p45/Dharmik/berry_ws/install/franka_msgs/include/franka_msgs/franka_msgs/action/detail
[0.312s] -- Up-to-date: /home/dharmik.p45/Dharmik/berry_ws/install/franka_msgs/include/franka_msgs/franka_msgs/action/detail/move__rosidl_typesupport_introspection_cpp.hpp
[0.312s] -- Up-to-date: /home/dharmik.p45/Dharmik/berry_ws/install/franka_msgs/include/franka_msgs/franka_msgs/action/detail/homing__rosidl_typesupport_introspection_cpp.hpp
[0.312s] -- Up-to-date: /home/dharmik.p45/Dharmik/berry_ws/install/franka_msgs/include/franka_msgs/franka_msgs/action/detail/grasp__rosidl_typesupport_introspection_cpp.hpp
[0.312s] -- Up-to-date: /home/dharmik.p45/Dharmik/berry_ws/install/franka_msgs/include/franka_msgs/franka_msgs/action/detail/move__type_support.cpp
[0.312s] -- Up-to-date: /home/dharmik.p45/Dharmik/berry_ws/install/franka_msgs/include/franka_msgs/franka_msgs/action/detail/error_recovery__type_support.cpp
[0.312s] -- Up-to-date: /home/dharmik.p45/Dharmik/berry_ws/install/franka_msgs/include/franka_msgs/franka_msgs/action/detail/grasp__type_support.cpp
[0.312s] -- Up-to-date: /home/dharmik.p45/Dharmik/berry_ws/install/franka_msgs/include/franka_msgs/franka_msgs/action/detail/ptp_motion__type_support.cpp
[0.312s] -- Up-to-date: /home/dharmik.p45/Dharmik/berry_ws/install/franka_msgs/include/franka_msgs/franka_msgs/action/detail/error_recovery__rosidl_typesupport_introspection_cpp.hpp
[0.312s] -- Up-to-date: /home/dharmik.p45/Dharmik/berry_ws/install/franka_msgs/include/franka_msgs/franka_msgs/action/detail/ptp_motion__rosidl_typesupport_introspection_cpp.hpp
[0.312s] -- Up-to-date: /home/dharmik.p45/Dharmik/berry_ws/install/franka_msgs/include/franka_msgs/franka_msgs/action/detail/homing__type_support.cpp
[0.312s] -- Up-to-date: /home/dharmik.p45/Dharmik/berry_ws/install/franka_msgs/lib/libfranka_msgs__rosidl_typesupport_introspection_cpp.so
[0.312s] -- Up-to-date: /home/dharmik.p45/Dharmik/berry_ws/install/franka_msgs/lib/libfranka_msgs__rosidl_typesupport_cpp.so
[0.312s] -- Up-to-date: /home/dharmik.p45/Dharmik/berry_ws/install/franka_msgs/share/franka_msgs/environment/pythonpath.sh
[0.313s] -- Up-to-date: /home/dharmik.p45/Dharmik/berry_ws/install/franka_msgs/share/franka_msgs/environment/pythonpath.dsv
[0.313s] -- Up-to-date: /home/dharmik.p45/Dharmik/berry_ws/install/franka_msgs/local/lib/python3.10/dist-packages/franka_msgs-2.2.0-py3.10.egg-info
[0.313s] -- Installing: /home/dharmik.p45/Dharmik/berry_ws/install/franka_msgs/local/lib/python3.10/dist-packages/franka_msgs-2.2.0-py3.10.egg-info/PKG-INFO
[0.313s] -- Installing: /home/dharmik.p45/Dharmik/berry_ws/install/franka_msgs/local/lib/python3.10/dist-packages/franka_msgs-2.2.0-py3.10.egg-info/dependency_links.txt
[0.313s] -- Installing: /home/dharmik.p45/Dharmik/berry_ws/install/franka_msgs/local/lib/python3.10/dist-packages/franka_msgs-2.2.0-py3.10.egg-info/SOURCES.txt
[0.313s] -- Installing: /home/dharmik.p45/Dharmik/berry_ws/install/franka_msgs/local/lib/python3.10/dist-packages/franka_msgs-2.2.0-py3.10.egg-info/top_level.txt
[0.313s] -- Up-to-date: /home/dharmik.p45/Dharmik/berry_ws/install/franka_msgs/local/lib/python3.10/dist-packages/franka_msgs
[0.313s] -- Up-to-date: /home/dharmik.p45/Dharmik/berry_ws/install/franka_msgs/local/lib/python3.10/dist-packages/franka_msgs/franka_msgs_s__rosidl_typesupport_fastrtps_c.cpython-310-x86_64-linux-gnu.so
[0.313s] -- Up-to-date: /home/dharmik.p45/Dharmik/berry_ws/install/franka_msgs/local/lib/python3.10/dist-packages/franka_msgs/srv
[0.313s] -- Up-to-date: /home/dharmik.p45/Dharmik/berry_ws/install/franka_msgs/local/lib/python3.10/dist-packages/franka_msgs/srv/_set_full_collision_behavior.py
[0.313s] -- Up-to-date: /home/dharmik.p45/Dharmik/berry_ws/install/franka_msgs/local/lib/python3.10/dist-packages/franka_msgs/srv/_set_cartesian_stiffness.py
[0.313s] -- Up-to-date: /home/dharmik.p45/Dharmik/berry_ws/install/franka_msgs/local/lib/python3.10/dist-packages/franka_msgs/srv/_set_load_s.c
[0.313s] -- Up-to-date: /home/dharmik.p45/Dharmik/berry_ws/install/franka_msgs/local/lib/python3.10/dist-packages/franka_msgs/srv/_set_force_torque_collision_behavior.py
[0.313s] -- Up-to-date: /home/dharmik.p45/Dharmik/berry_ws/install/franka_msgs/local/lib/python3.10/dist-packages/franka_msgs/srv/_set_tcp_frame.py
[0.313s] -- Up-to-date: /home/dharmik.p45/Dharmik/berry_ws/install/franka_msgs/local/lib/python3.10/dist-packages/franka_msgs/srv/_set_stiffness_frame.py
[0.313s] -- Up-to-date: /home/dharmik.p45/Dharmik/berry_ws/install/franka_msgs/local/lib/python3.10/dist-packages/franka_msgs/srv/_set_full_collision_behavior_s.c
[0.313s] -- Up-to-date: /home/dharmik.p45/Dharmik/berry_ws/install/franka_msgs/local/lib/python3.10/dist-packages/franka_msgs/srv/_set_stiffness_frame_s.c
[0.313s] -- Up-to-date: /home/dharmik.p45/Dharmik/berry_ws/install/franka_msgs/local/lib/python3.10/dist-packages/franka_msgs/srv/__init__.py
[0.313s] -- Up-to-date: /home/dharmik.p45/Dharmik/berry_ws/install/franka_msgs/local/lib/python3.10/dist-packages/franka_msgs/srv/_set_joint_stiffness.py
[0.313s] -- Up-to-date: /home/dharmik.p45/Dharmik/berry_ws/install/franka_msgs/local/lib/python3.10/dist-packages/franka_msgs/srv/_set_force_torque_collision_behavior_s.c
[0.313s] -- Up-to-date: /home/dharmik.p45/Dharmik/berry_ws/install/franka_msgs/local/lib/python3.10/dist-packages/franka_msgs/srv/_set_cartesian_stiffness_s.c
[0.313s] -- Up-to-date: /home/dharmik.p45/Dharmik/berry_ws/install/franka_msgs/local/lib/python3.10/dist-packages/franka_msgs/srv/_set_tcp_frame_s.c
[0.313s] -- Up-to-date: /home/dharmik.p45/Dharmik/berry_ws/install/franka_msgs/local/lib/python3.10/dist-packages/franka_msgs/srv/_set_load.py
[0.313s] -- Up-to-date: /home/dharmik.p45/Dharmik/berry_ws/install/franka_msgs/local/lib/python3.10/dist-packages/franka_msgs/srv/_set_joint_stiffness_s.c
[0.313s] -- Up-to-date: /home/dharmik.p45/Dharmik/berry_ws/install/franka_msgs/local/lib/python3.10/dist-packages/franka_msgs/franka_msgs_s__rosidl_typesupport_introspection_c.cpython-310-x86_64-linux-gnu.so
[0.313s] -- Up-to-date: /home/dharmik.p45/Dharmik/berry_ws/install/franka_msgs/local/lib/python3.10/dist-packages/franka_msgs/_franka_msgs_s.ep.rosidl_typesupport_fastrtps_c.c
[0.313s] -- Up-to-date: /home/dharmik.p45/Dharmik/berry_ws/install/franka_msgs/local/lib/python3.10/dist-packages/franka_msgs/franka_msgs_s__rosidl_typesupport_c.cpython-310-x86_64-linux-gnu.so
[0.313s] -- Up-to-date: /home/dharmik.p45/Dharmik/berry_ws/install/franka_msgs/local/lib/python3.10/dist-packages/franka_msgs/__init__.py
[0.313s] -- Up-to-date: /home/dharmik.p45/Dharmik/berry_ws/install/franka_msgs/local/lib/python3.10/dist-packages/franka_msgs/msg
[0.313s] -- Up-to-date: /home/dharmik.p45/Dharmik/berry_ws/install/franka_msgs/local/lib/python3.10/dist-packages/franka_msgs/msg/_errors.py
[0.313s] -- Up-to-date: /home/dharmik.p45/Dharmik/berry_ws/install/franka_msgs/local/lib/python3.10/dist-packages/franka_msgs/msg/_elbow.py
[0.313s] -- Up-to-date: /home/dharmik.p45/Dharmik/berry_ws/install/franka_msgs/local/lib/python3.10/dist-packages/franka_msgs/msg/_errors_s.c
[0.314s] -- Up-to-date: /home/dharmik.p45/Dharmik/berry_ws/install/franka_msgs/local/lib/python3.10/dist-packages/franka_msgs/msg/_franka_robot_state.py
[0.314s] -- Up-to-date: /home/dharmik.p45/Dharmik/berry_ws/install/franka_msgs/local/lib/python3.10/dist-packages/franka_msgs/msg/_target_status_s.c
[0.314s] -- Up-to-date: /home/dharmik.p45/Dharmik/berry_ws/install/franka_msgs/local/lib/python3.10/dist-packages/franka_msgs/msg/_elbow_s.c
[0.314s] -- Up-to-date: /home/dharmik.p45/Dharmik/berry_ws/install/franka_msgs/local/lib/python3.10/dist-packages/franka_msgs/msg/__init__.py
[0.314s] -- Up-to-date: /home/dharmik.p45/Dharmik/berry_ws/install/franka_msgs/local/lib/python3.10/dist-packages/franka_msgs/msg/_target_status.py
[0.314s] -- Up-to-date: /home/dharmik.p45/Dharmik/berry_ws/install/franka_msgs/local/lib/python3.10/dist-packages/franka_msgs/msg/_collision_indicators.py
[0.314s] -- Up-to-date: /home/dharmik.p45/Dharmik/berry_ws/install/franka_msgs/local/lib/python3.10/dist-packages/franka_msgs/msg/_collision_indicators_s.c
[0.314s] -- Up-to-date: /home/dharmik.p45/Dharmik/berry_ws/install/franka_msgs/local/lib/python3.10/dist-packages/franka_msgs/msg/_grasp_epsilon.py
[0.314s] -- Up-to-date: /home/dharmik.p45/Dharmik/berry_ws/install/franka_msgs/local/lib/python3.10/dist-packages/franka_msgs/msg/_franka_robot_state_s.c
[0.314s] -- Up-to-date: /home/dharmik.p45/Dharmik/berry_ws/install/franka_msgs/local/lib/python3.10/dist-packages/franka_msgs/msg/_grasp_epsilon_s.c
[0.314s] -- Up-to-date: /home/dharmik.p45/Dharmik/berry_ws/install/franka_msgs/local/lib/python3.10/dist-packages/franka_msgs/_franka_msgs_s.ep.rosidl_typesupport_introspection_c.c
[0.314s] -- Up-to-date: /home/dharmik.p45/Dharmik/berry_ws/install/franka_msgs/local/lib/python3.10/dist-packages/franka_msgs/_franka_msgs_s.ep.rosidl_typesupport_c.c
[0.314s] -- Up-to-date: /home/dharmik.p45/Dharmik/berry_ws/install/franka_msgs/local/lib/python3.10/dist-packages/franka_msgs/libfranka_msgs__rosidl_generator_py.so
[0.314s] -- Up-to-date: /home/dharmik.p45/Dharmik/berry_ws/install/franka_msgs/local/lib/python3.10/dist-packages/franka_msgs/action
[0.314s] -- Up-to-date: /home/dharmik.p45/Dharmik/berry_ws/install/franka_msgs/local/lib/python3.10/dist-packages/franka_msgs/action/_grasp.py
[0.314s] -- Up-to-date: /home/dharmik.p45/Dharmik/berry_ws/install/franka_msgs/local/lib/python3.10/dist-packages/franka_msgs/action/_homing.py
[0.314s] -- Up-to-date: /home/dharmik.p45/Dharmik/berry_ws/install/franka_msgs/local/lib/python3.10/dist-packages/franka_msgs/action/_move.py
[0.314s] -- Up-to-date: /home/dharmik.p45/Dharmik/berry_ws/install/franka_msgs/local/lib/python3.10/dist-packages/franka_msgs/action/__init__.py
[0.314s] -- Up-to-date: /home/dharmik.p45/Dharmik/berry_ws/install/franka_msgs/local/lib/python3.10/dist-packages/franka_msgs/action/_error_recovery.py
[0.314s] -- Up-to-date: /home/dharmik.p45/Dharmik/berry_ws/install/franka_msgs/local/lib/python3.10/dist-packages/franka_msgs/action/_ptp_motion.py
[0.314s] -- Up-to-date: /home/dharmik.p45/Dharmik/berry_ws/install/franka_msgs/local/lib/python3.10/dist-packages/franka_msgs/action/_error_recovery_s.c
[0.314s] -- Up-to-date: /home/dharmik.p45/Dharmik/berry_ws/install/franka_msgs/local/lib/python3.10/dist-packages/franka_msgs/action/_homing_s.c
[0.314s] -- Up-to-date: /home/dharmik.p45/Dharmik/berry_ws/install/franka_msgs/local/lib/python3.10/dist-packages/franka_msgs/action/_ptp_motion_s.c
[0.314s] -- Up-to-date: /home/dharmik.p45/Dharmik/berry_ws/install/franka_msgs/local/lib/python3.10/dist-packages/franka_msgs/action/_grasp_s.c
[0.314s] -- Up-to-date: /home/dharmik.p45/Dharmik/berry_ws/install/franka_msgs/local/lib/python3.10/dist-packages/franka_msgs/action/_move_s.c
[0.320s] Listing '/home/dharmik.p45/Dharmik/berry_ws/install/franka_msgs/local/lib/python3.10/dist-packages/franka_msgs'...
[0.320s] Listing '/home/dharmik.p45/Dharmik/berry_ws/install/franka_msgs/local/lib/python3.10/dist-packages/franka_msgs/action'...
[0.320s] Listing '/home/dharmik.p45/Dharmik/berry_ws/install/franka_msgs/local/lib/python3.10/dist-packages/franka_msgs/msg'...
[0.320s] Listing '/home/dharmik.p45/Dharmik/berry_ws/install/franka_msgs/local/lib/python3.10/dist-packages/franka_msgs/srv'...
[0.323s] -- Up-to-date: /home/dharmik.p45/Dharmik/berry_ws/install/franka_msgs/local/lib/python3.10/dist-packages/franka_msgs/franka_msgs_s__rosidl_typesupport_fastrtps_c.cpython-310-x86_64-linux-gnu.so
[0.323s] -- Up-to-date: /home/dharmik.p45/Dharmik/berry_ws/install/franka_msgs/local/lib/python3.10/dist-packages/franka_msgs/franka_msgs_s__rosidl_typesupport_introspection_c.cpython-310-x86_64-linux-gnu.so
[0.323s] -- Up-to-date: /home/dharmik.p45/Dharmik/berry_ws/install/franka_msgs/local/lib/python3.10/dist-packages/franka_msgs/franka_msgs_s__rosidl_typesupport_c.cpython-310-x86_64-linux-gnu.so
[0.324s] -- Up-to-date: /home/dharmik.p45/Dharmik/berry_ws/install/franka_msgs/lib/libfranka_msgs__rosidl_generator_py.so
[0.324s] -- Up-to-date: /home/dharmik.p45/Dharmik/berry_ws/install/franka_msgs/share/franka_msgs/action/ErrorRecovery.idl
[0.324s] -- Up-to-date: /home/dharmik.p45/Dharmik/berry_ws/install/franka_msgs/share/franka_msgs/action/Grasp.idl
[0.324s] -- Up-to-date: /home/dharmik.p45/Dharmik/berry_ws/install/franka_msgs/share/franka_msgs/action/Homing.idl
[0.324s] -- Up-to-date: /home/dharmik.p45/Dharmik/berry_ws/install/franka_msgs/share/franka_msgs/action/Move.idl
[0.324s] -- Up-to-date: /home/dharmik.p45/Dharmik/berry_ws/install/franka_msgs/share/franka_msgs/action/PTPMotion.idl
[0.324s] -- Up-to-date: /home/dharmik.p45/Dharmik/berry_ws/install/franka_msgs/share/franka_msgs/msg/CollisionIndicators.idl
[0.324s] -- Up-to-date: /home/dharmik.p45/Dharmik/berry_ws/install/franka_msgs/share/franka_msgs/msg/Elbow.idl
[0.324s] -- Up-to-date: /home/dharmik.p45/Dharmik/berry_ws/install/franka_msgs/share/franka_msgs/msg/Errors.idl
[0.324s] -- Up-to-date: /home/dharmik.p45/Dharmik/berry_ws/install/franka_msgs/share/franka_msgs/msg/FrankaRobotState.idl
[0.324s] -- Up-to-date: /home/dharmik.p45/Dharmik/berry_ws/install/franka_msgs/share/franka_msgs/msg/GraspEpsilon.idl
[0.324s] -- Up-to-date: /home/dharmik.p45/Dharmik/berry_ws/install/franka_msgs/share/franka_msgs/msg/TargetStatus.idl
[0.324s] -- Up-to-date: /home/dharmik.p45/Dharmik/berry_ws/install/franka_msgs/share/franka_msgs/srv/SetCartesianStiffness.idl
[0.324s] -- Up-to-date: /home/dharmik.p45/Dharmik/berry_ws/install/franka_msgs/share/franka_msgs/srv/SetTCPFrame.idl
[0.324s] -- Up-to-date: /home/dharmik.p45/Dharmik/berry_ws/install/franka_msgs/share/franka_msgs/srv/SetForceTorqueCollisionBehavior.idl
[0.324s] -- Up-to-date: /home/dharmik.p45/Dharmik/berry_ws/install/franka_msgs/share/franka_msgs/srv/SetFullCollisionBehavior.idl
[0.324s] -- Up-to-date: /home/dharmik.p45/Dharmik/berry_ws/install/franka_msgs/share/franka_msgs/srv/SetJointStiffness.idl
[0.324s] -- Up-to-date: /home/dharmik.p45/Dharmik/berry_ws/install/franka_msgs/share/franka_msgs/srv/SetStiffnessFrame.idl
[0.325s] -- Up-to-date: /home/dharmik.p45/Dharmik/berry_ws/install/franka_msgs/share/franka_msgs/srv/SetLoad.idl
[0.325s] -- Up-to-date: /home/dharmik.p45/Dharmik/berry_ws/install/franka_msgs/share/franka_msgs/action/ErrorRecovery.action
[0.325s] -- Up-to-date: /home/dharmik.p45/Dharmik/berry_ws/install/franka_msgs/share/franka_msgs/action/Grasp.action
[0.325s] -- Up-to-date: /home/dharmik.p45/Dharmik/berry_ws/install/franka_msgs/share/franka_msgs/action/Homing.action
[0.325s] -- Up-to-date: /home/dharmik.p45/Dharmik/berry_ws/install/franka_msgs/share/franka_msgs/action/Move.action
[0.325s] -- Up-to-date: /home/dharmik.p45/Dharmik/berry_ws/install/franka_msgs/share/franka_msgs/action/PTPMotion.action
[0.325s] -- Up-to-date: /home/dharmik.p45/Dharmik/berry_ws/install/franka_msgs/share/franka_msgs/msg/CollisionIndicators.msg
[0.325s] -- Up-to-date: /home/dharmik.p45/Dharmik/berry_ws/install/franka_msgs/share/franka_msgs/msg/Elbow.msg
[0.325s] -- Up-to-date: /home/dharmik.p45/Dharmik/berry_ws/install/franka_msgs/share/franka_msgs/msg/Errors.msg
[0.325s] -- Up-to-date: /home/dharmik.p45/Dharmik/berry_ws/install/franka_msgs/share/franka_msgs/msg/FrankaRobotState.msg
[0.325s] -- Up-to-date: /home/dharmik.p45/Dharmik/berry_ws/install/franka_msgs/share/franka_msgs/msg/GraspEpsilon.msg
[0.325s] -- Up-to-date: /home/dharmik.p45/Dharmik/berry_ws/install/franka_msgs/share/franka_msgs/msg/TargetStatus.msg
[0.325s] -- Up-to-date: /home/dharmik.p45/Dharmik/berry_ws/install/franka_msgs/share/franka_msgs/srv/SetCartesianStiffness.srv
[0.325s] -- Up-to-date: /home/dharmik.p45/Dharmik/berry_ws/install/franka_msgs/share/franka_msgs/srv/SetCartesianStiffness_Request.msg
[0.325s] -- Up-to-date: /home/dharmik.p45/Dharmik/berry_ws/install/franka_msgs/share/franka_msgs/srv/SetCartesianStiffness_Response.msg
[0.325s] -- Up-to-date: /home/dharmik.p45/Dharmik/berry_ws/install/franka_msgs/share/franka_msgs/srv/SetTCPFrame.srv
[0.325s] -- Up-to-date: /home/dharmik.p45/Dharmik/berry_ws/install/franka_msgs/share/franka_msgs/srv/SetTCPFrame_Request.msg
[0.326s] -- Up-to-date: /home/dharmik.p45/Dharmik/berry_ws/install/franka_msgs/share/franka_msgs/srv/SetTCPFrame_Response.msg
[0.326s] -- Up-to-date: /home/dharmik.p45/Dharmik/berry_ws/install/franka_msgs/share/franka_msgs/srv/SetForceTorqueCollisionBehavior.srv
[0.326s] -- Up-to-date: /home/dharmik.p45/Dharmik/berry_ws/install/franka_msgs/share/franka_msgs/srv/SetForceTorqueCollisionBehavior_Request.msg
[0.326s] -- Up-to-date: /home/dharmik.p45/Dharmik/berry_ws/install/franka_msgs/share/franka_msgs/srv/SetForceTorqueCollisionBehavior_Response.msg
[0.326s] -- Up-to-date: /home/dharmik.p45/Dharmik/berry_ws/install/franka_msgs/share/franka_msgs/srv/SetFullCollisionBehavior.srv
[0.326s] -- Up-to-date: /home/dharmik.p45/Dharmik/berry_ws/install/franka_msgs/share/franka_msgs/srv/SetFullCollisionBehavior_Request.msg
[0.326s] -- Up-to-date: /home/dharmik.p45/Dharmik/berry_ws/install/franka_msgs/share/franka_msgs/srv/SetFullCollisionBehavior_Response.msg
[0.326s] -- Up-to-date: /home/dharmik.p45/Dharmik/berry_ws/install/franka_msgs/share/franka_msgs/srv/SetJointStiffness.srv
[0.326s] -- Up-to-date: /home/dharmik.p45/Dharmik/berry_ws/install/franka_msgs/share/franka_msgs/srv/SetJointStiffness_Request.msg
[0.326s] -- Up-to-date: /home/dharmik.p45/Dharmik/berry_ws/install/franka_msgs/share/franka_msgs/srv/SetJointStiffness_Response.msg
[0.326s] -- Up-to-date: /home/dharmik.p45/Dharmik/berry_ws/install/franka_msgs/share/franka_msgs/srv/SetStiffnessFrame.srv
[0.326s] -- Up-to-date: /home/dharmik.p45/Dharmik/berry_ws/install/franka_msgs/share/franka_msgs/srv/SetStiffnessFrame_Request.msg
[0.326s] -- Up-to-date: /home/dharmik.p45/Dharmik/berry_ws/install/franka_msgs/share/franka_msgs/srv/SetStiffnessFrame_Response.msg
[0.326s] -- Up-to-date: /home/dharmik.p45/Dharmik/berry_ws/install/franka_msgs/share/franka_msgs/srv/SetLoad.srv
[0.326s] -- Up-to-date: /home/dharmik.p45/Dharmik/berry_ws/install/franka_msgs/share/franka_msgs/srv/SetLoad_Request.msg
[0.326s] -- Up-to-date: /home/dharmik.p45/Dharmik/berry_ws/install/franka_msgs/share/franka_msgs/srv/SetLoad_Response.msg
[0.326s] -- Up-to-date: /home/dharmik.p45/Dharmik/berry_ws/install/franka_msgs/share/ament_index/resource_index/package_run_dependencies/franka_msgs
[0.326s] -- Up-to-date: /home/dharmik.p45/Dharmik/berry_ws/install/franka_msgs/share/ament_index/resource_index/parent_prefix_path/franka_msgs
[0.326s] -- Up-to-date: /home/dharmik.p45/Dharmik/berry_ws/install/franka_msgs/share/franka_msgs/environment/ament_prefix_path.sh
[0.327s] -- Up-to-date: /home/dharmik.p45/Dharmik/berry_ws/install/franka_msgs/share/franka_msgs/environment/ament_prefix_path.dsv
[0.327s] -- Up-to-date: /home/dharmik.p45/Dharmik/berry_ws/install/franka_msgs/share/franka_msgs/environment/path.sh
[0.327s] -- Up-to-date: /home/dharmik.p45/Dharmik/berry_ws/install/franka_msgs/share/franka_msgs/environment/path.dsv
[0.327s] -- Up-to-date: /home/dharmik.p45/Dharmik/berry_ws/install/franka_msgs/share/franka_msgs/local_setup.bash
[0.327s] -- Up-to-date: /home/dharmik.p45/Dharmik/berry_ws/install/franka_msgs/share/franka_msgs/local_setup.sh
[0.327s] -- Up-to-date: /home/dharmik.p45/Dharmik/berry_ws/install/franka_msgs/share/franka_msgs/local_setup.zsh
[0.327s] -- Up-to-date: /home/dharmik.p45/Dharmik/berry_ws/install/franka_msgs/share/franka_msgs/local_setup.dsv
[0.327s] -- Installing: /home/dharmik.p45/Dharmik/berry_ws/install/franka_msgs/share/franka_msgs/package.dsv
[0.327s] -- Up-to-date: /home/dharmik.p45/Dharmik/berry_ws/install/franka_msgs/share/ament_index/resource_index/packages/franka_msgs
[0.327s] -- Up-to-date: /home/dharmik.p45/Dharmik/berry_ws/install/franka_msgs/share/franka_msgs/cmake/export_franka_msgs__rosidl_generator_cExport.cmake
[0.327s] -- Up-to-date: /home/dharmik.p45/Dharmik/berry_ws/install/franka_msgs/share/franka_msgs/cmake/export_franka_msgs__rosidl_generator_cExport-release.cmake
[0.327s] -- Up-to-date: /home/dharmik.p45/Dharmik/berry_ws/install/franka_msgs/share/franka_msgs/cmake/export_franka_msgs__rosidl_typesupport_fastrtps_cExport.cmake
[0.327s] -- Up-to-date: /home/dharmik.p45/Dharmik/berry_ws/install/franka_msgs/share/franka_msgs/cmake/export_franka_msgs__rosidl_typesupport_fastrtps_cExport-release.cmake
[0.327s] -- Up-to-date: /home/dharmik.p45/Dharmik/berry_ws/install/franka_msgs/share/franka_msgs/cmake/franka_msgs__rosidl_typesupport_introspection_cExport.cmake
[0.327s] -- Up-to-date: /home/dharmik.p45/Dharmik/berry_ws/install/franka_msgs/share/franka_msgs/cmake/franka_msgs__rosidl_typesupport_introspection_cExport-release.cmake
[0.327s] -- Up-to-date: /home/dharmik.p45/Dharmik/berry_ws/install/franka_msgs/share/franka_msgs/cmake/franka_msgs__rosidl_typesupport_cExport.cmake
[0.327s] -- Up-to-date: /home/dharmik.p45/Dharmik/berry_ws/install/franka_msgs/share/franka_msgs/cmake/franka_msgs__rosidl_typesupport_cExport-release.cmake
[0.327s] -- Up-to-date: /home/dharmik.p45/Dharmik/berry_ws/install/franka_msgs/share/franka_msgs/cmake/export_franka_msgs__rosidl_generator_cppExport.cmake
[0.327s] -- Up-to-date: /home/dharmik.p45/Dharmik/berry_ws/install/franka_msgs/share/franka_msgs/cmake/export_franka_msgs__rosidl_typesupport_fastrtps_cppExport.cmake
[0.328s] -- Up-to-date: /home/dharmik.p45/Dharmik/berry_ws/install/franka_msgs/share/franka_msgs/cmake/export_franka_msgs__rosidl_typesupport_fastrtps_cppExport-release.cmake
[0.328s] -- Up-to-date: /home/dharmik.p45/Dharmik/berry_ws/install/franka_msgs/share/franka_msgs/cmake/franka_msgs__rosidl_typesupport_introspection_cppExport.cmake
[0.328s] -- Up-to-date: /home/dharmik.p45/Dharmik/berry_ws/install/franka_msgs/share/franka_msgs/cmake/franka_msgs__rosidl_typesupport_introspection_cppExport-release.cmake
[0.328s] -- Up-to-date: /home/dharmik.p45/Dharmik/berry_ws/install/franka_msgs/share/franka_msgs/cmake/franka_msgs__rosidl_typesupport_cppExport.cmake
[0.328s] -- Up-to-date: /home/dharmik.p45/Dharmik/berry_ws/install/franka_msgs/share/franka_msgs/cmake/franka_msgs__rosidl_typesupport_cppExport-release.cmake
[0.328s] -- Up-to-date: /home/dharmik.p45/Dharmik/berry_ws/install/franka_msgs/share/franka_msgs/cmake/export_franka_msgs__rosidl_generator_pyExport.cmake
[0.328s] -- Up-to-date: /home/dharmik.p45/Dharmik/berry_ws/install/franka_msgs/share/franka_msgs/cmake/export_franka_msgs__rosidl_generator_pyExport-release.cmake
[0.328s] -- Up-to-date: /home/dharmik.p45/Dharmik/berry_ws/install/franka_msgs/share/franka_msgs/cmake/rosidl_cmake-extras.cmake
[0.328s] -- Up-to-date: /home/dharmik.p45/Dharmik/berry_ws/install/franka_msgs/share/franka_msgs/cmake/ament_cmake_export_dependencies-extras.cmake
[0.328s] -- Up-to-date: /home/dharmik.p45/Dharmik/berry_ws/install/franka_msgs/share/franka_msgs/cmake/ament_cmake_export_include_directories-extras.cmake
[0.328s] -- Up-to-date: /home/dharmik.p45/Dharmik/berry_ws/install/franka_msgs/share/franka_msgs/cmake/ament_cmake_export_libraries-extras.cmake
[0.328s] -- Up-to-date: /home/dharmik.p45/Dharmik/berry_ws/install/franka_msgs/share/franka_msgs/cmake/ament_cmake_export_targets-extras.cmake
[0.328s] -- Up-to-date: /home/dharmik.p45/Dharmik/berry_ws/install/franka_msgs/share/franka_msgs/cmake/rosidl_cmake_export_typesupport_targets-extras.cmake
[0.328s] -- Up-to-date: /home/dharmik.p45/Dharmik/berry_ws/install/franka_msgs/share/franka_msgs/cmake/rosidl_cmake_export_typesupport_libraries-extras.cmake
[0.328s] -- Up-to-date: /home/dharmik.p45/Dharmik/berry_ws/install/franka_msgs/share/franka_msgs/cmake/franka_msgsConfig.cmake
[0.328s] -- Up-to-date: /home/dharmik.p45/Dharmik/berry_ws/install/franka_msgs/share/franka_msgs/cmake/franka_msgsConfig-version.cmake
[0.328s] -- Up-to-date: /home/dharmik.p45/Dharmik/berry_ws/install/franka_msgs/share/franka_msgs/package.xml
[0.331s] Invoked command in '/home/dharmik.p45/Dharmik/berry_ws/build/franka_msgs' returned '0': CMAKE_PREFIX_PATH=/opt/ros/humble /usr/bin/cmake --install /home/dharmik.p45/Dharmik/berry_ws/build/franka_msgs
