In file included from [01m[K/home/dharmik.p45/Dharmik/berry_ws/src/franka_ros2/franka_hardware/src/actions_helper/ptp_motion_handler.cpp:15[m[K:
[01m[K/home/dharmik.p45/Dharmik/berry_ws/src/franka_ros2/franka_hardware/include/franka_hardware/actions_helper/ptp_motion_handler.hpp:21:10:[m[K [01;31m[Kfatal error: [m[Kfranka/async_control/async_position_control_handler.hpp: No such file or directory
   21 | #include [01;31m[K<franka/async_control/async_position_control_handler.hpp>[m[K
      |          [01;31m[K^~~~~~~~~~~~~~~~~~~~~~~~~~~~~~~~~~~~~~~~~~~~~~~~~~~~~~~~~[m[K
compilation terminated.
gmake[2]: *** [CMakeFiles/franka_hardware.dir/build.make:160: CMakeFiles/franka_hardware.dir/src/actions_helper/ptp_motion_handler.cpp.o] Error 1
gmake[2]: *** Waiting for unfinished jobs....
In file included from [01m[K/home/dharmik.p45/Dharmik/berry_ws/src/franka_ros2/franka_hardware/include/franka_hardware/franka_action_server.hpp:22[m[K,
                 from [01m[K/home/dharmik.p45/Dharmik/berry_ws/src/franka_ros2/franka_hardware/src/franka_action_server.cpp:15[m[K:
[01m[K/home/dharmik.p45/Dharmik/berry_ws/src/franka_ros2/franka_hardware/include/franka_hardware/actions_helper/ptp_motion_handler.hpp:21:10:[m[K [01;31m[Kfatal error: [m[Kfranka/async_control/async_position_control_handler.hpp: No such file or directory
   21 | #include [01;31m[K<franka/async_control/async_position_control_handler.hpp>[m[K
      |          [01;31m[K^~~~~~~~~~~~~~~~~~~~~~~~~~~~~~~~~~~~~~~~~~~~~~~~~~~~~~~~~[m[K
compilation terminated.
gmake[2]: *** [CMakeFiles/franka_hardware.dir/build.make:76: CMakeFiles/franka_hardware.dir/src/franka_action_server.cpp.o] Error 1
In file included from [01m[K/home/dharmik.p45/Dharmik/berry_ws/src/franka_ros2/franka_hardware/include/franka_hardware/franka_action_server.hpp:22[m[K,
                 from [01m[K/home/dharmik.p45/Dharmik/berry_ws/src/franka_ros2/franka_hardware/include/franka_hardware/franka_hardware_interface.hpp:34[m[K,
                 from [01m[K/home/dharmik.p45/Dharmik/berry_ws/src/franka_ros2/franka_hardware/src/franka_hardware_interface.cpp:30[m[K:
[01m[K/home/dharmik.p45/Dharmik/berry_ws/src/franka_ros2/franka_hardware/include/franka_hardware/actions_helper/ptp_motion_handler.hpp:21:10:[m[K [01;31m[Kfatal error: [m[Kfranka/async_control/async_position_control_handler.hpp: No such file or directory
   21 | #include [01;31m[K<franka/async_control/async_position_control_handler.hpp>[m[K
      |          [01;31m[K^~~~~~~~~~~~~~~~~~~~~~~~~~~~~~~~~~~~~~~~~~~~~~~~~~~~~~~~~[m[K
compilation terminated.
gmake[2]: *** [CMakeFiles/franka_hardware.dir/build.make:104: CMakeFiles/franka_hardware.dir/src/franka_hardware_interface.cpp.o] Error 1
In file included from [01m[K/usr/include/c++/12/ios:40[m[K,
                 from [01m[K/usr/include/c++/12/ostream:38[m[K,
                 from [01m[K/usr/include/c++/12/bits/unique_ptr.h:41[m[K,
                 from [01m[K/usr/include/c++/12/memory:75[m[K,
                 from [01m[K/opt/ros/humble/src/gtest_vendor/include/gtest/gtest.h:57[m[K,
                 from [01m[K/opt/ros/humble/src/gtest_vendor/src/gtest-all.cc:38[m[K:
In static member function ‘[01m[Kstatic constexpr std::char_traits<char>::char_type* std::char_traits<char>::copy(char_type*, const char_type*, std::size_t)[m[K’,
    inlined from ‘[01m[Kstatic constexpr void std::__cxx11::basic_string<_CharT, _Traits, _Alloc>::_S_copy(_CharT*, const _CharT*, size_type) [with _CharT = char; _Traits = std::char_traits<char>; _Alloc = std::allocator<char>][m[K’ at [01m[K/usr/include/c++/12/bits/basic_string.h:431:21[m[K,
    inlined from ‘[01m[Kconstexpr std::__cxx11::basic_string<_CharT, _Traits, _Allocator>& std::__cxx11::basic_string<_CharT, _Traits, _Alloc>::_M_replace(size_type, size_type, const _CharT*, size_type) [with _CharT = char; _Traits = std::char_traits<char>; _Alloc = std::allocator<char>][m[K’ at [01m[K/usr/include/c++/12/bits/basic_string.tcc:532:22[m[K,
    inlined from ‘[01m[Kconstexpr std::__cxx11::basic_string<_CharT, _Traits, _Alloc>& std::__cxx11::basic_string<_CharT, _Traits, _Alloc>::replace(size_type, size_type, const _CharT*, size_type) [with _CharT = char; _Traits = std::char_traits<char>; _Alloc = std::allocator<char>][m[K’ at [01m[K/usr/include/c++/12/bits/basic_string.h:2179:19[m[K,
    inlined from ‘[01m[Kconstexpr std::__cxx11::basic_string<_CharT, _Traits, _Alloc>& std::__cxx11::basic_string<_CharT, _Traits, _Alloc>::insert(size_type, const _CharT*) [with _CharT = char; _Traits = std::char_traits<char>; _Alloc = std::allocator<char>][m[K’ at [01m[K/usr/include/c++/12/bits/basic_string.h:1936:22[m[K,
    inlined from ‘[01m[Kconstexpr std::__cxx11::basic_string<_CharT, _Traits, _Allocator> std::operator+(const _CharT*, __cxx11::basic_string<_CharT, _Traits, _Allocator>&&) [with _CharT = char; _Traits = char_traits<char>; _Alloc = allocator<char>][m[K’ at [01m[K/usr/include/c++/12/bits/basic_string.h:3549:36[m[K,
    inlined from ‘[01m[Kstatic std::string testing::internal::StreamingListener::UrlEncode(const char*)[m[K’ at [01m[K/opt/ros/humble/src/gtest_vendor/src/gtest.cc:4371:27[m[K:
[01m[K/usr/include/c++/12/bits/char_traits.h:435:56:[m[K [01;35m[Kwarning: [m[K‘[01m[Kvoid* __builtin_memcpy(void*, const void*, long unsigned int)[m[K’ accessing 9223372036854775810 or more bytes at offsets [2, 9223372036854775807] and 1 may overlap up to 9223372036854775813 bytes at offset -3 [[01;35m[K]8;;https://gcc.gnu.org/onlinedocs/gcc/Warning-Options.html#index-Wrestrict-Wrestrict]8;;[m[K]
  435 |         return static_cast<char_type*>([01;35m[K__builtin_memcpy(__s1, __s2, __n)[m[K);
      |                                        [01;35m[K~~~~~~~~~~~~~~~~^~~~~~~~~~~~~~~~~[m[K
gmake[1]: *** [CMakeFiles/Makefile2:195: CMakeFiles/franka_hardware.dir/all] Error 2
gmake: *** [Makefile:146: all] Error 2
