[0.007s] Invoking command in '/home/dharmik.p45/Dharmik/berry_ws/build/franka_hardware': AMENT_PREFIX_PATH=/home/dharmik.p45/Dharmik/berry_ws/install/franka_msgs:${AMENT_PREFIX_PATH} CMAKE_PREFIX_PATH=/home/dharmik.p45/Dharmik/berry_ws/install/franka_msgs:/opt/ros/humble LD_LIBRARY_PATH=/home/dharmik.p45/Dharmik/berry_ws/install/franka_msgs/lib:${LD_LIBRARY_PATH} PYTHONPATH=/home/dharmik.p45/Dharmik/berry_ws/install/franka_msgs/local/lib/python3.10/dist-packages:${PYTHONPATH} /usr/bin/cmake /home/dharmik.p45/Dharmik/berry_ws/src/franka_ros2/franka_hardware -DCMAKE_BUILD_TYPE=Release -DCMAKE_INSTALL_PREFIX=/home/dharmik.p45/Dharmik/berry_ws/install/franka_hardware
[0.050s] -- The C compiler identification is GNU 12.3.0
[0.094s] -- The CXX compiler identification is GNU 12.3.0
[0.099s] -- Detecting C compiler ABI info
[0.154s] -- Detecting C compiler ABI info - done
[0.158s] -- Check for working C compiler: /usr/bin/cc - skipped
[0.158s] -- Detecting C compile features
[0.158s] -- Detecting C compile features - done
[0.160s] -- Detecting CXX compiler ABI info
[0.218s] -- Detecting CXX compiler ABI info - done
[0.223s] -- Check for working CXX compiler: /usr/bin/c++ - skipped
[0.223s] -- Detecting CXX compile features
[0.223s] -- Detecting CXX compile features - done
[0.225s] -- Found ament_cmake: 1.3.12 (/opt/ros/humble/share/ament_cmake/cmake)
[0.329s] -- Found Python3: /usr/bin/python3 (found version "3.10.12") found components: Interpreter 
[0.389s] -- Found rclcpp: 16.0.17 (/opt/ros/humble/share/rclcpp/cmake)
[0.417s] -- Found rosidl_generator_c: 3.1.8 (/opt/ros/humble/share/rosidl_generator_c/cmake)
[0.419s] -- Found rosidl_adapter: 3.1.8 (/opt/ros/humble/share/rosidl_adapter/cmake)
[0.424s] -- Found rosidl_generator_cpp: 3.1.8 (/opt/ros/humble/share/rosidl_generator_cpp/cmake)
[0.430s] -- Using all available rosidl_typesupport_c: rosidl_typesupport_fastrtps_c;rosidl_typesupport_introspection_c
[0.439s] -- Using all available rosidl_typesupport_cpp: rosidl_typesupport_fastrtps_cpp;rosidl_typesupport_introspection_cpp
[0.478s] -- Found rmw_implementation_cmake: 6.1.2 (/opt/ros/humble/share/rmw_implementation_cmake/cmake)
[0.482s] -- Found rmw_fastrtps_cpp: 6.2.9 (/opt/ros/humble/share/rmw_fastrtps_cpp/cmake)
[0.568s] -- Found OpenSSL: /usr/lib/x86_64-linux-gnu/libcrypto.so (found version "3.0.2")  
[0.589s] -- Found FastRTPS: /opt/ros/humble/include  
[0.617s] -- Using RMW implementation 'rmw_fastrtps_cpp' as default
[0.627s] -- Looking for pthread.h
[0.688s] -- Looking for pthread.h - found
[0.689s] -- Performing Test CMAKE_HAVE_LIBC_PTHREAD
[0.759s] -- Performing Test CMAKE_HAVE_LIBC_PTHREAD - Success
[0.760s] -- Found Threads: TRUE  
[0.800s] -- Found rclcpp_action: 16.0.17 (/opt/ros/humble/share/rclcpp_action/cmake)
[0.819s] -- Found franka_msgs: 2.2.0 (/home/dharmik.p45/Dharmik/berry_ws/install/franka_msgs/share/franka_msgs/cmake)
[0.851s] -- Found hardware_interface: 2.53.0 (/opt/ros/humble/share/hardware_interface/cmake)
[0.924s] -- Found rclcpp_components: 16.0.17 (/opt/ros/humble/share/rclcpp_components/cmake)
[0.936s] -- Found ament_cmake_clang_format: 0.12.14 (/opt/ros/humble/share/ament_cmake_clang_format/cmake)
[0.937s] -- Found ament_cmake_copyright: 0.12.14 (/opt/ros/humble/share/ament_cmake_copyright/cmake)
[0.938s] -- Found ament_cmake_cppcheck: 0.12.14 (/opt/ros/humble/share/ament_cmake_cppcheck/cmake)
[0.939s] -- Found ament_cmake_flake8: 0.12.14 (/opt/ros/humble/share/ament_cmake_flake8/cmake)
[0.940s] -- Found ament_cmake_lint_cmake: 0.12.14 (/opt/ros/humble/share/ament_cmake_lint_cmake/cmake)
[0.940s] -- Found ament_cmake_pep257: 0.12.14 (/opt/ros/humble/share/ament_cmake_pep257/cmake)
[0.941s] -- Found ament_cmake_xmllint: 0.12.14 (/opt/ros/humble/share/ament_cmake_xmllint/cmake)
[0.944s] -- Found ament_cmake_gmock: 1.3.12 (/opt/ros/humble/share/ament_cmake_gmock/cmake)
[0.947s] -- Found gmock sources under '/opt/ros/humble/src/gmock_vendor': C++ tests using 'Google Mock' will be built
[0.950s] -- Found ament_cmake_gtest: 1.3.12 (/opt/ros/humble/share/ament_cmake_gtest/cmake)
[0.951s] -- Found gtest sources under '/opt/ros/humble/src/gtest_vendor': C++ tests using 'Google Test' will be built
[0.997s] -- Configuring done
[1.032s] -- Generating done
[1.041s] -- Build files have been written to: /home/dharmik.p45/Dharmik/berry_ws/build/franka_hardware
[1.051s] Invoked command in '/home/dharmik.p45/Dharmik/berry_ws/build/franka_hardware' returned '0': AMENT_PREFIX_PATH=/home/dharmik.p45/Dharmik/berry_ws/install/franka_msgs:${AMENT_PREFIX_PATH} CMAKE_PREFIX_PATH=/home/dharmik.p45/Dharmik/berry_ws/install/franka_msgs:/opt/ros/humble LD_LIBRARY_PATH=/home/dharmik.p45/Dharmik/berry_ws/install/franka_msgs/lib:${LD_LIBRARY_PATH} PYTHONPATH=/home/dharmik.p45/Dharmik/berry_ws/install/franka_msgs/local/lib/python3.10/dist-packages:${PYTHONPATH} /usr/bin/cmake /home/dharmik.p45/Dharmik/berry_ws/src/franka_ros2/franka_hardware -DCMAKE_BUILD_TYPE=Release -DCMAKE_INSTALL_PREFIX=/home/dharmik.p45/Dharmik/berry_ws/install/franka_hardware
[1.052s] Invoking command in '/home/dharmik.p45/Dharmik/berry_ws/build/franka_hardware': AMENT_PREFIX_PATH=/home/dharmik.p45/Dharmik/berry_ws/install/franka_msgs:${AMENT_PREFIX_PATH} CMAKE_PREFIX_PATH=/home/dharmik.p45/Dharmik/berry_ws/install/franka_msgs:/opt/ros/humble LD_LIBRARY_PATH=/home/dharmik.p45/Dharmik/berry_ws/install/franka_msgs/lib:${LD_LIBRARY_PATH} PYTHONPATH=/home/dharmik.p45/Dharmik/berry_ws/install/franka_msgs/local/lib/python3.10/dist-packages:${PYTHONPATH} /usr/bin/cmake --build /home/dharmik.p45/Dharmik/berry_ws/build/franka_hardware -- -j16 -l16
[1.103s] [  4%] [32mBuilding CXX object CMakeFiles/franka_hardware.dir/src/franka_executor.cpp.o[0m
[1.103s] [  9%] [32mBuilding CXX object CMakeFiles/franka_hardware.dir/src/franka_hardware_interface.cpp.o[0m
[1.104s] [ 14%] [32mBuilding CXX object CMakeFiles/franka_hardware.dir/src/franka_action_server.cpp.o[0m
[1.104s] [ 23%] [32mBuilding CXX object CMakeFiles/franka_hardware.dir/src/robot.cpp.o[0m
[1.104s] [ 23%] [32mBuilding CXX object gmock/CMakeFiles/gmock_main.dir/src/gmock_main.cc.o[0m
[1.105s] [ 28%] [32mBuilding CXX object gmock/CMakeFiles/gmock.dir/src/gmock-all.cc.o[0m
[1.105s] [ 33%] [32mBuilding CXX object CMakeFiles/franka_hardware.dir/src/franka_param_service_server.cpp.o[0m
[1.106s] [ 42%] [32mBuilding CXX object CMakeFiles/franka_hardware.dir/src/ros_libfranka_logger.cpp.o[0m
[1.106s] [ 42%] [32mBuilding CXX object gmock/CMakeFiles/gmock.dir/opt/ros/humble/src/gtest_vendor/src/gtest-all.cc.o[0m
[1.107s] [ 47%] [32mBuilding CXX object CMakeFiles/franka_hardware.dir/src/actions_helper/ptp_motion_handler.cpp.o[0m
[1.229s] In file included from [01m[K/home/dharmik.p45/Dharmik/berry_ws/src/franka_ros2/franka_hardware/src/actions_helper/ptp_motion_handler.cpp:15[m[K:
[1.229s] [01m[K/home/dharmik.p45/Dharmik/berry_ws/src/franka_ros2/franka_hardware/include/franka_hardware/actions_helper/ptp_motion_handler.hpp:21:10:[m[K [01;31m[Kfatal error: [m[Kfranka/async_control/async_position_control_handler.hpp: No such file or directory
[1.229s]    21 | #include [01;31m[K<franka/async_control/async_position_control_handler.hpp>[m[K
[1.229s]       |          [01;31m[K^~~~~~~~~~~~~~~~~~~~~~~~~~~~~~~~~~~~~~~~~~~~~~~~~~~~~~~~~[m[K
[1.229s] compilation terminated.
[1.230s] gmake[2]: *** [CMakeFiles/franka_hardware.dir/build.make:160: CMakeFiles/franka_hardware.dir/src/actions_helper/ptp_motion_handler.cpp.o] Error 1
[1.230s] gmake[2]: *** Waiting for unfinished jobs....
[1.357s] In file included from [01m[K/home/dharmik.p45/Dharmik/berry_ws/src/franka_ros2/franka_hardware/include/franka_hardware/franka_action_server.hpp:22[m[K,
[1.357s]                  from [01m[K/home/dharmik.p45/Dharmik/berry_ws/src/franka_ros2/franka_hardware/src/franka_action_server.cpp:15[m[K:
[1.357s] [01m[K/home/dharmik.p45/Dharmik/berry_ws/src/franka_ros2/franka_hardware/include/franka_hardware/actions_helper/ptp_motion_handler.hpp:21:10:[m[K [01;31m[Kfatal error: [m[Kfranka/async_control/async_position_control_handler.hpp: No such file or directory
[1.357s]    21 | #include [01;31m[K<franka/async_control/async_position_control_handler.hpp>[m[K
[1.357s]       |          [01;31m[K^~~~~~~~~~~~~~~~~~~~~~~~~~~~~~~~~~~~~~~~~~~~~~~~~~~~~~~~~[m[K
[1.357s] compilation terminated.
[1.359s] gmake[2]: *** [CMakeFiles/franka_hardware.dir/build.make:76: CMakeFiles/franka_hardware.dir/src/franka_action_server.cpp.o] Error 1
[1.397s] In file included from [01m[K/home/dharmik.p45/Dharmik/berry_ws/src/franka_ros2/franka_hardware/include/franka_hardware/franka_action_server.hpp:22[m[K,
[1.397s]                  from [01m[K/home/dharmik.p45/Dharmik/berry_ws/src/franka_ros2/franka_hardware/include/franka_hardware/franka_hardware_interface.hpp:34[m[K,
[1.397s]                  from [01m[K/home/dharmik.p45/Dharmik/berry_ws/src/franka_ros2/franka_hardware/src/franka_hardware_interface.cpp:30[m[K:
[1.398s] [01m[K/home/dharmik.p45/Dharmik/berry_ws/src/franka_ros2/franka_hardware/include/franka_hardware/actions_helper/ptp_motion_handler.hpp:21:10:[m[K [01;31m[Kfatal error: [m[Kfranka/async_control/async_position_control_handler.hpp: No such file or directory
[1.398s]    21 | #include [01;31m[K<franka/async_control/async_position_control_handler.hpp>[m[K
[1.398s]       |          [01;31m[K^~~~~~~~~~~~~~~~~~~~~~~~~~~~~~~~~~~~~~~~~~~~~~~~~~~~~~~~~[m[K
[1.398s] compilation terminated.
[1.400s] gmake[2]: *** [CMakeFiles/franka_hardware.dir/build.make:104: CMakeFiles/franka_hardware.dir/src/franka_hardware_interface.cpp.o] Error 1
[3.173s] [ 52%] [32m[1mLinking CXX static library libgmock_main.a[0m
[3.470s] [ 52%] Built target gmock_main
[6.013s] In file included from [01m[K/usr/include/c++/12/ios:40[m[K,
[6.013s]                  from [01m[K/usr/include/c++/12/ostream:38[m[K,
[6.013s]                  from [01m[K/usr/include/c++/12/bits/unique_ptr.h:41[m[K,
[6.013s]                  from [01m[K/usr/include/c++/12/memory:75[m[K,
[6.013s]                  from [01m[K/opt/ros/humble/src/gtest_vendor/include/gtest/gtest.h:57[m[K,
[6.013s]                  from [01m[K/opt/ros/humble/src/gtest_vendor/src/gtest-all.cc:38[m[K:
[6.013s] In static member function ‘[01m[Kstatic constexpr std::char_traits<char>::char_type* std::char_traits<char>::copy(char_type*, const char_type*, std::size_t)[m[K’,
[6.013s]     inlined from ‘[01m[Kstatic constexpr void std::__cxx11::basic_string<_CharT, _Traits, _Alloc>::_S_copy(_CharT*, const _CharT*, size_type) [with _CharT = char; _Traits = std::char_traits<char>; _Alloc = std::allocator<char>][m[K’ at [01m[K/usr/include/c++/12/bits/basic_string.h:431:21[m[K,
[6.013s]     inlined from ‘[01m[Kconstexpr std::__cxx11::basic_string<_CharT, _Traits, _Allocator>& std::__cxx11::basic_string<_CharT, _Traits, _Alloc>::_M_replace(size_type, size_type, const _CharT*, size_type) [with _CharT = char; _Traits = std::char_traits<char>; _Alloc = std::allocator<char>][m[K’ at [01m[K/usr/include/c++/12/bits/basic_string.tcc:532:22[m[K,
[6.014s]     inlined from ‘[01m[Kconstexpr std::__cxx11::basic_string<_CharT, _Traits, _Alloc>& std::__cxx11::basic_string<_CharT, _Traits, _Alloc>::replace(size_type, size_type, const _CharT*, size_type) [with _CharT = char; _Traits = std::char_traits<char>; _Alloc = std::allocator<char>][m[K’ at [01m[K/usr/include/c++/12/bits/basic_string.h:2179:19[m[K,
[6.014s]     inlined from ‘[01m[Kconstexpr std::__cxx11::basic_string<_CharT, _Traits, _Alloc>& std::__cxx11::basic_string<_CharT, _Traits, _Alloc>::insert(size_type, const _CharT*) [with _CharT = char; _Traits = std::char_traits<char>; _Alloc = std::allocator<char>][m[K’ at [01m[K/usr/include/c++/12/bits/basic_string.h:1936:22[m[K,
[6.014s]     inlined from ‘[01m[Kconstexpr std::__cxx11::basic_string<_CharT, _Traits, _Allocator> std::operator+(const _CharT*, __cxx11::basic_string<_CharT, _Traits, _Allocator>&&) [with _CharT = char; _Traits = char_traits<char>; _Alloc = allocator<char>][m[K’ at [01m[K/usr/include/c++/12/bits/basic_string.h:3549:36[m[K,
[6.014s]     inlined from ‘[01m[Kstatic std::string testing::internal::StreamingListener::UrlEncode(const char*)[m[K’ at [01m[K/opt/ros/humble/src/gtest_vendor/src/gtest.cc:4371:27[m[K:
[6.014s] [01m[K/usr/include/c++/12/bits/char_traits.h:435:56:[m[K [01;35m[Kwarning: [m[K‘[01m[Kvoid* __builtin_memcpy(void*, const void*, long unsigned int)[m[K’ accessing 9223372036854775810 or more bytes at offsets [2, 9223372036854775807] and 1 may overlap up to 9223372036854775813 bytes at offset -3 [[01;35m[K]8;;https://gcc.gnu.org/onlinedocs/gcc/Warning-Options.html#index-Wrestrict-Wrestrict]8;;[m[K]
[6.014s]   435 |         return static_cast<char_type*>([01;35m[K__builtin_memcpy(__s1, __s2, __n)[m[K);
[6.014s]       |                                        [01;35m[K~~~~~~~~~~~~~~~~^~~~~~~~~~~~~~~~~[m[K
[6.961s] [ 57%] [32m[1mLinking CXX static library libgmock.a[0m
[7.036s] [ 57%] Built target gmock
[7.128s] gmake[1]: *** [CMakeFiles/Makefile2:195: CMakeFiles/franka_hardware.dir/all] Error 2
[7.128s] gmake: *** [Makefile:146: all] Error 2
[7.132s] Invoked command in '/home/dharmik.p45/Dharmik/berry_ws/build/franka_hardware' returned '2': AMENT_PREFIX_PATH=/home/dharmik.p45/Dharmik/berry_ws/install/franka_msgs:${AMENT_PREFIX_PATH} CMAKE_PREFIX_PATH=/home/dharmik.p45/Dharmik/berry_ws/install/franka_msgs:/opt/ros/humble LD_LIBRARY_PATH=/home/dharmik.p45/Dharmik/berry_ws/install/franka_msgs/lib:${LD_LIBRARY_PATH} PYTHONPATH=/home/dharmik.p45/Dharmik/berry_ws/install/franka_msgs/local/lib/python3.10/dist-packages:${PYTHONPATH} /usr/bin/cmake --build /home/dharmik.p45/Dharmik/berry_ws/build/franka_hardware -- -j16 -l16
