[0.014s] Invoking command in '/home/dharmik.p45/Dharmik/berry_ws/build/franka_gazebo_bringup': AMENT_PREFIX_PATH=/home/dharmik.p45/Dharmik/berry_ws/install/franka_ign_ros2_control:/home/dharmik.p45/Dharmik/berry_ws/install/franka_hardware:/home/dharmik.p45/Dharmik/berry_ws/install/franka_msgs:/home/dharmik.p45/Dharmik/berry_ws/install/franka_description:${AMENT_PREFIX_PATH} CMAKE_PREFIX_PATH=/home/dharmik.p45/Dharmik/berry_ws/install/franka_ign_ros2_control:/home/dharmik.p45/Dharmik/berry_ws/install/franka_hardware:/home/dharmik.p45/Dharmik/berry_ws/install/libfranka:/home/dharmik.p45/Dharmik/berry_ws/install/franka_msgs:/home/dharmik.p45/Dharmik/berry_ws/install/franka_description:/opt/ros/humble LD_LIBRARY_PATH=/home/dharmik.p45/Dharmik/berry_ws/install/franka_ign_ros2_control/lib:/home/dharmik.p45/Dharmik/berry_ws/install/franka_hardware/lib:/home/dharmik.p45/Dharmik/berry_ws/install/libfranka/lib:/home/dharmik.p45/Dharmik/berry_ws/install/franka_msgs/lib:${LD_LIBRARY_PATH} PATH=/home/dharmik.p45/Dharmik/berry_ws/install/libfranka/bin:${PATH} PKG_CONFIG_PATH=/home/dharmik.p45/Dharmik/berry_ws/install/libfranka/lib/x86_64-linux-gnu/pkgconfig:/home/dharmik.p45/Dharmik/berry_ws/install/libfranka/lib/pkgconfig PYTHONPATH=/home/dharmik.p45/Dharmik/berry_ws/install/franka_msgs/local/lib/python3.10/dist-packages:${PYTHONPATH} /usr/bin/cmake /home/dharmik.p45/Dharmik/berry_ws/src/franka_ros2/franka_gazebo/franka_gazebo_bringup -DCMAKE_BUILD_TYPE=Release -DBUILD_TESTING=OFF -DBUILD_TESTS=OFF -DCMAKE_INSTALL_PREFIX=/home/dharmik.p45/Dharmik/berry_ws/install/franka_gazebo_bringup
[0.063s] -- The C compiler identification is GNU 12.3.0
[0.112s] -- The CXX compiler identification is GNU 12.3.0
[0.117s] -- Detecting C compiler ABI info
[0.178s] -- Detecting C compiler ABI info - done
[0.186s] -- Check for working C compiler: /usr/bin/cc - skipped
[0.186s] -- Detecting C compile features
[0.186s] -- Detecting C compile features - done
[0.190s] -- Detecting CXX compiler ABI info
[0.262s] -- Detecting CXX compiler ABI info - done
[0.268s] -- Check for working CXX compiler: /usr/bin/c++ - skipped
[0.268s] -- Detecting CXX compile features
[0.268s] -- Detecting CXX compile features - done
[0.270s] -- Found ament_cmake: 1.3.12 (/opt/ros/humble/share/ament_cmake/cmake)
[0.375s] -- Found Python3: /usr/bin/python3 (found version "3.10.12") found components: Interpreter 
[0.467s] -- Configuring done
[0.468s] -- Generating done
[0.469s] [33mCMake Warning:
[0.469s]   Manually-specified variables were not used by the project:
[0.469s] 
[0.469s]     BUILD_TESTS
[0.469s] 
[0.469s] [0m
[0.469s] -- Build files have been written to: /home/dharmik.p45/Dharmik/berry_ws/build/franka_gazebo_bringup
[0.472s] Invoked command in '/home/dharmik.p45/Dharmik/berry_ws/build/franka_gazebo_bringup' returned '0': AMENT_PREFIX_PATH=/home/dharmik.p45/Dharmik/berry_ws/install/franka_ign_ros2_control:/home/dharmik.p45/Dharmik/berry_ws/install/franka_hardware:/home/dharmik.p45/Dharmik/berry_ws/install/franka_msgs:/home/dharmik.p45/Dharmik/berry_ws/install/franka_description:${AMENT_PREFIX_PATH} CMAKE_PREFIX_PATH=/home/dharmik.p45/Dharmik/berry_ws/install/franka_ign_ros2_control:/home/dharmik.p45/Dharmik/berry_ws/install/franka_hardware:/home/dharmik.p45/Dharmik/berry_ws/install/libfranka:/home/dharmik.p45/Dharmik/berry_ws/install/franka_msgs:/home/dharmik.p45/Dharmik/berry_ws/install/franka_description:/opt/ros/humble LD_LIBRARY_PATH=/home/dharmik.p45/Dharmik/berry_ws/install/franka_ign_ros2_control/lib:/home/dharmik.p45/Dharmik/berry_ws/install/franka_hardware/lib:/home/dharmik.p45/Dharmik/berry_ws/install/libfranka/lib:/home/dharmik.p45/Dharmik/berry_ws/install/franka_msgs/lib:${LD_LIBRARY_PATH} PATH=/home/dharmik.p45/Dharmik/berry_ws/install/libfranka/bin:${PATH} PKG_CONFIG_PATH=/home/dharmik.p45/Dharmik/berry_ws/install/libfranka/lib/x86_64-linux-gnu/pkgconfig:/home/dharmik.p45/Dharmik/berry_ws/install/libfranka/lib/pkgconfig PYTHONPATH=/home/dharmik.p45/Dharmik/berry_ws/install/franka_msgs/local/lib/python3.10/dist-packages:${PYTHONPATH} /usr/bin/cmake /home/dharmik.p45/Dharmik/berry_ws/src/franka_ros2/franka_gazebo/franka_gazebo_bringup -DCMAKE_BUILD_TYPE=Release -DBUILD_TESTING=OFF -DBUILD_TESTS=OFF -DCMAKE_INSTALL_PREFIX=/home/dharmik.p45/Dharmik/berry_ws/install/franka_gazebo_bringup
[0.473s] Invoking command in '/home/dharmik.p45/Dharmik/berry_ws/build/franka_gazebo_bringup': AMENT_PREFIX_PATH=/home/dharmik.p45/Dharmik/berry_ws/install/franka_ign_ros2_control:/home/dharmik.p45/Dharmik/berry_ws/install/franka_hardware:/home/dharmik.p45/Dharmik/berry_ws/install/franka_msgs:/home/dharmik.p45/Dharmik/berry_ws/install/franka_description:${AMENT_PREFIX_PATH} CMAKE_PREFIX_PATH=/home/dharmik.p45/Dharmik/berry_ws/install/franka_ign_ros2_control:/home/dharmik.p45/Dharmik/berry_ws/install/franka_hardware:/home/dharmik.p45/Dharmik/berry_ws/install/libfranka:/home/dharmik.p45/Dharmik/berry_ws/install/franka_msgs:/home/dharmik.p45/Dharmik/berry_ws/install/franka_description:/opt/ros/humble LD_LIBRARY_PATH=/home/dharmik.p45/Dharmik/berry_ws/install/franka_ign_ros2_control/lib:/home/dharmik.p45/Dharmik/berry_ws/install/franka_hardware/lib:/home/dharmik.p45/Dharmik/berry_ws/install/libfranka/lib:/home/dharmik.p45/Dharmik/berry_ws/install/franka_msgs/lib:${LD_LIBRARY_PATH} PATH=/home/dharmik.p45/Dharmik/berry_ws/install/libfranka/bin:${PATH} PKG_CONFIG_PATH=/home/dharmik.p45/Dharmik/berry_ws/install/libfranka/lib/x86_64-linux-gnu/pkgconfig:/home/dharmik.p45/Dharmik/berry_ws/install/libfranka/lib/pkgconfig PYTHONPATH=/home/dharmik.p45/Dharmik/berry_ws/install/franka_msgs/local/lib/python3.10/dist-packages:${PYTHONPATH} /usr/bin/cmake --build /home/dharmik.p45/Dharmik/berry_ws/build/franka_gazebo_bringup -- -j16 -l16
[0.507s] Invoked command in '/home/dharmik.p45/Dharmik/berry_ws/build/franka_gazebo_bringup' returned '0': AMENT_PREFIX_PATH=/home/dharmik.p45/Dharmik/berry_ws/install/franka_ign_ros2_control:/home/dharmik.p45/Dharmik/berry_ws/install/franka_hardware:/home/dharmik.p45/Dharmik/berry_ws/install/franka_msgs:/home/dharmik.p45/Dharmik/berry_ws/install/franka_description:${AMENT_PREFIX_PATH} CMAKE_PREFIX_PATH=/home/dharmik.p45/Dharmik/berry_ws/install/franka_ign_ros2_control:/home/dharmik.p45/Dharmik/berry_ws/install/franka_hardware:/home/dharmik.p45/Dharmik/berry_ws/install/libfranka:/home/dharmik.p45/Dharmik/berry_ws/install/franka_msgs:/home/dharmik.p45/Dharmik/berry_ws/install/franka_description:/opt/ros/humble LD_LIBRARY_PATH=/home/dharmik.p45/Dharmik/berry_ws/install/franka_ign_ros2_control/lib:/home/dharmik.p45/Dharmik/berry_ws/install/franka_hardware/lib:/home/dharmik.p45/Dharmik/berry_ws/install/libfranka/lib:/home/dharmik.p45/Dharmik/berry_ws/install/franka_msgs/lib:${LD_LIBRARY_PATH} PATH=/home/dharmik.p45/Dharmik/berry_ws/install/libfranka/bin:${PATH} PKG_CONFIG_PATH=/home/dharmik.p45/Dharmik/berry_ws/install/libfranka/lib/x86_64-linux-gnu/pkgconfig:/home/dharmik.p45/Dharmik/berry_ws/install/libfranka/lib/pkgconfig PYTHONPATH=/home/dharmik.p45/Dharmik/berry_ws/install/franka_msgs/local/lib/python3.10/dist-packages:${PYTHONPATH} /usr/bin/cmake --build /home/dharmik.p45/Dharmik/berry_ws/build/franka_gazebo_bringup -- -j16 -l16
[0.509s] Invoking command in '/home/dharmik.p45/Dharmik/berry_ws/build/franka_gazebo_bringup': AMENT_PREFIX_PATH=/home/dharmik.p45/Dharmik/berry_ws/install/franka_ign_ros2_control:/home/dharmik.p45/Dharmik/berry_ws/install/franka_hardware:/home/dharmik.p45/Dharmik/berry_ws/install/franka_msgs:/home/dharmik.p45/Dharmik/berry_ws/install/franka_description:${AMENT_PREFIX_PATH} CMAKE_PREFIX_PATH=/home/dharmik.p45/Dharmik/berry_ws/install/franka_ign_ros2_control:/home/dharmik.p45/Dharmik/berry_ws/install/franka_hardware:/home/dharmik.p45/Dharmik/berry_ws/install/libfranka:/home/dharmik.p45/Dharmik/berry_ws/install/franka_msgs:/home/dharmik.p45/Dharmik/berry_ws/install/franka_description:/opt/ros/humble LD_LIBRARY_PATH=/home/dharmik.p45/Dharmik/berry_ws/install/franka_ign_ros2_control/lib:/home/dharmik.p45/Dharmik/berry_ws/install/franka_hardware/lib:/home/dharmik.p45/Dharmik/berry_ws/install/libfranka/lib:/home/dharmik.p45/Dharmik/berry_ws/install/franka_msgs/lib:${LD_LIBRARY_PATH} PATH=/home/dharmik.p45/Dharmik/berry_ws/install/libfranka/bin:${PATH} PKG_CONFIG_PATH=/home/dharmik.p45/Dharmik/berry_ws/install/libfranka/lib/x86_64-linux-gnu/pkgconfig:/home/dharmik.p45/Dharmik/berry_ws/install/libfranka/lib/pkgconfig PYTHONPATH=/home/dharmik.p45/Dharmik/berry_ws/install/franka_msgs/local/lib/python3.10/dist-packages:${PYTHONPATH} /usr/bin/cmake --install /home/dharmik.p45/Dharmik/berry_ws/build/franka_gazebo_bringup
[0.513s] -- Install configuration: "Release"
[0.513s] -- Installing: /home/dharmik.p45/Dharmik/berry_ws/install/franka_gazebo_bringup/share/franka_gazebo_bringup/launch
[0.516s] -- Installing: /home/dharmik.p45/Dharmik/berry_ws/install/franka_gazebo_bringup/share/franka_gazebo_bringup/launch/visualize_franka_robot.launch.py
[0.516s] -- Installing: /home/dharmik.p45/Dharmik/berry_ws/install/franka_gazebo_bringup/share/franka_gazebo_bringup/launch/gazebo_joint_impedance_controller_example.launch.py
[0.517s] -- Installing: /home/dharmik.p45/Dharmik/berry_ws/install/franka_gazebo_bringup/share/franka_gazebo_bringup/launch/gazebo_joint_position_controller_example.launch.py
[0.517s] -- Installing: /home/dharmik.p45/Dharmik/berry_ws/install/franka_gazebo_bringup/share/franka_gazebo_bringup/launch/gazebo_joint_velocity_controller_example.launch.py
[0.517s] -- Installing: /home/dharmik.p45/Dharmik/berry_ws/install/franka_gazebo_bringup/share/franka_gazebo_bringup/config
[0.517s] -- Installing: /home/dharmik.p45/Dharmik/berry_ws/install/franka_gazebo_bringup/share/franka_gazebo_bringup/config/franka_gazebo_controllers.yaml
[0.517s] -- Installing: /home/dharmik.p45/Dharmik/berry_ws/install/franka_gazebo_bringup/share/ament_index/resource_index/package_run_dependencies/franka_gazebo_bringup
[0.517s] -- Installing: /home/dharmik.p45/Dharmik/berry_ws/install/franka_gazebo_bringup/share/ament_index/resource_index/parent_prefix_path/franka_gazebo_bringup
[0.517s] -- Installing: /home/dharmik.p45/Dharmik/berry_ws/install/franka_gazebo_bringup/share/franka_gazebo_bringup/environment/ament_prefix_path.sh
[0.517s] -- Installing: /home/dharmik.p45/Dharmik/berry_ws/install/franka_gazebo_bringup/share/franka_gazebo_bringup/environment/ament_prefix_path.dsv
[0.518s] -- Installing: /home/dharmik.p45/Dharmik/berry_ws/install/franka_gazebo_bringup/share/franka_gazebo_bringup/environment/path.sh
[0.518s] -- Installing: /home/dharmik.p45/Dharmik/berry_ws/install/franka_gazebo_bringup/share/franka_gazebo_bringup/environment/path.dsv
[0.518s] -- Installing: /home/dharmik.p45/Dharmik/berry_ws/install/franka_gazebo_bringup/share/franka_gazebo_bringup/local_setup.bash
[0.518s] -- Installing: /home/dharmik.p45/Dharmik/berry_ws/install/franka_gazebo_bringup/share/franka_gazebo_bringup/local_setup.sh
[0.518s] -- Installing: /home/dharmik.p45/Dharmik/berry_ws/install/franka_gazebo_bringup/share/franka_gazebo_bringup/local_setup.zsh
[0.518s] -- Installing: /home/dharmik.p45/Dharmik/berry_ws/install/franka_gazebo_bringup/share/franka_gazebo_bringup/local_setup.dsv
[0.518s] -- Installing: /home/dharmik.p45/Dharmik/berry_ws/install/franka_gazebo_bringup/share/franka_gazebo_bringup/package.dsv
[0.518s] -- Installing: /home/dharmik.p45/Dharmik/berry_ws/install/franka_gazebo_bringup/share/ament_index/resource_index/packages/franka_gazebo_bringup
[0.518s] -- Installing: /home/dharmik.p45/Dharmik/berry_ws/install/franka_gazebo_bringup/share/franka_gazebo_bringup/cmake/franka_gazebo_bringupConfig.cmake
[0.518s] -- Installing: /home/dharmik.p45/Dharmik/berry_ws/install/franka_gazebo_bringup/share/franka_gazebo_bringup/cmake/franka_gazebo_bringupConfig-version.cmake
[0.518s] -- Installing: /home/dharmik.p45/Dharmik/berry_ws/install/franka_gazebo_bringup/share/franka_gazebo_bringup/package.xml
[0.521s] Invoked command in '/home/dharmik.p45/Dharmik/berry_ws/build/franka_gazebo_bringup' returned '0': AMENT_PREFIX_PATH=/home/dharmik.p45/Dharmik/berry_ws/install/franka_ign_ros2_control:/home/dharmik.p45/Dharmik/berry_ws/install/franka_hardware:/home/dharmik.p45/Dharmik/berry_ws/install/franka_msgs:/home/dharmik.p45/Dharmik/berry_ws/install/franka_description:${AMENT_PREFIX_PATH} CMAKE_PREFIX_PATH=/home/dharmik.p45/Dharmik/berry_ws/install/franka_ign_ros2_control:/home/dharmik.p45/Dharmik/berry_ws/install/franka_hardware:/home/dharmik.p45/Dharmik/berry_ws/install/libfranka:/home/dharmik.p45/Dharmik/berry_ws/install/franka_msgs:/home/dharmik.p45/Dharmik/berry_ws/install/franka_description:/opt/ros/humble LD_LIBRARY_PATH=/home/dharmik.p45/Dharmik/berry_ws/install/franka_ign_ros2_control/lib:/home/dharmik.p45/Dharmik/berry_ws/install/franka_hardware/lib:/home/dharmik.p45/Dharmik/berry_ws/install/libfranka/lib:/home/dharmik.p45/Dharmik/berry_ws/install/franka_msgs/lib:${LD_LIBRARY_PATH} PATH=/home/dharmik.p45/Dharmik/berry_ws/install/libfranka/bin:${PATH} PKG_CONFIG_PATH=/home/dharmik.p45/Dharmik/berry_ws/install/libfranka/lib/x86_64-linux-gnu/pkgconfig:/home/dharmik.p45/Dharmik/berry_ws/install/libfranka/lib/pkgconfig PYTHONPATH=/home/dharmik.p45/Dharmik/berry_ws/install/franka_msgs/local/lib/python3.10/dist-packages:${PYTHONPATH} /usr/bin/cmake --install /home/dharmik.p45/Dharmik/berry_ws/build/franka_gazebo_bringup
