-- pinocchio_default FOUND. pinocchio_default at /opt/ros/humble/lib/x86_64-linux-gnu/libpinocchio_default.so
-- pinocchio_parsers FOUND. pinocchio_parsers at /opt/ros/humble/lib/x86_64-linux-gnu/libpinocchio_parsers.so
-- boost_filesystem FOUND. boost_filesystem at /lib/x86_64-linux-gnu/libboost_filesystem.so
-- Found Boost: /usr/include (found version "1.74.0") found components: filesystem serialization system 
-- eigenpy FOUND. eigenpy at /opt/ros/humble/lib/x86_64-linux-gnu/libeigenpy.so
-- PythonLibraryDirs: 
-- PythonLibVersionString: 3.10.12
-- Python site lib: lib/python3.10/site-packages
-- Python include dirs: /usr/include/python3.10
-- Checking for NumPy
--   NUMPY_INCLUDE_DIRS=/home/dharmik.p45/.local/lib/python3.10/site-packages/numpy/_core/include
--   NUMPY_VERSION=2.2.6
-- NumPy include dir: /home/dharmik.p45/.local/lib/python3.10/site-packages/numpy/_core/include
-- Found Boost: /usr/include (found version "1.74.0") found components: python310 
-- Default C++ standard: 201703
-- C++ standard sufficient: Minimal required 11, currently defined: 17
-- hpp-fcl FOUND. hpp-fcl at /opt/ros/humble/lib/x86_64-linux-gnu/libhpp-fcl.so
-- Found Boost: /usr/include (found version "1.74.0") found components: chrono serialization filesystem 
-- C++ standard sufficient: Minimal required 11, currently defined: 17
-- C++ standard sufficient: Minimal required 11, currently defined: 17
-- Found fmt: 8.1.1
-- googletest not found. Fetching googletest...
-- Found fmt: 8.1.1
-- Configuring done
-- Generating done
-- Build files have been written to: /home/dharmik.p45/Dharmik/berry_ws/build/libfranka
[  1%] [32mBuilding CXX object _deps/gtest-build/googletest/CMakeFiles/gtest.dir/src/gtest-all.cc.o[0m
[  2%] [32mBuilding CXX object CMakeFiles/franka.dir/src/active_motion_generator.cpp.o[0m
[  3%] [32mBuilding CXX object CMakeFiles/franka.dir/src/control_loop.cpp.o[0m
[  4%] [32mBuilding CXX object CMakeFiles/franka.dir/src/errors.cpp.o[0m
[  4%] [32mBuilding CXX object CMakeFiles/franka.dir/src/duration.cpp.o[0m
[  4%] [32mBuilding CXX object CMakeFiles/franka.dir/src/active_control.cpp.o[0m
[  4%] [32mBuilding CXX object CMakeFiles/franka.dir/src/active_torque_control.cpp.o[0m
[  4%] [32mBuilding CXX object CMakeFiles/franka.dir/src/control_tools.cpp.o[0m
[  5%] [32mBuilding CXX object CMakeFiles/franka.dir/src/control_types.cpp.o[0m
[  6%] [32mBuilding CXX object CMakeFiles/franka.dir/src/gripper.cpp.o[0m
[  6%] [32mBuilding CXX object CMakeFiles/franka.dir/src/exception.cpp.o[0m
[  7%] [32mBuilding CXX object CMakeFiles/franka.dir/src/joint_velocity_limits.cpp.o[0m
[  7%] [32mBuilding CXX object CMakeFiles/franka.dir/src/gripper_state.cpp.o[0m
[  7%] [32mBuilding CXX object CMakeFiles/franka.dir/src/load_calculations.cpp.o[0m
[  8%] [32mBuilding CXX object CMakeFiles/franka.dir/src/lowpass_filter.cpp.o[0m
[  8%] [32mBuilding CXX object CMakeFiles/franka.dir/src/model.cpp.o[0m
[  9%] [32mBuilding CXX object CMakeFiles/franka.dir/src/network.cpp.o[0m
[  9%] [32mBuilding CXX object CMakeFiles/franka.dir/src/rate_limiting.cpp.o[0m
[ 10%] [32mBuilding CXX object CMakeFiles/franka.dir/src/robot.cpp.o[0m
[ 10%] [32mBuilding CXX object CMakeFiles/franka.dir/src/robot_impl.cpp.o[0m
[ 11%] [32mBuilding CXX object CMakeFiles/franka.dir/src/robot_state.cpp.o[0m
[ 11%] [32mBuilding CXX object CMakeFiles/franka.dir/src/vacuum_gripper.cpp.o[0m
[ 12%] [32mBuilding CXX object CMakeFiles/franka.dir/src/vacuum_gripper_state.cpp.o[0m
[ 12%] [32mBuilding CXX object CMakeFiles/franka.dir/src/robot_model.cpp.o[0m
[ 13%] [32mBuilding CXX object CMakeFiles/franka.dir/src/async_control/async_position_control_handler.cpp.o[0m
[ 14%] [32mBuilding CXX object CMakeFiles/franka.dir/src/logging/logger.cpp.o[0m
[ 14%] [32mBuilding CXX object CMakeFiles/franka.dir/src/logging/cout_logging_sink.cpp.o[0m
[ 14%] [32mBuilding CXX object CMakeFiles/franka.dir/src/logging/robot_state_log.cpp.o[0m
[ 15%] [32mBuilding CXX object CMakeFiles/franka.dir/src/logging/robot_state_logger.cpp.o[0m
[ 15%] [32m[1mLinking CXX static library ../../../lib/libgtest.a[0m
[ 15%] Built target gtest
[ 16%] [32mBuilding CXX object _deps/gtest-build/googlemock/CMakeFiles/gmock.dir/src/gmock-all.cc.o[0m
[ 16%] [32m[1mLinking CXX static library ../../../lib/libgmock.a[0m
[ 16%] Built target gmock
[ 17%] [32mBuilding CXX object _deps/gtest-build/googlemock/CMakeFiles/gmock_main.dir/src/gmock_main.cc.o[0m
[ 17%] [32m[1mLinking CXX static library ../../../lib/libgmock_main.a[0m
[ 17%] Built target gmock_main
[ 17%] [32m[1mLinking CXX shared library libfranka.so[0m
[ 17%] Built target franka
[ 19%] [32mBuilding CXX object test/CMakeFiles/run_all_tests_tsan.dir/active_torque_control_tests.cpp.o[0m
[ 19%] [32mBuilding CXX object test/CMakeFiles/run_all_tests.dir/calculations_tests.cpp.o[0m
[ 19%] [32mBuilding CXX object test/CMakeFiles/run_all_tests_tsan.dir/calculations_tests.cpp.o[0m
[ 20%] [32mBuilding CXX object test/CMakeFiles/run_all_tests.dir/control_types_tests.cpp.o[0m
[ 22%] [32mBuilding CXX object test/CMakeFiles/run_all_tests.dir/active_motion_generator_tests.cpp.o[0m
[ 22%] [32mBuilding CXX object test/CMakeFiles/run_all_tests.dir/active_torque_control_tests.cpp.o[0m
[ 22%] [32mBuilding CXX object test/CMakeFiles/run_all_tests_tsan.dir/active_motion_generator_tests.cpp.o[0m
[ 22%] [32mBuilding CXX object test/CMakeFiles/run_all_tests.dir/control_loop_tests.cpp.o[0m
[ 22%] [32mBuilding CXX object test/CMakeFiles/run_all_tests_tsan.dir/control_loop_tests.cpp.o[0m
[ 22%] [32mBuilding CXX object test/CMakeFiles/run_all_tests_tsan.dir/duration_tests.cpp.o[0m
[ 22%] [32mBuilding CXX object test/CMakeFiles/run_all_tests.dir/duration_tests.cpp.o[0m
[ 23%] [32mBuilding CXX object test/CMakeFiles/run_all_tests_ubsan.dir/active_motion_generator_tests.cpp.o[0m
[ 25%] [32mBuilding CXX object test/CMakeFiles/run_all_tests_asan.dir/active_motion_generator_tests.cpp.o[0m
[ 26%] [32mBuilding CXX object examples/CMakeFiles/examples_common.dir/examples_common.cpp.o[0m
[ 27%] [32mBuilding CXX object test/CMakeFiles/run_all_tests_tsan.dir/control_types_tests.cpp.o[0m
[ 28%] [32mBuilding CXX object test/CMakeFiles/run_all_tests_tsan.dir/errors_tests.cpp.o[0m
[ 29%] [32mBuilding CXX object test/CMakeFiles/run_all_tests.dir/errors_tests.cpp.o[0m
[ 29%] [32m[1mLinking CXX static library libexamples_common.a[0m
[ 29%] Built target examples_common
[ 29%] [32mBuilding CXX object test/CMakeFiles/run_all_tests_ubsan.dir/active_torque_control_tests.cpp.o[0m
[ 29%] [32mBuilding CXX object test/CMakeFiles/run_all_tests.dir/gripper_command_tests.cpp.o[0m
[ 29%] [32mBuilding CXX object test/CMakeFiles/run_all_tests_tsan.dir/gripper_command_tests.cpp.o[0m
[ 29%] [32mBuilding CXX object examples/CMakeFiles/async_position_control.dir/async_position_control.cpp.o[0m
[ 29%] [32mBuilding CXX object test/CMakeFiles/run_all_tests_asan.dir/active_torque_control_tests.cpp.o[0m
[ 30%] [32mBuilding CXX object test/CMakeFiles/run_all_tests_tsan.dir/gripper_tests.cpp.o[0m
[ 30%] [32mBuilding CXX object test/CMakeFiles/run_all_tests_tsan.dir/helpers.cpp.o[0m
[ 31%] [32mBuilding CXX object test/CMakeFiles/run_all_tests_ubsan.dir/calculations_tests.cpp.o[0m
[ 31%] [32m[1mLinking CXX executable async_position_control[0m
[ 31%] Built target async_position_control
[ 31%] [32mBuilding CXX object test/CMakeFiles/run_all_tests_ubsan.dir/control_loop_tests.cpp.o[0m
[ 32%] [32mBuilding CXX object examples/CMakeFiles/cartesian_impedance_control.dir/cartesian_impedance_control.cpp.o[0m
[ 33%] [32mBuilding CXX object test/CMakeFiles/run_all_tests_asan.dir/calculations_tests.cpp.o[0m
[ 34%] [32mBuilding CXX object test/CMakeFiles/run_all_tests_tsan.dir/lowpass_filter_tests.cpp.o[0m
[ 35%] [32mBuilding CXX object test/CMakeFiles/run_all_tests.dir/gripper_tests.cpp.o[0m
[ 35%] [32mBuilding CXX object test/CMakeFiles/run_all_tests.dir/helpers.cpp.o[0m
[ 36%] [32mBuilding CXX object test/CMakeFiles/run_all_tests.dir/lowpass_filter_tests.cpp.o[0m
[ 36%] [32m[1mLinking CXX executable cartesian_impedance_control[0m
[ 37%] [32mBuilding CXX object test/CMakeFiles/run_all_tests_ubsan.dir/control_types_tests.cpp.o[0m
[ 38%] [32mBuilding CXX object examples/CMakeFiles/communication_test.dir/communication_test.cpp.o[0m
[ 38%] Built target cartesian_impedance_control
[ 38%] [32mBuilding CXX object test/CMakeFiles/run_all_tests_ubsan.dir/duration_tests.cpp.o[0m
[ 39%] [32mBuilding CXX object examples/CMakeFiles/echo_robot_state.dir/echo_robot_state.cpp.o[0m
[ 39%] [32m[1mLinking CXX executable echo_robot_state[0m
[ 39%] Built target echo_robot_state
[ 40%] [32mBuilding CXX object test/CMakeFiles/run_all_tests_ubsan.dir/errors_tests.cpp.o[0m
[ 40%] [32mBuilding CXX object test/CMakeFiles/run_all_tests_ubsan.dir/gripper_command_tests.cpp.o[0m
[ 40%] [32m[1mLinking CXX executable communication_test[0m
[ 40%] Built target communication_test
[ 40%] [32mBuilding CXX object test/CMakeFiles/run_all_tests_asan.dir/control_loop_tests.cpp.o[0m
[ 41%] [32mBuilding CXX object test/CMakeFiles/run_all_tests_ubsan.dir/gripper_tests.cpp.o[0m
[ 41%] [32mBuilding CXX object test/CMakeFiles/run_all_tests_tsan.dir/mock_server.cpp.o[0m
[ 41%] [32mBuilding CXX object test/CMakeFiles/run_all_tests_ubsan.dir/helpers.cpp.o[0m
[ 42%] [32mBuilding CXX object test/CMakeFiles/run_all_tests_tsan.dir/model_tests.cpp.o[0m
[ 43%] [32mBuilding CXX object examples/CMakeFiles/force_control.dir/force_control.cpp.o[0m
[ 44%] [32mBuilding CXX object test/CMakeFiles/run_all_tests_asan.dir/control_types_tests.cpp.o[0m
[ 45%] [32mBuilding CXX object test/CMakeFiles/run_all_tests_ubsan.dir/lowpass_filter_tests.cpp.o[0m
[ 45%] [32mBuilding CXX object test/CMakeFiles/run_all_tests_ubsan.dir/mock_server.cpp.o[0m
[ 45%] [32m[1mLinking CXX executable force_control[0m
[ 45%] Built target force_control
[ 45%] [32mBuilding CXX object test/CMakeFiles/run_all_tests_asan.dir/duration_tests.cpp.o[0m
[ 45%] [32mBuilding CXX object test/CMakeFiles/run_all_tests.dir/mock_server.cpp.o[0m
[ 45%] [32mBuilding CXX object test/CMakeFiles/run_all_tests_tsan.dir/rate_limiting_tests.cpp.o[0m
[ 46%] [32mBuilding CXX object test/CMakeFiles/run_all_tests_asan.dir/errors_tests.cpp.o[0m
[ 46%] [32mBuilding CXX object test/CMakeFiles/run_all_tests_asan.dir/gripper_command_tests.cpp.o[0m
[ 47%] [32mBuilding CXX object test/CMakeFiles/run_all_tests_tsan.dir/robot_command_tests.cpp.o[0m
[ 47%] [32mBuilding CXX object test/CMakeFiles/run_all_tests_tsan.dir/robot_impl_tests.cpp.o[0m
[ 48%] [32mBuilding CXX object test/CMakeFiles/run_all_tests_tsan.dir/robot_model_tests.cpp.o[0m
[ 48%] [32mBuilding CXX object test/CMakeFiles/run_all_tests_tsan.dir/robot_model_fk_tests.cpp.o[0m
[ 50%] [32mBuilding CXX object test/CMakeFiles/run_all_tests_tsan.dir/robot_jacobian_tests.cpp.o[0m
[ 51%] [32mBuilding CXX object examples/CMakeFiles/generate_cartesian_pose_motion.dir/generate_cartesian_pose_motion.cpp.o[0m
[ 52%] [32mBuilding CXX object test/CMakeFiles/run_all_tests.dir/model_tests.cpp.o[0m
[ 53%] [32mBuilding CXX object examples/CMakeFiles/generate_cartesian_pose_motion_external_control_loop.dir/generate_cartesian_pose_motion_external_control_loop.cpp.o[0m
[ 53%] [32m[1mLinking CXX executable generate_cartesian_pose_motion[0m
[ 53%] Built target generate_cartesian_pose_motion
[ 54%] [32mBuilding CXX object examples/CMakeFiles/generate_cartesian_velocity_motion.dir/generate_cartesian_velocity_motion.cpp.o[0m
[ 55%] [32mBuilding CXX object examples/CMakeFiles/generate_cartesian_velocity_motion_external_control_loop.dir/generate_cartesian_velocity_motion_external_control_loop.cpp.o[0m
[ 55%] [32m[1mLinking CXX executable generate_cartesian_pose_motion_external_control_loop[0m
[ 55%] [32m[1mLinking CXX executable generate_cartesian_velocity_motion[0m
[ 55%] Built target generate_cartesian_pose_motion_external_control_loop
[ 56%] [32mBuilding CXX object test/CMakeFiles/run_all_tests_ubsan.dir/model_tests.cpp.o[0m
[ 56%] Built target generate_cartesian_velocity_motion
[ 56%] [32mBuilding CXX object test/CMakeFiles/run_all_tests.dir/rate_limiting_tests.cpp.o[0m
[ 56%] [32mBuilding CXX object test/CMakeFiles/run_all_tests_tsan.dir/robot_state_tests.cpp.o[0m
[ 56%] [32m[1mLinking CXX executable generate_cartesian_velocity_motion_external_control_loop[0m
[ 56%] Built target generate_cartesian_velocity_motion_external_control_loop
[ 57%] [32mBuilding CXX object test/CMakeFiles/run_all_tests_asan.dir/gripper_tests.cpp.o[0m
[ 58%] [32mBuilding CXX object test/CMakeFiles/run_all_tests.dir/robot_command_tests.cpp.o[0m
[ 58%] [32mBuilding CXX object test/CMakeFiles/run_all_tests.dir/robot_impl_tests.cpp.o[0m
[ 58%] [32mBuilding CXX object test/CMakeFiles/run_all_tests_asan.dir/helpers.cpp.o[0m
[ 59%] [32mBuilding CXX object test/CMakeFiles/run_all_tests_asan.dir/lowpass_filter_tests.cpp.o[0m
[ 59%] [32mBuilding CXX object test/CMakeFiles/run_all_tests_ubsan.dir/rate_limiting_tests.cpp.o[0m
[ 60%] [32mBuilding CXX object examples/CMakeFiles/generate_consecutive_motions.dir/generate_consecutive_motions.cpp.o[0m
[ 60%] [32mBuilding CXX object test/CMakeFiles/run_all_tests_asan.dir/mock_server.cpp.o[0m
[ 60%] [32m[1mLinking CXX executable generate_consecutive_motions[0m
[ 61%] [32mBuilding CXX object test/CMakeFiles/run_all_tests.dir/robot_model_tests.cpp.o[0m
[ 61%] Built target generate_consecutive_motions
[ 61%] [32mBuilding CXX object test/CMakeFiles/run_all_tests.dir/robot_model_fk_tests.cpp.o[0m
[ 62%] [32mBuilding CXX object test/CMakeFiles/run_all_tests.dir/robot_jacobian_tests.cpp.o[0m
[ 63%] [32mBuilding CXX object examples/CMakeFiles/generate_elbow_motion.dir/generate_elbow_motion.cpp.o[0m
[ 64%] [32mBuilding CXX object examples/CMakeFiles/generate_joint_position_motion.dir/generate_joint_position_motion.cpp.o[0m
[ 65%] [32mBuilding CXX object examples/CMakeFiles/generate_joint_position_motion_external_control_loop.dir/generate_joint_position_motion_external_control_loop.cpp.o[0m
[ 66%] [32mBuilding CXX object examples/CMakeFiles/generate_joint_velocity_motion.dir/generate_joint_velocity_motion.cpp.o[0m
[ 66%] [32m[1mLinking CXX executable generate_elbow_motion[0m
[ 66%] [32m[1mLinking CXX executable generate_joint_position_motion_external_control_loop[0m
[ 66%] Built target generate_elbow_motion
[ 67%] [32mBuilding CXX object test/CMakeFiles/run_all_tests_ubsan.dir/robot_command_tests.cpp.o[0m
[ 67%] Built target generate_joint_position_motion_external_control_loop
[ 68%] [32mBuilding CXX object test/CMakeFiles/run_all_tests_tsan.dir/robot_tests.cpp.o[0m
[ 68%] [32m[1mLinking CXX executable generate_joint_position_motion[0m
[ 68%] Built target generate_joint_position_motion
[ 69%] [32mBuilding CXX object test/CMakeFiles/run_all_tests_asan.dir/model_tests.cpp.o[0m
[ 69%] [32mBuilding CXX object test/CMakeFiles/run_all_tests.dir/robot_state_tests.cpp.o[0m
[ 69%] [32m[1mLinking CXX executable generate_joint_velocity_motion[0m
[ 69%] Built target generate_joint_velocity_motion
[ 70%] [32mBuilding CXX object test/CMakeFiles/run_all_tests.dir/robot_tests.cpp.o[0m
[ 70%] [32mBuilding CXX object test/CMakeFiles/run_all_tests_ubsan.dir/robot_impl_tests.cpp.o[0m
[ 70%] [32mBuilding CXX object test/CMakeFiles/run_all_tests_tsan.dir/vacuum_gripper_tests.cpp.o[0m
[ 71%] [32mBuilding CXX object test/CMakeFiles/run_all_tests_ubsan.dir/robot_model_tests.cpp.o[0m
[ 71%] [32mBuilding CXX object test/CMakeFiles/run_all_tests_ubsan.dir/robot_model_fk_tests.cpp.o[0m
[ 72%] [32mBuilding CXX object test/CMakeFiles/run_all_tests_ubsan.dir/robot_jacobian_tests.cpp.o[0m
[ 72%] [32mBuilding CXX object test/CMakeFiles/run_all_tests_ubsan.dir/robot_state_tests.cpp.o[0m
[ 73%] [32mBuilding CXX object test/CMakeFiles/run_all_tests_ubsan.dir/robot_tests.cpp.o[0m
[ 73%] [32mBuilding CXX object test/CMakeFiles/run_all_tests_ubsan.dir/vacuum_gripper_tests.cpp.o[0m
[ 75%] [32mBuilding CXX object test/CMakeFiles/run_all_tests_tsan.dir/vacuum_gripper_command_tests.cpp.o[0m
[ 76%] [32mBuilding CXX object test/CMakeFiles/run_all_tests_ubsan.dir/vacuum_gripper_command_tests.cpp.o[0m
[ 76%] [32mBuilding CXX object test/CMakeFiles/run_all_tests_asan.dir/rate_limiting_tests.cpp.o[0m
[ 77%] [32mBuilding CXX object examples/CMakeFiles/generate_joint_velocity_motion_external_control_loop.dir/generate_joint_velocity_motion_external_control_loop.cpp.o[0m
[ 77%] [32m[1mLinking CXX executable generate_joint_velocity_motion_external_control_loop[0m
[ 77%] Built target generate_joint_velocity_motion_external_control_loop
[ 78%] [32mBuilding CXX object test/CMakeFiles/run_all_tests_asan.dir/robot_command_tests.cpp.o[0m
[ 79%] [32mBuilding CXX object examples/CMakeFiles/grasp_object.dir/grasp_object.cpp.o[0m
[ 80%] [32mBuilding CXX object examples/CMakeFiles/joint_impedance_control.dir/joint_impedance_control.cpp.o[0m
[ 80%] [32m[1mLinking CXX executable grasp_object[0m
[ 80%] Built target grasp_object
[ 80%] [32mBuilding CXX object test/CMakeFiles/run_all_tests.dir/vacuum_gripper_tests.cpp.o[0m
[ 80%] [32mBuilding CXX object test/CMakeFiles/run_all_tests_asan.dir/robot_impl_tests.cpp.o[0m
[ 80%] [32m[1mLinking CXX executable joint_impedance_control[0m
[ 80%] Built target joint_impedance_control
[ 80%] [32mBuilding CXX object test/CMakeFiles/run_all_tests_ubsan.dir/logging/logging_tests.cpp.o[0m
[ 81%] [32mBuilding CXX object examples/CMakeFiles/joint_point_to_point_motion.dir/joint_point_to_point_motion.cpp.o[0m
[ 82%] [32mBuilding CXX object examples/CMakeFiles/motion_with_control.dir/motion_with_control.cpp.o[0m
[ 83%] [32mBuilding CXX object test/CMakeFiles/run_all_tests_asan.dir/robot_model_tests.cpp.o[0m
[ 83%] [32m[1mLinking CXX executable joint_point_to_point_motion[0m
[ 83%] Built target joint_point_to_point_motion
[ 84%] [32mBuilding CXX object test/CMakeFiles/run_all_tests_ubsan.dir/logging/robot_state_logger_tests.cpp.o[0m
[ 84%] [32mBuilding CXX object test/CMakeFiles/run_all_tests_ubsan.dir/joint_velocity_limits_tests.cpp.o[0m
[ 84%] [32m[1mLinking CXX executable motion_with_control[0m
[ 84%] Built target motion_with_control
[ 85%] [32mBuilding CXX object test/CMakeFiles/run_all_tests.dir/vacuum_gripper_command_tests.cpp.o[0m
[ 85%] [32mBuilding CXX object test/CMakeFiles/run_all_tests_asan.dir/robot_model_fk_tests.cpp.o[0m
[ 85%] [32mBuilding CXX object test/CMakeFiles/run_all_tests_tsan.dir/logging/logging_tests.cpp.o[0m
[ 86%] [32mBuilding CXX object test/CMakeFiles/run_all_tests_tsan.dir/logging/robot_state_logger_tests.cpp.o[0m
[ 87%] [32mBuilding CXX object test/CMakeFiles/run_all_tests_asan.dir/robot_jacobian_tests.cpp.o[0m
[ 87%] [32mBuilding CXX object test/CMakeFiles/run_all_tests.dir/logging/logging_tests.cpp.o[0m
[ 87%] [32mBuilding CXX object test/CMakeFiles/run_all_tests_tsan.dir/joint_velocity_limits_tests.cpp.o[0m
[ 88%] [32mBuilding CXX object examples/CMakeFiles/motion_with_control_external_control_loop.dir/motion_with_control_external_control_loop.cpp.o[0m
[ 89%] [32mBuilding CXX object examples/CMakeFiles/print_joint_poses.dir/print_joint_poses.cpp.o[0m
[ 89%] [32mBuilding CXX object test/CMakeFiles/run_all_tests_asan.dir/robot_state_tests.cpp.o[0m
[ 89%] [32m[1mLinking CXX executable motion_with_control_external_control_loop[0m
[ 89%] [32m[1mLinking CXX executable print_joint_poses[0m
[ 89%] Built target motion_with_control_external_control_loop
[ 90%] [32mBuilding CXX object test/CMakeFiles/run_all_tests_asan.dir/robot_tests.cpp.o[0m
[ 91%] [32mBuilding CXX object test/CMakeFiles/run_all_tests.dir/logging/robot_state_logger_tests.cpp.o[0m
[ 91%] Built target print_joint_poses
[ 92%] [32mBuilding CXX object test/CMakeFiles/run_all_tests_ubsan.dir/async_control/async_position_control_tests.cpp.o[0m
[ 92%] [32mBuilding CXX object test/CMakeFiles/run_all_tests.dir/joint_velocity_limits_tests.cpp.o[0m
[ 93%] [32mBuilding CXX object test/CMakeFiles/run_all_tests.dir/async_control/async_position_control_tests.cpp.o[0m
[ 93%] [32mBuilding CXX object test/CMakeFiles/run_all_tests_asan.dir/vacuum_gripper_tests.cpp.o[0m
[ 93%] [32mBuilding CXX object examples/CMakeFiles/vacuum_object.dir/vacuum_object.cpp.o[0m
[ 94%] [32m[1mLinking CXX executable vacuum_object[0m
[ 94%] Built target vacuum_object
[ 95%] [32mBuilding CXX object test/CMakeFiles/run_all_tests_tsan.dir/async_control/async_position_control_tests.cpp.o[0m
[ 96%] [32mBuilding CXX object test/CMakeFiles/run_all_tests_asan.dir/vacuum_gripper_command_tests.cpp.o[0m
[ 97%] [32mBuilding CXX object examples/utility_examples/CMakeFiles/logging_example.dir/logging_example.cpp.o[0m
[ 97%] [32mBuilding CXX object test/CMakeFiles/run_all_tests_asan.dir/logging/logging_tests.cpp.o[0m
[ 97%] [32m[1mLinking CXX executable logging_example[0m
[ 97%] Built target logging_example
[ 98%] [32mBuilding CXX object test/CMakeFiles/run_all_tests_asan.dir/logging/robot_state_logger_tests.cpp.o[0m
[ 98%] [32mBuilding CXX object test/CMakeFiles/run_all_tests_asan.dir/joint_velocity_limits_tests.cpp.o[0m
[100%] [32mBuilding CXX object test/CMakeFiles/run_all_tests_asan.dir/async_control/async_position_control_tests.cpp.o[0m
[100%] [32m[1mLinking CXX executable run_all_tests_tsan[0m
[100%] Built target run_all_tests_tsan
[100%] [32m[1mLinking CXX executable run_all_tests[0m
[100%] Built target run_all_tests
[100%] [32m[1mLinking CXX executable run_all_tests_asan[0m
[100%] Built target run_all_tests_asan
[100%] [32m[1mLinking CXX executable run_all_tests_ubsan[0m
[100%] Built target run_all_tests_ubsan
-- Install configuration: "Release"
-- Installing: /home/dharmik.p45/Dharmik/berry_ws/install/libfranka/lib/libfranka.so.0.19.0
-- Installing: /home/dharmik.p45/Dharmik/berry_ws/install/libfranka/lib/libfranka.so.0.19
-- Set runtime path of "/home/dharmik.p45/Dharmik/berry_ws/install/libfranka/lib/libfranka.so.0.19.0" to ""
-- Installing: /home/dharmik.p45/Dharmik/berry_ws/install/libfranka/lib/libfranka.so
-- Installing: /home/dharmik.p45/Dharmik/berry_ws/install/libfranka/include
-- Installing: /home/dharmik.p45/Dharmik/berry_ws/install/libfranka/include/franka
-- Installing: /home/dharmik.p45/Dharmik/berry_ws/install/libfranka/include/franka/gripper_state.h
-- Installing: /home/dharmik.p45/Dharmik/berry_ws/install/libfranka/include/franka/robot_state.h
-- Installing: /home/dharmik.p45/Dharmik/berry_ws/install/libfranka/include/franka/robot.h
-- Installing: /home/dharmik.p45/Dharmik/berry_ws/install/libfranka/include/franka/logging
-- Installing: /home/dharmik.p45/Dharmik/berry_ws/install/libfranka/include/franka/logging/logger.hpp
-- Installing: /home/dharmik.p45/Dharmik/berry_ws/install/libfranka/include/franka/logging/robot_state_log.hpp
-- Installing: /home/dharmik.p45/Dharmik/berry_ws/install/libfranka/include/franka/logging/logging_sink_interface.hpp
-- Installing: /home/dharmik.p45/Dharmik/berry_ws/install/libfranka/include/franka/logging/cout_logging_sink.hpp
-- Installing: /home/dharmik.p45/Dharmik/berry_ws/install/libfranka/include/franka/robot_model_base.h
-- Installing: /home/dharmik.p45/Dharmik/berry_ws/install/libfranka/include/franka/robot_model.h
-- Installing: /home/dharmik.p45/Dharmik/berry_ws/install/libfranka/include/franka/active_control.h
-- Installing: /home/dharmik.p45/Dharmik/berry_ws/install/libfranka/include/franka/control_types.h
-- Installing: /home/dharmik.p45/Dharmik/berry_ws/install/libfranka/include/franka/vacuum_gripper_state.h
-- Installing: /home/dharmik.p45/Dharmik/berry_ws/install/libfranka/include/franka/vacuum_gripper.h
-- Installing: /home/dharmik.p45/Dharmik/berry_ws/install/libfranka/include/franka/lowpass_filter.h
-- Installing: /home/dharmik.p45/Dharmik/berry_ws/install/libfranka/include/franka/active_motion_generator.h
-- Installing: /home/dharmik.p45/Dharmik/berry_ws/install/libfranka/include/franka/active_torque_control.h
-- Installing: /home/dharmik.p45/Dharmik/berry_ws/install/libfranka/include/franka/gripper.h
-- Installing: /home/dharmik.p45/Dharmik/berry_ws/install/libfranka/include/franka/control_tools.h
-- Installing: /home/dharmik.p45/Dharmik/berry_ws/install/libfranka/include/franka/model.h
-- Installing: /home/dharmik.p45/Dharmik/berry_ws/install/libfranka/include/franka/exception.h
-- Installing: /home/dharmik.p45/Dharmik/berry_ws/install/libfranka/include/franka/rate_limiting.h
-- Installing: /home/dharmik.p45/Dharmik/berry_ws/install/libfranka/include/franka/active_control_base.h
-- Installing: /home/dharmik.p45/Dharmik/berry_ws/install/libfranka/include/franka/errors.h
-- Installing: /home/dharmik.p45/Dharmik/berry_ws/install/libfranka/include/franka/joint_velocity_limits.h
-- Installing: /home/dharmik.p45/Dharmik/berry_ws/install/libfranka/include/franka/async_control
-- Installing: /home/dharmik.p45/Dharmik/berry_ws/install/libfranka/include/franka/async_control/target_status.hpp
-- Installing: /home/dharmik.p45/Dharmik/berry_ws/install/libfranka/include/franka/async_control/async_position_control_handler.hpp
-- Installing: /home/dharmik.p45/Dharmik/berry_ws/install/libfranka/include/franka/commands
-- Installing: /home/dharmik.p45/Dharmik/berry_ws/install/libfranka/include/franka/commands/get_robot_model_command.hpp
-- Installing: /home/dharmik.p45/Dharmik/berry_ws/install/libfranka/include/franka/duration.h
-- Up-to-date: /home/dharmik.p45/Dharmik/berry_ws/install/libfranka/include
-- Installing: /home/dharmik.p45/Dharmik/berry_ws/install/libfranka/include/research_interface
-- Installing: /home/dharmik.p45/Dharmik/berry_ws/install/libfranka/include/research_interface/robot
-- Installing: /home/dharmik.p45/Dharmik/berry_ws/install/libfranka/include/research_interface/robot/service_types.h
-- Installing: /home/dharmik.p45/Dharmik/berry_ws/install/libfranka/include/research_interface/robot/error.h
-- Installing: /home/dharmik.p45/Dharmik/berry_ws/install/libfranka/include/research_interface/robot/rbk_types.h
-- Installing: /home/dharmik.p45/Dharmik/berry_ws/install/libfranka/include/research_interface/robot/service_traits.h
-- Installing: /home/dharmik.p45/Dharmik/berry_ws/install/libfranka/include/research_interface/vacuum_gripper
-- Installing: /home/dharmik.p45/Dharmik/berry_ws/install/libfranka/include/research_interface/vacuum_gripper/types.h
-- Installing: /home/dharmik.p45/Dharmik/berry_ws/install/libfranka/include/research_interface/gripper
-- Installing: /home/dharmik.p45/Dharmik/berry_ws/install/libfranka/include/research_interface/gripper/types.h
-- Installing: /home/dharmik.p45/Dharmik/berry_ws/install/libfranka/lib/cmake/Franka/FrankaConfig.cmake
-- Installing: /home/dharmik.p45/Dharmik/berry_ws/install/libfranka/lib/cmake/Franka/FrankaConfigVersion.cmake
-- Installing: /home/dharmik.p45/Dharmik/berry_ws/install/libfranka/lib/cmake/Franka/FrankaTargets.cmake
-- Installing: /home/dharmik.p45/Dharmik/berry_ws/install/libfranka/lib/cmake/Franka/FrankaTargets-release.cmake
-- Installing: /home/dharmik.p45/Dharmik/berry_ws/install/libfranka/bin/async_position_control
-- Set runtime path of "/home/dharmik.p45/Dharmik/berry_ws/install/libfranka/bin/async_position_control" to ""
-- Installing: /home/dharmik.p45/Dharmik/berry_ws/install/libfranka/bin/cartesian_impedance_control
-- Set runtime path of "/home/dharmik.p45/Dharmik/berry_ws/install/libfranka/bin/cartesian_impedance_control" to ""
-- Installing: /home/dharmik.p45/Dharmik/berry_ws/install/libfranka/bin/communication_test
-- Set runtime path of "/home/dharmik.p45/Dharmik/berry_ws/install/libfranka/bin/communication_test" to ""
-- Installing: /home/dharmik.p45/Dharmik/berry_ws/install/libfranka/bin/echo_robot_state
-- Set runtime path of "/home/dharmik.p45/Dharmik/berry_ws/install/libfranka/bin/echo_robot_state" to ""
-- Installing: /home/dharmik.p45/Dharmik/berry_ws/install/libfranka/bin/force_control
-- Set runtime path of "/home/dharmik.p45/Dharmik/berry_ws/install/libfranka/bin/force_control" to ""
-- Installing: /home/dharmik.p45/Dharmik/berry_ws/install/libfranka/bin/generate_cartesian_pose_motion
-- Set runtime path of "/home/dharmik.p45/Dharmik/berry_ws/install/libfranka/bin/generate_cartesian_pose_motion" to ""
-- Installing: /home/dharmik.p45/Dharmik/berry_ws/install/libfranka/bin/generate_cartesian_pose_motion_external_control_loop
-- Set runtime path of "/home/dharmik.p45/Dharmik/berry_ws/install/libfranka/bin/generate_cartesian_pose_motion_external_control_loop" to ""
-- Installing: /home/dharmik.p45/Dharmik/berry_ws/install/libfranka/bin/generate_cartesian_velocity_motion
-- Set runtime path of "/home/dharmik.p45/Dharmik/berry_ws/install/libfranka/bin/generate_cartesian_velocity_motion" to ""
-- Installing: /home/dharmik.p45/Dharmik/berry_ws/install/libfranka/bin/generate_cartesian_velocity_motion_external_control_loop
-- Set runtime path of "/home/dharmik.p45/Dharmik/berry_ws/install/libfranka/bin/generate_cartesian_velocity_motion_external_control_loop" to ""
-- Installing: /home/dharmik.p45/Dharmik/berry_ws/install/libfranka/bin/generate_consecutive_motions
-- Set runtime path of "/home/dharmik.p45/Dharmik/berry_ws/install/libfranka/bin/generate_consecutive_motions" to ""
-- Installing: /home/dharmik.p45/Dharmik/berry_ws/install/libfranka/bin/generate_elbow_motion
-- Set runtime path of "/home/dharmik.p45/Dharmik/berry_ws/install/libfranka/bin/generate_elbow_motion" to ""
-- Installing: /home/dharmik.p45/Dharmik/berry_ws/install/libfranka/bin/generate_joint_position_motion
-- Set runtime path of "/home/dharmik.p45/Dharmik/berry_ws/install/libfranka/bin/generate_joint_position_motion" to ""
-- Installing: /home/dharmik.p45/Dharmik/berry_ws/install/libfranka/bin/generate_joint_position_motion_external_control_loop
-- Set runtime path of "/home/dharmik.p45/Dharmik/berry_ws/install/libfranka/bin/generate_joint_position_motion_external_control_loop" to ""
-- Installing: /home/dharmik.p45/Dharmik/berry_ws/install/libfranka/bin/generate_joint_velocity_motion
-- Set runtime path of "/home/dharmik.p45/Dharmik/berry_ws/install/libfranka/bin/generate_joint_velocity_motion" to ""
-- Installing: /home/dharmik.p45/Dharmik/berry_ws/install/libfranka/bin/generate_joint_velocity_motion_external_control_loop
-- Set runtime path of "/home/dharmik.p45/Dharmik/berry_ws/install/libfranka/bin/generate_joint_velocity_motion_external_control_loop" to ""
-- Installing: /home/dharmik.p45/Dharmik/berry_ws/install/libfranka/bin/grasp_object
-- Set runtime path of "/home/dharmik.p45/Dharmik/berry_ws/install/libfranka/bin/grasp_object" to ""
-- Installing: /home/dharmik.p45/Dharmik/berry_ws/install/libfranka/bin/joint_impedance_control
-- Set runtime path of "/home/dharmik.p45/Dharmik/berry_ws/install/libfranka/bin/joint_impedance_control" to ""
-- Installing: /home/dharmik.p45/Dharmik/berry_ws/install/libfranka/bin/joint_point_to_point_motion
-- Set runtime path of "/home/dharmik.p45/Dharmik/berry_ws/install/libfranka/bin/joint_point_to_point_motion" to ""
-- Installing: /home/dharmik.p45/Dharmik/berry_ws/install/libfranka/bin/motion_with_control
-- Set runtime path of "/home/dharmik.p45/Dharmik/berry_ws/install/libfranka/bin/motion_with_control" to ""
-- Installing: /home/dharmik.p45/Dharmik/berry_ws/install/libfranka/bin/motion_with_control_external_control_loop
-- Set runtime path of "/home/dharmik.p45/Dharmik/berry_ws/install/libfranka/bin/motion_with_control_external_control_loop" to ""
-- Installing: /home/dharmik.p45/Dharmik/berry_ws/install/libfranka/bin/print_joint_poses
-- Set runtime path of "/home/dharmik.p45/Dharmik/berry_ws/install/libfranka/bin/print_joint_poses" to ""
-- Installing: /home/dharmik.p45/Dharmik/berry_ws/install/libfranka/bin/vacuum_object
-- Set runtime path of "/home/dharmik.p45/Dharmik/berry_ws/install/libfranka/bin/vacuum_object" to ""
-- Installing: /home/dharmik.p45/Dharmik/berry_ws/install/libfranka/bin/logging_example
-- Set runtime path of "/home/dharmik.p45/Dharmik/berry_ws/install/libfranka/bin/logging_example" to ""
