[0.013s] Invoking command in '/home/dharmik.p45/Dharmik/berry_ws/build/franka_ign_ros2_control': AMENT_PREFIX_PATH=/home/dharmik.p45/Dharmik/berry_ws/install/franka_hardware:/home/dharmik.p45/Dharmik/berry_ws/install/franka_msgs:${AMENT_PREFIX_PATH} CMAKE_PREFIX_PATH=/home/dharmik.p45/Dharmik/berry_ws/install/franka_hardware:/home/dharmik.p45/Dharmik/berry_ws/install/libfranka:/home/dharmik.p45/Dharmik/berry_ws/install/franka_msgs:/opt/ros/humble LD_LIBRARY_PATH=/home/dharmik.p45/Dharmik/berry_ws/install/franka_hardware/lib:/home/dharmik.p45/Dharmik/berry_ws/install/libfranka/lib:/home/dharmik.p45/Dharmik/berry_ws/install/franka_msgs/lib:${LD_LIBRARY_PATH} PATH=/home/dharmik.p45/Dharmik/berry_ws/install/libfranka/bin:${PATH} PKG_CONFIG_PATH=/home/dharmik.p45/Dharmik/berry_ws/install/libfranka/lib/x86_64-linux-gnu/pkgconfig:/home/dharmik.p45/Dharmik/berry_ws/install/libfranka/lib/pkgconfig PYTHONPATH=/home/dharmik.p45/Dharmik/berry_ws/install/franka_msgs/local/lib/python3.10/dist-packages:${PYTHONPATH} /usr/bin/cmake /home/dharmik.p45/Dharmik/berry_ws/src/franka_ros2/franka_gazebo/franka_ign_ros2_control -DCMAKE_BUILD_TYPE=Release -DBUILD_TESTING=OFF -DBUILD_TESTS=OFF -DCMAKE_INSTALL_PREFIX=/home/dharmik.p45/Dharmik/berry_ws/install/franka_ign_ros2_control
[0.064s] -- The C compiler identification is GNU 12.3.0
[0.109s] -- The CXX compiler identification is GNU 12.3.0
[0.115s] -- Detecting C compiler ABI info
[0.177s] -- Detecting C compiler ABI info - done
[0.185s] -- Check for working C compiler: /usr/bin/cc - skipped
[0.186s] -- Detecting C compile features
[0.186s] -- Detecting C compile features - done
[0.189s] -- Detecting CXX compiler ABI info
[0.253s] -- Detecting CXX compiler ABI info - done
[0.257s] -- Check for working CXX compiler: /usr/bin/c++ - skipped
[0.257s] -- Detecting CXX compile features
[0.258s] -- Detecting CXX compile features - done
[0.259s] -- Found ament_cmake: 1.3.12 (/opt/ros/humble/share/ament_cmake/cmake)
[0.367s] -- Found Python3: /usr/bin/python3 (found version "3.10.12") found components: Interpreter 
[0.423s] -- Found ament_index_cpp: 1.4.0 (/opt/ros/humble/share/ament_index_cpp/cmake)
[0.429s] -- Found controller_manager: 2.53.0 (/opt/ros/humble/share/controller_manager/cmake)
[0.459s] -- Found rosidl_generator_c: 3.1.8 (/opt/ros/humble/share/rosidl_generator_c/cmake)
[0.462s] -- Found rosidl_adapter: 3.1.8 (/opt/ros/humble/share/rosidl_adapter/cmake)
[0.467s] -- Found rosidl_generator_cpp: 3.1.8 (/opt/ros/humble/share/rosidl_generator_cpp/cmake)
[0.474s] -- Using all available rosidl_typesupport_c: rosidl_typesupport_fastrtps_c;rosidl_typesupport_introspection_c
[0.485s] -- Using all available rosidl_typesupport_cpp: rosidl_typesupport_fastrtps_cpp;rosidl_typesupport_introspection_cpp
[0.607s] -- Found rmw_implementation_cmake: 6.1.2 (/opt/ros/humble/share/rmw_implementation_cmake/cmake)
[0.609s] -- Found rmw_fastrtps_cpp: 6.2.9 (/opt/ros/humble/share/rmw_fastrtps_cpp/cmake)
[0.623s] -- Found TinyXML2 via Config file: TinyXML2_DIR-NOTFOUND
[0.667s] -- Found OpenSSL: /usr/lib/x86_64-linux-gnu/libcrypto.so (found version "3.0.2")  
[0.669s] -- Found TinyXML2 via Config file: TinyXML2_DIR-NOTFOUND
[0.680s] -- Found FastRTPS: /opt/ros/humble/include  
[0.682s] -- Found TinyXML2 via Config file: TinyXML2_DIR-NOTFOUND
[0.690s] -- Found TinyXML2 via Config file: TinyXML2_DIR-NOTFOUND
[0.700s] -- Using RMW implementation 'rmw_fastrtps_cpp' as default
[0.706s] -- Looking for pthread.h
[0.772s] -- Looking for pthread.h - found
[0.772s] -- Performing Test CMAKE_HAVE_LIBC_PTHREAD
[0.830s] -- Performing Test CMAKE_HAVE_LIBC_PTHREAD - Success
[0.831s] -- Found Threads: TRUE  
[0.890s] -- Found yaml_cpp_vendor: 8.0.2 (/opt/ros/humble/share/yaml_cpp_vendor/cmake)
[0.893s] -- Found franka_hardware: 2.2.0 (/home/dharmik.p45/Dharmik/berry_ws/install/franka_hardware/share/franka_hardware/cmake)
[0.896s] -- Found urdf: 2.6.1 (/opt/ros/humble/share/urdf/cmake)
[0.905s] -- Found kdl_parser: 2.6.4 (/opt/ros/humble/share/kdl_parser/cmake)
[0.916s] -- Found eigen3_cmake_module: 0.1.1 (/opt/ros/humble/share/eigen3_cmake_module/cmake)
[0.918s] -- Found Eigen3: TRUE (found version "3.4.0") 
[0.918s] -- Ensuring Eigen3 include directory is part of orocos-kdl CMake target
[0.923s] -- Found tf2_geometry_msgs: 0.25.18 (/opt/ros/humble/share/tf2_geometry_msgs/cmake)
[0.979s] -- Found tf2_eigen: 0.25.18 (/opt/ros/humble/share/tf2_eigen/cmake)
[0.987s] -- Looking for ignition-gazebo6 -- found version 6.16.0
[0.995s] -- Searching for dependencies of ignition-gazebo6
[0.999s] -- Looking for sdformat12 -- found version 12.7.2
[1.000s] -- Searching for dependencies of sdformat12
[1.006s] -- Checking for module 'tinyxml2'
[1.020s] --   Found tinyxml2, version 9.0.0
[1.055s] -- Looking for ignition-math6 -- found version 6.15.1
[1.056s] -- Searching for dependencies of ignition-math6
[1.061s] -- Looking for ignition-utils1 -- found version 1.5.1
[1.061s] -- Searching for dependencies of ignition-utils1
[1.067s] -- Looking for ignition-plugin1 -- found version 1.4.0
[1.068s] -- Searching for dependencies of ignition-plugin1
[1.069s] -- Searching for <ignition-plugin1> component [loader]
[1.072s] -- Looking for ignition-plugin1-loader -- found version 1.4.0
[1.073s] -- Searching for dependencies of ignition-plugin1-loader
[1.074s] -- Searching for <ignition-plugin1> component [register]
[1.076s] -- Looking for ignition-plugin1-register -- found version 1.4.0
[1.077s] -- Searching for dependencies of ignition-plugin1-register
[1.081s] -- Looking for ignition-transport11 -- found version 11.4.1
[1.082s] -- Searching for dependencies of ignition-transport11
[1.123s] -- Found Protobuf: /usr/lib/x86_64-linux-gnu/libprotobuf.so (found version "3.12.4") 
[1.133s] -- Config-file not installed for ZeroMQ -- checking for pkg-config
[1.138s] -- Checking for module 'libzmq >= 4'
[1.157s] --   Found libzmq , version 4.3.4
[1.197s] -- Found ZeroMQ: TRUE (Required is at least version "4") 
[1.205s] -- Checking for module 'uuid'
[1.224s] --   Found uuid, version 2.37.2
[1.260s] -- Found UUID: TRUE  
[1.260s] -- Looking for ignition-utils1 -- found version 1.5.1
[1.261s] -- Searching for dependencies of ignition-utils1
[1.261s] -- Searching for <ignition-utils1> component [cli]
[1.265s] -- Looking for ignition-utils1-cli -- found version 1.5.1
[1.266s] -- Searching for dependencies of ignition-utils1-cli
[1.268s] -- Looking for ignition-msgs8 -- found version 8.7.0
[1.269s] -- Searching for dependencies of ignition-msgs8
[1.282s] -- Found Protobuf: /usr/lib/x86_64-linux-gnu/libprotobuf.so (found suitable version "3.12.4", minimum required is "3") 
[1.283s] -- Looking for ignition-math6 -- found version 6.15.1
[1.297s] -- Searching for <ignition-transport11> component [log]
[1.301s] -- Looking for ignition-transport11-log -- found version 11.4.1
[1.301s] -- Searching for dependencies of ignition-transport11-log
[1.302s] -- Searching for <ignition-transport11> component [parameters]
[1.306s] -- Looking for ignition-transport11-parameters -- found version 11.4.1
[1.307s] -- Searching for dependencies of ignition-transport11-parameters
[1.308s] -- Looking for ignition-msgs8 -- found version 8.7.0
[1.313s] -- Looking for ignition-common4 -- found version 4.7.0
[1.314s] -- Searching for dependencies of ignition-common4
[1.314s] -- Looking for dlfcn.h - found
[1.316s] -- Looking for libdl - found
[1.317s] -- Found DL: TRUE  
[1.330s] -- Searching for <ignition-common4> component [profiler]
[1.333s] -- Looking for ignition-common4-profiler -- found version 4.7.0
[1.334s] -- Searching for dependencies of ignition-common4-profiler
[1.335s] -- Searching for <ignition-common4> component [events]
[1.338s] -- Looking for ignition-common4-events -- found version 4.7.0
[1.339s] -- Searching for dependencies of ignition-common4-events
[1.339s] -- Looking for ignition-math6 -- found version 6.15.1
[1.340s] -- Searching for <ignition-common4> component [av]
[1.343s] -- Looking for ignition-common4-av -- found version 4.7.0
[1.344s] -- Searching for dependencies of ignition-common4-av
[1.350s] -- Checking for module 'libswscale'
[1.369s] --   Found libswscale, version 5.9.100
[1.413s] -- Found SWSCALE: TRUE  
[1.420s] -- Checking for module 'libavdevice >= 56.4.100'
[1.441s] --   Found libavdevice , version 58.13.100
[1.487s] -- Found AVDEVICE: TRUE (Required is at least version "56.4.100") 
[1.493s] -- Checking for module 'libavformat'
[1.513s] --   Found libavformat, version 58.76.100
[1.560s] -- Found AVFORMAT: TRUE  
[1.566s] -- Checking for module 'libavcodec'
[1.582s] --   Found libavcodec, version 58.134.100
[1.629s] -- Found AVCODEC: TRUE  
[1.635s] -- Checking for module 'libavutil'
[1.651s] --   Found libavutil, version 56.70.100
[1.691s] -- Found AVUTIL: TRUE  
[1.701s] -- Looking for ignition-fuel_tools7 -- found version 7.3.0
[1.701s] -- Searching for dependencies of ignition-fuel_tools7
[1.799s] -- Found CURL: /usr/lib/x86_64-linux-gnu/libcurl.so (found version "7.81.0")  
[1.813s] -- Checking for module 'jsoncpp'
[1.832s] --   Found jsoncpp, version 1.9.5
[1.873s] -- Found JSONCPP: TRUE  
[1.882s] -- Checking for module 'libzip'
[1.904s] --   Found libzip, version 1.7.3
[1.946s] -- Found ZIP: TRUE  
[1.947s] -- Looking for ignition-common4 -- found version 4.7.0
[1.947s] -- Looking for ignition-math6 -- found version 6.15.1
[1.948s] -- Looking for ignition-msgs8 -- found version 8.7.0
[1.955s] -- Looking for ignition-gui6 -- found version 6.8.0
[1.956s] -- Searching for dependencies of ignition-gui6
[1.986s] -- Looking for ignition-math6 -- found version 6.15.1
[1.986s] -- Looking for ignition-common4 -- found version 4.7.0
[1.987s] -- Looking for ignition-plugin1 -- found version 1.4.0
[1.987s] -- Looking for ignition-transport11 -- found version 11.4.1
[1.995s] -- Looking for ignition-rendering6 -- found version 6.6.3
[1.996s] -- Searching for dependencies of ignition-rendering6
[1.997s] -- Looking for ignition-math6 -- found version 6.15.1
[1.997s] -- Searching for dependencies of ignition-math6
[1.997s] -- Searching for <ignition-math6> component [eigen3]
[2.001s] -- Looking for ignition-math6-eigen3 -- found version 6.15.1
[2.001s] -- Searching for dependencies of ignition-math6-eigen3
[2.004s] -- Looking for ignition-common4 -- found version 4.7.0
[2.004s] -- Searching for dependencies of ignition-common4
[2.004s] -- Looking for dlfcn.h - found
[2.004s] -- Looking for libdl - found
[2.016s] -- Searching for <ignition-common4> component [graphics]
[2.022s] -- Looking for ignition-common4-graphics -- found version 4.7.0
[2.023s] -- Searching for dependencies of ignition-common4-graphics
[2.023s] -- Looking for ignition-math6 -- found version 6.15.1
[2.024s] -- Looking for ignition-utils1 -- found version 1.5.1
[2.025s] -- Searching for <ignition-common4> component [events]
[2.026s] -- Looking for ignition-plugin1 -- found version 1.4.0
[2.026s] -- Searching for dependencies of ignition-plugin1
[2.026s] -- Searching for <ignition-plugin1> component [all]
[2.029s] -- Looking for all libraries of ignition-plugin1 -- found version 1.4.0
[2.030s] -- Looking for ignition-plugin1 -- found version 1.4.0
[2.033s] -- Looking for ignition-msgs8 -- found version 8.7.0
[2.085s] -- Looking for ignition-physics5 -- found version 5.3.2
[2.085s] -- Searching for dependencies of ignition-physics5
[2.085s] -- Looking for ignition-math6 -- found version 6.15.1
[2.086s] -- Looking for ignition-plugin1 -- found version 1.4.0
[2.086s] -- Looking for ignition-utils1 -- found version 1.5.1
[2.088s] -- Searching for <ignition-physics5> component [heightmap]
[2.091s] -- Looking for ignition-physics5-heightmap -- found version 5.3.2
[2.091s] -- Searching for dependencies of ignition-physics5-heightmap
[2.092s] -- Looking for ignition-common4 -- found version 4.7.0
[2.092s] -- Searching for <ignition-physics5> component [mesh]
[2.095s] -- Looking for ignition-physics5-mesh -- found version 5.3.2
[2.096s] -- Searching for dependencies of ignition-physics5-mesh
[2.096s] -- Looking for ignition-common4 -- found version 4.7.0
[2.097s] -- Searching for <ignition-physics5> component [sdf]
[2.101s] -- Looking for ignition-physics5-sdf -- found version 5.3.2
[2.101s] -- Searching for dependencies of ignition-physics5-sdf
[2.102s] -- Looking for sdformat12 -- found version 12.7.2
[2.109s] -- Looking for ignition-sensors6 -- found version 6.8.0
[2.110s] -- Searching for dependencies of ignition-sensors6
[2.131s] -- Found Protobuf: /usr/lib/x86_64-linux-gnu/libprotobuf.so (found version "3.12.4") 
[2.131s] -- Looking for ignition-math6 -- found version 6.15.1
[2.132s] -- Looking for ignition-common4 -- found version 4.7.0
[2.132s] -- Looking for ignition-transport11 -- found version 11.4.1
[2.133s] -- Looking for ignition-rendering6 -- found version 6.6.3
[2.133s] -- Looking for ignition-msgs8 -- found version 8.7.0
[2.134s] -- Looking for sdformat12 -- found version 12.7.2
[2.137s] -- Searching for <ignition-sensors6> component [air_pressure]
[2.141s] -- Looking for ignition-sensors6-air_pressure -- found version 6.8.0
[2.141s] -- Searching for dependencies of ignition-sensors6-air_pressure
[2.142s] -- Searching for <ignition-sensors6> component [altimeter]
[2.146s] -- Looking for ignition-sensors6-altimeter -- found version 6.8.0
[2.146s] -- Searching for dependencies of ignition-sensors6-altimeter
[2.147s] -- Searching for <ignition-sensors6> component [imu]
[2.150s] -- Looking for ignition-sensors6-imu -- found version 6.8.0
[2.151s] -- Searching for dependencies of ignition-sensors6-imu
[2.152s] -- Searching for <ignition-sensors6> component [force_torque]
[2.155s] -- Looking for ignition-sensors6-force_torque -- found version 6.8.0
[2.155s] -- Searching for dependencies of ignition-sensors6-force_torque
[2.156s] -- Searching for <ignition-sensors6> component [logical_camera]
[2.159s] -- Looking for ignition-sensors6-logical_camera -- found version 6.8.0
[2.160s] -- Searching for dependencies of ignition-sensors6-logical_camera
[2.161s] -- Searching for <ignition-sensors6> component [magnetometer]
[2.164s] -- Looking for ignition-sensors6-magnetometer -- found version 6.8.0
[2.164s] -- Searching for dependencies of ignition-sensors6-magnetometer
[2.165s] -- Searching for <ignition-sensors6> component [navsat]
[2.168s] -- Looking for ignition-sensors6-navsat -- found version 6.8.0
[2.168s] -- Searching for dependencies of ignition-sensors6-navsat
[2.169s] -- Searching for <ignition-sensors6> component [rendering]
[2.172s] -- Looking for ignition-sensors6-rendering -- found version 6.8.0
[2.173s] -- Searching for dependencies of ignition-sensors6-rendering
[2.174s] -- Searching for <ignition-sensors6> component [lidar]
[2.177s] -- Looking for ignition-sensors6-lidar -- found version 6.8.0
[2.177s] -- Searching for dependencies of ignition-sensors6-lidar
[2.178s] -- Looking for ignition-sensors6 -- found version 6.8.0
[2.178s] -- Searching for <ignition-sensors6> component [gpu_lidar]
[2.182s] -- Looking for ignition-sensors6-gpu_lidar -- found version 6.8.0
[2.182s] -- Searching for dependencies of ignition-sensors6-gpu_lidar
[2.183s] -- Looking for ignition-sensors6 -- found version 6.8.0
[2.184s] -- Searching for <ignition-sensors6> component [camera]
[2.187s] -- Looking for ignition-sensors6-camera -- found version 6.8.0
[2.187s] -- Searching for dependencies of ignition-sensors6-camera
[2.188s] -- Looking for ignition-sensors6 -- found version 6.8.0
[2.189s] -- Searching for <ignition-sensors6> component [boundingbox_camera]
[2.191s] -- Looking for ignition-sensors6-boundingbox_camera -- found version 6.8.0
[2.192s] -- Searching for dependencies of ignition-sensors6-boundingbox_camera
[2.193s] -- Searching for <ignition-sensors6> component [segmentation_camera]
[2.196s] -- Looking for ignition-sensors6-segmentation_camera -- found version 6.8.0
[2.197s] -- Searching for dependencies of ignition-sensors6-segmentation_camera
[2.198s] -- Searching for <ignition-sensors6> component [depth_camera]
[2.201s] -- Looking for ignition-sensors6-depth_camera -- found version 6.8.0
[2.202s] -- Searching for dependencies of ignition-sensors6-depth_camera
[2.202s] -- Looking for ignition-sensors6 -- found version 6.8.0
[2.203s] -- Searching for <ignition-sensors6> component [rgbd_camera]
[2.207s] -- Looking for ignition-sensors6-rgbd_camera -- found version 6.8.0
[2.207s] -- Searching for dependencies of ignition-sensors6-rgbd_camera
[2.208s] -- Looking for ignition-sensors6 -- found version 6.8.0
[2.209s] -- Searching for <ignition-sensors6> component [thermal_camera]
[2.212s] -- Looking for ignition-sensors6-thermal_camera -- found version 6.8.0
[2.212s] -- Searching for dependencies of ignition-sensors6-thermal_camera
[2.213s] -- Looking for ignition-sensors6 -- found version 6.8.0
[2.215s] -- Looking for ignition-rendering6 -- found version 6.6.3
[2.215s] -- Looking for ignition-math6 -- found version 6.15.1
[2.219s] -- Looking for ignition-utils1 -- found version 1.5.1
[2.243s] -- Compiling against Ignition Fortress
[2.244s] -- Looking for ignition-plugin1 -- found version 1.4.0
[2.309s] -- Configuring done
[2.366s] -- Generating done
[2.368s] [33mCMake Warning:
[2.369s]   Manually-specified variables were not used by the project:
[2.369s] 
[2.369s]     BUILD_TESTS
[2.369s] 
[2.369s] [0m
[2.378s] -- Build files have been written to: /home/dharmik.p45/Dharmik/berry_ws/build/franka_ign_ros2_control
[2.396s] Invoked command in '/home/dharmik.p45/Dharmik/berry_ws/build/franka_ign_ros2_control' returned '0': AMENT_PREFIX_PATH=/home/dharmik.p45/Dharmik/berry_ws/install/franka_hardware:/home/dharmik.p45/Dharmik/berry_ws/install/franka_msgs:${AMENT_PREFIX_PATH} CMAKE_PREFIX_PATH=/home/dharmik.p45/Dharmik/berry_ws/install/franka_hardware:/home/dharmik.p45/Dharmik/berry_ws/install/libfranka:/home/dharmik.p45/Dharmik/berry_ws/install/franka_msgs:/opt/ros/humble LD_LIBRARY_PATH=/home/dharmik.p45/Dharmik/berry_ws/install/franka_hardware/lib:/home/dharmik.p45/Dharmik/berry_ws/install/libfranka/lib:/home/dharmik.p45/Dharmik/berry_ws/install/franka_msgs/lib:${LD_LIBRARY_PATH} PATH=/home/dharmik.p45/Dharmik/berry_ws/install/libfranka/bin:${PATH} PKG_CONFIG_PATH=/home/dharmik.p45/Dharmik/berry_ws/install/libfranka/lib/x86_64-linux-gnu/pkgconfig:/home/dharmik.p45/Dharmik/berry_ws/install/libfranka/lib/pkgconfig PYTHONPATH=/home/dharmik.p45/Dharmik/berry_ws/install/franka_msgs/local/lib/python3.10/dist-packages:${PYTHONPATH} /usr/bin/cmake /home/dharmik.p45/Dharmik/berry_ws/src/franka_ros2/franka_gazebo/franka_ign_ros2_control -DCMAKE_BUILD_TYPE=Release -DBUILD_TESTING=OFF -DBUILD_TESTS=OFF -DCMAKE_INSTALL_PREFIX=/home/dharmik.p45/Dharmik/berry_ws/install/franka_ign_ros2_control
[2.398s] Invoking command in '/home/dharmik.p45/Dharmik/berry_ws/build/franka_ign_ros2_control': AMENT_PREFIX_PATH=/home/dharmik.p45/Dharmik/berry_ws/install/franka_hardware:/home/dharmik.p45/Dharmik/berry_ws/install/franka_msgs:${AMENT_PREFIX_PATH} CMAKE_PREFIX_PATH=/home/dharmik.p45/Dharmik/berry_ws/install/franka_hardware:/home/dharmik.p45/Dharmik/berry_ws/install/libfranka:/home/dharmik.p45/Dharmik/berry_ws/install/franka_msgs:/opt/ros/humble LD_LIBRARY_PATH=/home/dharmik.p45/Dharmik/berry_ws/install/franka_hardware/lib:/home/dharmik.p45/Dharmik/berry_ws/install/libfranka/lib:/home/dharmik.p45/Dharmik/berry_ws/install/franka_msgs/lib:${LD_LIBRARY_PATH} PATH=/home/dharmik.p45/Dharmik/berry_ws/install/libfranka/bin:${PATH} PKG_CONFIG_PATH=/home/dharmik.p45/Dharmik/berry_ws/install/libfranka/lib/x86_64-linux-gnu/pkgconfig:/home/dharmik.p45/Dharmik/berry_ws/install/libfranka/lib/pkgconfig PYTHONPATH=/home/dharmik.p45/Dharmik/berry_ws/install/franka_msgs/local/lib/python3.10/dist-packages:${PYTHONPATH} /usr/bin/cmake --build /home/dharmik.p45/Dharmik/berry_ws/build/franka_ign_ros2_control -- -j16 -l16
[2.455s] [ 16%] [32mBuilding CXX object CMakeFiles/franka_ign_ros2_control-system.dir/src/ign_ros2_control_plugin.cpp.o[0m
[2.458s] [ 33%] [32mBuilding CXX object CMakeFiles/franka_ign_ros2_control-system.dir/src/model_kdl.cpp.o[0m
[2.461s] [ 50%] [32mBuilding CXX object CMakeFiles/ign_hardware_plugins.dir/src/model_kdl.cpp.o[0m
[2.461s] [ 66%] [32mBuilding CXX object CMakeFiles/ign_hardware_plugins.dir/src/ign_system.cpp.o[0m
[25.392s] [ 83%] [32m[1mLinking CXX shared library libfranka_ign_ros2_control-system.so[0m
[25.700s] [100%] [32m[1mLinking CXX shared library libign_hardware_plugins.so[0m
[25.738s] [100%] Built target franka_ign_ros2_control-system
[25.940s] [100%] Built target ign_hardware_plugins
[25.950s] Invoked command in '/home/dharmik.p45/Dharmik/berry_ws/build/franka_ign_ros2_control' returned '0': AMENT_PREFIX_PATH=/home/dharmik.p45/Dharmik/berry_ws/install/franka_hardware:/home/dharmik.p45/Dharmik/berry_ws/install/franka_msgs:${AMENT_PREFIX_PATH} CMAKE_PREFIX_PATH=/home/dharmik.p45/Dharmik/berry_ws/install/franka_hardware:/home/dharmik.p45/Dharmik/berry_ws/install/libfranka:/home/dharmik.p45/Dharmik/berry_ws/install/franka_msgs:/opt/ros/humble LD_LIBRARY_PATH=/home/dharmik.p45/Dharmik/berry_ws/install/franka_hardware/lib:/home/dharmik.p45/Dharmik/berry_ws/install/libfranka/lib:/home/dharmik.p45/Dharmik/berry_ws/install/franka_msgs/lib:${LD_LIBRARY_PATH} PATH=/home/dharmik.p45/Dharmik/berry_ws/install/libfranka/bin:${PATH} PKG_CONFIG_PATH=/home/dharmik.p45/Dharmik/berry_ws/install/libfranka/lib/x86_64-linux-gnu/pkgconfig:/home/dharmik.p45/Dharmik/berry_ws/install/libfranka/lib/pkgconfig PYTHONPATH=/home/dharmik.p45/Dharmik/berry_ws/install/franka_msgs/local/lib/python3.10/dist-packages:${PYTHONPATH} /usr/bin/cmake --build /home/dharmik.p45/Dharmik/berry_ws/build/franka_ign_ros2_control -- -j16 -l16
[25.952s] Invoking command in '/home/dharmik.p45/Dharmik/berry_ws/build/franka_ign_ros2_control': AMENT_PREFIX_PATH=/home/dharmik.p45/Dharmik/berry_ws/install/franka_hardware:/home/dharmik.p45/Dharmik/berry_ws/install/franka_msgs:${AMENT_PREFIX_PATH} CMAKE_PREFIX_PATH=/home/dharmik.p45/Dharmik/berry_ws/install/franka_hardware:/home/dharmik.p45/Dharmik/berry_ws/install/libfranka:/home/dharmik.p45/Dharmik/berry_ws/install/franka_msgs:/opt/ros/humble LD_LIBRARY_PATH=/home/dharmik.p45/Dharmik/berry_ws/install/franka_hardware/lib:/home/dharmik.p45/Dharmik/berry_ws/install/libfranka/lib:/home/dharmik.p45/Dharmik/berry_ws/install/franka_msgs/lib:${LD_LIBRARY_PATH} PATH=/home/dharmik.p45/Dharmik/berry_ws/install/libfranka/bin:${PATH} PKG_CONFIG_PATH=/home/dharmik.p45/Dharmik/berry_ws/install/libfranka/lib/x86_64-linux-gnu/pkgconfig:/home/dharmik.p45/Dharmik/berry_ws/install/libfranka/lib/pkgconfig PYTHONPATH=/home/dharmik.p45/Dharmik/berry_ws/install/franka_msgs/local/lib/python3.10/dist-packages:${PYTHONPATH} /usr/bin/cmake --install /home/dharmik.p45/Dharmik/berry_ws/build/franka_ign_ros2_control
[25.959s] -- Install configuration: "Release"
[25.959s] -- Installing: /home/dharmik.p45/Dharmik/berry_ws/install/franka_ign_ros2_control/lib/libign_hardware_plugins.so
[25.961s] -- Set runtime path of "/home/dharmik.p45/Dharmik/berry_ws/install/franka_ign_ros2_control/lib/libign_hardware_plugins.so" to ""
[25.961s] -- Installing: /home/dharmik.p45/Dharmik/berry_ws/install/franka_ign_ros2_control/include
[25.961s] -- Installing: /home/dharmik.p45/Dharmik/berry_ws/install/franka_ign_ros2_control/include/ign_ros2_control
[25.961s] -- Installing: /home/dharmik.p45/Dharmik/berry_ws/install/franka_ign_ros2_control/include/ign_ros2_control/ign_system.hpp
[25.961s] -- Installing: /home/dharmik.p45/Dharmik/berry_ws/install/franka_ign_ros2_control/include/ign_ros2_control/ign_ros2_control_plugin.hpp
[25.961s] -- Installing: /home/dharmik.p45/Dharmik/berry_ws/install/franka_ign_ros2_control/include/ign_ros2_control/ign_system_interface.hpp
[25.961s] -- Installing: /home/dharmik.p45/Dharmik/berry_ws/install/franka_ign_ros2_control/include/ign_ros2_control/model_kdl.h
[25.962s] -- Installing: /home/dharmik.p45/Dharmik/berry_ws/install/franka_ign_ros2_control/share/franka_ign_ros2_control/environment/library_path.sh
[25.962s] -- Installing: /home/dharmik.p45/Dharmik/berry_ws/install/franka_ign_ros2_control/share/franka_ign_ros2_control/environment/library_path.dsv
[25.962s] -- Installing: /home/dharmik.p45/Dharmik/berry_ws/install/franka_ign_ros2_control/lib/libfranka_ign_ros2_control-system.so
[25.963s] -- Set runtime path of "/home/dharmik.p45/Dharmik/berry_ws/install/franka_ign_ros2_control/lib/libfranka_ign_ros2_control-system.so" to ""
[25.963s] -- Installing: /home/dharmik.p45/Dharmik/berry_ws/install/franka_ign_ros2_control/share/franka_ign_ros2_control/ign_hardware_plugins.xml
[25.964s] -- Installing: /home/dharmik.p45/Dharmik/berry_ws/install/franka_ign_ros2_control/share/ament_index/resource_index/package_run_dependencies/franka_ign_ros2_control
[25.964s] -- Installing: /home/dharmik.p45/Dharmik/berry_ws/install/franka_ign_ros2_control/share/ament_index/resource_index/parent_prefix_path/franka_ign_ros2_control
[25.964s] -- Installing: /home/dharmik.p45/Dharmik/berry_ws/install/franka_ign_ros2_control/share/franka_ign_ros2_control/environment/ament_prefix_path.sh
[25.964s] -- Installing: /home/dharmik.p45/Dharmik/berry_ws/install/franka_ign_ros2_control/share/franka_ign_ros2_control/environment/ament_prefix_path.dsv
[25.964s] -- Installing: /home/dharmik.p45/Dharmik/berry_ws/install/franka_ign_ros2_control/share/franka_ign_ros2_control/environment/path.sh
[25.964s] -- Installing: /home/dharmik.p45/Dharmik/berry_ws/install/franka_ign_ros2_control/share/franka_ign_ros2_control/environment/path.dsv
[25.964s] -- Installing: /home/dharmik.p45/Dharmik/berry_ws/install/franka_ign_ros2_control/share/franka_ign_ros2_control/local_setup.bash
[25.964s] -- Installing: /home/dharmik.p45/Dharmik/berry_ws/install/franka_ign_ros2_control/share/franka_ign_ros2_control/local_setup.sh
[25.965s] -- Installing: /home/dharmik.p45/Dharmik/berry_ws/install/franka_ign_ros2_control/share/franka_ign_ros2_control/local_setup.zsh
[25.965s] -- Installing: /home/dharmik.p45/Dharmik/berry_ws/install/franka_ign_ros2_control/share/franka_ign_ros2_control/local_setup.dsv
[25.965s] -- Installing: /home/dharmik.p45/Dharmik/berry_ws/install/franka_ign_ros2_control/share/franka_ign_ros2_control/package.dsv
[25.965s] -- Installing: /home/dharmik.p45/Dharmik/berry_ws/install/franka_ign_ros2_control/share/ament_index/resource_index/packages/franka_ign_ros2_control
[25.965s] -- Installing: /home/dharmik.p45/Dharmik/berry_ws/install/franka_ign_ros2_control/share/ament_index/resource_index/franka_ign_ros2_control__pluginlib__plugin/franka_ign_ros2_control
[25.965s] -- Installing: /home/dharmik.p45/Dharmik/berry_ws/install/franka_ign_ros2_control/share/franka_ign_ros2_control/cmake/ament_cmake_export_include_directories-extras.cmake
[25.965s] -- Installing: /home/dharmik.p45/Dharmik/berry_ws/install/franka_ign_ros2_control/share/franka_ign_ros2_control/cmake/ament_cmake_export_libraries-extras.cmake
[25.965s] -- Installing: /home/dharmik.p45/Dharmik/berry_ws/install/franka_ign_ros2_control/share/franka_ign_ros2_control/cmake/franka_ign_ros2_controlConfig.cmake
[25.965s] -- Installing: /home/dharmik.p45/Dharmik/berry_ws/install/franka_ign_ros2_control/share/franka_ign_ros2_control/cmake/franka_ign_ros2_controlConfig-version.cmake
[25.965s] -- Installing: /home/dharmik.p45/Dharmik/berry_ws/install/franka_ign_ros2_control/share/franka_ign_ros2_control/package.xml
[25.967s] Invoked command in '/home/dharmik.p45/Dharmik/berry_ws/build/franka_ign_ros2_control' returned '0': AMENT_PREFIX_PATH=/home/dharmik.p45/Dharmik/berry_ws/install/franka_hardware:/home/dharmik.p45/Dharmik/berry_ws/install/franka_msgs:${AMENT_PREFIX_PATH} CMAKE_PREFIX_PATH=/home/dharmik.p45/Dharmik/berry_ws/install/franka_hardware:/home/dharmik.p45/Dharmik/berry_ws/install/libfranka:/home/dharmik.p45/Dharmik/berry_ws/install/franka_msgs:/opt/ros/humble LD_LIBRARY_PATH=/home/dharmik.p45/Dharmik/berry_ws/install/franka_hardware/lib:/home/dharmik.p45/Dharmik/berry_ws/install/libfranka/lib:/home/dharmik.p45/Dharmik/berry_ws/install/franka_msgs/lib:${LD_LIBRARY_PATH} PATH=/home/dharmik.p45/Dharmik/berry_ws/install/libfranka/bin:${PATH} PKG_CONFIG_PATH=/home/dharmik.p45/Dharmik/berry_ws/install/libfranka/lib/x86_64-linux-gnu/pkgconfig:/home/dharmik.p45/Dharmik/berry_ws/install/libfranka/lib/pkgconfig PYTHONPATH=/home/dharmik.p45/Dharmik/berry_ws/install/franka_msgs/local/lib/python3.10/dist-packages:${PYTHONPATH} /usr/bin/cmake --install /home/dharmik.p45/Dharmik/berry_ws/build/franka_ign_ros2_control
