[0.010s] Invoking command in '/home/dharmik.p45/Dharmik/berry_ws/build/franka_hardware': AMENT_PREFIX_PATH=/home/dharmik.p45/Dharmik/berry_ws/install/franka_msgs:${AMENT_PREFIX_PATH} CMAKE_PREFIX_PATH=/home/dharmik.p45/Dharmik/berry_ws/install/libfranka:/home/dharmik.p45/Dharmik/berry_ws/install/franka_msgs:/opt/ros/humble LD_LIBRARY_PATH=/home/dharmik.p45/Dharmik/berry_ws/install/libfranka/lib:/home/dharmik.p45/Dharmik/berry_ws/install/franka_msgs/lib:${LD_LIBRARY_PATH} PATH=/home/dharmik.p45/Dharmik/berry_ws/install/libfranka/bin:${PATH} PKG_CONFIG_PATH=/home/dharmik.p45/Dharmik/berry_ws/install/libfranka/lib/x86_64-linux-gnu/pkgconfig:/home/dharmik.p45/Dharmik/berry_ws/install/libfranka/lib/pkgconfig PYTHONPATH=/home/dharmik.p45/Dharmik/berry_ws/install/franka_msgs/local/lib/python3.10/dist-packages:${PYTHONPATH} /usr/bin/cmake /home/dharmik.p45/Dharmik/berry_ws/src/franka_ros2/franka_hardware -DCMAKE_BUILD_TYPE=Release -DBUILD_TESTING=OFF -DBUILD_TESTS=OFF -DCMAKE_INSTALL_PREFIX=/home/dharmik.p45/Dharmik/berry_ws/install/franka_hardware
[0.022s] -- Found ament_cmake: 1.3.12 (/opt/ros/humble/share/ament_cmake/cmake)
[0.109s] -- Found rclcpp: 16.0.17 (/opt/ros/humble/share/rclcpp/cmake)
[0.130s] -- Found rosidl_generator_c: 3.1.8 (/opt/ros/humble/share/rosidl_generator_c/cmake)
[0.131s] -- Found rosidl_adapter: 3.1.8 (/opt/ros/humble/share/rosidl_adapter/cmake)
[0.135s] -- Found rosidl_generator_cpp: 3.1.8 (/opt/ros/humble/share/rosidl_generator_cpp/cmake)
[0.140s] -- Using all available rosidl_typesupport_c: rosidl_typesupport_fastrtps_c;rosidl_typesupport_introspection_c
[0.147s] -- Using all available rosidl_typesupport_cpp: rosidl_typesupport_fastrtps_cpp;rosidl_typesupport_introspection_cpp
[0.180s] -- Found rmw_implementation_cmake: 6.1.2 (/opt/ros/humble/share/rmw_implementation_cmake/cmake)
[0.182s] -- Found rmw_fastrtps_cpp: 6.2.9 (/opt/ros/humble/share/rmw_fastrtps_cpp/cmake)
[0.270s] -- Using RMW implementation 'rmw_fastrtps_cpp' as default
[0.307s] -- Found rclcpp_action: 16.0.17 (/opt/ros/humble/share/rclcpp_action/cmake)
[0.325s] -- Found franka_msgs: 2.2.0 (/home/dharmik.p45/Dharmik/berry_ws/install/franka_msgs/share/franka_msgs/cmake)
[0.353s] -- Found hardware_interface: 2.53.0 (/opt/ros/humble/share/hardware_interface/cmake)
[0.411s] -- Found rclcpp_components: 16.0.17 (/opt/ros/humble/share/rclcpp_components/cmake)
[0.462s] -- Configuring done
[0.473s] -- Generating done
[0.474s] [33mCMake Warning:
[0.474s]   Manually-specified variables were not used by the project:
[0.474s] 
[0.474s]     BUILD_TESTS
[0.474s] 
[0.474s] [0m
[0.476s] -- Build files have been written to: /home/dharmik.p45/Dharmik/berry_ws/build/franka_hardware
[0.483s] Invoked command in '/home/dharmik.p45/Dharmik/berry_ws/build/franka_hardware' returned '0': AMENT_PREFIX_PATH=/home/dharmik.p45/Dharmik/berry_ws/install/franka_msgs:${AMENT_PREFIX_PATH} CMAKE_PREFIX_PATH=/home/dharmik.p45/Dharmik/berry_ws/install/libfranka:/home/dharmik.p45/Dharmik/berry_ws/install/franka_msgs:/opt/ros/humble LD_LIBRARY_PATH=/home/dharmik.p45/Dharmik/berry_ws/install/libfranka/lib:/home/dharmik.p45/Dharmik/berry_ws/install/franka_msgs/lib:${LD_LIBRARY_PATH} PATH=/home/dharmik.p45/Dharmik/berry_ws/install/libfranka/bin:${PATH} PKG_CONFIG_PATH=/home/dharmik.p45/Dharmik/berry_ws/install/libfranka/lib/x86_64-linux-gnu/pkgconfig:/home/dharmik.p45/Dharmik/berry_ws/install/libfranka/lib/pkgconfig PYTHONPATH=/home/dharmik.p45/Dharmik/berry_ws/install/franka_msgs/local/lib/python3.10/dist-packages:${PYTHONPATH} /usr/bin/cmake /home/dharmik.p45/Dharmik/berry_ws/src/franka_ros2/franka_hardware -DCMAKE_BUILD_TYPE=Release -DBUILD_TESTING=OFF -DBUILD_TESTS=OFF -DCMAKE_INSTALL_PREFIX=/home/dharmik.p45/Dharmik/berry_ws/install/franka_hardware
[0.484s] Invoking command in '/home/dharmik.p45/Dharmik/berry_ws/build/franka_hardware': AMENT_PREFIX_PATH=/home/dharmik.p45/Dharmik/berry_ws/install/franka_msgs:${AMENT_PREFIX_PATH} CMAKE_PREFIX_PATH=/home/dharmik.p45/Dharmik/berry_ws/install/libfranka:/home/dharmik.p45/Dharmik/berry_ws/install/franka_msgs:/opt/ros/humble LD_LIBRARY_PATH=/home/dharmik.p45/Dharmik/berry_ws/install/libfranka/lib:/home/dharmik.p45/Dharmik/berry_ws/install/franka_msgs/lib:${LD_LIBRARY_PATH} PATH=/home/dharmik.p45/Dharmik/berry_ws/install/libfranka/bin:${PATH} PKG_CONFIG_PATH=/home/dharmik.p45/Dharmik/berry_ws/install/libfranka/lib/x86_64-linux-gnu/pkgconfig:/home/dharmik.p45/Dharmik/berry_ws/install/libfranka/lib/pkgconfig PYTHONPATH=/home/dharmik.p45/Dharmik/berry_ws/install/franka_msgs/local/lib/python3.10/dist-packages:${PYTHONPATH} /usr/bin/cmake --build /home/dharmik.p45/Dharmik/berry_ws/build/franka_hardware -- -j16 -l16
[0.517s] [35m[1mConsolidate compiler generated dependencies of target franka_hardware[0m
[0.541s] [ 25%] [32mBuilding CXX object CMakeFiles/franka_hardware.dir/src/actions_helper/ptp_motion_handler.cpp.o[0m
[0.542s] [ 25%] [32mBuilding CXX object CMakeFiles/franka_hardware.dir/src/franka_hardware_interface.cpp.o[0m
[0.543s] [ 37%] [32mBuilding CXX object CMakeFiles/franka_hardware.dir/src/franka_action_server.cpp.o[0m
[0.631s] In file included from [01m[K/home/dharmik.p45/Dharmik/berry_ws/src/franka_ros2/franka_hardware/src/actions_helper/ptp_motion_handler.cpp:15[m[K:
[0.632s] [01m[K/home/dharmik.p45/Dharmik/berry_ws/src/franka_ros2/franka_hardware/include/franka_hardware/actions_helper/ptp_motion_handler.hpp:21:10:[m[K [01;31m[Kfatal error: [m[Kfranka/async_control/async_position_control_handler.hpp: No such file or directory
[0.632s]    21 | #include [01;31m[K<franka/async_control/async_position_control_handler.hpp>[m[K
[0.632s]       |          [01;31m[K^~~~~~~~~~~~~~~~~~~~~~~~~~~~~~~~~~~~~~~~~~~~~~~~~~~~~~~~~[m[K
[0.632s] compilation terminated.
[0.633s] gmake[2]: *** [CMakeFiles/franka_hardware.dir/build.make:160: CMakeFiles/franka_hardware.dir/src/actions_helper/ptp_motion_handler.cpp.o] Error 1
[0.633s] gmake[2]: *** Waiting for unfinished jobs....
[0.671s] In file included from [01m[K/home/dharmik.p45/Dharmik/berry_ws/src/franka_ros2/franka_hardware/include/franka_hardware/franka_action_server.hpp:22[m[K,
[0.671s]                  from [01m[K/home/dharmik.p45/Dharmik/berry_ws/src/franka_ros2/franka_hardware/src/franka_action_server.cpp:15[m[K:
[0.671s] [01m[K/home/dharmik.p45/Dharmik/berry_ws/src/franka_ros2/franka_hardware/include/franka_hardware/actions_helper/ptp_motion_handler.hpp:21:10:[m[K [01;31m[Kfatal error: [m[Kfranka/async_control/async_position_control_handler.hpp: No such file or directory
[0.671s]    21 | #include [01;31m[K<franka/async_control/async_position_control_handler.hpp>[m[K
[0.672s]       |          [01;31m[K^~~~~~~~~~~~~~~~~~~~~~~~~~~~~~~~~~~~~~~~~~~~~~~~~~~~~~~~~[m[K
[0.672s] compilation terminated.
[0.673s] gmake[2]: *** [CMakeFiles/franka_hardware.dir/build.make:76: CMakeFiles/franka_hardware.dir/src/franka_action_server.cpp.o] Error 1
[0.744s] In file included from [01m[K/home/dharmik.p45/Dharmik/berry_ws/src/franka_ros2/franka_hardware/include/franka_hardware/franka_action_server.hpp:22[m[K,
[0.744s]                  from [01m[K/home/dharmik.p45/Dharmik/berry_ws/src/franka_ros2/franka_hardware/include/franka_hardware/franka_hardware_interface.hpp:34[m[K,
[0.744s]                  from [01m[K/home/dharmik.p45/Dharmik/berry_ws/src/franka_ros2/franka_hardware/src/franka_hardware_interface.cpp:30[m[K:
[0.744s] [01m[K/home/dharmik.p45/Dharmik/berry_ws/src/franka_ros2/franka_hardware/include/franka_hardware/actions_helper/ptp_motion_handler.hpp:21:10:[m[K [01;31m[Kfatal error: [m[Kfranka/async_control/async_position_control_handler.hpp: No such file or directory
[0.744s]    21 | #include [01;31m[K<franka/async_control/async_position_control_handler.hpp>[m[K
[0.744s]       |          [01;31m[K^~~~~~~~~~~~~~~~~~~~~~~~~~~~~~~~~~~~~~~~~~~~~~~~~~~~~~~~~[m[K
[0.744s] compilation terminated.
[0.746s] gmake[2]: *** [CMakeFiles/franka_hardware.dir/build.make:104: CMakeFiles/franka_hardware.dir/src/franka_hardware_interface.cpp.o] Error 1
[0.746s] gmake[1]: *** [CMakeFiles/Makefile2:137: CMakeFiles/franka_hardware.dir/all] Error 2
[0.747s] gmake: *** [Makefile:146: all] Error 2
[0.748s] Invoked command in '/home/dharmik.p45/Dharmik/berry_ws/build/franka_hardware' returned '2': AMENT_PREFIX_PATH=/home/dharmik.p45/Dharmik/berry_ws/install/franka_msgs:${AMENT_PREFIX_PATH} CMAKE_PREFIX_PATH=/home/dharmik.p45/Dharmik/berry_ws/install/libfranka:/home/dharmik.p45/Dharmik/berry_ws/install/franka_msgs:/opt/ros/humble LD_LIBRARY_PATH=/home/dharmik.p45/Dharmik/berry_ws/install/libfranka/lib:/home/dharmik.p45/Dharmik/berry_ws/install/franka_msgs/lib:${LD_LIBRARY_PATH} PATH=/home/dharmik.p45/Dharmik/berry_ws/install/libfranka/bin:${PATH} PKG_CONFIG_PATH=/home/dharmik.p45/Dharmik/berry_ws/install/libfranka/lib/x86_64-linux-gnu/pkgconfig:/home/dharmik.p45/Dharmik/berry_ws/install/libfranka/lib/pkgconfig PYTHONPATH=/home/dharmik.p45/Dharmik/berry_ws/install/franka_msgs/local/lib/python3.10/dist-packages:${PYTHONPATH} /usr/bin/cmake --build /home/dharmik.p45/Dharmik/berry_ws/build/franka_hardware -- -j16 -l16
